<?xml version="1.0" encoding="UTF-8"?>
<testsuites name="FrameworkSuite" time="147" tests="2" failures="0" errors="0">
   <testsuite name="FrameworkSuite" tests="2" failures="0" errors="0" time="147" timestamp="2018-11-24 11:55:43" hostname="Rajesh.V - angler109.angleritech.com" id="Test Suites/FrameworkSuite">
      <properties>
         <property name="deviceName" value=""/>
         <property name="devicePlatform" value=""/>
         <property name="logFolder" value="E:\\Rajesh\\Showtime_Automation\\SolutionFramework-2.O\\Reports\\FrameworkSuite\\20181124_115537"/>
         <property name="logFiles" value="E:\\Rajesh\\Showtime_Automation\\SolutionFramework-2.O\\Reports\\FrameworkSuite\\20181124_115537\\execution0.log"/>
         <property name="attachments" value=""/>
         <property name="hostName" value="Rajesh.V - angler109.angleritech.com"/>
         <property name="os" value="Windows 10 64bit"/>
         <property name="katalonVersion" value="5.3.1.1"/>
         <property name="browser" value="Chrome 70.0.3538.102"/>
         <property name="hostAddress" value="192.168.219.2"/>
         <property name="sessionId" value="32c1350dfae8ca89e2079b570146b773"/>
         <property name="seleniumVersion" value="3.7.1"/>
         <property name="proxyInformation" value="ProxyInformation{proxyOption=NO_PROXY, proxyServerType=HTTP, password=, proxyServerAddress=, proxyServerPort=0}"/>
         <property name="platform" value="Windows 10"/>
      </properties>
      <testcase name="Test Cases/Framework/CollectionsMap" classname="Test Cases/Framework/CollectionsMap" status="PASSED">
         <system-out><![CDATA[2018-11-24 11:55:44 - [TEST_CASE][PASSED] - Test Cases/Framework/CollectionsMap: Test Cases/Framework/CollectionsMap

2018-11-24 11:55:44 - [TEST_STEP][PASSED] - Statement - TestCase = com.kms.katalon.core.testdata.TestDataFactory.findTestData(Data Files/Framework/TestCase): Reading excel file with source file 'E:\Rajesh\Showtime_Automation\SolutionFramework-2.O\Frame.xlsx' and sheet name 'Testcases'

2018-11-24 11:55:45 - [TEST_STEP][PASSED] - Statement - Configuration = com.kms.katalon.core.testdata.TestDataFactory.findTestData(Data Files/Framework/Configuration): Reading excel file with source file 'E:\Rajesh\Showtime_Automation\SolutionFramework-2.O\Frame.xlsx' and sheet name 'Configuration'

2018-11-24 11:55:45 - [TEST_STEP][PASSED] - Statement - Testcase_numbers_index = new java.util.ArrayList(): null

2018-11-24 11:55:45 - [TEST_STEP][PASSED] - Statement - Testcase_numbers_values = new java.util.ArrayList(): null

2018-11-24 11:55:46 - [TEST_STEP][PASSED] - Statement - config_numbers_values = new java.util.ArrayList(): null

2018-11-24 11:55:46 - [TEST_STEP][PASSED] - Statement - config_numbers_index = new java.util.ArrayList(): null

2018-11-24 11:55:46 - [TEST_STEP][PASSED] - Statement - testcase_index = new java.util.ArrayList(): null

2018-11-24 11:55:46 - [TEST_STEP][PASSED] - Statement - testcase_value = new java.util.ArrayList(): null

2018-11-24 11:55:46 - [TEST_STEP][PASSED] - Statement - config_useraction_values = new java.util.ArrayList(): null

2018-11-24 11:55:46 - [TEST_STEP][PASSED] - Statement - config_useraction_index = new java.util.ArrayList(): null

2018-11-24 11:55:46 - [TEST_STEP][PASSED] - Statement - hmap = new java.util.TreeMap(): null

2018-11-24 11:55:46 - [TEST_STEP][PASSED] - Statement - hmapuserAction = new java.util.TreeMap(): null

2018-11-24 11:55:46 - [TEST_STEP][PASSED] - Statement - For ([getTestCaseData = 1, getTestCaseData <= TestCase.getRowNumbers(), (getTestCaseData++)]): null

2018-11-24 11:55:46 - [TEST_STEP][PASSED] - Statement - scenarioData = TestCase.getValue("Modules", getTestCaseData): null

2018-11-24 11:55:46 - [TEST_STEP][PASSED] - Statement - useractionData = TestCase.getValue("UserAction", getTestCaseData): null

2018-11-24 11:55:46 - [TEST_STEP][PASSED] - Statement - If (!(empty)): null

2018-11-24 11:55:46 - [TEST_STEP][PASSED] - Statement - hmap.put(getTestCaseData, scenarioData): null

2018-11-24 11:55:46 - [TEST_STEP][PASSED] - Statement - hmapuserAction.put(getTestCaseData, useractionData): null

2018-11-24 11:55:46 - [TEST_STEP][PASSED] - Statement - scenarioData = TestCase.getValue("Modules", getTestCaseData): null

2018-11-24 11:55:46 - [TEST_STEP][PASSED] - Statement - useractionData = TestCase.getValue("UserAction", getTestCaseData): null

2018-11-24 11:55:46 - [TEST_STEP][PASSED] - Statement - If (!(empty)): null

2018-11-24 11:55:46 - [TEST_STEP][PASSED] - Statement - scenarioData = TestCase.getValue("Modules", getTestCaseData): null

2018-11-24 11:55:46 - [TEST_STEP][PASSED] - Statement - useractionData = TestCase.getValue("UserAction", getTestCaseData): null

2018-11-24 11:55:46 - [TEST_STEP][PASSED] - Statement - If (!(empty)): null

2018-11-24 11:55:46 - [TEST_STEP][PASSED] - Statement - scenarioData = TestCase.getValue("Modules", getTestCaseData): null

2018-11-24 11:55:46 - [TEST_STEP][PASSED] - Statement - useractionData = TestCase.getValue("UserAction", getTestCaseData): null

2018-11-24 11:55:46 - [TEST_STEP][PASSED] - Statement - If (!(empty)): null

2018-11-24 11:55:46 - [TEST_STEP][PASSED] - Statement - scenarioData = TestCase.getValue("Modules", getTestCaseData): null

2018-11-24 11:55:46 - [TEST_STEP][PASSED] - Statement - useractionData = TestCase.getValue("UserAction", getTestCaseData): null

2018-11-24 11:55:46 - [TEST_STEP][PASSED] - Statement - If (!(empty)): null

2018-11-24 11:55:46 - [TEST_STEP][PASSED] - Statement - scenarioData = TestCase.getValue("Modules", getTestCaseData): null

2018-11-24 11:55:46 - [TEST_STEP][PASSED] - Statement - useractionData = TestCase.getValue("UserAction", getTestCaseData): null

2018-11-24 11:55:46 - [TEST_STEP][PASSED] - Statement - If (!(empty)): null

2018-11-24 11:55:46 - [TEST_STEP][PASSED] - Statement - scenarioData = TestCase.getValue("Modules", getTestCaseData): null

2018-11-24 11:55:46 - [TEST_STEP][PASSED] - Statement - useractionData = TestCase.getValue("UserAction", getTestCaseData): null

2018-11-24 11:55:46 - [TEST_STEP][PASSED] - Statement - If (!(empty)): null

2018-11-24 11:55:46 - [TEST_STEP][PASSED] - Statement - hmap.put(getTestCaseData, scenarioData): null

2018-11-24 11:55:46 - [TEST_STEP][PASSED] - Statement - hmapuserAction.put(getTestCaseData, useractionData): null

2018-11-24 11:55:46 - [TEST_STEP][PASSED] - Statement - scenarioData = TestCase.getValue("Modules", getTestCaseData): null

2018-11-24 11:55:46 - [TEST_STEP][PASSED] - Statement - useractionData = TestCase.getValue("UserAction", getTestCaseData): null

2018-11-24 11:55:46 - [TEST_STEP][PASSED] - Statement - If (!(empty)): null

2018-11-24 11:55:46 - [TEST_STEP][PASSED] - Statement - scenarioData = TestCase.getValue("Modules", getTestCaseData): null

2018-11-24 11:55:46 - [TEST_STEP][PASSED] - Statement - useractionData = TestCase.getValue("UserAction", getTestCaseData): null

2018-11-24 11:55:46 - [TEST_STEP][PASSED] - Statement - If (!(empty)): null

2018-11-24 11:55:46 - [TEST_STEP][PASSED] - Statement - scenarioData = TestCase.getValue("Modules", getTestCaseData): null

2018-11-24 11:55:46 - [TEST_STEP][PASSED] - Statement - useractionData = TestCase.getValue("UserAction", getTestCaseData): null

2018-11-24 11:55:46 - [TEST_STEP][PASSED] - Statement - If (!(empty)): null

2018-11-24 11:55:46 - [TEST_STEP][PASSED] - Statement - scenarioData = TestCase.getValue("Modules", getTestCaseData): null

2018-11-24 11:55:46 - [TEST_STEP][PASSED] - Statement - useractionData = TestCase.getValue("UserAction", getTestCaseData): null

2018-11-24 11:55:46 - [TEST_STEP][PASSED] - Statement - If (!(empty)): null

2018-11-24 11:55:46 - [TEST_STEP][PASSED] - Statement - scenarioData = TestCase.getValue("Modules", getTestCaseData): null

2018-11-24 11:55:46 - [TEST_STEP][PASSED] - Statement - useractionData = TestCase.getValue("UserAction", getTestCaseData): null

2018-11-24 11:55:46 - [TEST_STEP][PASSED] - Statement - If (!(empty)): null

2018-11-24 11:55:46 - [TEST_STEP][PASSED] - Statement - scenarioData = TestCase.getValue("Modules", getTestCaseData): null

2018-11-24 11:55:46 - [TEST_STEP][PASSED] - Statement - useractionData = TestCase.getValue("UserAction", getTestCaseData): null

2018-11-24 11:55:46 - [TEST_STEP][PASSED] - Statement - If (!(empty)): null

2018-11-24 11:55:46 - [TEST_STEP][PASSED] - Statement - scenarioData = TestCase.getValue("Modules", getTestCaseData): null

2018-11-24 11:55:46 - [TEST_STEP][PASSED] - Statement - useractionData = TestCase.getValue("UserAction", getTestCaseData): null

2018-11-24 11:55:46 - [TEST_STEP][PASSED] - Statement - If (!(empty)): null

2018-11-24 11:55:46 - [TEST_STEP][PASSED] - Statement - scenarioData = TestCase.getValue("Modules", getTestCaseData): null

2018-11-24 11:55:46 - [TEST_STEP][PASSED] - Statement - useractionData = TestCase.getValue("UserAction", getTestCaseData): null

2018-11-24 11:55:46 - [TEST_STEP][PASSED] - Statement - If (!(empty)): null

2018-11-24 11:55:46 - [TEST_STEP][PASSED] - Statement - scenarioData = TestCase.getValue("Modules", getTestCaseData): null

2018-11-24 11:55:46 - [TEST_STEP][PASSED] - Statement - useractionData = TestCase.getValue("UserAction", getTestCaseData): null

2018-11-24 11:55:46 - [TEST_STEP][PASSED] - Statement - If (!(empty)): null

2018-11-24 11:55:46 - [TEST_STEP][PASSED] - Statement - scenarioData = TestCase.getValue("Modules", getTestCaseData): null

2018-11-24 11:55:46 - [TEST_STEP][PASSED] - Statement - useractionData = TestCase.getValue("UserAction", getTestCaseData): null

2018-11-24 11:55:46 - [TEST_STEP][PASSED] - Statement - If (!(empty)): null

2018-11-24 11:55:46 - [TEST_STEP][PASSED] - Statement - scenarioData = TestCase.getValue("Modules", getTestCaseData): null

2018-11-24 11:55:46 - [TEST_STEP][PASSED] - Statement - useractionData = TestCase.getValue("UserAction", getTestCaseData): null

2018-11-24 11:55:46 - [TEST_STEP][PASSED] - Statement - If (!(empty)): null

2018-11-24 11:55:46 - [TEST_STEP][PASSED] - Statement - scenarioData = TestCase.getValue("Modules", getTestCaseData): null

2018-11-24 11:55:46 - [TEST_STEP][PASSED] - Statement - useractionData = TestCase.getValue("UserAction", getTestCaseData): null

2018-11-24 11:55:46 - [TEST_STEP][PASSED] - Statement - If (!(empty)): null

2018-11-24 11:55:46 - [TEST_STEP][PASSED] - Statement - scenarioData = TestCase.getValue("Modules", getTestCaseData): null

2018-11-24 11:55:46 - [TEST_STEP][PASSED] - Statement - useractionData = TestCase.getValue("UserAction", getTestCaseData): null

2018-11-24 11:55:46 - [TEST_STEP][PASSED] - Statement - If (!(empty)): null

2018-11-24 11:55:46 - [TEST_STEP][PASSED] - Statement - scenarioData = TestCase.getValue("Modules", getTestCaseData): null

2018-11-24 11:55:46 - [TEST_STEP][PASSED] - Statement - useractionData = TestCase.getValue("UserAction", getTestCaseData): null

2018-11-24 11:55:46 - [TEST_STEP][PASSED] - Statement - If (!(empty)): null

2018-11-24 11:55:46 - [TEST_STEP][PASSED] - Statement - scenarioData = TestCase.getValue("Modules", getTestCaseData): null

2018-11-24 11:55:46 - [TEST_STEP][PASSED] - Statement - useractionData = TestCase.getValue("UserAction", getTestCaseData): null

2018-11-24 11:55:46 - [TEST_STEP][PASSED] - Statement - If (!(empty)): null

2018-11-24 11:55:46 - [TEST_STEP][PASSED] - Statement - scenarioData = TestCase.getValue("Modules", getTestCaseData): null

2018-11-24 11:55:46 - [TEST_STEP][PASSED] - Statement - useractionData = TestCase.getValue("UserAction", getTestCaseData): null

2018-11-24 11:55:46 - [TEST_STEP][PASSED] - Statement - If (!(empty)): null

2018-11-24 11:55:46 - [TEST_STEP][PASSED] - Statement - scenarioData = TestCase.getValue("Modules", getTestCaseData): null

2018-11-24 11:55:46 - [TEST_STEP][PASSED] - Statement - useractionData = TestCase.getValue("UserAction", getTestCaseData): null

2018-11-24 11:55:46 - [TEST_STEP][PASSED] - Statement - If (!(empty)): null

2018-11-24 11:55:46 - [TEST_STEP][PASSED] - Statement - scenarioData = TestCase.getValue("Modules", getTestCaseData): null

2018-11-24 11:55:46 - [TEST_STEP][PASSED] - Statement - useractionData = TestCase.getValue("UserAction", getTestCaseData): null

2018-11-24 11:55:46 - [TEST_STEP][PASSED] - Statement - If (!(empty)): null

2018-11-24 11:55:46 - [TEST_STEP][PASSED] - Statement - scenarioData = TestCase.getValue("Modules", getTestCaseData): null

2018-11-24 11:55:46 - [TEST_STEP][PASSED] - Statement - useractionData = TestCase.getValue("UserAction", getTestCaseData): null

2018-11-24 11:55:46 - [TEST_STEP][PASSED] - Statement - If (!(empty)): null

2018-11-24 11:55:46 - [TEST_STEP][PASSED] - Statement - scenarioData = TestCase.getValue("Modules", getTestCaseData): null

2018-11-24 11:55:46 - [TEST_STEP][PASSED] - Statement - useractionData = TestCase.getValue("UserAction", getTestCaseData): null

2018-11-24 11:55:46 - [TEST_STEP][PASSED] - Statement - If (!(empty)): null

2018-11-24 11:55:46 - [TEST_STEP][PASSED] - Statement - scenarioData = TestCase.getValue("Modules", getTestCaseData): null

2018-11-24 11:55:46 - [TEST_STEP][PASSED] - Statement - useractionData = TestCase.getValue("UserAction", getTestCaseData): null

2018-11-24 11:55:46 - [TEST_STEP][PASSED] - Statement - If (!(empty)): null

2018-11-24 11:55:46 - [TEST_STEP][PASSED] - Statement - scenarioData = TestCase.getValue("Modules", getTestCaseData): null

2018-11-24 11:55:46 - [TEST_STEP][PASSED] - Statement - useractionData = TestCase.getValue("UserAction", getTestCaseData): null

2018-11-24 11:55:46 - [TEST_STEP][PASSED] - Statement - If (!(empty)): null

2018-11-24 11:55:46 - [TEST_STEP][PASSED] - Statement - scenarioData = TestCase.getValue("Modules", getTestCaseData): null

2018-11-24 11:55:46 - [TEST_STEP][PASSED] - Statement - useractionData = TestCase.getValue("UserAction", getTestCaseData): null

2018-11-24 11:55:46 - [TEST_STEP][PASSED] - Statement - If (!(empty)): null

2018-11-24 11:55:46 - [TEST_STEP][PASSED] - Statement - scenarioData = TestCase.getValue("Modules", getTestCaseData): null

2018-11-24 11:55:46 - [TEST_STEP][PASSED] - Statement - useractionData = TestCase.getValue("UserAction", getTestCaseData): null

2018-11-24 11:55:46 - [TEST_STEP][PASSED] - Statement - If (!(empty)): null

2018-11-24 11:55:46 - [TEST_STEP][PASSED] - Statement - scenarioData = TestCase.getValue("Modules", getTestCaseData): null

2018-11-24 11:55:46 - [TEST_STEP][PASSED] - Statement - useractionData = TestCase.getValue("UserAction", getTestCaseData): null

2018-11-24 11:55:46 - [TEST_STEP][PASSED] - Statement - If (!(empty)): null

2018-11-24 11:55:46 - [TEST_STEP][PASSED] - Statement - scenarioData = TestCase.getValue("Modules", getTestCaseData): null

2018-11-24 11:55:46 - [TEST_STEP][PASSED] - Statement - useractionData = TestCase.getValue("UserAction", getTestCaseData): null

2018-11-24 11:55:46 - [TEST_STEP][PASSED] - Statement - If (!(empty)): null

2018-11-24 11:55:46 - [TEST_STEP][PASSED] - Statement - scenarioData = TestCase.getValue("Modules", getTestCaseData): null

2018-11-24 11:55:46 - [TEST_STEP][PASSED] - Statement - useractionData = TestCase.getValue("UserAction", getTestCaseData): null

2018-11-24 11:55:46 - [TEST_STEP][PASSED] - Statement - If (!(empty)): null

2018-11-24 11:55:46 - [TEST_STEP][PASSED] - Statement - scenarioData = TestCase.getValue("Modules", getTestCaseData): null

2018-11-24 11:55:46 - [TEST_STEP][PASSED] - Statement - useractionData = TestCase.getValue("UserAction", getTestCaseData): null

2018-11-24 11:55:46 - [TEST_STEP][PASSED] - Statement - If (!(empty)): null

2018-11-24 11:55:46 - [TEST_STEP][PASSED] - Statement - scenarioData = TestCase.getValue("Modules", getTestCaseData): null

2018-11-24 11:55:46 - [TEST_STEP][PASSED] - Statement - useractionData = TestCase.getValue("UserAction", getTestCaseData): null

2018-11-24 11:55:46 - [TEST_STEP][PASSED] - Statement - If (!(empty)): null

2018-11-24 11:55:46 - [TEST_STEP][PASSED] - Statement - scenarioData = TestCase.getValue("Modules", getTestCaseData): null

2018-11-24 11:55:46 - [TEST_STEP][PASSED] - Statement - useractionData = TestCase.getValue("UserAction", getTestCaseData): null

2018-11-24 11:55:46 - [TEST_STEP][PASSED] - Statement - If (!(empty)): null

2018-11-24 11:55:46 - [TEST_STEP][PASSED] - Statement - scenarioData = TestCase.getValue("Modules", getTestCaseData): null

2018-11-24 11:55:46 - [TEST_STEP][PASSED] - Statement - useractionData = TestCase.getValue("UserAction", getTestCaseData): null

2018-11-24 11:55:46 - [TEST_STEP][PASSED] - Statement - If (!(empty)): null

2018-11-24 11:55:46 - [TEST_STEP][PASSED] - Statement - scenarioData = TestCase.getValue("Modules", getTestCaseData): null

2018-11-24 11:55:46 - [TEST_STEP][PASSED] - Statement - useractionData = TestCase.getValue("UserAction", getTestCaseData): null

2018-11-24 11:55:46 - [TEST_STEP][PASSED] - Statement - If (!(empty)): null

2018-11-24 11:55:46 - [TEST_STEP][PASSED] - Statement - scenarioData = TestCase.getValue("Modules", getTestCaseData): null

2018-11-24 11:55:46 - [TEST_STEP][PASSED] - Statement - useractionData = TestCase.getValue("UserAction", getTestCaseData): null

2018-11-24 11:55:46 - [TEST_STEP][PASSED] - Statement - If (!(empty)): null

2018-11-24 11:55:46 - [TEST_STEP][PASSED] - Statement - scenarioData = TestCase.getValue("Modules", getTestCaseData): null

2018-11-24 11:55:46 - [TEST_STEP][PASSED] - Statement - useractionData = TestCase.getValue("UserAction", getTestCaseData): null

2018-11-24 11:55:46 - [TEST_STEP][PASSED] - Statement - If (!(empty)): null

2018-11-24 11:55:46 - [TEST_STEP][PASSED] - Statement - scenarioData = TestCase.getValue("Modules", getTestCaseData): null

2018-11-24 11:55:46 - [TEST_STEP][PASSED] - Statement - useractionData = TestCase.getValue("UserAction", getTestCaseData): null

2018-11-24 11:55:46 - [TEST_STEP][PASSED] - Statement - If (!(empty)): null

2018-11-24 11:55:46 - [TEST_STEP][PASSED] - Statement - scenarioData = TestCase.getValue("Modules", getTestCaseData): null

2018-11-24 11:55:46 - [TEST_STEP][PASSED] - Statement - useractionData = TestCase.getValue("UserAction", getTestCaseData): null

2018-11-24 11:55:46 - [TEST_STEP][PASSED] - Statement - If (!(empty)): null

2018-11-24 11:55:46 - [TEST_STEP][PASSED] - Statement - scenarioData = TestCase.getValue("Modules", getTestCaseData): null

2018-11-24 11:55:46 - [TEST_STEP][PASSED] - Statement - useractionData = TestCase.getValue("UserAction", getTestCaseData): null

2018-11-24 11:55:46 - [TEST_STEP][PASSED] - Statement - If (!(empty)): null

2018-11-24 11:55:46 - [TEST_STEP][PASSED] - Statement - scenarioData = TestCase.getValue("Modules", getTestCaseData): null

2018-11-24 11:55:46 - [TEST_STEP][PASSED] - Statement - useractionData = TestCase.getValue("UserAction", getTestCaseData): null

2018-11-24 11:55:46 - [TEST_STEP][PASSED] - Statement - If (!(empty)): null

2018-11-24 11:55:46 - [TEST_STEP][PASSED] - Statement - scenarioData = TestCase.getValue("Modules", getTestCaseData): null

2018-11-24 11:55:46 - [TEST_STEP][PASSED] - Statement - useractionData = TestCase.getValue("UserAction", getTestCaseData): null

2018-11-24 11:55:46 - [TEST_STEP][PASSED] - Statement - If (!(empty)): null

2018-11-24 11:55:46 - [TEST_STEP][PASSED] - Statement - scenarioData = TestCase.getValue("Modules", getTestCaseData): null

2018-11-24 11:55:46 - [TEST_STEP][PASSED] - Statement - useractionData = TestCase.getValue("UserAction", getTestCaseData): null

2018-11-24 11:55:46 - [TEST_STEP][PASSED] - Statement - If (!(empty)): null

2018-11-24 11:55:46 - [TEST_STEP][PASSED] - Statement - scenarioData = TestCase.getValue("Modules", getTestCaseData): null

2018-11-24 11:55:46 - [TEST_STEP][PASSED] - Statement - useractionData = TestCase.getValue("UserAction", getTestCaseData): null

2018-11-24 11:55:46 - [TEST_STEP][PASSED] - Statement - If (!(empty)): null

2018-11-24 11:55:46 - [TEST_STEP][PASSED] - Statement - scenarioData = TestCase.getValue("Modules", getTestCaseData): null

2018-11-24 11:55:46 - [TEST_STEP][PASSED] - Statement - useractionData = TestCase.getValue("UserAction", getTestCaseData): null

2018-11-24 11:55:46 - [TEST_STEP][PASSED] - Statement - If (!(empty)): null

2018-11-24 11:55:46 - [TEST_STEP][PASSED] - Statement - scenarioData = TestCase.getValue("Modules", getTestCaseData): null

2018-11-24 11:55:46 - [TEST_STEP][PASSED] - Statement - useractionData = TestCase.getValue("UserAction", getTestCaseData): null

2018-11-24 11:55:46 - [TEST_STEP][PASSED] - Statement - If (!(empty)): null

2018-11-24 11:55:46 - [TEST_STEP][PASSED] - Statement - scenarioData = TestCase.getValue("Modules", getTestCaseData): null

2018-11-24 11:55:46 - [TEST_STEP][PASSED] - Statement - useractionData = TestCase.getValue("UserAction", getTestCaseData): null

2018-11-24 11:55:46 - [TEST_STEP][PASSED] - Statement - If (!(empty)): null

2018-11-24 11:55:46 - [TEST_STEP][PASSED] - Statement - hmap.put(getTestCaseData, scenarioData): null

2018-11-24 11:55:46 - [TEST_STEP][PASSED] - Statement - hmapuserAction.put(getTestCaseData, useractionData): null

2018-11-24 11:55:46 - [TEST_STEP][PASSED] - Statement - scenarioData = TestCase.getValue("Modules", getTestCaseData): null

2018-11-24 11:55:46 - [TEST_STEP][PASSED] - Statement - useractionData = TestCase.getValue("UserAction", getTestCaseData): null

2018-11-24 11:55:46 - [TEST_STEP][PASSED] - Statement - If (!(empty)): null

2018-11-24 11:55:46 - [TEST_STEP][PASSED] - Statement - scenarioData = TestCase.getValue("Modules", getTestCaseData): null

2018-11-24 11:55:46 - [TEST_STEP][PASSED] - Statement - useractionData = TestCase.getValue("UserAction", getTestCaseData): null

2018-11-24 11:55:46 - [TEST_STEP][PASSED] - Statement - If (!(empty)): null

2018-11-24 11:55:46 - [TEST_STEP][PASSED] - Statement - scenarioData = TestCase.getValue("Modules", getTestCaseData): null

2018-11-24 11:55:46 - [TEST_STEP][PASSED] - Statement - useractionData = TestCase.getValue("UserAction", getTestCaseData): null

2018-11-24 11:55:46 - [TEST_STEP][PASSED] - Statement - If (!(empty)): null

2018-11-24 11:55:46 - [TEST_STEP][PASSED] - Statement - scenarioData = TestCase.getValue("Modules", getTestCaseData): null

2018-11-24 11:55:46 - [TEST_STEP][PASSED] - Statement - useractionData = TestCase.getValue("UserAction", getTestCaseData): null

2018-11-24 11:55:46 - [TEST_STEP][PASSED] - Statement - If (!(empty)): null

2018-11-24 11:55:46 - [TEST_STEP][PASSED] - Statement - scenarioData = TestCase.getValue("Modules", getTestCaseData): null

2018-11-24 11:55:46 - [TEST_STEP][PASSED] - Statement - useractionData = TestCase.getValue("UserAction", getTestCaseData): null

2018-11-24 11:55:46 - [TEST_STEP][PASSED] - Statement - If (!(empty)): null

2018-11-24 11:55:46 - [TEST_STEP][PASSED] - Statement - scenarioData = TestCase.getValue("Modules", getTestCaseData): null

2018-11-24 11:55:46 - [TEST_STEP][PASSED] - Statement - useractionData = TestCase.getValue("UserAction", getTestCaseData): null

2018-11-24 11:55:46 - [TEST_STEP][PASSED] - Statement - If (!(empty)): null

2018-11-24 11:55:46 - [TEST_STEP][PASSED] - Statement - scenarioData = TestCase.getValue("Modules", getTestCaseData): null

2018-11-24 11:55:46 - [TEST_STEP][PASSED] - Statement - useractionData = TestCase.getValue("UserAction", getTestCaseData): null

2018-11-24 11:55:46 - [TEST_STEP][PASSED] - Statement - If (!(empty)): null

2018-11-24 11:55:46 - [TEST_STEP][PASSED] - Statement - scenarioData = TestCase.getValue("Modules", getTestCaseData): null

2018-11-24 11:55:46 - [TEST_STEP][PASSED] - Statement - useractionData = TestCase.getValue("UserAction", getTestCaseData): null

2018-11-24 11:55:46 - [TEST_STEP][PASSED] - Statement - If (!(empty)): null

2018-11-24 11:55:46 - [TEST_STEP][PASSED] - Statement - scenarioData = TestCase.getValue("Modules", getTestCaseData): null

2018-11-24 11:55:46 - [TEST_STEP][PASSED] - Statement - useractionData = TestCase.getValue("UserAction", getTestCaseData): null

2018-11-24 11:55:46 - [TEST_STEP][PASSED] - Statement - If (!(empty)): null

2018-11-24 11:55:46 - [TEST_STEP][PASSED] - Statement - scenarioData = TestCase.getValue("Modules", getTestCaseData): null

2018-11-24 11:55:46 - [TEST_STEP][PASSED] - Statement - useractionData = TestCase.getValue("UserAction", getTestCaseData): null

2018-11-24 11:55:46 - [TEST_STEP][PASSED] - Statement - If (!(empty)): null

2018-11-24 11:55:46 - [TEST_STEP][PASSED] - Statement - scenarioData = TestCase.getValue("Modules", getTestCaseData): null

2018-11-24 11:55:46 - [TEST_STEP][PASSED] - Statement - useractionData = TestCase.getValue("UserAction", getTestCaseData): null

2018-11-24 11:55:46 - [TEST_STEP][PASSED] - Statement - If (!(empty)): null

2018-11-24 11:55:46 - [TEST_STEP][PASSED] - Statement - scenarioData = TestCase.getValue("Modules", getTestCaseData): null

2018-11-24 11:55:46 - [TEST_STEP][PASSED] - Statement - useractionData = TestCase.getValue("UserAction", getTestCaseData): null

2018-11-24 11:55:46 - [TEST_STEP][PASSED] - Statement - If (!(empty)): null

2018-11-24 11:55:46 - [TEST_STEP][PASSED] - Statement - scenarioData = TestCase.getValue("Modules", getTestCaseData): null

2018-11-24 11:55:46 - [TEST_STEP][PASSED] - Statement - useractionData = TestCase.getValue("UserAction", getTestCaseData): null

2018-11-24 11:55:46 - [TEST_STEP][PASSED] - Statement - If (!(empty)): null

2018-11-24 11:55:46 - [TEST_STEP][PASSED] - Statement - scenarioData = TestCase.getValue("Modules", getTestCaseData): null

2018-11-24 11:55:46 - [TEST_STEP][PASSED] - Statement - useractionData = TestCase.getValue("UserAction", getTestCaseData): null

2018-11-24 11:55:46 - [TEST_STEP][PASSED] - Statement - If (!(empty)): null

2018-11-24 11:55:46 - [TEST_STEP][PASSED] - Statement - scenarioData = TestCase.getValue("Modules", getTestCaseData): null

2018-11-24 11:55:46 - [TEST_STEP][PASSED] - Statement - useractionData = TestCase.getValue("UserAction", getTestCaseData): null

2018-11-24 11:55:46 - [TEST_STEP][PASSED] - Statement - If (!(empty)): null

2018-11-24 11:55:46 - [TEST_STEP][PASSED] - Statement - scenarioData = TestCase.getValue("Modules", getTestCaseData): null

2018-11-24 11:55:46 - [TEST_STEP][PASSED] - Statement - useractionData = TestCase.getValue("UserAction", getTestCaseData): null

2018-11-24 11:55:46 - [TEST_STEP][PASSED] - Statement - If (!(empty)): null

2018-11-24 11:55:46 - [TEST_STEP][PASSED] - Statement - scenarioData = TestCase.getValue("Modules", getTestCaseData): null

2018-11-24 11:55:46 - [TEST_STEP][PASSED] - Statement - useractionData = TestCase.getValue("UserAction", getTestCaseData): null

2018-11-24 11:55:46 - [TEST_STEP][PASSED] - Statement - If (!(empty)): null

2018-11-24 11:55:46 - [TEST_STEP][PASSED] - Statement - scenarioData = TestCase.getValue("Modules", getTestCaseData): null

2018-11-24 11:55:46 - [TEST_STEP][PASSED] - Statement - useractionData = TestCase.getValue("UserAction", getTestCaseData): null

2018-11-24 11:55:46 - [TEST_STEP][PASSED] - Statement - If (!(empty)): null

2018-11-24 11:55:46 - [TEST_STEP][PASSED] - Statement - scenarioData = TestCase.getValue("Modules", getTestCaseData): null

2018-11-24 11:55:46 - [TEST_STEP][PASSED] - Statement - useractionData = TestCase.getValue("UserAction", getTestCaseData): null

2018-11-24 11:55:46 - [TEST_STEP][PASSED] - Statement - If (!(empty)): null

2018-11-24 11:55:46 - [TEST_STEP][PASSED] - Statement - scenarioData = TestCase.getValue("Modules", getTestCaseData): null

2018-11-24 11:55:46 - [TEST_STEP][PASSED] - Statement - useractionData = TestCase.getValue("UserAction", getTestCaseData): null

2018-11-24 11:55:46 - [TEST_STEP][PASSED] - Statement - If (!(empty)): null

2018-11-24 11:55:46 - [TEST_STEP][PASSED] - Statement - scenarioData = TestCase.getValue("Modules", getTestCaseData): null

2018-11-24 11:55:46 - [TEST_STEP][PASSED] - Statement - useractionData = TestCase.getValue("UserAction", getTestCaseData): null

2018-11-24 11:55:46 - [TEST_STEP][PASSED] - Statement - If (!(empty)): null

2018-11-24 11:55:46 - [TEST_STEP][PASSED] - Statement - scenarioData = TestCase.getValue("Modules", getTestCaseData): null

2018-11-24 11:55:46 - [TEST_STEP][PASSED] - Statement - useractionData = TestCase.getValue("UserAction", getTestCaseData): null

2018-11-24 11:55:46 - [TEST_STEP][PASSED] - Statement - If (!(empty)): null

2018-11-24 11:55:46 - [TEST_STEP][PASSED] - Statement - scenarioData = TestCase.getValue("Modules", getTestCaseData): null

2018-11-24 11:55:46 - [TEST_STEP][PASSED] - Statement - useractionData = TestCase.getValue("UserAction", getTestCaseData): null

2018-11-24 11:55:46 - [TEST_STEP][PASSED] - Statement - If (!(empty)): null

2018-11-24 11:55:46 - [TEST_STEP][PASSED] - Statement - scenarioData = TestCase.getValue("Modules", getTestCaseData): null

2018-11-24 11:55:46 - [TEST_STEP][PASSED] - Statement - useractionData = TestCase.getValue("UserAction", getTestCaseData): null

2018-11-24 11:55:46 - [TEST_STEP][PASSED] - Statement - If (!(empty)): null

2018-11-24 11:55:46 - [TEST_STEP][PASSED] - Statement - scenarioData = TestCase.getValue("Modules", getTestCaseData): null

2018-11-24 11:55:46 - [TEST_STEP][PASSED] - Statement - useractionData = TestCase.getValue("UserAction", getTestCaseData): null

2018-11-24 11:55:46 - [TEST_STEP][PASSED] - Statement - If (!(empty)): null

2018-11-24 11:55:46 - [TEST_STEP][PASSED] - Statement - scenarioData = TestCase.getValue("Modules", getTestCaseData): null

2018-11-24 11:55:46 - [TEST_STEP][PASSED] - Statement - useractionData = TestCase.getValue("UserAction", getTestCaseData): null

2018-11-24 11:55:46 - [TEST_STEP][PASSED] - Statement - If (!(empty)): null

2018-11-24 11:55:46 - [TEST_STEP][PASSED] - Statement - scenarioData = TestCase.getValue("Modules", getTestCaseData): null

2018-11-24 11:55:46 - [TEST_STEP][PASSED] - Statement - useractionData = TestCase.getValue("UserAction", getTestCaseData): null

2018-11-24 11:55:46 - [TEST_STEP][PASSED] - Statement - If (!(empty)): null

2018-11-24 11:55:46 - [TEST_STEP][PASSED] - Statement - hmap.put(getTestCaseData, scenarioData): null

2018-11-24 11:55:46 - [TEST_STEP][PASSED] - Statement - hmapuserAction.put(getTestCaseData, useractionData): null

2018-11-24 11:55:46 - [TEST_STEP][PASSED] - Statement - scenarioData = TestCase.getValue("Modules", getTestCaseData): null

2018-11-24 11:55:46 - [TEST_STEP][PASSED] - Statement - useractionData = TestCase.getValue("UserAction", getTestCaseData): null

2018-11-24 11:55:46 - [TEST_STEP][PASSED] - Statement - If (!(empty)): null

2018-11-24 11:55:46 - [TEST_STEP][PASSED] - Statement - scenarioData = TestCase.getValue("Modules", getTestCaseData): null

2018-11-24 11:55:46 - [TEST_STEP][PASSED] - Statement - useractionData = TestCase.getValue("UserAction", getTestCaseData): null

2018-11-24 11:55:46 - [TEST_STEP][PASSED] - Statement - If (!(empty)): null

2018-11-24 11:55:46 - [TEST_STEP][PASSED] - Statement - scenarioData = TestCase.getValue("Modules", getTestCaseData): null

2018-11-24 11:55:46 - [TEST_STEP][PASSED] - Statement - useractionData = TestCase.getValue("UserAction", getTestCaseData): null

2018-11-24 11:55:46 - [TEST_STEP][PASSED] - Statement - If (!(empty)): null

2018-11-24 11:55:46 - [TEST_STEP][PASSED] - Statement - scenarioData = TestCase.getValue("Modules", getTestCaseData): null

2018-11-24 11:55:46 - [TEST_STEP][PASSED] - Statement - useractionData = TestCase.getValue("UserAction", getTestCaseData): null

2018-11-24 11:55:46 - [TEST_STEP][PASSED] - Statement - If (!(empty)): null

2018-11-24 11:55:46 - [TEST_STEP][PASSED] - Statement - scenarioData = TestCase.getValue("Modules", getTestCaseData): null

2018-11-24 11:55:46 - [TEST_STEP][PASSED] - Statement - useractionData = TestCase.getValue("UserAction", getTestCaseData): null

2018-11-24 11:55:46 - [TEST_STEP][PASSED] - Statement - If (!(empty)): null

2018-11-24 11:55:46 - [TEST_STEP][PASSED] - Statement - scenarioData = TestCase.getValue("Modules", getTestCaseData): null

2018-11-24 11:55:46 - [TEST_STEP][PASSED] - Statement - useractionData = TestCase.getValue("UserAction", getTestCaseData): null

2018-11-24 11:55:46 - [TEST_STEP][PASSED] - Statement - If (!(empty)): null

2018-11-24 11:55:46 - [TEST_STEP][PASSED] - Statement - scenarioData = TestCase.getValue("Modules", getTestCaseData): null

2018-11-24 11:55:46 - [TEST_STEP][PASSED] - Statement - useractionData = TestCase.getValue("UserAction", getTestCaseData): null

2018-11-24 11:55:46 - [TEST_STEP][PASSED] - Statement - If (!(empty)): null

2018-11-24 11:55:46 - [TEST_STEP][PASSED] - Statement - scenarioData = TestCase.getValue("Modules", getTestCaseData): null

2018-11-24 11:55:46 - [TEST_STEP][PASSED] - Statement - useractionData = TestCase.getValue("UserAction", getTestCaseData): null

2018-11-24 11:55:46 - [TEST_STEP][PASSED] - Statement - If (!(empty)): null

2018-11-24 11:55:46 - [TEST_STEP][PASSED] - Statement - scenarioData = TestCase.getValue("Modules", getTestCaseData): null

2018-11-24 11:55:46 - [TEST_STEP][PASSED] - Statement - useractionData = TestCase.getValue("UserAction", getTestCaseData): null

2018-11-24 11:55:46 - [TEST_STEP][PASSED] - Statement - If (!(empty)): null

2018-11-24 11:55:46 - [TEST_STEP][PASSED] - Statement - scenarioData = TestCase.getValue("Modules", getTestCaseData): null

2018-11-24 11:55:46 - [TEST_STEP][PASSED] - Statement - useractionData = TestCase.getValue("UserAction", getTestCaseData): null

2018-11-24 11:55:46 - [TEST_STEP][PASSED] - Statement - If (!(empty)): null

2018-11-24 11:55:46 - [TEST_STEP][PASSED] - Statement - scenarioData = TestCase.getValue("Modules", getTestCaseData): null

2018-11-24 11:55:46 - [TEST_STEP][PASSED] - Statement - useractionData = TestCase.getValue("UserAction", getTestCaseData): null

2018-11-24 11:55:46 - [TEST_STEP][PASSED] - Statement - If (!(empty)): null

2018-11-24 11:55:46 - [TEST_STEP][PASSED] - Statement - scenarioData = TestCase.getValue("Modules", getTestCaseData): null

2018-11-24 11:55:46 - [TEST_STEP][PASSED] - Statement - useractionData = TestCase.getValue("UserAction", getTestCaseData): null

2018-11-24 11:55:46 - [TEST_STEP][PASSED] - Statement - If (!(empty)): null

2018-11-24 11:55:46 - [TEST_STEP][PASSED] - Statement - scenarioData = TestCase.getValue("Modules", getTestCaseData): null

2018-11-24 11:55:46 - [TEST_STEP][PASSED] - Statement - useractionData = TestCase.getValue("UserAction", getTestCaseData): null

2018-11-24 11:55:46 - [TEST_STEP][PASSED] - Statement - If (!(empty)): null

2018-11-24 11:55:46 - [TEST_STEP][PASSED] - Statement - scenarioData = TestCase.getValue("Modules", getTestCaseData): null

2018-11-24 11:55:46 - [TEST_STEP][PASSED] - Statement - useractionData = TestCase.getValue("UserAction", getTestCaseData): null

2018-11-24 11:55:46 - [TEST_STEP][PASSED] - Statement - If (!(empty)): null

2018-11-24 11:55:46 - [TEST_STEP][PASSED] - Statement - scenarioData = TestCase.getValue("Modules", getTestCaseData): null

2018-11-24 11:55:46 - [TEST_STEP][PASSED] - Statement - useractionData = TestCase.getValue("UserAction", getTestCaseData): null

2018-11-24 11:55:46 - [TEST_STEP][PASSED] - Statement - If (!(empty)): null

2018-11-24 11:55:46 - [TEST_STEP][PASSED] - Statement - scenarioData = TestCase.getValue("Modules", getTestCaseData): null

2018-11-24 11:55:46 - [TEST_STEP][PASSED] - Statement - useractionData = TestCase.getValue("UserAction", getTestCaseData): null

2018-11-24 11:55:46 - [TEST_STEP][PASSED] - Statement - If (!(empty)): null

2018-11-24 11:55:46 - [TEST_STEP][PASSED] - Statement - scenarioData = TestCase.getValue("Modules", getTestCaseData): null

2018-11-24 11:55:46 - [TEST_STEP][PASSED] - Statement - useractionData = TestCase.getValue("UserAction", getTestCaseData): null

2018-11-24 11:55:46 - [TEST_STEP][PASSED] - Statement - If (!(empty)): null

2018-11-24 11:55:46 - [TEST_STEP][PASSED] - Statement - scenarioData = TestCase.getValue("Modules", getTestCaseData): null

2018-11-24 11:55:46 - [TEST_STEP][PASSED] - Statement - useractionData = TestCase.getValue("UserAction", getTestCaseData): null

2018-11-24 11:55:46 - [TEST_STEP][PASSED] - Statement - If (!(empty)): null

2018-11-24 11:55:46 - [TEST_STEP][PASSED] - Statement - hmap.put(getTestCaseData, scenarioData): null

2018-11-24 11:55:46 - [TEST_STEP][PASSED] - Statement - hmapuserAction.put(getTestCaseData, useractionData): null

2018-11-24 11:55:46 - [TEST_STEP][PASSED] - Statement - scenarioData = TestCase.getValue("Modules", getTestCaseData): null

2018-11-24 11:55:46 - [TEST_STEP][PASSED] - Statement - useractionData = TestCase.getValue("UserAction", getTestCaseData): null

2018-11-24 11:55:46 - [TEST_STEP][PASSED] - Statement - If (!(empty)): null

2018-11-24 11:55:46 - [TEST_STEP][PASSED] - Statement - scenarioData = TestCase.getValue("Modules", getTestCaseData): null

2018-11-24 11:55:46 - [TEST_STEP][PASSED] - Statement - useractionData = TestCase.getValue("UserAction", getTestCaseData): null

2018-11-24 11:55:46 - [TEST_STEP][PASSED] - Statement - If (!(empty)): null

2018-11-24 11:55:46 - [TEST_STEP][PASSED] - Statement - scenarioData = TestCase.getValue("Modules", getTestCaseData): null

2018-11-24 11:55:46 - [TEST_STEP][PASSED] - Statement - useractionData = TestCase.getValue("UserAction", getTestCaseData): null

2018-11-24 11:55:46 - [TEST_STEP][PASSED] - Statement - If (!(empty)): null

2018-11-24 11:55:46 - [TEST_STEP][PASSED] - Statement - scenarioData = TestCase.getValue("Modules", getTestCaseData): null

2018-11-24 11:55:46 - [TEST_STEP][PASSED] - Statement - useractionData = TestCase.getValue("UserAction", getTestCaseData): null

2018-11-24 11:55:46 - [TEST_STEP][PASSED] - Statement - If (!(empty)): null

2018-11-24 11:55:46 - [TEST_STEP][PASSED] - Statement - scenarioData = TestCase.getValue("Modules", getTestCaseData): null

2018-11-24 11:55:46 - [TEST_STEP][PASSED] - Statement - useractionData = TestCase.getValue("UserAction", getTestCaseData): null

2018-11-24 11:55:46 - [TEST_STEP][PASSED] - Statement - If (!(empty)): null

2018-11-24 11:55:46 - [TEST_STEP][PASSED] - Statement - scenarioData = TestCase.getValue("Modules", getTestCaseData): null

2018-11-24 11:55:46 - [TEST_STEP][PASSED] - Statement - useractionData = TestCase.getValue("UserAction", getTestCaseData): null

2018-11-24 11:55:46 - [TEST_STEP][PASSED] - Statement - If (!(empty)): null

2018-11-24 11:55:46 - [TEST_STEP][PASSED] - Statement - scenarioData = TestCase.getValue("Modules", getTestCaseData): null

2018-11-24 11:55:46 - [TEST_STEP][PASSED] - Statement - useractionData = TestCase.getValue("UserAction", getTestCaseData): null

2018-11-24 11:55:46 - [TEST_STEP][PASSED] - Statement - If (!(empty)): null

2018-11-24 11:55:46 - [TEST_STEP][PASSED] - Statement - scenarioData = TestCase.getValue("Modules", getTestCaseData): null

2018-11-24 11:55:46 - [TEST_STEP][PASSED] - Statement - useractionData = TestCase.getValue("UserAction", getTestCaseData): null

2018-11-24 11:55:46 - [TEST_STEP][PASSED] - Statement - If (!(empty)): null

2018-11-24 11:55:46 - [TEST_STEP][PASSED] - Statement - scenarioData = TestCase.getValue("Modules", getTestCaseData): null

2018-11-24 11:55:46 - [TEST_STEP][PASSED] - Statement - useractionData = TestCase.getValue("UserAction", getTestCaseData): null

2018-11-24 11:55:46 - [TEST_STEP][PASSED] - Statement - If (!(empty)): null

2018-11-24 11:55:46 - [TEST_STEP][PASSED] - Statement - scenarioData = TestCase.getValue("Modules", getTestCaseData): null

2018-11-24 11:55:46 - [TEST_STEP][PASSED] - Statement - useractionData = TestCase.getValue("UserAction", getTestCaseData): null

2018-11-24 11:55:46 - [TEST_STEP][PASSED] - Statement - If (!(empty)): null

2018-11-24 11:55:46 - [TEST_STEP][PASSED] - Statement - scenarioData = TestCase.getValue("Modules", getTestCaseData): null

2018-11-24 11:55:46 - [TEST_STEP][PASSED] - Statement - useractionData = TestCase.getValue("UserAction", getTestCaseData): null

2018-11-24 11:55:46 - [TEST_STEP][PASSED] - Statement - If (!(empty)): null

2018-11-24 11:55:46 - [TEST_STEP][PASSED] - Statement - scenarioData = TestCase.getValue("Modules", getTestCaseData): null

2018-11-24 11:55:46 - [TEST_STEP][PASSED] - Statement - useractionData = TestCase.getValue("UserAction", getTestCaseData): null

2018-11-24 11:55:46 - [TEST_STEP][PASSED] - Statement - If (!(empty)): null

2018-11-24 11:55:46 - [TEST_STEP][PASSED] - Statement - scenarioData = TestCase.getValue("Modules", getTestCaseData): null

2018-11-24 11:55:46 - [TEST_STEP][PASSED] - Statement - useractionData = TestCase.getValue("UserAction", getTestCaseData): null

2018-11-24 11:55:46 - [TEST_STEP][PASSED] - Statement - If (!(empty)): null

2018-11-24 11:55:46 - [TEST_STEP][PASSED] - Statement - scenarioData = TestCase.getValue("Modules", getTestCaseData): null

2018-11-24 11:55:46 - [TEST_STEP][PASSED] - Statement - useractionData = TestCase.getValue("UserAction", getTestCaseData): null

2018-11-24 11:55:46 - [TEST_STEP][PASSED] - Statement - If (!(empty)): null

2018-11-24 11:55:46 - [TEST_STEP][PASSED] - Statement - scenarioData = TestCase.getValue("Modules", getTestCaseData): null

2018-11-24 11:55:46 - [TEST_STEP][PASSED] - Statement - useractionData = TestCase.getValue("UserAction", getTestCaseData): null

2018-11-24 11:55:46 - [TEST_STEP][PASSED] - Statement - If (!(empty)): null

2018-11-24 11:55:46 - [TEST_STEP][PASSED] - Statement - scenarioData = TestCase.getValue("Modules", getTestCaseData): null

2018-11-24 11:55:46 - [TEST_STEP][PASSED] - Statement - useractionData = TestCase.getValue("UserAction", getTestCaseData): null

2018-11-24 11:55:46 - [TEST_STEP][PASSED] - Statement - If (!(empty)): null

2018-11-24 11:55:46 - [TEST_STEP][PASSED] - Statement - scenarioData = TestCase.getValue("Modules", getTestCaseData): null

2018-11-24 11:55:46 - [TEST_STEP][PASSED] - Statement - useractionData = TestCase.getValue("UserAction", getTestCaseData): null

2018-11-24 11:55:46 - [TEST_STEP][PASSED] - Statement - If (!(empty)): null

2018-11-24 11:55:46 - [TEST_STEP][PASSED] - Statement - scenarioData = TestCase.getValue("Modules", getTestCaseData): null

2018-11-24 11:55:46 - [TEST_STEP][PASSED] - Statement - useractionData = TestCase.getValue("UserAction", getTestCaseData): null

2018-11-24 11:55:46 - [TEST_STEP][PASSED] - Statement - If (!(empty)): null

2018-11-24 11:55:46 - [TEST_STEP][PASSED] - Statement - scenarioData = TestCase.getValue("Modules", getTestCaseData): null

2018-11-24 11:55:46 - [TEST_STEP][PASSED] - Statement - useractionData = TestCase.getValue("UserAction", getTestCaseData): null

2018-11-24 11:55:46 - [TEST_STEP][PASSED] - Statement - If (!(empty)): null

2018-11-24 11:55:46 - [TEST_STEP][PASSED] - Statement - scenarioData = TestCase.getValue("Modules", getTestCaseData): null

2018-11-24 11:55:46 - [TEST_STEP][PASSED] - Statement - useractionData = TestCase.getValue("UserAction", getTestCaseData): null

2018-11-24 11:55:46 - [TEST_STEP][PASSED] - Statement - If (!(empty)): null

2018-11-24 11:55:46 - [TEST_STEP][PASSED] - Statement - scenarioData = TestCase.getValue("Modules", getTestCaseData): null

2018-11-24 11:55:46 - [TEST_STEP][PASSED] - Statement - useractionData = TestCase.getValue("UserAction", getTestCaseData): null

2018-11-24 11:55:46 - [TEST_STEP][PASSED] - Statement - If (!(empty)): null

2018-11-24 11:55:46 - [TEST_STEP][PASSED] - Statement - scenarioData = TestCase.getValue("Modules", getTestCaseData): null

2018-11-24 11:55:46 - [TEST_STEP][PASSED] - Statement - useractionData = TestCase.getValue("UserAction", getTestCaseData): null

2018-11-24 11:55:46 - [TEST_STEP][PASSED] - Statement - If (!(empty)): null

2018-11-24 11:55:46 - [TEST_STEP][PASSED] - Statement - scenarioData = TestCase.getValue("Modules", getTestCaseData): null

2018-11-24 11:55:46 - [TEST_STEP][PASSED] - Statement - useractionData = TestCase.getValue("UserAction", getTestCaseData): null

2018-11-24 11:55:46 - [TEST_STEP][PASSED] - Statement - If (!(empty)): null

2018-11-24 11:55:46 - [TEST_STEP][PASSED] - Statement - scenarioData = TestCase.getValue("Modules", getTestCaseData): null

2018-11-24 11:55:46 - [TEST_STEP][PASSED] - Statement - useractionData = TestCase.getValue("UserAction", getTestCaseData): null

2018-11-24 11:55:46 - [TEST_STEP][PASSED] - Statement - If (!(empty)): null

2018-11-24 11:55:46 - [TEST_STEP][PASSED] - Statement - scenarioData = TestCase.getValue("Modules", getTestCaseData): null

2018-11-24 11:55:47 - [TEST_STEP][PASSED] - Statement - useractionData = TestCase.getValue("UserAction", getTestCaseData): null

2018-11-24 11:55:47 - [TEST_STEP][PASSED] - Statement - If (!(empty)): null

2018-11-24 11:55:47 - [TEST_STEP][PASSED] - Statement - scenarioData = TestCase.getValue("Modules", getTestCaseData): null

2018-11-24 11:55:47 - [TEST_STEP][PASSED] - Statement - useractionData = TestCase.getValue("UserAction", getTestCaseData): null

2018-11-24 11:55:47 - [TEST_STEP][PASSED] - Statement - If (!(empty)): null

2018-11-24 11:55:47 - [TEST_STEP][PASSED] - Statement - scenarioData = TestCase.getValue("Modules", getTestCaseData): null

2018-11-24 11:55:47 - [TEST_STEP][PASSED] - Statement - useractionData = TestCase.getValue("UserAction", getTestCaseData): null

2018-11-24 11:55:47 - [TEST_STEP][PASSED] - Statement - If (!(empty)): null

2018-11-24 11:55:47 - [TEST_STEP][PASSED] - Statement - scenarioData = TestCase.getValue("Modules", getTestCaseData): null

2018-11-24 11:55:47 - [TEST_STEP][PASSED] - Statement - useractionData = TestCase.getValue("UserAction", getTestCaseData): null

2018-11-24 11:55:47 - [TEST_STEP][PASSED] - Statement - If (!(empty)): null

2018-11-24 11:55:47 - [TEST_STEP][PASSED] - Statement - scenarioData = TestCase.getValue("Modules", getTestCaseData): null

2018-11-24 11:55:47 - [TEST_STEP][PASSED] - Statement - useractionData = TestCase.getValue("UserAction", getTestCaseData): null

2018-11-24 11:55:47 - [TEST_STEP][PASSED] - Statement - If (!(empty)): null

2018-11-24 11:55:47 - [TEST_STEP][PASSED] - Statement - scenarioData = TestCase.getValue("Modules", getTestCaseData): null

2018-11-24 11:55:47 - [TEST_STEP][PASSED] - Statement - useractionData = TestCase.getValue("UserAction", getTestCaseData): null

2018-11-24 11:55:47 - [TEST_STEP][PASSED] - Statement - If (!(empty)): null

2018-11-24 11:55:47 - [TEST_STEP][PASSED] - Statement - scenarioData = TestCase.getValue("Modules", getTestCaseData): null

2018-11-24 11:55:47 - [TEST_STEP][PASSED] - Statement - useractionData = TestCase.getValue("UserAction", getTestCaseData): null

2018-11-24 11:55:47 - [TEST_STEP][PASSED] - Statement - If (!(empty)): null

2018-11-24 11:55:47 - [TEST_STEP][PASSED] - Statement - scenarioData = TestCase.getValue("Modules", getTestCaseData): null

2018-11-24 11:55:47 - [TEST_STEP][PASSED] - Statement - useractionData = TestCase.getValue("UserAction", getTestCaseData): null

2018-11-24 11:55:47 - [TEST_STEP][PASSED] - Statement - If (!(empty)): null

2018-11-24 11:55:47 - [TEST_STEP][PASSED] - Statement - scenarioData = TestCase.getValue("Modules", getTestCaseData): null

2018-11-24 11:55:47 - [TEST_STEP][PASSED] - Statement - useractionData = TestCase.getValue("UserAction", getTestCaseData): null

2018-11-24 11:55:47 - [TEST_STEP][PASSED] - Statement - If (!(empty)): null

2018-11-24 11:55:47 - [TEST_STEP][PASSED] - Statement - scenarioData = TestCase.getValue("Modules", getTestCaseData): null

2018-11-24 11:55:47 - [TEST_STEP][PASSED] - Statement - useractionData = TestCase.getValue("UserAction", getTestCaseData): null

2018-11-24 11:55:47 - [TEST_STEP][PASSED] - Statement - If (!(empty)): null

2018-11-24 11:55:47 - [TEST_STEP][PASSED] - Statement - scenarioData = TestCase.getValue("Modules", getTestCaseData): null

2018-11-24 11:55:47 - [TEST_STEP][PASSED] - Statement - useractionData = TestCase.getValue("UserAction", getTestCaseData): null

2018-11-24 11:55:47 - [TEST_STEP][PASSED] - Statement - If (!(empty)): null

2018-11-24 11:55:47 - [TEST_STEP][PASSED] - Statement - scenarioData = TestCase.getValue("Modules", getTestCaseData): null

2018-11-24 11:55:47 - [TEST_STEP][PASSED] - Statement - useractionData = TestCase.getValue("UserAction", getTestCaseData): null

2018-11-24 11:55:47 - [TEST_STEP][PASSED] - Statement - If (!(empty)): null

2018-11-24 11:55:47 - [TEST_STEP][PASSED] - Statement - hmap.put(getTestCaseData, scenarioData): null

2018-11-24 11:55:47 - [TEST_STEP][PASSED] - Statement - hmapuserAction.put(getTestCaseData, useractionData): null

2018-11-24 11:55:47 - [TEST_STEP][PASSED] - Statement - scenarioData = TestCase.getValue("Modules", getTestCaseData): null

2018-11-24 11:55:47 - [TEST_STEP][PASSED] - Statement - useractionData = TestCase.getValue("UserAction", getTestCaseData): null

2018-11-24 11:55:47 - [TEST_STEP][PASSED] - Statement - If (!(empty)): null

2018-11-24 11:55:47 - [TEST_STEP][PASSED] - Statement - scenarioData = TestCase.getValue("Modules", getTestCaseData): null

2018-11-24 11:55:47 - [TEST_STEP][PASSED] - Statement - useractionData = TestCase.getValue("UserAction", getTestCaseData): null

2018-11-24 11:55:47 - [TEST_STEP][PASSED] - Statement - If (!(empty)): null

2018-11-24 11:55:47 - [TEST_STEP][PASSED] - Statement - scenarioData = TestCase.getValue("Modules", getTestCaseData): null

2018-11-24 11:55:47 - [TEST_STEP][PASSED] - Statement - useractionData = TestCase.getValue("UserAction", getTestCaseData): null

2018-11-24 11:55:47 - [TEST_STEP][PASSED] - Statement - If (!(empty)): null

2018-11-24 11:55:47 - [TEST_STEP][PASSED] - Statement - scenarioData = TestCase.getValue("Modules", getTestCaseData): null

2018-11-24 11:55:47 - [TEST_STEP][PASSED] - Statement - useractionData = TestCase.getValue("UserAction", getTestCaseData): null

2018-11-24 11:55:47 - [TEST_STEP][PASSED] - Statement - If (!(empty)): null

2018-11-24 11:55:47 - [TEST_STEP][PASSED] - Statement - scenarioData = TestCase.getValue("Modules", getTestCaseData): null

2018-11-24 11:55:47 - [TEST_STEP][PASSED] - Statement - useractionData = TestCase.getValue("UserAction", getTestCaseData): null

2018-11-24 11:55:47 - [TEST_STEP][PASSED] - Statement - If (!(empty)): null

2018-11-24 11:55:47 - [TEST_STEP][PASSED] - Statement - scenarioData = TestCase.getValue("Modules", getTestCaseData): null

2018-11-24 11:55:47 - [TEST_STEP][PASSED] - Statement - useractionData = TestCase.getValue("UserAction", getTestCaseData): null

2018-11-24 11:55:47 - [TEST_STEP][PASSED] - Statement - If (!(empty)): null

2018-11-24 11:55:47 - [TEST_STEP][PASSED] - Statement - scenarioData = TestCase.getValue("Modules", getTestCaseData): null

2018-11-24 11:55:47 - [TEST_STEP][PASSED] - Statement - useractionData = TestCase.getValue("UserAction", getTestCaseData): null

2018-11-24 11:55:47 - [TEST_STEP][PASSED] - Statement - If (!(empty)): null

2018-11-24 11:55:47 - [TEST_STEP][PASSED] - Statement - scenarioData = TestCase.getValue("Modules", getTestCaseData): null

2018-11-24 11:55:47 - [TEST_STEP][PASSED] - Statement - useractionData = TestCase.getValue("UserAction", getTestCaseData): null

2018-11-24 11:55:47 - [TEST_STEP][PASSED] - Statement - If (!(empty)): null

2018-11-24 11:55:47 - [TEST_STEP][PASSED] - Statement - scenarioData = TestCase.getValue("Modules", getTestCaseData): null

2018-11-24 11:55:47 - [TEST_STEP][PASSED] - Statement - useractionData = TestCase.getValue("UserAction", getTestCaseData): null

2018-11-24 11:55:47 - [TEST_STEP][PASSED] - Statement - If (!(empty)): null

2018-11-24 11:55:47 - [TEST_STEP][PASSED] - Statement - scenarioData = TestCase.getValue("Modules", getTestCaseData): null

2018-11-24 11:55:47 - [TEST_STEP][PASSED] - Statement - useractionData = TestCase.getValue("UserAction", getTestCaseData): null

2018-11-24 11:55:47 - [TEST_STEP][PASSED] - Statement - If (!(empty)): null

2018-11-24 11:55:47 - [TEST_STEP][PASSED] - Statement - scenarioData = TestCase.getValue("Modules", getTestCaseData): null

2018-11-24 11:55:47 - [TEST_STEP][PASSED] - Statement - useractionData = TestCase.getValue("UserAction", getTestCaseData): null

2018-11-24 11:55:47 - [TEST_STEP][PASSED] - Statement - If (!(empty)): null

2018-11-24 11:55:47 - [TEST_STEP][PASSED] - Statement - scenarioData = TestCase.getValue("Modules", getTestCaseData): null

2018-11-24 11:55:47 - [TEST_STEP][PASSED] - Statement - useractionData = TestCase.getValue("UserAction", getTestCaseData): null

2018-11-24 11:55:47 - [TEST_STEP][PASSED] - Statement - If (!(empty)): null

2018-11-24 11:55:47 - [TEST_STEP][PASSED] - Statement - scenarioData = TestCase.getValue("Modules", getTestCaseData): null

2018-11-24 11:55:47 - [TEST_STEP][PASSED] - Statement - useractionData = TestCase.getValue("UserAction", getTestCaseData): null

2018-11-24 11:55:47 - [TEST_STEP][PASSED] - Statement - If (!(empty)): null

2018-11-24 11:55:47 - [TEST_STEP][PASSED] - Statement - scenarioData = TestCase.getValue("Modules", getTestCaseData): null

2018-11-24 11:55:47 - [TEST_STEP][PASSED] - Statement - useractionData = TestCase.getValue("UserAction", getTestCaseData): null

2018-11-24 11:55:47 - [TEST_STEP][PASSED] - Statement - If (!(empty)): null

2018-11-24 11:55:47 - [TEST_STEP][PASSED] - Statement - scenarioData = TestCase.getValue("Modules", getTestCaseData): null

2018-11-24 11:55:47 - [TEST_STEP][PASSED] - Statement - useractionData = TestCase.getValue("UserAction", getTestCaseData): null

2018-11-24 11:55:47 - [TEST_STEP][PASSED] - Statement - If (!(empty)): null

2018-11-24 11:55:47 - [TEST_STEP][PASSED] - Statement - scenarioData = TestCase.getValue("Modules", getTestCaseData): null

2018-11-24 11:55:47 - [TEST_STEP][PASSED] - Statement - useractionData = TestCase.getValue("UserAction", getTestCaseData): null

2018-11-24 11:55:47 - [TEST_STEP][PASSED] - Statement - If (!(empty)): null

2018-11-24 11:55:47 - [TEST_STEP][PASSED] - Statement - scenarioData = TestCase.getValue("Modules", getTestCaseData): null

2018-11-24 11:55:47 - [TEST_STEP][PASSED] - Statement - useractionData = TestCase.getValue("UserAction", getTestCaseData): null

2018-11-24 11:55:47 - [TEST_STEP][PASSED] - Statement - If (!(empty)): null

2018-11-24 11:55:47 - [TEST_STEP][PASSED] - Statement - scenarioData = TestCase.getValue("Modules", getTestCaseData): null

2018-11-24 11:55:47 - [TEST_STEP][PASSED] - Statement - useractionData = TestCase.getValue("UserAction", getTestCaseData): null

2018-11-24 11:55:47 - [TEST_STEP][PASSED] - Statement - If (!(empty)): null

2018-11-24 11:55:47 - [TEST_STEP][PASSED] - Statement - scenarioData = TestCase.getValue("Modules", getTestCaseData): null

2018-11-24 11:55:47 - [TEST_STEP][PASSED] - Statement - useractionData = TestCase.getValue("UserAction", getTestCaseData): null

2018-11-24 11:55:47 - [TEST_STEP][PASSED] - Statement - If (!(empty)): null

2018-11-24 11:55:47 - [TEST_STEP][PASSED] - Statement - scenarioData = TestCase.getValue("Modules", getTestCaseData): null

2018-11-24 11:55:47 - [TEST_STEP][PASSED] - Statement - useractionData = TestCase.getValue("UserAction", getTestCaseData): null

2018-11-24 11:55:47 - [TEST_STEP][PASSED] - Statement - If (!(empty)): null

2018-11-24 11:55:47 - [TEST_STEP][PASSED] - Statement - scenarioData = TestCase.getValue("Modules", getTestCaseData): null

2018-11-24 11:55:47 - [TEST_STEP][PASSED] - Statement - useractionData = TestCase.getValue("UserAction", getTestCaseData): null

2018-11-24 11:55:47 - [TEST_STEP][PASSED] - Statement - If (!(empty)): null

2018-11-24 11:55:47 - [TEST_STEP][PASSED] - Statement - scenarioData = TestCase.getValue("Modules", getTestCaseData): null

2018-11-24 11:55:47 - [TEST_STEP][PASSED] - Statement - useractionData = TestCase.getValue("UserAction", getTestCaseData): null

2018-11-24 11:55:47 - [TEST_STEP][PASSED] - Statement - If (!(empty)): null

2018-11-24 11:55:47 - [TEST_STEP][PASSED] - Statement - scenarioData = TestCase.getValue("Modules", getTestCaseData): null

2018-11-24 11:55:47 - [TEST_STEP][PASSED] - Statement - useractionData = TestCase.getValue("UserAction", getTestCaseData): null

2018-11-24 11:55:47 - [TEST_STEP][PASSED] - Statement - If (!(empty)): null

2018-11-24 11:55:47 - [TEST_STEP][PASSED] - Statement - scenarioData = TestCase.getValue("Modules", getTestCaseData): null

2018-11-24 11:55:47 - [TEST_STEP][PASSED] - Statement - useractionData = TestCase.getValue("UserAction", getTestCaseData): null

2018-11-24 11:55:47 - [TEST_STEP][PASSED] - Statement - If (!(empty)): null

2018-11-24 11:55:47 - [TEST_STEP][PASSED] - Statement - scenarioData = TestCase.getValue("Modules", getTestCaseData): null

2018-11-24 11:55:47 - [TEST_STEP][PASSED] - Statement - useractionData = TestCase.getValue("UserAction", getTestCaseData): null

2018-11-24 11:55:47 - [TEST_STEP][PASSED] - Statement - If (!(empty)): null

2018-11-24 11:55:47 - [TEST_STEP][PASSED] - Statement - scenarioData = TestCase.getValue("Modules", getTestCaseData): null

2018-11-24 11:55:47 - [TEST_STEP][PASSED] - Statement - useractionData = TestCase.getValue("UserAction", getTestCaseData): null

2018-11-24 11:55:47 - [TEST_STEP][PASSED] - Statement - If (!(empty)): null

2018-11-24 11:55:47 - [TEST_STEP][PASSED] - Statement - scenarioData = TestCase.getValue("Modules", getTestCaseData): null

2018-11-24 11:55:47 - [TEST_STEP][PASSED] - Statement - useractionData = TestCase.getValue("UserAction", getTestCaseData): null

2018-11-24 11:55:47 - [TEST_STEP][PASSED] - Statement - If (!(empty)): null

2018-11-24 11:55:47 - [TEST_STEP][PASSED] - Statement - scenarioData = TestCase.getValue("Modules", getTestCaseData): null

2018-11-24 11:55:47 - [TEST_STEP][PASSED] - Statement - useractionData = TestCase.getValue("UserAction", getTestCaseData): null

2018-11-24 11:55:47 - [TEST_STEP][PASSED] - Statement - If (!(empty)): null

2018-11-24 11:55:47 - [TEST_STEP][PASSED] - Statement - scenarioData = TestCase.getValue("Modules", getTestCaseData): null

2018-11-24 11:55:47 - [TEST_STEP][PASSED] - Statement - useractionData = TestCase.getValue("UserAction", getTestCaseData): null

2018-11-24 11:55:47 - [TEST_STEP][PASSED] - Statement - If (!(empty)): null

2018-11-24 11:55:47 - [TEST_STEP][PASSED] - Statement - scenarioData = TestCase.getValue("Modules", getTestCaseData): null

2018-11-24 11:55:47 - [TEST_STEP][PASSED] - Statement - useractionData = TestCase.getValue("UserAction", getTestCaseData): null

2018-11-24 11:55:47 - [TEST_STEP][PASSED] - Statement - If (!(empty)): null

2018-11-24 11:55:47 - [TEST_STEP][PASSED] - Statement - scenarioData = TestCase.getValue("Modules", getTestCaseData): null

2018-11-24 11:55:47 - [TEST_STEP][PASSED] - Statement - useractionData = TestCase.getValue("UserAction", getTestCaseData): null

2018-11-24 11:55:47 - [TEST_STEP][PASSED] - Statement - If (!(empty)): null

2018-11-24 11:55:47 - [TEST_STEP][PASSED] - Statement - scenarioData = TestCase.getValue("Modules", getTestCaseData): null

2018-11-24 11:55:47 - [TEST_STEP][PASSED] - Statement - useractionData = TestCase.getValue("UserAction", getTestCaseData): null

2018-11-24 11:55:47 - [TEST_STEP][PASSED] - Statement - If (!(empty)): null

2018-11-24 11:55:47 - [TEST_STEP][PASSED] - Statement - scenarioData = TestCase.getValue("Modules", getTestCaseData): null

2018-11-24 11:55:47 - [TEST_STEP][PASSED] - Statement - useractionData = TestCase.getValue("UserAction", getTestCaseData): null

2018-11-24 11:55:47 - [TEST_STEP][PASSED] - Statement - If (!(empty)): null

2018-11-24 11:55:47 - [TEST_STEP][PASSED] - Statement - scenarioData = TestCase.getValue("Modules", getTestCaseData): null

2018-11-24 11:55:47 - [TEST_STEP][PASSED] - Statement - useractionData = TestCase.getValue("UserAction", getTestCaseData): null

2018-11-24 11:55:47 - [TEST_STEP][PASSED] - Statement - If (!(empty)): null

2018-11-24 11:55:47 - [TEST_STEP][PASSED] - Statement - scenarioData = TestCase.getValue("Modules", getTestCaseData): null

2018-11-24 11:55:47 - [TEST_STEP][PASSED] - Statement - useractionData = TestCase.getValue("UserAction", getTestCaseData): null

2018-11-24 11:55:47 - [TEST_STEP][PASSED] - Statement - If (!(empty)): null

2018-11-24 11:55:47 - [TEST_STEP][PASSED] - Statement - scenarioData = TestCase.getValue("Modules", getTestCaseData): null

2018-11-24 11:55:47 - [TEST_STEP][PASSED] - Statement - useractionData = TestCase.getValue("UserAction", getTestCaseData): null

2018-11-24 11:55:47 - [TEST_STEP][PASSED] - Statement - If (!(empty)): null

2018-11-24 11:55:47 - [TEST_STEP][PASSED] - Statement - scenarioData = TestCase.getValue("Modules", getTestCaseData): null

2018-11-24 11:55:47 - [TEST_STEP][PASSED] - Statement - useractionData = TestCase.getValue("UserAction", getTestCaseData): null

2018-11-24 11:55:47 - [TEST_STEP][PASSED] - Statement - If (!(empty)): null

2018-11-24 11:55:47 - [TEST_STEP][PASSED] - Statement - scenarioData = TestCase.getValue("Modules", getTestCaseData): null

2018-11-24 11:55:47 - [TEST_STEP][PASSED] - Statement - useractionData = TestCase.getValue("UserAction", getTestCaseData): null

2018-11-24 11:55:47 - [TEST_STEP][PASSED] - Statement - If (!(empty)): null

2018-11-24 11:55:47 - [TEST_STEP][PASSED] - Statement - hmap.put(getTestCaseData, scenarioData): null

2018-11-24 11:55:47 - [TEST_STEP][PASSED] - Statement - hmapuserAction.put(getTestCaseData, useractionData): null

2018-11-24 11:55:47 - [TEST_STEP][PASSED] - Statement - scenarioData = TestCase.getValue("Modules", getTestCaseData): null

2018-11-24 11:55:47 - [TEST_STEP][PASSED] - Statement - useractionData = TestCase.getValue("UserAction", getTestCaseData): null

2018-11-24 11:55:47 - [TEST_STEP][PASSED] - Statement - If (!(empty)): null

2018-11-24 11:55:47 - [TEST_STEP][PASSED] - Statement - scenarioData = TestCase.getValue("Modules", getTestCaseData): null

2018-11-24 11:55:47 - [TEST_STEP][PASSED] - Statement - useractionData = TestCase.getValue("UserAction", getTestCaseData): null

2018-11-24 11:55:47 - [TEST_STEP][PASSED] - Statement - If (!(empty)): null

2018-11-24 11:55:47 - [TEST_STEP][PASSED] - Statement - scenarioData = TestCase.getValue("Modules", getTestCaseData): null

2018-11-24 11:55:47 - [TEST_STEP][PASSED] - Statement - useractionData = TestCase.getValue("UserAction", getTestCaseData): null

2018-11-24 11:55:47 - [TEST_STEP][PASSED] - Statement - If (!(empty)): null

2018-11-24 11:55:47 - [TEST_STEP][PASSED] - Statement - scenarioData = TestCase.getValue("Modules", getTestCaseData): null

2018-11-24 11:55:47 - [TEST_STEP][PASSED] - Statement - useractionData = TestCase.getValue("UserAction", getTestCaseData): null

2018-11-24 11:55:47 - [TEST_STEP][PASSED] - Statement - If (!(empty)): null

2018-11-24 11:55:47 - [TEST_STEP][PASSED] - Statement - scenarioData = TestCase.getValue("Modules", getTestCaseData): null

2018-11-24 11:55:47 - [TEST_STEP][PASSED] - Statement - useractionData = TestCase.getValue("UserAction", getTestCaseData): null

2018-11-24 11:55:47 - [TEST_STEP][PASSED] - Statement - If (!(empty)): null

2018-11-24 11:55:47 - [TEST_STEP][PASSED] - Statement - scenarioData = TestCase.getValue("Modules", getTestCaseData): null

2018-11-24 11:55:47 - [TEST_STEP][PASSED] - Statement - useractionData = TestCase.getValue("UserAction", getTestCaseData): null

2018-11-24 11:55:47 - [TEST_STEP][PASSED] - Statement - If (!(empty)): null

2018-11-24 11:55:47 - [TEST_STEP][PASSED] - Statement - scenarioData = TestCase.getValue("Modules", getTestCaseData): null

2018-11-24 11:55:47 - [TEST_STEP][PASSED] - Statement - useractionData = TestCase.getValue("UserAction", getTestCaseData): null

2018-11-24 11:55:47 - [TEST_STEP][PASSED] - Statement - If (!(empty)): null

2018-11-24 11:55:47 - [TEST_STEP][PASSED] - Statement - scenarioData = TestCase.getValue("Modules", getTestCaseData): null

2018-11-24 11:55:47 - [TEST_STEP][PASSED] - Statement - useractionData = TestCase.getValue("UserAction", getTestCaseData): null

2018-11-24 11:55:47 - [TEST_STEP][PASSED] - Statement - If (!(empty)): null

2018-11-24 11:55:47 - [TEST_STEP][PASSED] - Statement - scenarioData = TestCase.getValue("Modules", getTestCaseData): null

2018-11-24 11:55:47 - [TEST_STEP][PASSED] - Statement - useractionData = TestCase.getValue("UserAction", getTestCaseData): null

2018-11-24 11:55:47 - [TEST_STEP][PASSED] - Statement - If (!(empty)): null

2018-11-24 11:55:47 - [TEST_STEP][PASSED] - Statement - scenarioData = TestCase.getValue("Modules", getTestCaseData): null

2018-11-24 11:55:47 - [TEST_STEP][PASSED] - Statement - useractionData = TestCase.getValue("UserAction", getTestCaseData): null

2018-11-24 11:55:47 - [TEST_STEP][PASSED] - Statement - If (!(empty)): null

2018-11-24 11:55:47 - [TEST_STEP][PASSED] - Statement - scenarioData = TestCase.getValue("Modules", getTestCaseData): null

2018-11-24 11:55:47 - [TEST_STEP][PASSED] - Statement - useractionData = TestCase.getValue("UserAction", getTestCaseData): null

2018-11-24 11:55:47 - [TEST_STEP][PASSED] - Statement - If (!(empty)): null

2018-11-24 11:55:47 - [TEST_STEP][PASSED] - Statement - scenarioData = TestCase.getValue("Modules", getTestCaseData): null

2018-11-24 11:55:47 - [TEST_STEP][PASSED] - Statement - useractionData = TestCase.getValue("UserAction", getTestCaseData): null

2018-11-24 11:55:47 - [TEST_STEP][PASSED] - Statement - If (!(empty)): null

2018-11-24 11:55:47 - [TEST_STEP][PASSED] - Statement - scenarioData = TestCase.getValue("Modules", getTestCaseData): null

2018-11-24 11:55:47 - [TEST_STEP][PASSED] - Statement - useractionData = TestCase.getValue("UserAction", getTestCaseData): null

2018-11-24 11:55:47 - [TEST_STEP][PASSED] - Statement - If (!(empty)): null

2018-11-24 11:55:47 - [TEST_STEP][PASSED] - Statement - scenarioData = TestCase.getValue("Modules", getTestCaseData): null

2018-11-24 11:55:47 - [TEST_STEP][PASSED] - Statement - useractionData = TestCase.getValue("UserAction", getTestCaseData): null

2018-11-24 11:55:47 - [TEST_STEP][PASSED] - Statement - If (!(empty)): null

2018-11-24 11:55:47 - [TEST_STEP][PASSED] - Statement - scenarioData = TestCase.getValue("Modules", getTestCaseData): null

2018-11-24 11:55:47 - [TEST_STEP][PASSED] - Statement - useractionData = TestCase.getValue("UserAction", getTestCaseData): null

2018-11-24 11:55:47 - [TEST_STEP][PASSED] - Statement - If (!(empty)): null

2018-11-24 11:55:47 - [TEST_STEP][PASSED] - Statement - scenarioData = TestCase.getValue("Modules", getTestCaseData): null

2018-11-24 11:55:47 - [TEST_STEP][PASSED] - Statement - useractionData = TestCase.getValue("UserAction", getTestCaseData): null

2018-11-24 11:55:47 - [TEST_STEP][PASSED] - Statement - If (!(empty)): null

2018-11-24 11:55:47 - [TEST_STEP][PASSED] - Statement - hmap.put(getTestCaseData, scenarioData): null

2018-11-24 11:55:47 - [TEST_STEP][PASSED] - Statement - hmapuserAction.put(getTestCaseData, useractionData): null

2018-11-24 11:55:47 - [TEST_STEP][PASSED] - Statement - scenarioData = TestCase.getValue("Modules", getTestCaseData): null

2018-11-24 11:55:47 - [TEST_STEP][PASSED] - Statement - useractionData = TestCase.getValue("UserAction", getTestCaseData): null

2018-11-24 11:55:47 - [TEST_STEP][PASSED] - Statement - If (!(empty)): null

2018-11-24 11:55:47 - [TEST_STEP][PASSED] - Statement - scenarioData = TestCase.getValue("Modules", getTestCaseData): null

2018-11-24 11:55:47 - [TEST_STEP][PASSED] - Statement - useractionData = TestCase.getValue("UserAction", getTestCaseData): null

2018-11-24 11:55:47 - [TEST_STEP][PASSED] - Statement - If (!(empty)): null

2018-11-24 11:55:47 - [TEST_STEP][PASSED] - Statement - scenarioData = TestCase.getValue("Modules", getTestCaseData): null

2018-11-24 11:55:47 - [TEST_STEP][PASSED] - Statement - useractionData = TestCase.getValue("UserAction", getTestCaseData): null

2018-11-24 11:55:47 - [TEST_STEP][PASSED] - Statement - If (!(empty)): null

2018-11-24 11:55:47 - [TEST_STEP][PASSED] - Statement - scenarioData = TestCase.getValue("Modules", getTestCaseData): null

2018-11-24 11:55:47 - [TEST_STEP][PASSED] - Statement - useractionData = TestCase.getValue("UserAction", getTestCaseData): null

2018-11-24 11:55:47 - [TEST_STEP][PASSED] - Statement - If (!(empty)): null

2018-11-24 11:55:47 - [TEST_STEP][PASSED] - Statement - scenarioData = TestCase.getValue("Modules", getTestCaseData): null

2018-11-24 11:55:47 - [TEST_STEP][PASSED] - Statement - useractionData = TestCase.getValue("UserAction", getTestCaseData): null

2018-11-24 11:55:47 - [TEST_STEP][PASSED] - Statement - If (!(empty)): null

2018-11-24 11:55:47 - [TEST_STEP][PASSED] - Statement - scenarioData = TestCase.getValue("Modules", getTestCaseData): null

2018-11-24 11:55:47 - [TEST_STEP][PASSED] - Statement - useractionData = TestCase.getValue("UserAction", getTestCaseData): null

2018-11-24 11:55:47 - [TEST_STEP][PASSED] - Statement - If (!(empty)): null

2018-11-24 11:55:47 - [TEST_STEP][PASSED] - Statement - scenarioData = TestCase.getValue("Modules", getTestCaseData): null

2018-11-24 11:55:47 - [TEST_STEP][PASSED] - Statement - useractionData = TestCase.getValue("UserAction", getTestCaseData): null

2018-11-24 11:55:47 - [TEST_STEP][PASSED] - Statement - If (!(empty)): null

2018-11-24 11:55:47 - [TEST_STEP][PASSED] - Statement - scenarioData = TestCase.getValue("Modules", getTestCaseData): null

2018-11-24 11:55:47 - [TEST_STEP][PASSED] - Statement - useractionData = TestCase.getValue("UserAction", getTestCaseData): null

2018-11-24 11:55:47 - [TEST_STEP][PASSED] - Statement - If (!(empty)): null

2018-11-24 11:55:47 - [TEST_STEP][PASSED] - Statement - scenarioData = TestCase.getValue("Modules", getTestCaseData): null

2018-11-24 11:55:47 - [TEST_STEP][PASSED] - Statement - useractionData = TestCase.getValue("UserAction", getTestCaseData): null

2018-11-24 11:55:47 - [TEST_STEP][PASSED] - Statement - If (!(empty)): null

2018-11-24 11:55:47 - [TEST_STEP][PASSED] - Statement - scenarioData = TestCase.getValue("Modules", getTestCaseData): null

2018-11-24 11:55:47 - [TEST_STEP][PASSED] - Statement - useractionData = TestCase.getValue("UserAction", getTestCaseData): null

2018-11-24 11:55:47 - [TEST_STEP][PASSED] - Statement - If (!(empty)): null

2018-11-24 11:55:47 - [TEST_STEP][PASSED] - Statement - scenarioData = TestCase.getValue("Modules", getTestCaseData): null

2018-11-24 11:55:47 - [TEST_STEP][PASSED] - Statement - useractionData = TestCase.getValue("UserAction", getTestCaseData): null

2018-11-24 11:55:47 - [TEST_STEP][PASSED] - Statement - If (!(empty)): null

2018-11-24 11:55:47 - [TEST_STEP][PASSED] - Statement - scenarioData = TestCase.getValue("Modules", getTestCaseData): null

2018-11-24 11:55:47 - [TEST_STEP][PASSED] - Statement - useractionData = TestCase.getValue("UserAction", getTestCaseData): null

2018-11-24 11:55:47 - [TEST_STEP][PASSED] - Statement - If (!(empty)): null

2018-11-24 11:55:47 - [TEST_STEP][PASSED] - Statement - scenarioData = TestCase.getValue("Modules", getTestCaseData): null

2018-11-24 11:55:47 - [TEST_STEP][PASSED] - Statement - useractionData = TestCase.getValue("UserAction", getTestCaseData): null

2018-11-24 11:55:47 - [TEST_STEP][PASSED] - Statement - If (!(empty)): null

2018-11-24 11:55:47 - [TEST_STEP][PASSED] - Statement - scenarioData = TestCase.getValue("Modules", getTestCaseData): null

2018-11-24 11:55:47 - [TEST_STEP][PASSED] - Statement - useractionData = TestCase.getValue("UserAction", getTestCaseData): null

2018-11-24 11:55:47 - [TEST_STEP][PASSED] - Statement - If (!(empty)): null

2018-11-24 11:55:47 - [TEST_STEP][PASSED] - Statement - scenarioData = TestCase.getValue("Modules", getTestCaseData): null

2018-11-24 11:55:47 - [TEST_STEP][PASSED] - Statement - useractionData = TestCase.getValue("UserAction", getTestCaseData): null

2018-11-24 11:55:47 - [TEST_STEP][PASSED] - Statement - If (!(empty)): null

2018-11-24 11:55:47 - [TEST_STEP][PASSED] - Statement - scenarioData = TestCase.getValue("Modules", getTestCaseData): null

2018-11-24 11:55:47 - [TEST_STEP][PASSED] - Statement - useractionData = TestCase.getValue("UserAction", getTestCaseData): null

2018-11-24 11:55:47 - [TEST_STEP][PASSED] - Statement - If (!(empty)): null

2018-11-24 11:55:47 - [TEST_STEP][PASSED] - Statement - scenarioData = TestCase.getValue("Modules", getTestCaseData): null

2018-11-24 11:55:47 - [TEST_STEP][PASSED] - Statement - useractionData = TestCase.getValue("UserAction", getTestCaseData): null

2018-11-24 11:55:47 - [TEST_STEP][PASSED] - Statement - If (!(empty)): null

2018-11-24 11:55:47 - [TEST_STEP][PASSED] - Statement - scenarioData = TestCase.getValue("Modules", getTestCaseData): null

2018-11-24 11:55:47 - [TEST_STEP][PASSED] - Statement - useractionData = TestCase.getValue("UserAction", getTestCaseData): null

2018-11-24 11:55:47 - [TEST_STEP][PASSED] - Statement - If (!(empty)): null

2018-11-24 11:55:47 - [TEST_STEP][PASSED] - Statement - scenarioData = TestCase.getValue("Modules", getTestCaseData): null

2018-11-24 11:55:47 - [TEST_STEP][PASSED] - Statement - useractionData = TestCase.getValue("UserAction", getTestCaseData): null

2018-11-24 11:55:47 - [TEST_STEP][PASSED] - Statement - If (!(empty)): null

2018-11-24 11:55:47 - [TEST_STEP][PASSED] - Statement - scenarioData = TestCase.getValue("Modules", getTestCaseData): null

2018-11-24 11:55:47 - [TEST_STEP][PASSED] - Statement - useractionData = TestCase.getValue("UserAction", getTestCaseData): null

2018-11-24 11:55:47 - [TEST_STEP][PASSED] - Statement - If (!(empty)): null

2018-11-24 11:55:47 - [TEST_STEP][PASSED] - Statement - scenarioData = TestCase.getValue("Modules", getTestCaseData): null

2018-11-24 11:55:47 - [TEST_STEP][PASSED] - Statement - useractionData = TestCase.getValue("UserAction", getTestCaseData): null

2018-11-24 11:55:47 - [TEST_STEP][PASSED] - Statement - If (!(empty)): null

2018-11-24 11:55:47 - [TEST_STEP][PASSED] - Statement - scenarioData = TestCase.getValue("Modules", getTestCaseData): null

2018-11-24 11:55:47 - [TEST_STEP][PASSED] - Statement - useractionData = TestCase.getValue("UserAction", getTestCaseData): null

2018-11-24 11:55:47 - [TEST_STEP][PASSED] - Statement - If (!(empty)): null

2018-11-24 11:55:47 - [TEST_STEP][PASSED] - Statement - scenarioData = TestCase.getValue("Modules", getTestCaseData): null

2018-11-24 11:55:47 - [TEST_STEP][PASSED] - Statement - useractionData = TestCase.getValue("UserAction", getTestCaseData): null

2018-11-24 11:55:47 - [TEST_STEP][PASSED] - Statement - If (!(empty)): null

2018-11-24 11:55:47 - [TEST_STEP][PASSED] - Statement - scenarioData = TestCase.getValue("Modules", getTestCaseData): null

2018-11-24 11:55:47 - [TEST_STEP][PASSED] - Statement - useractionData = TestCase.getValue("UserAction", getTestCaseData): null

2018-11-24 11:55:47 - [TEST_STEP][PASSED] - Statement - If (!(empty)): null

2018-11-24 11:55:47 - [TEST_STEP][PASSED] - Statement - hmap.put(getTestCaseData, scenarioData): null

2018-11-24 11:55:47 - [TEST_STEP][PASSED] - Statement - hmapuserAction.put(getTestCaseData, useractionData): null

2018-11-24 11:55:47 - [TEST_STEP][PASSED] - Statement - scenarioData = TestCase.getValue("Modules", getTestCaseData): null

2018-11-24 11:55:47 - [TEST_STEP][PASSED] - Statement - useractionData = TestCase.getValue("UserAction", getTestCaseData): null

2018-11-24 11:55:47 - [TEST_STEP][PASSED] - Statement - If (!(empty)): null

2018-11-24 11:55:47 - [TEST_STEP][PASSED] - Statement - scenarioData = TestCase.getValue("Modules", getTestCaseData): null

2018-11-24 11:55:47 - [TEST_STEP][PASSED] - Statement - useractionData = TestCase.getValue("UserAction", getTestCaseData): null

2018-11-24 11:55:47 - [TEST_STEP][PASSED] - Statement - If (!(empty)): null

2018-11-24 11:55:47 - [TEST_STEP][PASSED] - Statement - scenarioData = TestCase.getValue("Modules", getTestCaseData): null

2018-11-24 11:55:47 - [TEST_STEP][PASSED] - Statement - useractionData = TestCase.getValue("UserAction", getTestCaseData): null

2018-11-24 11:55:47 - [TEST_STEP][PASSED] - Statement - If (!(empty)): null

2018-11-24 11:55:47 - [TEST_STEP][PASSED] - Statement - scenarioData = TestCase.getValue("Modules", getTestCaseData): null

2018-11-24 11:55:47 - [TEST_STEP][PASSED] - Statement - useractionData = TestCase.getValue("UserAction", getTestCaseData): null

2018-11-24 11:55:47 - [TEST_STEP][PASSED] - Statement - If (!(empty)): null

2018-11-24 11:55:47 - [TEST_STEP][PASSED] - Statement - scenarioData = TestCase.getValue("Modules", getTestCaseData): null

2018-11-24 11:55:47 - [TEST_STEP][PASSED] - Statement - useractionData = TestCase.getValue("UserAction", getTestCaseData): null

2018-11-24 11:55:47 - [TEST_STEP][PASSED] - Statement - If (!(empty)): null

2018-11-24 11:55:47 - [TEST_STEP][PASSED] - Statement - scenarioData = TestCase.getValue("Modules", getTestCaseData): null

2018-11-24 11:55:47 - [TEST_STEP][PASSED] - Statement - useractionData = TestCase.getValue("UserAction", getTestCaseData): null

2018-11-24 11:55:47 - [TEST_STEP][PASSED] - Statement - If (!(empty)): null

2018-11-24 11:55:47 - [TEST_STEP][PASSED] - Statement - scenarioData = TestCase.getValue("Modules", getTestCaseData): null

2018-11-24 11:55:47 - [TEST_STEP][PASSED] - Statement - useractionData = TestCase.getValue("UserAction", getTestCaseData): null

2018-11-24 11:55:47 - [TEST_STEP][PASSED] - Statement - If (!(empty)): null

2018-11-24 11:55:47 - [TEST_STEP][PASSED] - Statement - scenarioData = TestCase.getValue("Modules", getTestCaseData): null

2018-11-24 11:55:47 - [TEST_STEP][PASSED] - Statement - useractionData = TestCase.getValue("UserAction", getTestCaseData): null

2018-11-24 11:55:47 - [TEST_STEP][PASSED] - Statement - If (!(empty)): null

2018-11-24 11:55:47 - [TEST_STEP][PASSED] - Statement - scenarioData = TestCase.getValue("Modules", getTestCaseData): null

2018-11-24 11:55:47 - [TEST_STEP][PASSED] - Statement - useractionData = TestCase.getValue("UserAction", getTestCaseData): null

2018-11-24 11:55:47 - [TEST_STEP][PASSED] - Statement - If (!(empty)): null

2018-11-24 11:55:47 - [TEST_STEP][PASSED] - Statement - scenarioData = TestCase.getValue("Modules", getTestCaseData): null

2018-11-24 11:55:47 - [TEST_STEP][PASSED] - Statement - useractionData = TestCase.getValue("UserAction", getTestCaseData): null

2018-11-24 11:55:47 - [TEST_STEP][PASSED] - Statement - If (!(empty)): null

2018-11-24 11:55:47 - [TEST_STEP][PASSED] - Statement - scenarioData = TestCase.getValue("Modules", getTestCaseData): null

2018-11-24 11:55:47 - [TEST_STEP][PASSED] - Statement - useractionData = TestCase.getValue("UserAction", getTestCaseData): null

2018-11-24 11:55:47 - [TEST_STEP][PASSED] - Statement - If (!(empty)): null

2018-11-24 11:55:47 - [TEST_STEP][PASSED] - Statement - scenarioData = TestCase.getValue("Modules", getTestCaseData): null

2018-11-24 11:55:47 - [TEST_STEP][PASSED] - Statement - useractionData = TestCase.getValue("UserAction", getTestCaseData): null

2018-11-24 11:55:47 - [TEST_STEP][PASSED] - Statement - If (!(empty)): null

2018-11-24 11:55:47 - [TEST_STEP][PASSED] - Statement - scenarioData = TestCase.getValue("Modules", getTestCaseData): null

2018-11-24 11:55:47 - [TEST_STEP][PASSED] - Statement - useractionData = TestCase.getValue("UserAction", getTestCaseData): null

2018-11-24 11:55:47 - [TEST_STEP][PASSED] - Statement - If (!(empty)): null

2018-11-24 11:55:47 - [TEST_STEP][PASSED] - Statement - scenarioData = TestCase.getValue("Modules", getTestCaseData): null

2018-11-24 11:55:47 - [TEST_STEP][PASSED] - Statement - useractionData = TestCase.getValue("UserAction", getTestCaseData): null

2018-11-24 11:55:47 - [TEST_STEP][PASSED] - Statement - If (!(empty)): null

2018-11-24 11:55:47 - [TEST_STEP][PASSED] - Statement - scenarioData = TestCase.getValue("Modules", getTestCaseData): null

2018-11-24 11:55:47 - [TEST_STEP][PASSED] - Statement - useractionData = TestCase.getValue("UserAction", getTestCaseData): null

2018-11-24 11:55:47 - [TEST_STEP][PASSED] - Statement - If (!(empty)): null

2018-11-24 11:55:47 - [TEST_STEP][PASSED] - Statement - scenarioData = TestCase.getValue("Modules", getTestCaseData): null

2018-11-24 11:55:47 - [TEST_STEP][PASSED] - Statement - useractionData = TestCase.getValue("UserAction", getTestCaseData): null

2018-11-24 11:55:47 - [TEST_STEP][PASSED] - Statement - If (!(empty)): null

2018-11-24 11:55:47 - [TEST_STEP][PASSED] - Statement - scenarioData = TestCase.getValue("Modules", getTestCaseData): null

2018-11-24 11:55:47 - [TEST_STEP][PASSED] - Statement - useractionData = TestCase.getValue("UserAction", getTestCaseData): null

2018-11-24 11:55:47 - [TEST_STEP][PASSED] - Statement - If (!(empty)): null

2018-11-24 11:55:47 - [TEST_STEP][PASSED] - Statement - hmap.put(getTestCaseData, scenarioData): null

2018-11-24 11:55:47 - [TEST_STEP][PASSED] - Statement - hmapuserAction.put(getTestCaseData, useractionData): null

2018-11-24 11:55:47 - [TEST_STEP][PASSED] - Statement - scenarioData = TestCase.getValue("Modules", getTestCaseData): null

2018-11-24 11:55:47 - [TEST_STEP][PASSED] - Statement - useractionData = TestCase.getValue("UserAction", getTestCaseData): null

2018-11-24 11:55:47 - [TEST_STEP][PASSED] - Statement - If (!(empty)): null

2018-11-24 11:55:47 - [TEST_STEP][PASSED] - Statement - scenarioData = TestCase.getValue("Modules", getTestCaseData): null

2018-11-24 11:55:47 - [TEST_STEP][PASSED] - Statement - useractionData = TestCase.getValue("UserAction", getTestCaseData): null

2018-11-24 11:55:47 - [TEST_STEP][PASSED] - Statement - If (!(empty)): null

2018-11-24 11:55:47 - [TEST_STEP][PASSED] - Statement - scenarioData = TestCase.getValue("Modules", getTestCaseData): null

2018-11-24 11:55:47 - [TEST_STEP][PASSED] - Statement - useractionData = TestCase.getValue("UserAction", getTestCaseData): null

2018-11-24 11:55:47 - [TEST_STEP][PASSED] - Statement - If (!(empty)): null

2018-11-24 11:55:47 - [TEST_STEP][PASSED] - Statement - scenarioData = TestCase.getValue("Modules", getTestCaseData): null

2018-11-24 11:55:47 - [TEST_STEP][PASSED] - Statement - useractionData = TestCase.getValue("UserAction", getTestCaseData): null

2018-11-24 11:55:47 - [TEST_STEP][PASSED] - Statement - If (!(empty)): null

2018-11-24 11:55:47 - [TEST_STEP][PASSED] - Statement - scenarioData = TestCase.getValue("Modules", getTestCaseData): null

2018-11-24 11:55:47 - [TEST_STEP][PASSED] - Statement - useractionData = TestCase.getValue("UserAction", getTestCaseData): null

2018-11-24 11:55:47 - [TEST_STEP][PASSED] - Statement - If (!(empty)): null

2018-11-24 11:55:47 - [TEST_STEP][PASSED] - Statement - scenarioData = TestCase.getValue("Modules", getTestCaseData): null

2018-11-24 11:55:47 - [TEST_STEP][PASSED] - Statement - useractionData = TestCase.getValue("UserAction", getTestCaseData): null

2018-11-24 11:55:47 - [TEST_STEP][PASSED] - Statement - If (!(empty)): null

2018-11-24 11:55:47 - [TEST_STEP][PASSED] - Statement - scenarioData = TestCase.getValue("Modules", getTestCaseData): null

2018-11-24 11:55:47 - [TEST_STEP][PASSED] - Statement - useractionData = TestCase.getValue("UserAction", getTestCaseData): null

2018-11-24 11:55:47 - [TEST_STEP][PASSED] - Statement - If (!(empty)): null

2018-11-24 11:55:47 - [TEST_STEP][PASSED] - Statement - scenarioData = TestCase.getValue("Modules", getTestCaseData): null

2018-11-24 11:55:47 - [TEST_STEP][PASSED] - Statement - useractionData = TestCase.getValue("UserAction", getTestCaseData): null

2018-11-24 11:55:47 - [TEST_STEP][PASSED] - Statement - If (!(empty)): null

2018-11-24 11:55:47 - [TEST_STEP][PASSED] - Statement - scenarioData = TestCase.getValue("Modules", getTestCaseData): null

2018-11-24 11:55:47 - [TEST_STEP][PASSED] - Statement - useractionData = TestCase.getValue("UserAction", getTestCaseData): null

2018-11-24 11:55:47 - [TEST_STEP][PASSED] - Statement - If (!(empty)): null

2018-11-24 11:55:47 - [TEST_STEP][PASSED] - Statement - scenarioData = TestCase.getValue("Modules", getTestCaseData): null

2018-11-24 11:55:47 - [TEST_STEP][PASSED] - Statement - useractionData = TestCase.getValue("UserAction", getTestCaseData): null

2018-11-24 11:55:47 - [TEST_STEP][PASSED] - Statement - If (!(empty)): null

2018-11-24 11:55:47 - [TEST_STEP][PASSED] - Statement - scenarioData = TestCase.getValue("Modules", getTestCaseData): null

2018-11-24 11:55:47 - [TEST_STEP][PASSED] - Statement - useractionData = TestCase.getValue("UserAction", getTestCaseData): null

2018-11-24 11:55:47 - [TEST_STEP][PASSED] - Statement - If (!(empty)): null

2018-11-24 11:55:47 - [TEST_STEP][PASSED] - Statement - scenarioData = TestCase.getValue("Modules", getTestCaseData): null

2018-11-24 11:55:47 - [TEST_STEP][PASSED] - Statement - useractionData = TestCase.getValue("UserAction", getTestCaseData): null

2018-11-24 11:55:47 - [TEST_STEP][PASSED] - Statement - If (!(empty)): null

2018-11-24 11:55:47 - [TEST_STEP][PASSED] - Statement - scenarioData = TestCase.getValue("Modules", getTestCaseData): null

2018-11-24 11:55:47 - [TEST_STEP][PASSED] - Statement - useractionData = TestCase.getValue("UserAction", getTestCaseData): null

2018-11-24 11:55:47 - [TEST_STEP][PASSED] - Statement - If (!(empty)): null

2018-11-24 11:55:47 - [TEST_STEP][PASSED] - Statement - scenarioData = TestCase.getValue("Modules", getTestCaseData): null

2018-11-24 11:55:47 - [TEST_STEP][PASSED] - Statement - useractionData = TestCase.getValue("UserAction", getTestCaseData): null

2018-11-24 11:55:47 - [TEST_STEP][PASSED] - Statement - If (!(empty)): null

2018-11-24 11:55:47 - [TEST_STEP][PASSED] - Statement - scenarioData = TestCase.getValue("Modules", getTestCaseData): null

2018-11-24 11:55:47 - [TEST_STEP][PASSED] - Statement - useractionData = TestCase.getValue("UserAction", getTestCaseData): null

2018-11-24 11:55:47 - [TEST_STEP][PASSED] - Statement - If (!(empty)): null

2018-11-24 11:55:47 - [TEST_STEP][PASSED] - Statement - scenarioData = TestCase.getValue("Modules", getTestCaseData): null

2018-11-24 11:55:47 - [TEST_STEP][PASSED] - Statement - useractionData = TestCase.getValue("UserAction", getTestCaseData): null

2018-11-24 11:55:47 - [TEST_STEP][PASSED] - Statement - If (!(empty)): null

2018-11-24 11:55:47 - [TEST_STEP][PASSED] - Statement - scenarioData = TestCase.getValue("Modules", getTestCaseData): null

2018-11-24 11:55:47 - [TEST_STEP][PASSED] - Statement - useractionData = TestCase.getValue("UserAction", getTestCaseData): null

2018-11-24 11:55:47 - [TEST_STEP][PASSED] - Statement - If (!(empty)): null

2018-11-24 11:55:47 - [TEST_STEP][PASSED] - Statement - scenarioData = TestCase.getValue("Modules", getTestCaseData): null

2018-11-24 11:55:47 - [TEST_STEP][PASSED] - Statement - useractionData = TestCase.getValue("UserAction", getTestCaseData): null

2018-11-24 11:55:47 - [TEST_STEP][PASSED] - Statement - If (!(empty)): null

2018-11-24 11:55:47 - [TEST_STEP][PASSED] - Statement - scenarioData = TestCase.getValue("Modules", getTestCaseData): null

2018-11-24 11:55:47 - [TEST_STEP][PASSED] - Statement - useractionData = TestCase.getValue("UserAction", getTestCaseData): null

2018-11-24 11:55:47 - [TEST_STEP][PASSED] - Statement - If (!(empty)): null

2018-11-24 11:55:47 - [TEST_STEP][PASSED] - Statement - scenarioData = TestCase.getValue("Modules", getTestCaseData): null

2018-11-24 11:55:47 - [TEST_STEP][PASSED] - Statement - useractionData = TestCase.getValue("UserAction", getTestCaseData): null

2018-11-24 11:55:47 - [TEST_STEP][PASSED] - Statement - If (!(empty)): null

2018-11-24 11:55:47 - [TEST_STEP][PASSED] - Statement - scenarioData = TestCase.getValue("Modules", getTestCaseData): null

2018-11-24 11:55:47 - [TEST_STEP][PASSED] - Statement - useractionData = TestCase.getValue("UserAction", getTestCaseData): null

2018-11-24 11:55:47 - [TEST_STEP][PASSED] - Statement - If (!(empty)): null

2018-11-24 11:55:47 - [TEST_STEP][PASSED] - Statement - hmap.put(getTestCaseData, scenarioData): null

2018-11-24 11:55:47 - [TEST_STEP][PASSED] - Statement - hmapuserAction.put(getTestCaseData, useractionData): null

2018-11-24 11:55:47 - [TEST_STEP][PASSED] - Statement - scenarioData = TestCase.getValue("Modules", getTestCaseData): null

2018-11-24 11:55:47 - [TEST_STEP][PASSED] - Statement - useractionData = TestCase.getValue("UserAction", getTestCaseData): null

2018-11-24 11:55:47 - [TEST_STEP][PASSED] - Statement - If (!(empty)): null

2018-11-24 11:55:47 - [TEST_STEP][PASSED] - Statement - scenarioData = TestCase.getValue("Modules", getTestCaseData): null

2018-11-24 11:55:47 - [TEST_STEP][PASSED] - Statement - useractionData = TestCase.getValue("UserAction", getTestCaseData): null

2018-11-24 11:55:47 - [TEST_STEP][PASSED] - Statement - If (!(empty)): null

2018-11-24 11:55:47 - [TEST_STEP][PASSED] - Statement - scenarioData = TestCase.getValue("Modules", getTestCaseData): null

2018-11-24 11:55:47 - [TEST_STEP][PASSED] - Statement - useractionData = TestCase.getValue("UserAction", getTestCaseData): null

2018-11-24 11:55:47 - [TEST_STEP][PASSED] - Statement - If (!(empty)): null

2018-11-24 11:55:47 - [TEST_STEP][PASSED] - Statement - scenarioData = TestCase.getValue("Modules", getTestCaseData): null

2018-11-24 11:55:47 - [TEST_STEP][PASSED] - Statement - useractionData = TestCase.getValue("UserAction", getTestCaseData): null

2018-11-24 11:55:47 - [TEST_STEP][PASSED] - Statement - If (!(empty)): null

2018-11-24 11:55:47 - [TEST_STEP][PASSED] - Statement - scenarioData = TestCase.getValue("Modules", getTestCaseData): null

2018-11-24 11:55:47 - [TEST_STEP][PASSED] - Statement - useractionData = TestCase.getValue("UserAction", getTestCaseData): null

2018-11-24 11:55:47 - [TEST_STEP][PASSED] - Statement - If (!(empty)): null

2018-11-24 11:55:47 - [TEST_STEP][PASSED] - Statement - scenarioData = TestCase.getValue("Modules", getTestCaseData): null

2018-11-24 11:55:47 - [TEST_STEP][PASSED] - Statement - useractionData = TestCase.getValue("UserAction", getTestCaseData): null

2018-11-24 11:55:47 - [TEST_STEP][PASSED] - Statement - If (!(empty)): null

2018-11-24 11:55:47 - [TEST_STEP][PASSED] - Statement - scenarioData = TestCase.getValue("Modules", getTestCaseData): null

2018-11-24 11:55:47 - [TEST_STEP][PASSED] - Statement - useractionData = TestCase.getValue("UserAction", getTestCaseData): null

2018-11-24 11:55:47 - [TEST_STEP][PASSED] - Statement - If (!(empty)): null

2018-11-24 11:55:47 - [TEST_STEP][PASSED] - Statement - scenarioData = TestCase.getValue("Modules", getTestCaseData): null

2018-11-24 11:55:47 - [TEST_STEP][PASSED] - Statement - useractionData = TestCase.getValue("UserAction", getTestCaseData): null

2018-11-24 11:55:47 - [TEST_STEP][PASSED] - Statement - If (!(empty)): null

2018-11-24 11:55:47 - [TEST_STEP][PASSED] - Statement - scenarioData = TestCase.getValue("Modules", getTestCaseData): null

2018-11-24 11:55:47 - [TEST_STEP][PASSED] - Statement - useractionData = TestCase.getValue("UserAction", getTestCaseData): null

2018-11-24 11:55:47 - [TEST_STEP][PASSED] - Statement - If (!(empty)): null

2018-11-24 11:55:47 - [TEST_STEP][PASSED] - Statement - scenarioData = TestCase.getValue("Modules", getTestCaseData): null

2018-11-24 11:55:47 - [TEST_STEP][PASSED] - Statement - useractionData = TestCase.getValue("UserAction", getTestCaseData): null

2018-11-24 11:55:47 - [TEST_STEP][PASSED] - Statement - If (!(empty)): null

2018-11-24 11:55:47 - [TEST_STEP][PASSED] - Statement - scenarioData = TestCase.getValue("Modules", getTestCaseData): null

2018-11-24 11:55:47 - [TEST_STEP][PASSED] - Statement - useractionData = TestCase.getValue("UserAction", getTestCaseData): null

2018-11-24 11:55:47 - [TEST_STEP][PASSED] - Statement - If (!(empty)): null

2018-11-24 11:55:47 - [TEST_STEP][PASSED] - Statement - scenarioData = TestCase.getValue("Modules", getTestCaseData): null

2018-11-24 11:55:47 - [TEST_STEP][PASSED] - Statement - useractionData = TestCase.getValue("UserAction", getTestCaseData): null

2018-11-24 11:55:47 - [TEST_STEP][PASSED] - Statement - If (!(empty)): null

2018-11-24 11:55:47 - [TEST_STEP][PASSED] - Statement - scenarioData = TestCase.getValue("Modules", getTestCaseData): null

2018-11-24 11:55:47 - [TEST_STEP][PASSED] - Statement - useractionData = TestCase.getValue("UserAction", getTestCaseData): null

2018-11-24 11:55:47 - [TEST_STEP][PASSED] - Statement - If (!(empty)): null

2018-11-24 11:55:47 - [TEST_STEP][PASSED] - Statement - scenarioData = TestCase.getValue("Modules", getTestCaseData): null

2018-11-24 11:55:47 - [TEST_STEP][PASSED] - Statement - useractionData = TestCase.getValue("UserAction", getTestCaseData): null

2018-11-24 11:55:47 - [TEST_STEP][PASSED] - Statement - If (!(empty)): null

2018-11-24 11:55:47 - [TEST_STEP][PASSED] - Statement - scenarioData = TestCase.getValue("Modules", getTestCaseData): null

2018-11-24 11:55:47 - [TEST_STEP][PASSED] - Statement - useractionData = TestCase.getValue("UserAction", getTestCaseData): null

2018-11-24 11:55:47 - [TEST_STEP][PASSED] - Statement - If (!(empty)): null

2018-11-24 11:55:47 - [TEST_STEP][PASSED] - Statement - scenarioData = TestCase.getValue("Modules", getTestCaseData): null

2018-11-24 11:55:47 - [TEST_STEP][PASSED] - Statement - useractionData = TestCase.getValue("UserAction", getTestCaseData): null

2018-11-24 11:55:47 - [TEST_STEP][PASSED] - Statement - If (!(empty)): null

2018-11-24 11:55:47 - [TEST_STEP][PASSED] - Statement - scenarioData = TestCase.getValue("Modules", getTestCaseData): null

2018-11-24 11:55:47 - [TEST_STEP][PASSED] - Statement - useractionData = TestCase.getValue("UserAction", getTestCaseData): null

2018-11-24 11:55:47 - [TEST_STEP][PASSED] - Statement - If (!(empty)): null

2018-11-24 11:55:47 - [TEST_STEP][PASSED] - Statement - scenarioData = TestCase.getValue("Modules", getTestCaseData): null

2018-11-24 11:55:47 - [TEST_STEP][PASSED] - Statement - useractionData = TestCase.getValue("UserAction", getTestCaseData): null

2018-11-24 11:55:47 - [TEST_STEP][PASSED] - Statement - If (!(empty)): null

2018-11-24 11:55:47 - [TEST_STEP][PASSED] - Statement - scenarioData = TestCase.getValue("Modules", getTestCaseData): null

2018-11-24 11:55:47 - [TEST_STEP][PASSED] - Statement - useractionData = TestCase.getValue("UserAction", getTestCaseData): null

2018-11-24 11:55:47 - [TEST_STEP][PASSED] - Statement - If (!(empty)): null

2018-11-24 11:55:47 - [TEST_STEP][PASSED] - Statement - scenarioData = TestCase.getValue("Modules", getTestCaseData): null

2018-11-24 11:55:47 - [TEST_STEP][PASSED] - Statement - useractionData = TestCase.getValue("UserAction", getTestCaseData): null

2018-11-24 11:55:47 - [TEST_STEP][PASSED] - Statement - If (!(empty)): null

2018-11-24 11:55:47 - [TEST_STEP][PASSED] - Statement - scenarioData = TestCase.getValue("Modules", getTestCaseData): null

2018-11-24 11:55:47 - [TEST_STEP][PASSED] - Statement - useractionData = TestCase.getValue("UserAction", getTestCaseData): null

2018-11-24 11:55:47 - [TEST_STEP][PASSED] - Statement - If (!(empty)): null

2018-11-24 11:55:47 - [TEST_STEP][PASSED] - Statement - scenarioData = TestCase.getValue("Modules", getTestCaseData): null

2018-11-24 11:55:47 - [TEST_STEP][PASSED] - Statement - useractionData = TestCase.getValue("UserAction", getTestCaseData): null

2018-11-24 11:55:47 - [TEST_STEP][PASSED] - Statement - If (!(empty)): null

2018-11-24 11:55:47 - [TEST_STEP][PASSED] - Statement - scenarioData = TestCase.getValue("Modules", getTestCaseData): null

2018-11-24 11:55:47 - [TEST_STEP][PASSED] - Statement - useractionData = TestCase.getValue("UserAction", getTestCaseData): null

2018-11-24 11:55:47 - [TEST_STEP][PASSED] - Statement - If (!(empty)): null

2018-11-24 11:55:47 - [TEST_STEP][PASSED] - Statement - scenarioData = TestCase.getValue("Modules", getTestCaseData): null

2018-11-24 11:55:47 - [TEST_STEP][PASSED] - Statement - useractionData = TestCase.getValue("UserAction", getTestCaseData): null

2018-11-24 11:55:47 - [TEST_STEP][PASSED] - Statement - If (!(empty)): null

2018-11-24 11:55:47 - [TEST_STEP][PASSED] - Statement - hmap.put(getTestCaseData, scenarioData): null

2018-11-24 11:55:47 - [TEST_STEP][PASSED] - Statement - hmapuserAction.put(getTestCaseData, useractionData): null

2018-11-24 11:55:47 - [TEST_STEP][PASSED] - Statement - scenarioData = TestCase.getValue("Modules", getTestCaseData): null

2018-11-24 11:55:47 - [TEST_STEP][PASSED] - Statement - useractionData = TestCase.getValue("UserAction", getTestCaseData): null

2018-11-24 11:55:47 - [TEST_STEP][PASSED] - Statement - If (!(empty)): null

2018-11-24 11:55:47 - [TEST_STEP][PASSED] - Statement - scenarioData = TestCase.getValue("Modules", getTestCaseData): null

2018-11-24 11:55:47 - [TEST_STEP][PASSED] - Statement - useractionData = TestCase.getValue("UserAction", getTestCaseData): null

2018-11-24 11:55:47 - [TEST_STEP][PASSED] - Statement - If (!(empty)): null

2018-11-24 11:55:47 - [TEST_STEP][PASSED] - Statement - scenarioData = TestCase.getValue("Modules", getTestCaseData): null

2018-11-24 11:55:47 - [TEST_STEP][PASSED] - Statement - useractionData = TestCase.getValue("UserAction", getTestCaseData): null

2018-11-24 11:55:47 - [TEST_STEP][PASSED] - Statement - If (!(empty)): null

2018-11-24 11:55:47 - [TEST_STEP][PASSED] - Statement - scenarioData = TestCase.getValue("Modules", getTestCaseData): null

2018-11-24 11:55:47 - [TEST_STEP][PASSED] - Statement - useractionData = TestCase.getValue("UserAction", getTestCaseData): null

2018-11-24 11:55:47 - [TEST_STEP][PASSED] - Statement - If (!(empty)): null

2018-11-24 11:55:47 - [TEST_STEP][PASSED] - Statement - scenarioData = TestCase.getValue("Modules", getTestCaseData): null

2018-11-24 11:55:47 - [TEST_STEP][PASSED] - Statement - useractionData = TestCase.getValue("UserAction", getTestCaseData): null

2018-11-24 11:55:47 - [TEST_STEP][PASSED] - Statement - If (!(empty)): null

2018-11-24 11:55:47 - [TEST_STEP][PASSED] - Statement - scenarioData = TestCase.getValue("Modules", getTestCaseData): null

2018-11-24 11:55:47 - [TEST_STEP][PASSED] - Statement - useractionData = TestCase.getValue("UserAction", getTestCaseData): null

2018-11-24 11:55:47 - [TEST_STEP][PASSED] - Statement - If (!(empty)): null

2018-11-24 11:55:47 - [TEST_STEP][PASSED] - Statement - scenarioData = TestCase.getValue("Modules", getTestCaseData): null

2018-11-24 11:55:47 - [TEST_STEP][PASSED] - Statement - useractionData = TestCase.getValue("UserAction", getTestCaseData): null

2018-11-24 11:55:47 - [TEST_STEP][PASSED] - Statement - If (!(empty)): null

2018-11-24 11:55:47 - [TEST_STEP][PASSED] - Statement - scenarioData = TestCase.getValue("Modules", getTestCaseData): null

2018-11-24 11:55:47 - [TEST_STEP][PASSED] - Statement - useractionData = TestCase.getValue("UserAction", getTestCaseData): null

2018-11-24 11:55:47 - [TEST_STEP][PASSED] - Statement - If (!(empty)): null

2018-11-24 11:55:47 - [TEST_STEP][PASSED] - Statement - scenarioData = TestCase.getValue("Modules", getTestCaseData): null

2018-11-24 11:55:47 - [TEST_STEP][PASSED] - Statement - useractionData = TestCase.getValue("UserAction", getTestCaseData): null

2018-11-24 11:55:47 - [TEST_STEP][PASSED] - Statement - If (!(empty)): null

2018-11-24 11:55:47 - [TEST_STEP][PASSED] - Statement - scenarioData = TestCase.getValue("Modules", getTestCaseData): null

2018-11-24 11:55:47 - [TEST_STEP][PASSED] - Statement - useractionData = TestCase.getValue("UserAction", getTestCaseData): null

2018-11-24 11:55:47 - [TEST_STEP][PASSED] - Statement - If (!(empty)): null

2018-11-24 11:55:47 - [TEST_STEP][PASSED] - Statement - scenarioData = TestCase.getValue("Modules", getTestCaseData): null

2018-11-24 11:55:47 - [TEST_STEP][PASSED] - Statement - useractionData = TestCase.getValue("UserAction", getTestCaseData): null

2018-11-24 11:55:47 - [TEST_STEP][PASSED] - Statement - If (!(empty)): null

2018-11-24 11:55:47 - [TEST_STEP][PASSED] - Statement - scenarioData = TestCase.getValue("Modules", getTestCaseData): null

2018-11-24 11:55:47 - [TEST_STEP][PASSED] - Statement - useractionData = TestCase.getValue("UserAction", getTestCaseData): null

2018-11-24 11:55:47 - [TEST_STEP][PASSED] - Statement - If (!(empty)): null

2018-11-24 11:55:47 - [TEST_STEP][PASSED] - Statement - scenarioData = TestCase.getValue("Modules", getTestCaseData): null

2018-11-24 11:55:47 - [TEST_STEP][PASSED] - Statement - useractionData = TestCase.getValue("UserAction", getTestCaseData): null

2018-11-24 11:55:47 - [TEST_STEP][PASSED] - Statement - If (!(empty)): null

2018-11-24 11:55:47 - [TEST_STEP][PASSED] - Statement - scenarioData = TestCase.getValue("Modules", getTestCaseData): null

2018-11-24 11:55:47 - [TEST_STEP][PASSED] - Statement - useractionData = TestCase.getValue("UserAction", getTestCaseData): null

2018-11-24 11:55:47 - [TEST_STEP][PASSED] - Statement - If (!(empty)): null

2018-11-24 11:55:47 - [TEST_STEP][PASSED] - Statement - scenarioData = TestCase.getValue("Modules", getTestCaseData): null

2018-11-24 11:55:47 - [TEST_STEP][PASSED] - Statement - useractionData = TestCase.getValue("UserAction", getTestCaseData): null

2018-11-24 11:55:47 - [TEST_STEP][PASSED] - Statement - If (!(empty)): null

2018-11-24 11:55:47 - [TEST_STEP][PASSED] - Statement - scenarioData = TestCase.getValue("Modules", getTestCaseData): null

2018-11-24 11:55:47 - [TEST_STEP][PASSED] - Statement - useractionData = TestCase.getValue("UserAction", getTestCaseData): null

2018-11-24 11:55:47 - [TEST_STEP][PASSED] - Statement - If (!(empty)): null

2018-11-24 11:55:47 - [TEST_STEP][PASSED] - Statement - scenarioData = TestCase.getValue("Modules", getTestCaseData): null

2018-11-24 11:55:47 - [TEST_STEP][PASSED] - Statement - useractionData = TestCase.getValue("UserAction", getTestCaseData): null

2018-11-24 11:55:47 - [TEST_STEP][PASSED] - Statement - If (!(empty)): null

2018-11-24 11:55:47 - [TEST_STEP][PASSED] - Statement - scenarioData = TestCase.getValue("Modules", getTestCaseData): null

2018-11-24 11:55:47 - [TEST_STEP][PASSED] - Statement - useractionData = TestCase.getValue("UserAction", getTestCaseData): null

2018-11-24 11:55:47 - [TEST_STEP][PASSED] - Statement - If (!(empty)): null

2018-11-24 11:55:47 - [TEST_STEP][PASSED] - Statement - scenarioData = TestCase.getValue("Modules", getTestCaseData): null

2018-11-24 11:55:47 - [TEST_STEP][PASSED] - Statement - useractionData = TestCase.getValue("UserAction", getTestCaseData): null

2018-11-24 11:55:47 - [TEST_STEP][PASSED] - Statement - If (!(empty)): null

2018-11-24 11:55:47 - [TEST_STEP][PASSED] - Statement - scenarioData = TestCase.getValue("Modules", getTestCaseData): null

2018-11-24 11:55:47 - [TEST_STEP][PASSED] - Statement - useractionData = TestCase.getValue("UserAction", getTestCaseData): null

2018-11-24 11:55:47 - [TEST_STEP][PASSED] - Statement - If (!(empty)): null

2018-11-24 11:55:47 - [TEST_STEP][PASSED] - Statement - scenarioData = TestCase.getValue("Modules", getTestCaseData): null

2018-11-24 11:55:47 - [TEST_STEP][PASSED] - Statement - useractionData = TestCase.getValue("UserAction", getTestCaseData): null

2018-11-24 11:55:47 - [TEST_STEP][PASSED] - Statement - If (!(empty)): null

2018-11-24 11:55:47 - [TEST_STEP][PASSED] - Statement - scenarioData = TestCase.getValue("Modules", getTestCaseData): null

2018-11-24 11:55:47 - [TEST_STEP][PASSED] - Statement - useractionData = TestCase.getValue("UserAction", getTestCaseData): null

2018-11-24 11:55:47 - [TEST_STEP][PASSED] - Statement - If (!(empty)): null

2018-11-24 11:55:47 - [TEST_STEP][PASSED] - Statement - scenarioData = TestCase.getValue("Modules", getTestCaseData): null

2018-11-24 11:55:47 - [TEST_STEP][PASSED] - Statement - useractionData = TestCase.getValue("UserAction", getTestCaseData): null

2018-11-24 11:55:47 - [TEST_STEP][PASSED] - Statement - If (!(empty)): null

2018-11-24 11:55:47 - [TEST_STEP][PASSED] - Statement - scenarioData = TestCase.getValue("Modules", getTestCaseData): null

2018-11-24 11:55:47 - [TEST_STEP][PASSED] - Statement - useractionData = TestCase.getValue("UserAction", getTestCaseData): null

2018-11-24 11:55:47 - [TEST_STEP][PASSED] - Statement - If (!(empty)): null

2018-11-24 11:55:47 - [TEST_STEP][PASSED] - Statement - scenarioData = TestCase.getValue("Modules", getTestCaseData): null

2018-11-24 11:55:47 - [TEST_STEP][PASSED] - Statement - useractionData = TestCase.getValue("UserAction", getTestCaseData): null

2018-11-24 11:55:47 - [TEST_STEP][PASSED] - Statement - If (!(empty)): null

2018-11-24 11:55:47 - [TEST_STEP][PASSED] - Statement - scenarioData = TestCase.getValue("Modules", getTestCaseData): null

2018-11-24 11:55:47 - [TEST_STEP][PASSED] - Statement - useractionData = TestCase.getValue("UserAction", getTestCaseData): null

2018-11-24 11:55:47 - [TEST_STEP][PASSED] - Statement - If (!(empty)): null

2018-11-24 11:55:47 - [TEST_STEP][PASSED] - Statement - scenarioData = TestCase.getValue("Modules", getTestCaseData): null

2018-11-24 11:55:47 - [TEST_STEP][PASSED] - Statement - useractionData = TestCase.getValue("UserAction", getTestCaseData): null

2018-11-24 11:55:47 - [TEST_STEP][PASSED] - Statement - If (!(empty)): null

2018-11-24 11:55:47 - [TEST_STEP][PASSED] - Statement - scenarioData = TestCase.getValue("Modules", getTestCaseData): null

2018-11-24 11:55:47 - [TEST_STEP][PASSED] - Statement - useractionData = TestCase.getValue("UserAction", getTestCaseData): null

2018-11-24 11:55:47 - [TEST_STEP][PASSED] - Statement - If (!(empty)): null

2018-11-24 11:55:47 - [TEST_STEP][PASSED] - Statement - hmap.put(getTestCaseData, scenarioData): null

2018-11-24 11:55:47 - [TEST_STEP][PASSED] - Statement - hmapuserAction.put(getTestCaseData, useractionData): null

2018-11-24 11:55:47 - [TEST_STEP][PASSED] - Statement - scenarioData = TestCase.getValue("Modules", getTestCaseData): null

2018-11-24 11:55:47 - [TEST_STEP][PASSED] - Statement - useractionData = TestCase.getValue("UserAction", getTestCaseData): null

2018-11-24 11:55:47 - [TEST_STEP][PASSED] - Statement - If (!(empty)): null

2018-11-24 11:55:47 - [TEST_STEP][PASSED] - Statement - scenarioData = TestCase.getValue("Modules", getTestCaseData): null

2018-11-24 11:55:47 - [TEST_STEP][PASSED] - Statement - useractionData = TestCase.getValue("UserAction", getTestCaseData): null

2018-11-24 11:55:47 - [TEST_STEP][PASSED] - Statement - If (!(empty)): null

2018-11-24 11:55:47 - [TEST_STEP][PASSED] - Statement - scenarioData = TestCase.getValue("Modules", getTestCaseData): null

2018-11-24 11:55:47 - [TEST_STEP][PASSED] - Statement - useractionData = TestCase.getValue("UserAction", getTestCaseData): null

2018-11-24 11:55:47 - [TEST_STEP][PASSED] - Statement - If (!(empty)): null

2018-11-24 11:55:47 - [TEST_STEP][PASSED] - Statement - scenarioData = TestCase.getValue("Modules", getTestCaseData): null

2018-11-24 11:55:47 - [TEST_STEP][PASSED] - Statement - useractionData = TestCase.getValue("UserAction", getTestCaseData): null

2018-11-24 11:55:47 - [TEST_STEP][PASSED] - Statement - If (!(empty)): null

2018-11-24 11:55:47 - [TEST_STEP][PASSED] - Statement - scenarioData = TestCase.getValue("Modules", getTestCaseData): null

2018-11-24 11:55:47 - [TEST_STEP][PASSED] - Statement - useractionData = TestCase.getValue("UserAction", getTestCaseData): null

2018-11-24 11:55:47 - [TEST_STEP][PASSED] - Statement - If (!(empty)): null

2018-11-24 11:55:47 - [TEST_STEP][PASSED] - Statement - scenarioData = TestCase.getValue("Modules", getTestCaseData): null

2018-11-24 11:55:47 - [TEST_STEP][PASSED] - Statement - useractionData = TestCase.getValue("UserAction", getTestCaseData): null

2018-11-24 11:55:47 - [TEST_STEP][PASSED] - Statement - If (!(empty)): null

2018-11-24 11:55:47 - [TEST_STEP][PASSED] - Statement - scenarioData = TestCase.getValue("Modules", getTestCaseData): null

2018-11-24 11:55:47 - [TEST_STEP][PASSED] - Statement - useractionData = TestCase.getValue("UserAction", getTestCaseData): null

2018-11-24 11:55:47 - [TEST_STEP][PASSED] - Statement - If (!(empty)): null

2018-11-24 11:55:47 - [TEST_STEP][PASSED] - Statement - scenarioData = TestCase.getValue("Modules", getTestCaseData): null

2018-11-24 11:55:47 - [TEST_STEP][PASSED] - Statement - useractionData = TestCase.getValue("UserAction", getTestCaseData): null

2018-11-24 11:55:47 - [TEST_STEP][PASSED] - Statement - If (!(empty)): null

2018-11-24 11:55:47 - [TEST_STEP][PASSED] - Statement - scenarioData = TestCase.getValue("Modules", getTestCaseData): null

2018-11-24 11:55:47 - [TEST_STEP][PASSED] - Statement - useractionData = TestCase.getValue("UserAction", getTestCaseData): null

2018-11-24 11:55:47 - [TEST_STEP][PASSED] - Statement - If (!(empty)): null

2018-11-24 11:55:47 - [TEST_STEP][PASSED] - Statement - scenarioData = TestCase.getValue("Modules", getTestCaseData): null

2018-11-24 11:55:47 - [TEST_STEP][PASSED] - Statement - useractionData = TestCase.getValue("UserAction", getTestCaseData): null

2018-11-24 11:55:47 - [TEST_STEP][PASSED] - Statement - If (!(empty)): null

2018-11-24 11:55:47 - [TEST_STEP][PASSED] - Statement - scenarioData = TestCase.getValue("Modules", getTestCaseData): null

2018-11-24 11:55:47 - [TEST_STEP][PASSED] - Statement - useractionData = TestCase.getValue("UserAction", getTestCaseData): null

2018-11-24 11:55:47 - [TEST_STEP][PASSED] - Statement - If (!(empty)): null

2018-11-24 11:55:47 - [TEST_STEP][PASSED] - Statement - scenarioData = TestCase.getValue("Modules", getTestCaseData): null

2018-11-24 11:55:47 - [TEST_STEP][PASSED] - Statement - useractionData = TestCase.getValue("UserAction", getTestCaseData): null

2018-11-24 11:55:47 - [TEST_STEP][PASSED] - Statement - If (!(empty)): null

2018-11-24 11:55:47 - [TEST_STEP][PASSED] - Statement - scenarioData = TestCase.getValue("Modules", getTestCaseData): null

2018-11-24 11:55:47 - [TEST_STEP][PASSED] - Statement - useractionData = TestCase.getValue("UserAction", getTestCaseData): null

2018-11-24 11:55:47 - [TEST_STEP][PASSED] - Statement - If (!(empty)): null

2018-11-24 11:55:47 - [TEST_STEP][PASSED] - Statement - scenarioData = TestCase.getValue("Modules", getTestCaseData): null

2018-11-24 11:55:47 - [TEST_STEP][PASSED] - Statement - useractionData = TestCase.getValue("UserAction", getTestCaseData): null

2018-11-24 11:55:47 - [TEST_STEP][PASSED] - Statement - If (!(empty)): null

2018-11-24 11:55:47 - [TEST_STEP][PASSED] - Statement - scenarioData = TestCase.getValue("Modules", getTestCaseData): null

2018-11-24 11:55:47 - [TEST_STEP][PASSED] - Statement - useractionData = TestCase.getValue("UserAction", getTestCaseData): null

2018-11-24 11:55:47 - [TEST_STEP][PASSED] - Statement - If (!(empty)): null

2018-11-24 11:55:47 - [TEST_STEP][PASSED] - Statement - scenarioData = TestCase.getValue("Modules", getTestCaseData): null

2018-11-24 11:55:47 - [TEST_STEP][PASSED] - Statement - useractionData = TestCase.getValue("UserAction", getTestCaseData): null

2018-11-24 11:55:47 - [TEST_STEP][PASSED] - Statement - If (!(empty)): null

2018-11-24 11:55:47 - [TEST_STEP][PASSED] - Statement - scenarioData = TestCase.getValue("Modules", getTestCaseData): null

2018-11-24 11:55:47 - [TEST_STEP][PASSED] - Statement - useractionData = TestCase.getValue("UserAction", getTestCaseData): null

2018-11-24 11:55:47 - [TEST_STEP][PASSED] - Statement - If (!(empty)): null

2018-11-24 11:55:47 - [TEST_STEP][PASSED] - Statement - scenarioData = TestCase.getValue("Modules", getTestCaseData): null

2018-11-24 11:55:47 - [TEST_STEP][PASSED] - Statement - useractionData = TestCase.getValue("UserAction", getTestCaseData): null

2018-11-24 11:55:47 - [TEST_STEP][PASSED] - Statement - If (!(empty)): null

2018-11-24 11:55:47 - [TEST_STEP][PASSED] - Statement - scenarioData = TestCase.getValue("Modules", getTestCaseData): null

2018-11-24 11:55:47 - [TEST_STEP][PASSED] - Statement - useractionData = TestCase.getValue("UserAction", getTestCaseData): null

2018-11-24 11:55:47 - [TEST_STEP][PASSED] - Statement - If (!(empty)): null

2018-11-24 11:55:47 - [TEST_STEP][PASSED] - Statement - scenarioData = TestCase.getValue("Modules", getTestCaseData): null

2018-11-24 11:55:47 - [TEST_STEP][PASSED] - Statement - useractionData = TestCase.getValue("UserAction", getTestCaseData): null

2018-11-24 11:55:47 - [TEST_STEP][PASSED] - Statement - If (!(empty)): null

2018-11-24 11:55:47 - [TEST_STEP][PASSED] - Statement - scenarioData = TestCase.getValue("Modules", getTestCaseData): null

2018-11-24 11:55:47 - [TEST_STEP][PASSED] - Statement - useractionData = TestCase.getValue("UserAction", getTestCaseData): null

2018-11-24 11:55:47 - [TEST_STEP][PASSED] - Statement - If (!(empty)): null

2018-11-24 11:55:47 - [TEST_STEP][PASSED] - Statement - scenarioData = TestCase.getValue("Modules", getTestCaseData): null

2018-11-24 11:55:47 - [TEST_STEP][PASSED] - Statement - useractionData = TestCase.getValue("UserAction", getTestCaseData): null

2018-11-24 11:55:47 - [TEST_STEP][PASSED] - Statement - If (!(empty)): null

2018-11-24 11:55:47 - [TEST_STEP][PASSED] - Statement - scenarioData = TestCase.getValue("Modules", getTestCaseData): null

2018-11-24 11:55:47 - [TEST_STEP][PASSED] - Statement - useractionData = TestCase.getValue("UserAction", getTestCaseData): null

2018-11-24 11:55:47 - [TEST_STEP][PASSED] - Statement - If (!(empty)): null

2018-11-24 11:55:47 - [TEST_STEP][PASSED] - Statement - scenarioData = TestCase.getValue("Modules", getTestCaseData): null

2018-11-24 11:55:47 - [TEST_STEP][PASSED] - Statement - useractionData = TestCase.getValue("UserAction", getTestCaseData): null

2018-11-24 11:55:47 - [TEST_STEP][PASSED] - Statement - If (!(empty)): null

2018-11-24 11:55:47 - [TEST_STEP][PASSED] - Statement - scenarioData = TestCase.getValue("Modules", getTestCaseData): null

2018-11-24 11:55:47 - [TEST_STEP][PASSED] - Statement - useractionData = TestCase.getValue("UserAction", getTestCaseData): null

2018-11-24 11:55:47 - [TEST_STEP][PASSED] - Statement - If (!(empty)): null

2018-11-24 11:55:47 - [TEST_STEP][PASSED] - Statement - scenarioData = TestCase.getValue("Modules", getTestCaseData): null

2018-11-24 11:55:47 - [TEST_STEP][PASSED] - Statement - useractionData = TestCase.getValue("UserAction", getTestCaseData): null

2018-11-24 11:55:47 - [TEST_STEP][PASSED] - Statement - If (!(empty)): null

2018-11-24 11:55:47 - [TEST_STEP][PASSED] - Statement - hmap.put(getTestCaseData, scenarioData): null

2018-11-24 11:55:47 - [TEST_STEP][PASSED] - Statement - hmapuserAction.put(getTestCaseData, useractionData): null

2018-11-24 11:55:47 - [TEST_STEP][PASSED] - Statement - scenarioData = TestCase.getValue("Modules", getTestCaseData): null

2018-11-24 11:55:47 - [TEST_STEP][PASSED] - Statement - useractionData = TestCase.getValue("UserAction", getTestCaseData): null

2018-11-24 11:55:47 - [TEST_STEP][PASSED] - Statement - If (!(empty)): null

2018-11-24 11:55:47 - [TEST_STEP][PASSED] - Statement - scenarioData = TestCase.getValue("Modules", getTestCaseData): null

2018-11-24 11:55:47 - [TEST_STEP][PASSED] - Statement - useractionData = TestCase.getValue("UserAction", getTestCaseData): null

2018-11-24 11:55:47 - [TEST_STEP][PASSED] - Statement - If (!(empty)): null

2018-11-24 11:55:47 - [TEST_STEP][PASSED] - Statement - scenarioData = TestCase.getValue("Modules", getTestCaseData): null

2018-11-24 11:55:47 - [TEST_STEP][PASSED] - Statement - useractionData = TestCase.getValue("UserAction", getTestCaseData): null

2018-11-24 11:55:47 - [TEST_STEP][PASSED] - Statement - If (!(empty)): null

2018-11-24 11:55:47 - [TEST_STEP][PASSED] - Statement - scenarioData = TestCase.getValue("Modules", getTestCaseData): null

2018-11-24 11:55:47 - [TEST_STEP][PASSED] - Statement - useractionData = TestCase.getValue("UserAction", getTestCaseData): null

2018-11-24 11:55:47 - [TEST_STEP][PASSED] - Statement - If (!(empty)): null

2018-11-24 11:55:47 - [TEST_STEP][PASSED] - Statement - scenarioData = TestCase.getValue("Modules", getTestCaseData): null

2018-11-24 11:55:47 - [TEST_STEP][PASSED] - Statement - useractionData = TestCase.getValue("UserAction", getTestCaseData): null

2018-11-24 11:55:47 - [TEST_STEP][PASSED] - Statement - If (!(empty)): null

2018-11-24 11:55:47 - [TEST_STEP][PASSED] - Statement - scenarioData = TestCase.getValue("Modules", getTestCaseData): null

2018-11-24 11:55:47 - [TEST_STEP][PASSED] - Statement - useractionData = TestCase.getValue("UserAction", getTestCaseData): null

2018-11-24 11:55:47 - [TEST_STEP][PASSED] - Statement - If (!(empty)): null

2018-11-24 11:55:47 - [TEST_STEP][PASSED] - Statement - scenarioData = TestCase.getValue("Modules", getTestCaseData): null

2018-11-24 11:55:47 - [TEST_STEP][PASSED] - Statement - useractionData = TestCase.getValue("UserAction", getTestCaseData): null

2018-11-24 11:55:47 - [TEST_STEP][PASSED] - Statement - If (!(empty)): null

2018-11-24 11:55:47 - [TEST_STEP][PASSED] - Statement - scenarioData = TestCase.getValue("Modules", getTestCaseData): null

2018-11-24 11:55:47 - [TEST_STEP][PASSED] - Statement - useractionData = TestCase.getValue("UserAction", getTestCaseData): null

2018-11-24 11:55:47 - [TEST_STEP][PASSED] - Statement - If (!(empty)): null

2018-11-24 11:55:47 - [TEST_STEP][PASSED] - Statement - scenarioData = TestCase.getValue("Modules", getTestCaseData): null

2018-11-24 11:55:47 - [TEST_STEP][PASSED] - Statement - useractionData = TestCase.getValue("UserAction", getTestCaseData): null

2018-11-24 11:55:47 - [TEST_STEP][PASSED] - Statement - If (!(empty)): null

2018-11-24 11:55:47 - [TEST_STEP][PASSED] - Statement - scenarioData = TestCase.getValue("Modules", getTestCaseData): null

2018-11-24 11:55:47 - [TEST_STEP][PASSED] - Statement - useractionData = TestCase.getValue("UserAction", getTestCaseData): null

2018-11-24 11:55:47 - [TEST_STEP][PASSED] - Statement - If (!(empty)): null

2018-11-24 11:55:47 - [TEST_STEP][PASSED] - Statement - scenarioData = TestCase.getValue("Modules", getTestCaseData): null

2018-11-24 11:55:47 - [TEST_STEP][PASSED] - Statement - useractionData = TestCase.getValue("UserAction", getTestCaseData): null

2018-11-24 11:55:47 - [TEST_STEP][PASSED] - Statement - If (!(empty)): null

2018-11-24 11:55:47 - [TEST_STEP][PASSED] - Statement - scenarioData = TestCase.getValue("Modules", getTestCaseData): null

2018-11-24 11:55:47 - [TEST_STEP][PASSED] - Statement - useractionData = TestCase.getValue("UserAction", getTestCaseData): null

2018-11-24 11:55:47 - [TEST_STEP][PASSED] - Statement - If (!(empty)): null

2018-11-24 11:55:47 - [TEST_STEP][PASSED] - Statement - scenarioData = TestCase.getValue("Modules", getTestCaseData): null

2018-11-24 11:55:47 - [TEST_STEP][PASSED] - Statement - useractionData = TestCase.getValue("UserAction", getTestCaseData): null

2018-11-24 11:55:47 - [TEST_STEP][PASSED] - Statement - If (!(empty)): null

2018-11-24 11:55:47 - [TEST_STEP][PASSED] - Statement - scenarioData = TestCase.getValue("Modules", getTestCaseData): null

2018-11-24 11:55:47 - [TEST_STEP][PASSED] - Statement - useractionData = TestCase.getValue("UserAction", getTestCaseData): null

2018-11-24 11:55:47 - [TEST_STEP][PASSED] - Statement - If (!(empty)): null

2018-11-24 11:55:47 - [TEST_STEP][PASSED] - Statement - scenarioData = TestCase.getValue("Modules", getTestCaseData): null

2018-11-24 11:55:47 - [TEST_STEP][PASSED] - Statement - useractionData = TestCase.getValue("UserAction", getTestCaseData): null

2018-11-24 11:55:47 - [TEST_STEP][PASSED] - Statement - If (!(empty)): null

2018-11-24 11:55:47 - [TEST_STEP][PASSED] - Statement - scenarioData = TestCase.getValue("Modules", getTestCaseData): null

2018-11-24 11:55:47 - [TEST_STEP][PASSED] - Statement - useractionData = TestCase.getValue("UserAction", getTestCaseData): null

2018-11-24 11:55:47 - [TEST_STEP][PASSED] - Statement - If (!(empty)): null

2018-11-24 11:55:47 - [TEST_STEP][PASSED] - Statement - scenarioData = TestCase.getValue("Modules", getTestCaseData): null

2018-11-24 11:55:47 - [TEST_STEP][PASSED] - Statement - useractionData = TestCase.getValue("UserAction", getTestCaseData): null

2018-11-24 11:55:47 - [TEST_STEP][PASSED] - Statement - If (!(empty)): null

2018-11-24 11:55:47 - [TEST_STEP][PASSED] - Statement - scenarioData = TestCase.getValue("Modules", getTestCaseData): null

2018-11-24 11:55:47 - [TEST_STEP][PASSED] - Statement - useractionData = TestCase.getValue("UserAction", getTestCaseData): null

2018-11-24 11:55:47 - [TEST_STEP][PASSED] - Statement - If (!(empty)): null

2018-11-24 11:55:47 - [TEST_STEP][PASSED] - Statement - scenarioData = TestCase.getValue("Modules", getTestCaseData): null

2018-11-24 11:55:47 - [TEST_STEP][PASSED] - Statement - useractionData = TestCase.getValue("UserAction", getTestCaseData): null

2018-11-24 11:55:47 - [TEST_STEP][PASSED] - Statement - If (!(empty)): null

2018-11-24 11:55:47 - [TEST_STEP][PASSED] - Statement - scenarioData = TestCase.getValue("Modules", getTestCaseData): null

2018-11-24 11:55:47 - [TEST_STEP][PASSED] - Statement - useractionData = TestCase.getValue("UserAction", getTestCaseData): null

2018-11-24 11:55:47 - [TEST_STEP][PASSED] - Statement - If (!(empty)): null

2018-11-24 11:55:47 - [TEST_STEP][PASSED] - Statement - scenarioData = TestCase.getValue("Modules", getTestCaseData): null

2018-11-24 11:55:47 - [TEST_STEP][PASSED] - Statement - useractionData = TestCase.getValue("UserAction", getTestCaseData): null

2018-11-24 11:55:47 - [TEST_STEP][PASSED] - Statement - If (!(empty)): null

2018-11-24 11:55:47 - [TEST_STEP][PASSED] - Statement - scenarioData = TestCase.getValue("Modules", getTestCaseData): null

2018-11-24 11:55:47 - [TEST_STEP][PASSED] - Statement - useractionData = TestCase.getValue("UserAction", getTestCaseData): null

2018-11-24 11:55:47 - [TEST_STEP][PASSED] - Statement - If (!(empty)): null

2018-11-24 11:55:47 - [TEST_STEP][PASSED] - Statement - scenarioData = TestCase.getValue("Modules", getTestCaseData): null

2018-11-24 11:55:47 - [TEST_STEP][PASSED] - Statement - useractionData = TestCase.getValue("UserAction", getTestCaseData): null

2018-11-24 11:55:47 - [TEST_STEP][PASSED] - Statement - If (!(empty)): null

2018-11-24 11:55:47 - [TEST_STEP][PASSED] - Statement - scenarioData = TestCase.getValue("Modules", getTestCaseData): null

2018-11-24 11:55:47 - [TEST_STEP][PASSED] - Statement - useractionData = TestCase.getValue("UserAction", getTestCaseData): null

2018-11-24 11:55:47 - [TEST_STEP][PASSED] - Statement - If (!(empty)): null

2018-11-24 11:55:47 - [TEST_STEP][PASSED] - Statement - scenarioData = TestCase.getValue("Modules", getTestCaseData): null

2018-11-24 11:55:47 - [TEST_STEP][PASSED] - Statement - useractionData = TestCase.getValue("UserAction", getTestCaseData): null

2018-11-24 11:55:47 - [TEST_STEP][PASSED] - Statement - If (!(empty)): null

2018-11-24 11:55:47 - [TEST_STEP][PASSED] - Statement - scenarioData = TestCase.getValue("Modules", getTestCaseData): null

2018-11-24 11:55:47 - [TEST_STEP][PASSED] - Statement - useractionData = TestCase.getValue("UserAction", getTestCaseData): null

2018-11-24 11:55:47 - [TEST_STEP][PASSED] - Statement - If (!(empty)): null

2018-11-24 11:55:47 - [TEST_STEP][PASSED] - Statement - scenarioData = TestCase.getValue("Modules", getTestCaseData): null

2018-11-24 11:55:47 - [TEST_STEP][PASSED] - Statement - useractionData = TestCase.getValue("UserAction", getTestCaseData): null

2018-11-24 11:55:47 - [TEST_STEP][PASSED] - Statement - If (!(empty)): null

2018-11-24 11:55:47 - [TEST_STEP][PASSED] - Statement - scenarioData = TestCase.getValue("Modules", getTestCaseData): null

2018-11-24 11:55:47 - [TEST_STEP][PASSED] - Statement - useractionData = TestCase.getValue("UserAction", getTestCaseData): null

2018-11-24 11:55:47 - [TEST_STEP][PASSED] - Statement - If (!(empty)): null

2018-11-24 11:55:47 - [TEST_STEP][PASSED] - Statement - scenarioData = TestCase.getValue("Modules", getTestCaseData): null

2018-11-24 11:55:47 - [TEST_STEP][PASSED] - Statement - useractionData = TestCase.getValue("UserAction", getTestCaseData): null

2018-11-24 11:55:47 - [TEST_STEP][PASSED] - Statement - If (!(empty)): null

2018-11-24 11:55:47 - [TEST_STEP][PASSED] - Statement - scenarioData = TestCase.getValue("Modules", getTestCaseData): null

2018-11-24 11:55:47 - [TEST_STEP][PASSED] - Statement - useractionData = TestCase.getValue("UserAction", getTestCaseData): null

2018-11-24 11:55:47 - [TEST_STEP][PASSED] - Statement - If (!(empty)): null

2018-11-24 11:55:47 - [TEST_STEP][PASSED] - Statement - scenarioData = TestCase.getValue("Modules", getTestCaseData): null

2018-11-24 11:55:47 - [TEST_STEP][PASSED] - Statement - useractionData = TestCase.getValue("UserAction", getTestCaseData): null

2018-11-24 11:55:47 - [TEST_STEP][PASSED] - Statement - If (!(empty)): null

2018-11-24 11:55:47 - [TEST_STEP][PASSED] - Statement - scenarioData = TestCase.getValue("Modules", getTestCaseData): null

2018-11-24 11:55:47 - [TEST_STEP][PASSED] - Statement - useractionData = TestCase.getValue("UserAction", getTestCaseData): null

2018-11-24 11:55:47 - [TEST_STEP][PASSED] - Statement - If (!(empty)): null

2018-11-24 11:55:47 - [TEST_STEP][PASSED] - Statement - scenarioData = TestCase.getValue("Modules", getTestCaseData): null

2018-11-24 11:55:47 - [TEST_STEP][PASSED] - Statement - useractionData = TestCase.getValue("UserAction", getTestCaseData): null

2018-11-24 11:55:47 - [TEST_STEP][PASSED] - Statement - If (!(empty)): null

2018-11-24 11:55:47 - [TEST_STEP][PASSED] - Statement - scenarioData = TestCase.getValue("Modules", getTestCaseData): null

2018-11-24 11:55:47 - [TEST_STEP][PASSED] - Statement - useractionData = TestCase.getValue("UserAction", getTestCaseData): null

2018-11-24 11:55:47 - [TEST_STEP][PASSED] - Statement - If (!(empty)): null

2018-11-24 11:55:47 - [TEST_STEP][PASSED] - Statement - scenarioData = TestCase.getValue("Modules", getTestCaseData): null

2018-11-24 11:55:47 - [TEST_STEP][PASSED] - Statement - useractionData = TestCase.getValue("UserAction", getTestCaseData): null

2018-11-24 11:55:47 - [TEST_STEP][PASSED] - Statement - If (!(empty)): null

2018-11-24 11:55:47 - [TEST_STEP][PASSED] - Statement - scenarioData = TestCase.getValue("Modules", getTestCaseData): null

2018-11-24 11:55:47 - [TEST_STEP][PASSED] - Statement - useractionData = TestCase.getValue("UserAction", getTestCaseData): null

2018-11-24 11:55:47 - [TEST_STEP][PASSED] - Statement - If (!(empty)): null

2018-11-24 11:55:47 - [TEST_STEP][PASSED] - Statement - hmap.put(getTestCaseData, scenarioData): null

2018-11-24 11:55:47 - [TEST_STEP][PASSED] - Statement - hmapuserAction.put(getTestCaseData, useractionData): null

2018-11-24 11:55:47 - [TEST_STEP][PASSED] - Statement - scenarioData = TestCase.getValue("Modules", getTestCaseData): null

2018-11-24 11:55:47 - [TEST_STEP][PASSED] - Statement - useractionData = TestCase.getValue("UserAction", getTestCaseData): null

2018-11-24 11:55:47 - [TEST_STEP][PASSED] - Statement - If (!(empty)): null

2018-11-24 11:55:47 - [TEST_STEP][PASSED] - Statement - scenarioData = TestCase.getValue("Modules", getTestCaseData): null

2018-11-24 11:55:47 - [TEST_STEP][PASSED] - Statement - useractionData = TestCase.getValue("UserAction", getTestCaseData): null

2018-11-24 11:55:47 - [TEST_STEP][PASSED] - Statement - If (!(empty)): null

2018-11-24 11:55:47 - [TEST_STEP][PASSED] - Statement - scenarioData = TestCase.getValue("Modules", getTestCaseData): null

2018-11-24 11:55:47 - [TEST_STEP][PASSED] - Statement - useractionData = TestCase.getValue("UserAction", getTestCaseData): null

2018-11-24 11:55:47 - [TEST_STEP][PASSED] - Statement - If (!(empty)): null

2018-11-24 11:55:47 - [TEST_STEP][PASSED] - Statement - scenarioData = TestCase.getValue("Modules", getTestCaseData): null

2018-11-24 11:55:47 - [TEST_STEP][PASSED] - Statement - useractionData = TestCase.getValue("UserAction", getTestCaseData): null

2018-11-24 11:55:47 - [TEST_STEP][PASSED] - Statement - If (!(empty)): null

2018-11-24 11:55:47 - [TEST_STEP][PASSED] - Statement - scenarioData = TestCase.getValue("Modules", getTestCaseData): null

2018-11-24 11:55:47 - [TEST_STEP][PASSED] - Statement - useractionData = TestCase.getValue("UserAction", getTestCaseData): null

2018-11-24 11:55:47 - [TEST_STEP][PASSED] - Statement - If (!(empty)): null

2018-11-24 11:55:47 - [TEST_STEP][PASSED] - Statement - scenarioData = TestCase.getValue("Modules", getTestCaseData): null

2018-11-24 11:55:47 - [TEST_STEP][PASSED] - Statement - useractionData = TestCase.getValue("UserAction", getTestCaseData): null

2018-11-24 11:55:47 - [TEST_STEP][PASSED] - Statement - If (!(empty)): null

2018-11-24 11:55:47 - [TEST_STEP][PASSED] - Statement - scenarioData = TestCase.getValue("Modules", getTestCaseData): null

2018-11-24 11:55:47 - [TEST_STEP][PASSED] - Statement - useractionData = TestCase.getValue("UserAction", getTestCaseData): null

2018-11-24 11:55:47 - [TEST_STEP][PASSED] - Statement - If (!(empty)): null

2018-11-24 11:55:47 - [TEST_STEP][PASSED] - Statement - scenarioData = TestCase.getValue("Modules", getTestCaseData): null

2018-11-24 11:55:47 - [TEST_STEP][PASSED] - Statement - useractionData = TestCase.getValue("UserAction", getTestCaseData): null

2018-11-24 11:55:47 - [TEST_STEP][PASSED] - Statement - If (!(empty)): null

2018-11-24 11:55:47 - [TEST_STEP][PASSED] - Statement - scenarioData = TestCase.getValue("Modules", getTestCaseData): null

2018-11-24 11:55:47 - [TEST_STEP][PASSED] - Statement - useractionData = TestCase.getValue("UserAction", getTestCaseData): null

2018-11-24 11:55:47 - [TEST_STEP][PASSED] - Statement - If (!(empty)): null

2018-11-24 11:55:47 - [TEST_STEP][PASSED] - Statement - scenarioData = TestCase.getValue("Modules", getTestCaseData): null

2018-11-24 11:55:47 - [TEST_STEP][PASSED] - Statement - useractionData = TestCase.getValue("UserAction", getTestCaseData): null

2018-11-24 11:55:47 - [TEST_STEP][PASSED] - Statement - If (!(empty)): null

2018-11-24 11:55:47 - [TEST_STEP][PASSED] - Statement - scenarioData = TestCase.getValue("Modules", getTestCaseData): null

2018-11-24 11:55:47 - [TEST_STEP][PASSED] - Statement - useractionData = TestCase.getValue("UserAction", getTestCaseData): null

2018-11-24 11:55:47 - [TEST_STEP][PASSED] - Statement - If (!(empty)): null

2018-11-24 11:55:47 - [TEST_STEP][PASSED] - Statement - scenarioData = TestCase.getValue("Modules", getTestCaseData): null

2018-11-24 11:55:47 - [TEST_STEP][PASSED] - Statement - useractionData = TestCase.getValue("UserAction", getTestCaseData): null

2018-11-24 11:55:47 - [TEST_STEP][PASSED] - Statement - If (!(empty)): null

2018-11-24 11:55:47 - [TEST_STEP][PASSED] - Statement - scenarioData = TestCase.getValue("Modules", getTestCaseData): null

2018-11-24 11:55:47 - [TEST_STEP][PASSED] - Statement - useractionData = TestCase.getValue("UserAction", getTestCaseData): null

2018-11-24 11:55:47 - [TEST_STEP][PASSED] - Statement - If (!(empty)): null

2018-11-24 11:55:47 - [TEST_STEP][PASSED] - Statement - scenarioData = TestCase.getValue("Modules", getTestCaseData): null

2018-11-24 11:55:47 - [TEST_STEP][PASSED] - Statement - useractionData = TestCase.getValue("UserAction", getTestCaseData): null

2018-11-24 11:55:47 - [TEST_STEP][PASSED] - Statement - If (!(empty)): null

2018-11-24 11:55:47 - [TEST_STEP][PASSED] - Statement - scenarioData = TestCase.getValue("Modules", getTestCaseData): null

2018-11-24 11:55:47 - [TEST_STEP][PASSED] - Statement - useractionData = TestCase.getValue("UserAction", getTestCaseData): null

2018-11-24 11:55:47 - [TEST_STEP][PASSED] - Statement - If (!(empty)): null

2018-11-24 11:55:47 - [TEST_STEP][PASSED] - Statement - scenarioData = TestCase.getValue("Modules", getTestCaseData): null

2018-11-24 11:55:47 - [TEST_STEP][PASSED] - Statement - useractionData = TestCase.getValue("UserAction", getTestCaseData): null

2018-11-24 11:55:47 - [TEST_STEP][PASSED] - Statement - If (!(empty)): null

2018-11-24 11:55:47 - [TEST_STEP][PASSED] - Statement - scenarioData = TestCase.getValue("Modules", getTestCaseData): null

2018-11-24 11:55:47 - [TEST_STEP][PASSED] - Statement - useractionData = TestCase.getValue("UserAction", getTestCaseData): null

2018-11-24 11:55:47 - [TEST_STEP][PASSED] - Statement - If (!(empty)): null

2018-11-24 11:55:47 - [TEST_STEP][PASSED] - Statement - scenarioData = TestCase.getValue("Modules", getTestCaseData): null

2018-11-24 11:55:47 - [TEST_STEP][PASSED] - Statement - useractionData = TestCase.getValue("UserAction", getTestCaseData): null

2018-11-24 11:55:47 - [TEST_STEP][PASSED] - Statement - If (!(empty)): null

2018-11-24 11:55:47 - [TEST_STEP][PASSED] - Statement - scenarioData = TestCase.getValue("Modules", getTestCaseData): null

2018-11-24 11:55:47 - [TEST_STEP][PASSED] - Statement - useractionData = TestCase.getValue("UserAction", getTestCaseData): null

2018-11-24 11:55:47 - [TEST_STEP][PASSED] - Statement - If (!(empty)): null

2018-11-24 11:55:47 - [TEST_STEP][PASSED] - Statement - scenarioData = TestCase.getValue("Modules", getTestCaseData): null

2018-11-24 11:55:47 - [TEST_STEP][PASSED] - Statement - useractionData = TestCase.getValue("UserAction", getTestCaseData): null

2018-11-24 11:55:47 - [TEST_STEP][PASSED] - Statement - If (!(empty)): null

2018-11-24 11:55:47 - [TEST_STEP][PASSED] - Statement - scenarioData = TestCase.getValue("Modules", getTestCaseData): null

2018-11-24 11:55:47 - [TEST_STEP][PASSED] - Statement - useractionData = TestCase.getValue("UserAction", getTestCaseData): null

2018-11-24 11:55:47 - [TEST_STEP][PASSED] - Statement - If (!(empty)): null

2018-11-24 11:55:47 - [TEST_STEP][PASSED] - Statement - scenarioData = TestCase.getValue("Modules", getTestCaseData): null

2018-11-24 11:55:47 - [TEST_STEP][PASSED] - Statement - useractionData = TestCase.getValue("UserAction", getTestCaseData): null

2018-11-24 11:55:47 - [TEST_STEP][PASSED] - Statement - If (!(empty)): null

2018-11-24 11:55:47 - [TEST_STEP][PASSED] - Statement - scenarioData = TestCase.getValue("Modules", getTestCaseData): null

2018-11-24 11:55:47 - [TEST_STEP][PASSED] - Statement - useractionData = TestCase.getValue("UserAction", getTestCaseData): null

2018-11-24 11:55:47 - [TEST_STEP][PASSED] - Statement - If (!(empty)): null

2018-11-24 11:55:47 - [TEST_STEP][PASSED] - Statement - scenarioData = TestCase.getValue("Modules", getTestCaseData): null

2018-11-24 11:55:47 - [TEST_STEP][PASSED] - Statement - useractionData = TestCase.getValue("UserAction", getTestCaseData): null

2018-11-24 11:55:47 - [TEST_STEP][PASSED] - Statement - If (!(empty)): null

2018-11-24 11:55:47 - [TEST_STEP][PASSED] - Statement - scenarioData = TestCase.getValue("Modules", getTestCaseData): null

2018-11-24 11:55:47 - [TEST_STEP][PASSED] - Statement - useractionData = TestCase.getValue("UserAction", getTestCaseData): null

2018-11-24 11:55:47 - [TEST_STEP][PASSED] - Statement - If (!(empty)): null

2018-11-24 11:55:47 - [TEST_STEP][PASSED] - Statement - scenarioData = TestCase.getValue("Modules", getTestCaseData): null

2018-11-24 11:55:47 - [TEST_STEP][PASSED] - Statement - useractionData = TestCase.getValue("UserAction", getTestCaseData): null

2018-11-24 11:55:47 - [TEST_STEP][PASSED] - Statement - If (!(empty)): null

2018-11-24 11:55:47 - [TEST_STEP][PASSED] - Statement - scenarioData = TestCase.getValue("Modules", getTestCaseData): null

2018-11-24 11:55:47 - [TEST_STEP][PASSED] - Statement - useractionData = TestCase.getValue("UserAction", getTestCaseData): null

2018-11-24 11:55:47 - [TEST_STEP][PASSED] - Statement - If (!(empty)): null

2018-11-24 11:55:47 - [TEST_STEP][PASSED] - Statement - scenarioData = TestCase.getValue("Modules", getTestCaseData): null

2018-11-24 11:55:47 - [TEST_STEP][PASSED] - Statement - useractionData = TestCase.getValue("UserAction", getTestCaseData): null

2018-11-24 11:55:47 - [TEST_STEP][PASSED] - Statement - If (!(empty)): null

2018-11-24 11:55:47 - [TEST_STEP][PASSED] - Statement - scenarioData = TestCase.getValue("Modules", getTestCaseData): null

2018-11-24 11:55:47 - [TEST_STEP][PASSED] - Statement - useractionData = TestCase.getValue("UserAction", getTestCaseData): null

2018-11-24 11:55:47 - [TEST_STEP][PASSED] - Statement - If (!(empty)): null

2018-11-24 11:55:47 - [TEST_STEP][PASSED] - Statement - scenarioData = TestCase.getValue("Modules", getTestCaseData): null

2018-11-24 11:55:47 - [TEST_STEP][PASSED] - Statement - useractionData = TestCase.getValue("UserAction", getTestCaseData): null

2018-11-24 11:55:47 - [TEST_STEP][PASSED] - Statement - If (!(empty)): null

2018-11-24 11:55:47 - [TEST_STEP][PASSED] - Statement - scenarioData = TestCase.getValue("Modules", getTestCaseData): null

2018-11-24 11:55:47 - [TEST_STEP][PASSED] - Statement - useractionData = TestCase.getValue("UserAction", getTestCaseData): null

2018-11-24 11:55:47 - [TEST_STEP][PASSED] - Statement - If (!(empty)): null

2018-11-24 11:55:47 - [TEST_STEP][PASSED] - Statement - scenarioData = TestCase.getValue("Modules", getTestCaseData): null

2018-11-24 11:55:47 - [TEST_STEP][PASSED] - Statement - useractionData = TestCase.getValue("UserAction", getTestCaseData): null

2018-11-24 11:55:47 - [TEST_STEP][PASSED] - Statement - If (!(empty)): null

2018-11-24 11:55:47 - [TEST_STEP][PASSED] - Statement - scenarioData = TestCase.getValue("Modules", getTestCaseData): null

2018-11-24 11:55:47 - [TEST_STEP][PASSED] - Statement - useractionData = TestCase.getValue("UserAction", getTestCaseData): null

2018-11-24 11:55:47 - [TEST_STEP][PASSED] - Statement - If (!(empty)): null

2018-11-24 11:55:47 - [TEST_STEP][PASSED] - Statement - scenarioData = TestCase.getValue("Modules", getTestCaseData): null

2018-11-24 11:55:47 - [TEST_STEP][PASSED] - Statement - useractionData = TestCase.getValue("UserAction", getTestCaseData): null

2018-11-24 11:55:47 - [TEST_STEP][PASSED] - Statement - If (!(empty)): null

2018-11-24 11:55:47 - [TEST_STEP][PASSED] - Statement - scenarioData = TestCase.getValue("Modules", getTestCaseData): null

2018-11-24 11:55:47 - [TEST_STEP][PASSED] - Statement - useractionData = TestCase.getValue("UserAction", getTestCaseData): null

2018-11-24 11:55:47 - [TEST_STEP][PASSED] - Statement - If (!(empty)): null

2018-11-24 11:55:47 - [TEST_STEP][PASSED] - Statement - scenarioData = TestCase.getValue("Modules", getTestCaseData): null

2018-11-24 11:55:47 - [TEST_STEP][PASSED] - Statement - useractionData = TestCase.getValue("UserAction", getTestCaseData): null

2018-11-24 11:55:47 - [TEST_STEP][PASSED] - Statement - If (!(empty)): null

2018-11-24 11:55:47 - [TEST_STEP][PASSED] - Statement - scenarioData = TestCase.getValue("Modules", getTestCaseData): null

2018-11-24 11:55:47 - [TEST_STEP][PASSED] - Statement - useractionData = TestCase.getValue("UserAction", getTestCaseData): null

2018-11-24 11:55:47 - [TEST_STEP][PASSED] - Statement - If (!(empty)): null

2018-11-24 11:55:47 - [TEST_STEP][PASSED] - Statement - scenarioData = TestCase.getValue("Modules", getTestCaseData): null

2018-11-24 11:55:47 - [TEST_STEP][PASSED] - Statement - useractionData = TestCase.getValue("UserAction", getTestCaseData): null

2018-11-24 11:55:47 - [TEST_STEP][PASSED] - Statement - If (!(empty)): null

2018-11-24 11:55:47 - [TEST_STEP][PASSED] - Statement - scenarioData = TestCase.getValue("Modules", getTestCaseData): null

2018-11-24 11:55:47 - [TEST_STEP][PASSED] - Statement - useractionData = TestCase.getValue("UserAction", getTestCaseData): null

2018-11-24 11:55:47 - [TEST_STEP][PASSED] - Statement - If (!(empty)): null

2018-11-24 11:55:47 - [TEST_STEP][PASSED] - Statement - scenarioData = TestCase.getValue("Modules", getTestCaseData): null

2018-11-24 11:55:47 - [TEST_STEP][PASSED] - Statement - useractionData = TestCase.getValue("UserAction", getTestCaseData): null

2018-11-24 11:55:47 - [TEST_STEP][PASSED] - Statement - If (!(empty)): null

2018-11-24 11:55:47 - [TEST_STEP][PASSED] - Statement - scenarioData = TestCase.getValue("Modules", getTestCaseData): null

2018-11-24 11:55:47 - [TEST_STEP][PASSED] - Statement - useractionData = TestCase.getValue("UserAction", getTestCaseData): null

2018-11-24 11:55:47 - [TEST_STEP][PASSED] - Statement - If (!(empty)): null

2018-11-24 11:55:47 - [TEST_STEP][PASSED] - Statement - scenarioData = TestCase.getValue("Modules", getTestCaseData): null

2018-11-24 11:55:47 - [TEST_STEP][PASSED] - Statement - useractionData = TestCase.getValue("UserAction", getTestCaseData): null

2018-11-24 11:55:47 - [TEST_STEP][PASSED] - Statement - If (!(empty)): null

2018-11-24 11:55:47 - [TEST_STEP][PASSED] - Statement - scenarioData = TestCase.getValue("Modules", getTestCaseData): null

2018-11-24 11:55:47 - [TEST_STEP][PASSED] - Statement - useractionData = TestCase.getValue("UserAction", getTestCaseData): null

2018-11-24 11:55:47 - [TEST_STEP][PASSED] - Statement - If (!(empty)): null

2018-11-24 11:55:47 - [TEST_STEP][PASSED] - Statement - scenarioData = TestCase.getValue("Modules", getTestCaseData): null

2018-11-24 11:55:47 - [TEST_STEP][PASSED] - Statement - useractionData = TestCase.getValue("UserAction", getTestCaseData): null

2018-11-24 11:55:47 - [TEST_STEP][PASSED] - Statement - If (!(empty)): null

2018-11-24 11:55:47 - [TEST_STEP][PASSED] - Statement - scenarioData = TestCase.getValue("Modules", getTestCaseData): null

2018-11-24 11:55:47 - [TEST_STEP][PASSED] - Statement - useractionData = TestCase.getValue("UserAction", getTestCaseData): null

2018-11-24 11:55:47 - [TEST_STEP][PASSED] - Statement - If (!(empty)): null

2018-11-24 11:55:47 - [TEST_STEP][PASSED] - Statement - scenarioData = TestCase.getValue("Modules", getTestCaseData): null

2018-11-24 11:55:47 - [TEST_STEP][PASSED] - Statement - useractionData = TestCase.getValue("UserAction", getTestCaseData): null

2018-11-24 11:55:47 - [TEST_STEP][PASSED] - Statement - If (!(empty)): null

2018-11-24 11:55:47 - [TEST_STEP][PASSED] - Statement - scenarioData = TestCase.getValue("Modules", getTestCaseData): null

2018-11-24 11:55:47 - [TEST_STEP][PASSED] - Statement - useractionData = TestCase.getValue("UserAction", getTestCaseData): null

2018-11-24 11:55:47 - [TEST_STEP][PASSED] - Statement - If (!(empty)): null

2018-11-24 11:55:47 - [TEST_STEP][PASSED] - Statement - scenarioData = TestCase.getValue("Modules", getTestCaseData): null

2018-11-24 11:55:47 - [TEST_STEP][PASSED] - Statement - useractionData = TestCase.getValue("UserAction", getTestCaseData): null

2018-11-24 11:55:47 - [TEST_STEP][PASSED] - Statement - If (!(empty)): null

2018-11-24 11:55:47 - [TEST_STEP][PASSED] - Statement - scenarioData = TestCase.getValue("Modules", getTestCaseData): null

2018-11-24 11:55:47 - [TEST_STEP][PASSED] - Statement - useractionData = TestCase.getValue("UserAction", getTestCaseData): null

2018-11-24 11:55:47 - [TEST_STEP][PASSED] - Statement - If (!(empty)): null

2018-11-24 11:55:47 - [TEST_STEP][PASSED] - Statement - scenarioData = TestCase.getValue("Modules", getTestCaseData): null

2018-11-24 11:55:47 - [TEST_STEP][PASSED] - Statement - useractionData = TestCase.getValue("UserAction", getTestCaseData): null

2018-11-24 11:55:47 - [TEST_STEP][PASSED] - Statement - If (!(empty)): null

2018-11-24 11:55:47 - [TEST_STEP][PASSED] - Statement - scenarioData = TestCase.getValue("Modules", getTestCaseData): null

2018-11-24 11:55:47 - [TEST_STEP][PASSED] - Statement - useractionData = TestCase.getValue("UserAction", getTestCaseData): null

2018-11-24 11:55:47 - [TEST_STEP][PASSED] - Statement - If (!(empty)): null

2018-11-24 11:55:47 - [TEST_STEP][PASSED] - Statement - scenarioData = TestCase.getValue("Modules", getTestCaseData): null

2018-11-24 11:55:47 - [TEST_STEP][PASSED] - Statement - useractionData = TestCase.getValue("UserAction", getTestCaseData): null

2018-11-24 11:55:47 - [TEST_STEP][PASSED] - Statement - If (!(empty)): null

2018-11-24 11:55:47 - [TEST_STEP][PASSED] - Statement - scenarioData = TestCase.getValue("Modules", getTestCaseData): null

2018-11-24 11:55:47 - [TEST_STEP][PASSED] - Statement - useractionData = TestCase.getValue("UserAction", getTestCaseData): null

2018-11-24 11:55:47 - [TEST_STEP][PASSED] - Statement - If (!(empty)): null

2018-11-24 11:55:47 - [TEST_STEP][PASSED] - Statement - scenarioData = TestCase.getValue("Modules", getTestCaseData): null

2018-11-24 11:55:47 - [TEST_STEP][PASSED] - Statement - useractionData = TestCase.getValue("UserAction", getTestCaseData): null

2018-11-24 11:55:47 - [TEST_STEP][PASSED] - Statement - If (!(empty)): null

2018-11-24 11:55:47 - [TEST_STEP][PASSED] - Statement - scenarioData = TestCase.getValue("Modules", getTestCaseData): null

2018-11-24 11:55:47 - [TEST_STEP][PASSED] - Statement - useractionData = TestCase.getValue("UserAction", getTestCaseData): null

2018-11-24 11:55:47 - [TEST_STEP][PASSED] - Statement - If (!(empty)): null

2018-11-24 11:55:47 - [TEST_STEP][PASSED] - Statement - scenarioData = TestCase.getValue("Modules", getTestCaseData): null

2018-11-24 11:55:47 - [TEST_STEP][PASSED] - Statement - useractionData = TestCase.getValue("UserAction", getTestCaseData): null

2018-11-24 11:55:47 - [TEST_STEP][PASSED] - Statement - If (!(empty)): null

2018-11-24 11:55:47 - [TEST_STEP][PASSED] - Statement - scenarioData = TestCase.getValue("Modules", getTestCaseData): null

2018-11-24 11:55:47 - [TEST_STEP][PASSED] - Statement - useractionData = TestCase.getValue("UserAction", getTestCaseData): null

2018-11-24 11:55:47 - [TEST_STEP][PASSED] - Statement - If (!(empty)): null

2018-11-24 11:55:47 - [TEST_STEP][PASSED] - Statement - scenarioData = TestCase.getValue("Modules", getTestCaseData): null

2018-11-24 11:55:47 - [TEST_STEP][PASSED] - Statement - useractionData = TestCase.getValue("UserAction", getTestCaseData): null

2018-11-24 11:55:47 - [TEST_STEP][PASSED] - Statement - If (!(empty)): null

2018-11-24 11:55:47 - [TEST_STEP][PASSED] - Statement - hmap.put(getTestCaseData, scenarioData): null

2018-11-24 11:55:47 - [TEST_STEP][PASSED] - Statement - hmapuserAction.put(getTestCaseData, useractionData): null

2018-11-24 11:55:47 - [TEST_STEP][PASSED] - Statement - scenarioData = TestCase.getValue("Modules", getTestCaseData): null

2018-11-24 11:55:47 - [TEST_STEP][PASSED] - Statement - useractionData = TestCase.getValue("UserAction", getTestCaseData): null

2018-11-24 11:55:47 - [TEST_STEP][PASSED] - Statement - If (!(empty)): null

2018-11-24 11:55:47 - [TEST_STEP][PASSED] - Statement - scenarioData = TestCase.getValue("Modules", getTestCaseData): null

2018-11-24 11:55:47 - [TEST_STEP][PASSED] - Statement - useractionData = TestCase.getValue("UserAction", getTestCaseData): null

2018-11-24 11:55:47 - [TEST_STEP][PASSED] - Statement - If (!(empty)): null

2018-11-24 11:55:47 - [TEST_STEP][PASSED] - Statement - scenarioData = TestCase.getValue("Modules", getTestCaseData): null

2018-11-24 11:55:47 - [TEST_STEP][PASSED] - Statement - useractionData = TestCase.getValue("UserAction", getTestCaseData): null

2018-11-24 11:55:47 - [TEST_STEP][PASSED] - Statement - If (!(empty)): null

2018-11-24 11:55:47 - [TEST_STEP][PASSED] - Statement - scenarioData = TestCase.getValue("Modules", getTestCaseData): null

2018-11-24 11:55:47 - [TEST_STEP][PASSED] - Statement - useractionData = TestCase.getValue("UserAction", getTestCaseData): null

2018-11-24 11:55:47 - [TEST_STEP][PASSED] - Statement - If (!(empty)): null

2018-11-24 11:55:47 - [TEST_STEP][PASSED] - Statement - scenarioData = TestCase.getValue("Modules", getTestCaseData): null

2018-11-24 11:55:47 - [TEST_STEP][PASSED] - Statement - useractionData = TestCase.getValue("UserAction", getTestCaseData): null

2018-11-24 11:55:47 - [TEST_STEP][PASSED] - Statement - If (!(empty)): null

2018-11-24 11:55:47 - [TEST_STEP][PASSED] - Statement - scenarioData = TestCase.getValue("Modules", getTestCaseData): null

2018-11-24 11:55:47 - [TEST_STEP][PASSED] - Statement - useractionData = TestCase.getValue("UserAction", getTestCaseData): null

2018-11-24 11:55:47 - [TEST_STEP][PASSED] - Statement - If (!(empty)): null

2018-11-24 11:55:47 - [TEST_STEP][PASSED] - Statement - scenarioData = TestCase.getValue("Modules", getTestCaseData): null

2018-11-24 11:55:47 - [TEST_STEP][PASSED] - Statement - useractionData = TestCase.getValue("UserAction", getTestCaseData): null

2018-11-24 11:55:47 - [TEST_STEP][PASSED] - Statement - If (!(empty)): null

2018-11-24 11:55:47 - [TEST_STEP][PASSED] - Statement - scenarioData = TestCase.getValue("Modules", getTestCaseData): null

2018-11-24 11:55:47 - [TEST_STEP][PASSED] - Statement - useractionData = TestCase.getValue("UserAction", getTestCaseData): null

2018-11-24 11:55:47 - [TEST_STEP][PASSED] - Statement - If (!(empty)): null

2018-11-24 11:55:47 - [TEST_STEP][PASSED] - Statement - scenarioData = TestCase.getValue("Modules", getTestCaseData): null

2018-11-24 11:55:47 - [TEST_STEP][PASSED] - Statement - useractionData = TestCase.getValue("UserAction", getTestCaseData): null

2018-11-24 11:55:47 - [TEST_STEP][PASSED] - Statement - If (!(empty)): null

2018-11-24 11:55:47 - [TEST_STEP][PASSED] - Statement - scenarioData = TestCase.getValue("Modules", getTestCaseData): null

2018-11-24 11:55:47 - [TEST_STEP][PASSED] - Statement - useractionData = TestCase.getValue("UserAction", getTestCaseData): null

2018-11-24 11:55:47 - [TEST_STEP][PASSED] - Statement - If (!(empty)): null

2018-11-24 11:55:47 - [TEST_STEP][PASSED] - Statement - scenarioData = TestCase.getValue("Modules", getTestCaseData): null

2018-11-24 11:55:47 - [TEST_STEP][PASSED] - Statement - useractionData = TestCase.getValue("UserAction", getTestCaseData): null

2018-11-24 11:55:47 - [TEST_STEP][PASSED] - Statement - If (!(empty)): null

2018-11-24 11:55:47 - [TEST_STEP][PASSED] - Statement - scenarioData = TestCase.getValue("Modules", getTestCaseData): null

2018-11-24 11:55:47 - [TEST_STEP][PASSED] - Statement - useractionData = TestCase.getValue("UserAction", getTestCaseData): null

2018-11-24 11:55:47 - [TEST_STEP][PASSED] - Statement - If (!(empty)): null

2018-11-24 11:55:47 - [TEST_STEP][PASSED] - Statement - scenarioData = TestCase.getValue("Modules", getTestCaseData): null

2018-11-24 11:55:47 - [TEST_STEP][PASSED] - Statement - useractionData = TestCase.getValue("UserAction", getTestCaseData): null

2018-11-24 11:55:47 - [TEST_STEP][PASSED] - Statement - If (!(empty)): null

2018-11-24 11:55:47 - [TEST_STEP][PASSED] - Statement - scenarioData = TestCase.getValue("Modules", getTestCaseData): null

2018-11-24 11:55:47 - [TEST_STEP][PASSED] - Statement - useractionData = TestCase.getValue("UserAction", getTestCaseData): null

2018-11-24 11:55:47 - [TEST_STEP][PASSED] - Statement - If (!(empty)): null

2018-11-24 11:55:47 - [TEST_STEP][PASSED] - Statement - scenarioData = TestCase.getValue("Modules", getTestCaseData): null

2018-11-24 11:55:47 - [TEST_STEP][PASSED] - Statement - useractionData = TestCase.getValue("UserAction", getTestCaseData): null

2018-11-24 11:55:47 - [TEST_STEP][PASSED] - Statement - If (!(empty)): null

2018-11-24 11:55:47 - [TEST_STEP][PASSED] - Statement - scenarioData = TestCase.getValue("Modules", getTestCaseData): null

2018-11-24 11:55:47 - [TEST_STEP][PASSED] - Statement - useractionData = TestCase.getValue("UserAction", getTestCaseData): null

2018-11-24 11:55:47 - [TEST_STEP][PASSED] - Statement - If (!(empty)): null

2018-11-24 11:55:47 - [TEST_STEP][PASSED] - Statement - scenarioData = TestCase.getValue("Modules", getTestCaseData): null

2018-11-24 11:55:47 - [TEST_STEP][PASSED] - Statement - useractionData = TestCase.getValue("UserAction", getTestCaseData): null

2018-11-24 11:55:47 - [TEST_STEP][PASSED] - Statement - If (!(empty)): null

2018-11-24 11:55:47 - [TEST_STEP][PASSED] - Statement - scenarioData = TestCase.getValue("Modules", getTestCaseData): null

2018-11-24 11:55:47 - [TEST_STEP][PASSED] - Statement - useractionData = TestCase.getValue("UserAction", getTestCaseData): null

2018-11-24 11:55:47 - [TEST_STEP][PASSED] - Statement - If (!(empty)): null

2018-11-24 11:55:47 - [TEST_STEP][PASSED] - Statement - scenarioData = TestCase.getValue("Modules", getTestCaseData): null

2018-11-24 11:55:47 - [TEST_STEP][PASSED] - Statement - useractionData = TestCase.getValue("UserAction", getTestCaseData): null

2018-11-24 11:55:47 - [TEST_STEP][PASSED] - Statement - If (!(empty)): null

2018-11-24 11:55:47 - [TEST_STEP][PASSED] - Statement - scenarioData = TestCase.getValue("Modules", getTestCaseData): null

2018-11-24 11:55:47 - [TEST_STEP][PASSED] - Statement - useractionData = TestCase.getValue("UserAction", getTestCaseData): null

2018-11-24 11:55:47 - [TEST_STEP][PASSED] - Statement - If (!(empty)): null

2018-11-24 11:55:47 - [TEST_STEP][PASSED] - Statement - scenarioData = TestCase.getValue("Modules", getTestCaseData): null

2018-11-24 11:55:47 - [TEST_STEP][PASSED] - Statement - useractionData = TestCase.getValue("UserAction", getTestCaseData): null

2018-11-24 11:55:47 - [TEST_STEP][PASSED] - Statement - If (!(empty)): null

2018-11-24 11:55:47 - [TEST_STEP][PASSED] - Statement - scenarioData = TestCase.getValue("Modules", getTestCaseData): null

2018-11-24 11:55:47 - [TEST_STEP][PASSED] - Statement - useractionData = TestCase.getValue("UserAction", getTestCaseData): null

2018-11-24 11:55:47 - [TEST_STEP][PASSED] - Statement - If (!(empty)): null

2018-11-24 11:55:47 - [TEST_STEP][PASSED] - Statement - scenarioData = TestCase.getValue("Modules", getTestCaseData): null

2018-11-24 11:55:47 - [TEST_STEP][PASSED] - Statement - useractionData = TestCase.getValue("UserAction", getTestCaseData): null

2018-11-24 11:55:47 - [TEST_STEP][PASSED] - Statement - If (!(empty)): null

2018-11-24 11:55:47 - [TEST_STEP][PASSED] - Statement - scenarioData = TestCase.getValue("Modules", getTestCaseData): null

2018-11-24 11:55:47 - [TEST_STEP][PASSED] - Statement - useractionData = TestCase.getValue("UserAction", getTestCaseData): null

2018-11-24 11:55:47 - [TEST_STEP][PASSED] - Statement - If (!(empty)): null

2018-11-24 11:55:47 - [TEST_STEP][PASSED] - Statement - scenarioData = TestCase.getValue("Modules", getTestCaseData): null

2018-11-24 11:55:47 - [TEST_STEP][PASSED] - Statement - useractionData = TestCase.getValue("UserAction", getTestCaseData): null

2018-11-24 11:55:47 - [TEST_STEP][PASSED] - Statement - If (!(empty)): null

2018-11-24 11:55:47 - [TEST_STEP][PASSED] - Statement - scenarioData = TestCase.getValue("Modules", getTestCaseData): null

2018-11-24 11:55:47 - [TEST_STEP][PASSED] - Statement - useractionData = TestCase.getValue("UserAction", getTestCaseData): null

2018-11-24 11:55:47 - [TEST_STEP][PASSED] - Statement - If (!(empty)): null

2018-11-24 11:55:47 - [TEST_STEP][PASSED] - Statement - scenarioData = TestCase.getValue("Modules", getTestCaseData): null

2018-11-24 11:55:47 - [TEST_STEP][PASSED] - Statement - useractionData = TestCase.getValue("UserAction", getTestCaseData): null

2018-11-24 11:55:47 - [TEST_STEP][PASSED] - Statement - If (!(empty)): null

2018-11-24 11:55:47 - [TEST_STEP][PASSED] - Statement - scenarioData = TestCase.getValue("Modules", getTestCaseData): null

2018-11-24 11:55:47 - [TEST_STEP][PASSED] - Statement - useractionData = TestCase.getValue("UserAction", getTestCaseData): null

2018-11-24 11:55:47 - [TEST_STEP][PASSED] - Statement - If (!(empty)): null

2018-11-24 11:55:47 - [TEST_STEP][PASSED] - Statement - scenarioData = TestCase.getValue("Modules", getTestCaseData): null

2018-11-24 11:55:47 - [TEST_STEP][PASSED] - Statement - useractionData = TestCase.getValue("UserAction", getTestCaseData): null

2018-11-24 11:55:47 - [TEST_STEP][PASSED] - Statement - If (!(empty)): null

2018-11-24 11:55:47 - [TEST_STEP][PASSED] - Statement - scenarioData = TestCase.getValue("Modules", getTestCaseData): null

2018-11-24 11:55:47 - [TEST_STEP][PASSED] - Statement - useractionData = TestCase.getValue("UserAction", getTestCaseData): null

2018-11-24 11:55:47 - [TEST_STEP][PASSED] - Statement - If (!(empty)): null

2018-11-24 11:55:47 - [TEST_STEP][PASSED] - Statement - scenarioData = TestCase.getValue("Modules", getTestCaseData): null

2018-11-24 11:55:47 - [TEST_STEP][PASSED] - Statement - useractionData = TestCase.getValue("UserAction", getTestCaseData): null

2018-11-24 11:55:47 - [TEST_STEP][PASSED] - Statement - If (!(empty)): null

2018-11-24 11:55:47 - [TEST_STEP][PASSED] - Statement - scenarioData = TestCase.getValue("Modules", getTestCaseData): null

2018-11-24 11:55:47 - [TEST_STEP][PASSED] - Statement - useractionData = TestCase.getValue("UserAction", getTestCaseData): null

2018-11-24 11:55:47 - [TEST_STEP][PASSED] - Statement - If (!(empty)): null

2018-11-24 11:55:47 - [TEST_STEP][PASSED] - Statement - scenarioData = TestCase.getValue("Modules", getTestCaseData): null

2018-11-24 11:55:47 - [TEST_STEP][PASSED] - Statement - useractionData = TestCase.getValue("UserAction", getTestCaseData): null

2018-11-24 11:55:47 - [TEST_STEP][PASSED] - Statement - If (!(empty)): null

2018-11-24 11:55:47 - [TEST_STEP][PASSED] - Statement - scenarioData = TestCase.getValue("Modules", getTestCaseData): null

2018-11-24 11:55:47 - [TEST_STEP][PASSED] - Statement - useractionData = TestCase.getValue("UserAction", getTestCaseData): null

2018-11-24 11:55:47 - [TEST_STEP][PASSED] - Statement - If (!(empty)): null

2018-11-24 11:55:47 - [TEST_STEP][PASSED] - Statement - scenarioData = TestCase.getValue("Modules", getTestCaseData): null

2018-11-24 11:55:47 - [TEST_STEP][PASSED] - Statement - useractionData = TestCase.getValue("UserAction", getTestCaseData): null

2018-11-24 11:55:47 - [TEST_STEP][PASSED] - Statement - If (!(empty)): null

2018-11-24 11:55:47 - [TEST_STEP][PASSED] - Statement - scenarioData = TestCase.getValue("Modules", getTestCaseData): null

2018-11-24 11:55:47 - [TEST_STEP][PASSED] - Statement - useractionData = TestCase.getValue("UserAction", getTestCaseData): null

2018-11-24 11:55:47 - [TEST_STEP][PASSED] - Statement - If (!(empty)): null

2018-11-24 11:55:47 - [TEST_STEP][PASSED] - Statement - scenarioData = TestCase.getValue("Modules", getTestCaseData): null

2018-11-24 11:55:47 - [TEST_STEP][PASSED] - Statement - useractionData = TestCase.getValue("UserAction", getTestCaseData): null

2018-11-24 11:55:47 - [TEST_STEP][PASSED] - Statement - If (!(empty)): null

2018-11-24 11:55:47 - [TEST_STEP][PASSED] - Statement - scenarioData = TestCase.getValue("Modules", getTestCaseData): null

2018-11-24 11:55:47 - [TEST_STEP][PASSED] - Statement - useractionData = TestCase.getValue("UserAction", getTestCaseData): null

2018-11-24 11:55:47 - [TEST_STEP][PASSED] - Statement - If (!(empty)): null

2018-11-24 11:55:47 - [TEST_STEP][PASSED] - Statement - scenarioData = TestCase.getValue("Modules", getTestCaseData): null

2018-11-24 11:55:47 - [TEST_STEP][PASSED] - Statement - useractionData = TestCase.getValue("UserAction", getTestCaseData): null

2018-11-24 11:55:47 - [TEST_STEP][PASSED] - Statement - If (!(empty)): null

2018-11-24 11:55:47 - [TEST_STEP][PASSED] - Statement - scenarioData = TestCase.getValue("Modules", getTestCaseData): null

2018-11-24 11:55:47 - [TEST_STEP][PASSED] - Statement - useractionData = TestCase.getValue("UserAction", getTestCaseData): null

2018-11-24 11:55:47 - [TEST_STEP][PASSED] - Statement - If (!(empty)): null

2018-11-24 11:55:47 - [TEST_STEP][PASSED] - Statement - scenarioData = TestCase.getValue("Modules", getTestCaseData): null

2018-11-24 11:55:47 - [TEST_STEP][PASSED] - Statement - useractionData = TestCase.getValue("UserAction", getTestCaseData): null

2018-11-24 11:55:47 - [TEST_STEP][PASSED] - Statement - If (!(empty)): null

2018-11-24 11:55:47 - [TEST_STEP][PASSED] - Statement - scenarioData = TestCase.getValue("Modules", getTestCaseData): null

2018-11-24 11:55:47 - [TEST_STEP][PASSED] - Statement - useractionData = TestCase.getValue("UserAction", getTestCaseData): null

2018-11-24 11:55:47 - [TEST_STEP][PASSED] - Statement - If (!(empty)): null

2018-11-24 11:55:47 - [TEST_STEP][PASSED] - Statement - scenarioData = TestCase.getValue("Modules", getTestCaseData): null

2018-11-24 11:55:47 - [TEST_STEP][PASSED] - Statement - useractionData = TestCase.getValue("UserAction", getTestCaseData): null

2018-11-24 11:55:47 - [TEST_STEP][PASSED] - Statement - If (!(empty)): null

2018-11-24 11:55:47 - [TEST_STEP][PASSED] - Statement - scenarioData = TestCase.getValue("Modules", getTestCaseData): null

2018-11-24 11:55:47 - [TEST_STEP][PASSED] - Statement - useractionData = TestCase.getValue("UserAction", getTestCaseData): null

2018-11-24 11:55:47 - [TEST_STEP][PASSED] - Statement - If (!(empty)): null

2018-11-24 11:55:47 - [TEST_STEP][PASSED] - Statement - scenarioData = TestCase.getValue("Modules", getTestCaseData): null

2018-11-24 11:55:47 - [TEST_STEP][PASSED] - Statement - useractionData = TestCase.getValue("UserAction", getTestCaseData): null

2018-11-24 11:55:47 - [TEST_STEP][PASSED] - Statement - If (!(empty)): null

2018-11-24 11:55:47 - [TEST_STEP][PASSED] - Statement - scenarioData = TestCase.getValue("Modules", getTestCaseData): null

2018-11-24 11:55:47 - [TEST_STEP][PASSED] - Statement - useractionData = TestCase.getValue("UserAction", getTestCaseData): null

2018-11-24 11:55:47 - [TEST_STEP][PASSED] - Statement - If (!(empty)): null

2018-11-24 11:55:47 - [TEST_STEP][PASSED] - Statement - scenarioData = TestCase.getValue("Modules", getTestCaseData): null

2018-11-24 11:55:47 - [TEST_STEP][PASSED] - Statement - useractionData = TestCase.getValue("UserAction", getTestCaseData): null

2018-11-24 11:55:47 - [TEST_STEP][PASSED] - Statement - If (!(empty)): null

2018-11-24 11:55:47 - [TEST_STEP][PASSED] - Statement - scenarioData = TestCase.getValue("Modules", getTestCaseData): null

2018-11-24 11:55:47 - [TEST_STEP][PASSED] - Statement - useractionData = TestCase.getValue("UserAction", getTestCaseData): null

2018-11-24 11:55:47 - [TEST_STEP][PASSED] - Statement - If (!(empty)): null

2018-11-24 11:55:47 - [TEST_STEP][PASSED] - Statement - scenarioData = TestCase.getValue("Modules", getTestCaseData): null

2018-11-24 11:55:47 - [TEST_STEP][PASSED] - Statement - useractionData = TestCase.getValue("UserAction", getTestCaseData): null

2018-11-24 11:55:47 - [TEST_STEP][PASSED] - Statement - If (!(empty)): null

2018-11-24 11:55:47 - [TEST_STEP][PASSED] - Statement - scenarioData = TestCase.getValue("Modules", getTestCaseData): null

2018-11-24 11:55:47 - [TEST_STEP][PASSED] - Statement - useractionData = TestCase.getValue("UserAction", getTestCaseData): null

2018-11-24 11:55:47 - [TEST_STEP][PASSED] - Statement - If (!(empty)): null

2018-11-24 11:55:47 - [TEST_STEP][PASSED] - Statement - scenarioData = TestCase.getValue("Modules", getTestCaseData): null

2018-11-24 11:55:47 - [TEST_STEP][PASSED] - Statement - useractionData = TestCase.getValue("UserAction", getTestCaseData): null

2018-11-24 11:55:47 - [TEST_STEP][PASSED] - Statement - If (!(empty)): null

2018-11-24 11:55:47 - [TEST_STEP][PASSED] - Statement - scenarioData = TestCase.getValue("Modules", getTestCaseData): null

2018-11-24 11:55:47 - [TEST_STEP][PASSED] - Statement - useractionData = TestCase.getValue("UserAction", getTestCaseData): null

2018-11-24 11:55:47 - [TEST_STEP][PASSED] - Statement - If (!(empty)): null

2018-11-24 11:55:47 - [TEST_STEP][PASSED] - Statement - scenarioData = TestCase.getValue("Modules", getTestCaseData): null

2018-11-24 11:55:47 - [TEST_STEP][PASSED] - Statement - useractionData = TestCase.getValue("UserAction", getTestCaseData): null

2018-11-24 11:55:47 - [TEST_STEP][PASSED] - Statement - If (!(empty)): null

2018-11-24 11:55:47 - [TEST_STEP][PASSED] - Statement - scenarioData = TestCase.getValue("Modules", getTestCaseData): null

2018-11-24 11:55:47 - [TEST_STEP][PASSED] - Statement - useractionData = TestCase.getValue("UserAction", getTestCaseData): null

2018-11-24 11:55:47 - [TEST_STEP][PASSED] - Statement - If (!(empty)): null

2018-11-24 11:55:47 - [TEST_STEP][PASSED] - Statement - scenarioData = TestCase.getValue("Modules", getTestCaseData): null

2018-11-24 11:55:47 - [TEST_STEP][PASSED] - Statement - useractionData = TestCase.getValue("UserAction", getTestCaseData): null

2018-11-24 11:55:47 - [TEST_STEP][PASSED] - Statement - If (!(empty)): null

2018-11-24 11:55:47 - [TEST_STEP][PASSED] - Statement - scenarioData = TestCase.getValue("Modules", getTestCaseData): null

2018-11-24 11:55:47 - [TEST_STEP][PASSED] - Statement - useractionData = TestCase.getValue("UserAction", getTestCaseData): null

2018-11-24 11:55:47 - [TEST_STEP][PASSED] - Statement - If (!(empty)): null

2018-11-24 11:55:47 - [TEST_STEP][PASSED] - Statement - scenarioData = TestCase.getValue("Modules", getTestCaseData): null

2018-11-24 11:55:47 - [TEST_STEP][PASSED] - Statement - useractionData = TestCase.getValue("UserAction", getTestCaseData): null

2018-11-24 11:55:47 - [TEST_STEP][PASSED] - Statement - If (!(empty)): null

2018-11-24 11:55:47 - [TEST_STEP][PASSED] - Statement - scenarioData = TestCase.getValue("Modules", getTestCaseData): null

2018-11-24 11:55:47 - [TEST_STEP][PASSED] - Statement - useractionData = TestCase.getValue("UserAction", getTestCaseData): null

2018-11-24 11:55:48 - [TEST_STEP][PASSED] - Statement - If (!(empty)): null

2018-11-24 11:55:48 - [TEST_STEP][PASSED] - Statement - scenarioData = TestCase.getValue("Modules", getTestCaseData): null

2018-11-24 11:55:48 - [TEST_STEP][PASSED] - Statement - useractionData = TestCase.getValue("UserAction", getTestCaseData): null

2018-11-24 11:55:48 - [TEST_STEP][PASSED] - Statement - If (!(empty)): null

2018-11-24 11:55:48 - [TEST_STEP][PASSED] - Statement - scenarioData = TestCase.getValue("Modules", getTestCaseData): null

2018-11-24 11:55:48 - [TEST_STEP][PASSED] - Statement - useractionData = TestCase.getValue("UserAction", getTestCaseData): null

2018-11-24 11:55:48 - [TEST_STEP][PASSED] - Statement - If (!(empty)): null

2018-11-24 11:55:48 - [TEST_STEP][PASSED] - Statement - scenarioData = TestCase.getValue("Modules", getTestCaseData): null

2018-11-24 11:55:48 - [TEST_STEP][PASSED] - Statement - useractionData = TestCase.getValue("UserAction", getTestCaseData): null

2018-11-24 11:55:48 - [TEST_STEP][PASSED] - Statement - If (!(empty)): null

2018-11-24 11:55:48 - [TEST_STEP][PASSED] - Statement - scenarioData = TestCase.getValue("Modules", getTestCaseData): null

2018-11-24 11:55:48 - [TEST_STEP][PASSED] - Statement - useractionData = TestCase.getValue("UserAction", getTestCaseData): null

2018-11-24 11:55:48 - [TEST_STEP][PASSED] - Statement - If (!(empty)): null

2018-11-24 11:55:48 - [TEST_STEP][PASSED] - Statement - scenarioData = TestCase.getValue("Modules", getTestCaseData): null

2018-11-24 11:55:48 - [TEST_STEP][PASSED] - Statement - useractionData = TestCase.getValue("UserAction", getTestCaseData): null

2018-11-24 11:55:48 - [TEST_STEP][PASSED] - Statement - If (!(empty)): null

2018-11-24 11:55:48 - [TEST_STEP][PASSED] - Statement - scenarioData = TestCase.getValue("Modules", getTestCaseData): null

2018-11-24 11:55:48 - [TEST_STEP][PASSED] - Statement - useractionData = TestCase.getValue("UserAction", getTestCaseData): null

2018-11-24 11:55:48 - [TEST_STEP][PASSED] - Statement - If (!(empty)): null

2018-11-24 11:55:48 - [TEST_STEP][PASSED] - Statement - scenarioData = TestCase.getValue("Modules", getTestCaseData): null

2018-11-24 11:55:48 - [TEST_STEP][PASSED] - Statement - useractionData = TestCase.getValue("UserAction", getTestCaseData): null

2018-11-24 11:55:48 - [TEST_STEP][PASSED] - Statement - If (!(empty)): null

2018-11-24 11:55:48 - [TEST_STEP][PASSED] - Statement - scenarioData = TestCase.getValue("Modules", getTestCaseData): null

2018-11-24 11:55:48 - [TEST_STEP][PASSED] - Statement - useractionData = TestCase.getValue("UserAction", getTestCaseData): null

2018-11-24 11:55:48 - [TEST_STEP][PASSED] - Statement - If (!(empty)): null

2018-11-24 11:55:48 - [TEST_STEP][PASSED] - Statement - scenarioData = TestCase.getValue("Modules", getTestCaseData): null

2018-11-24 11:55:48 - [TEST_STEP][PASSED] - Statement - useractionData = TestCase.getValue("UserAction", getTestCaseData): null

2018-11-24 11:55:48 - [TEST_STEP][PASSED] - Statement - If (!(empty)): null

2018-11-24 11:55:48 - [TEST_STEP][PASSED] - Statement - scenarioData = TestCase.getValue("Modules", getTestCaseData): null

2018-11-24 11:55:48 - [TEST_STEP][PASSED] - Statement - useractionData = TestCase.getValue("UserAction", getTestCaseData): null

2018-11-24 11:55:48 - [TEST_STEP][PASSED] - Statement - If (!(empty)): null

2018-11-24 11:55:48 - [TEST_STEP][PASSED] - Statement - scenarioData = TestCase.getValue("Modules", getTestCaseData): null

2018-11-24 11:55:48 - [TEST_STEP][PASSED] - Statement - useractionData = TestCase.getValue("UserAction", getTestCaseData): null

2018-11-24 11:55:48 - [TEST_STEP][PASSED] - Statement - If (!(empty)): null

2018-11-24 11:55:48 - [TEST_STEP][PASSED] - Statement - scenarioData = TestCase.getValue("Modules", getTestCaseData): null

2018-11-24 11:55:48 - [TEST_STEP][PASSED] - Statement - useractionData = TestCase.getValue("UserAction", getTestCaseData): null

2018-11-24 11:55:48 - [TEST_STEP][PASSED] - Statement - If (!(empty)): null

2018-11-24 11:55:48 - [TEST_STEP][PASSED] - Statement - scenarioData = TestCase.getValue("Modules", getTestCaseData): null

2018-11-24 11:55:48 - [TEST_STEP][PASSED] - Statement - useractionData = TestCase.getValue("UserAction", getTestCaseData): null

2018-11-24 11:55:48 - [TEST_STEP][PASSED] - Statement - If (!(empty)): null

2018-11-24 11:55:48 - [TEST_STEP][PASSED] - Statement - scenarioData = TestCase.getValue("Modules", getTestCaseData): null

2018-11-24 11:55:48 - [TEST_STEP][PASSED] - Statement - useractionData = TestCase.getValue("UserAction", getTestCaseData): null

2018-11-24 11:55:48 - [TEST_STEP][PASSED] - Statement - If (!(empty)): null

2018-11-24 11:55:48 - [TEST_STEP][PASSED] - Statement - scenarioData = TestCase.getValue("Modules", getTestCaseData): null

2018-11-24 11:55:48 - [TEST_STEP][PASSED] - Statement - useractionData = TestCase.getValue("UserAction", getTestCaseData): null

2018-11-24 11:55:48 - [TEST_STEP][PASSED] - Statement - If (!(empty)): null

2018-11-24 11:55:48 - [TEST_STEP][PASSED] - Statement - hmap.put(getTestCaseData, scenarioData): null

2018-11-24 11:55:48 - [TEST_STEP][PASSED] - Statement - hmapuserAction.put(getTestCaseData, useractionData): null

2018-11-24 11:55:48 - [TEST_STEP][PASSED] - Statement - scenarioData = TestCase.getValue("Modules", getTestCaseData): null

2018-11-24 11:55:48 - [TEST_STEP][PASSED] - Statement - useractionData = TestCase.getValue("UserAction", getTestCaseData): null

2018-11-24 11:55:48 - [TEST_STEP][PASSED] - Statement - If (!(empty)): null

2018-11-24 11:55:48 - [TEST_STEP][PASSED] - Statement - scenarioData = TestCase.getValue("Modules", getTestCaseData): null

2018-11-24 11:55:48 - [TEST_STEP][PASSED] - Statement - useractionData = TestCase.getValue("UserAction", getTestCaseData): null

2018-11-24 11:55:48 - [TEST_STEP][PASSED] - Statement - If (!(empty)): null

2018-11-24 11:55:48 - [TEST_STEP][PASSED] - Statement - scenarioData = TestCase.getValue("Modules", getTestCaseData): null

2018-11-24 11:55:48 - [TEST_STEP][PASSED] - Statement - useractionData = TestCase.getValue("UserAction", getTestCaseData): null

2018-11-24 11:55:48 - [TEST_STEP][PASSED] - Statement - If (!(empty)): null

2018-11-24 11:55:48 - [TEST_STEP][PASSED] - Statement - scenarioData = TestCase.getValue("Modules", getTestCaseData): null

2018-11-24 11:55:48 - [TEST_STEP][PASSED] - Statement - useractionData = TestCase.getValue("UserAction", getTestCaseData): null

2018-11-24 11:55:48 - [TEST_STEP][PASSED] - Statement - If (!(empty)): null

2018-11-24 11:55:48 - [TEST_STEP][PASSED] - Statement - scenarioData = TestCase.getValue("Modules", getTestCaseData): null

2018-11-24 11:55:48 - [TEST_STEP][PASSED] - Statement - useractionData = TestCase.getValue("UserAction", getTestCaseData): null

2018-11-24 11:55:48 - [TEST_STEP][PASSED] - Statement - If (!(empty)): null

2018-11-24 11:55:48 - [TEST_STEP][PASSED] - Statement - scenarioData = TestCase.getValue("Modules", getTestCaseData): null

2018-11-24 11:55:48 - [TEST_STEP][PASSED] - Statement - useractionData = TestCase.getValue("UserAction", getTestCaseData): null

2018-11-24 11:55:48 - [TEST_STEP][PASSED] - Statement - If (!(empty)): null

2018-11-24 11:55:48 - [TEST_STEP][PASSED] - Statement - scenarioData = TestCase.getValue("Modules", getTestCaseData): null

2018-11-24 11:55:48 - [TEST_STEP][PASSED] - Statement - useractionData = TestCase.getValue("UserAction", getTestCaseData): null

2018-11-24 11:55:48 - [TEST_STEP][PASSED] - Statement - If (!(empty)): null

2018-11-24 11:55:48 - [TEST_STEP][PASSED] - Statement - scenarioData = TestCase.getValue("Modules", getTestCaseData): null

2018-11-24 11:55:48 - [TEST_STEP][PASSED] - Statement - useractionData = TestCase.getValue("UserAction", getTestCaseData): null

2018-11-24 11:55:48 - [TEST_STEP][PASSED] - Statement - If (!(empty)): null

2018-11-24 11:55:48 - [TEST_STEP][PASSED] - Statement - scenarioData = TestCase.getValue("Modules", getTestCaseData): null

2018-11-24 11:55:48 - [TEST_STEP][PASSED] - Statement - useractionData = TestCase.getValue("UserAction", getTestCaseData): null

2018-11-24 11:55:48 - [TEST_STEP][PASSED] - Statement - If (!(empty)): null

2018-11-24 11:55:48 - [TEST_STEP][PASSED] - Statement - scenarioData = TestCase.getValue("Modules", getTestCaseData): null

2018-11-24 11:55:48 - [TEST_STEP][PASSED] - Statement - useractionData = TestCase.getValue("UserAction", getTestCaseData): null

2018-11-24 11:55:48 - [TEST_STEP][PASSED] - Statement - If (!(empty)): null

2018-11-24 11:55:48 - [TEST_STEP][PASSED] - Statement - scenarioData = TestCase.getValue("Modules", getTestCaseData): null

2018-11-24 11:55:48 - [TEST_STEP][PASSED] - Statement - useractionData = TestCase.getValue("UserAction", getTestCaseData): null

2018-11-24 11:55:48 - [TEST_STEP][PASSED] - Statement - If (!(empty)): null

2018-11-24 11:55:48 - [TEST_STEP][PASSED] - Statement - scenarioData = TestCase.getValue("Modules", getTestCaseData): null

2018-11-24 11:55:48 - [TEST_STEP][PASSED] - Statement - useractionData = TestCase.getValue("UserAction", getTestCaseData): null

2018-11-24 11:55:48 - [TEST_STEP][PASSED] - Statement - If (!(empty)): null

2018-11-24 11:55:48 - [TEST_STEP][PASSED] - Statement - scenarioData = TestCase.getValue("Modules", getTestCaseData): null

2018-11-24 11:55:48 - [TEST_STEP][PASSED] - Statement - useractionData = TestCase.getValue("UserAction", getTestCaseData): null

2018-11-24 11:55:48 - [TEST_STEP][PASSED] - Statement - If (!(empty)): null

2018-11-24 11:55:48 - [TEST_STEP][PASSED] - Statement - scenarioData = TestCase.getValue("Modules", getTestCaseData): null

2018-11-24 11:55:48 - [TEST_STEP][PASSED] - Statement - useractionData = TestCase.getValue("UserAction", getTestCaseData): null

2018-11-24 11:55:48 - [TEST_STEP][PASSED] - Statement - If (!(empty)): null

2018-11-24 11:55:48 - [TEST_STEP][PASSED] - Statement - scenarioData = TestCase.getValue("Modules", getTestCaseData): null

2018-11-24 11:55:48 - [TEST_STEP][PASSED] - Statement - useractionData = TestCase.getValue("UserAction", getTestCaseData): null

2018-11-24 11:55:48 - [TEST_STEP][PASSED] - Statement - If (!(empty)): null

2018-11-24 11:55:48 - [TEST_STEP][PASSED] - Statement - scenarioData = TestCase.getValue("Modules", getTestCaseData): null

2018-11-24 11:55:48 - [TEST_STEP][PASSED] - Statement - useractionData = TestCase.getValue("UserAction", getTestCaseData): null

2018-11-24 11:55:48 - [TEST_STEP][PASSED] - Statement - If (!(empty)): null

2018-11-24 11:55:48 - [TEST_STEP][PASSED] - Statement - scenarioData = TestCase.getValue("Modules", getTestCaseData): null

2018-11-24 11:55:48 - [TEST_STEP][PASSED] - Statement - useractionData = TestCase.getValue("UserAction", getTestCaseData): null

2018-11-24 11:55:48 - [TEST_STEP][PASSED] - Statement - If (!(empty)): null

2018-11-24 11:55:48 - [TEST_STEP][PASSED] - Statement - scenarioData = TestCase.getValue("Modules", getTestCaseData): null

2018-11-24 11:55:48 - [TEST_STEP][PASSED] - Statement - useractionData = TestCase.getValue("UserAction", getTestCaseData): null

2018-11-24 11:55:48 - [TEST_STEP][PASSED] - Statement - If (!(empty)): null

2018-11-24 11:55:48 - [TEST_STEP][PASSED] - Statement - scenarioData = TestCase.getValue("Modules", getTestCaseData): null

2018-11-24 11:55:48 - [TEST_STEP][PASSED] - Statement - useractionData = TestCase.getValue("UserAction", getTestCaseData): null

2018-11-24 11:55:48 - [TEST_STEP][PASSED] - Statement - If (!(empty)): null

2018-11-24 11:55:48 - [TEST_STEP][PASSED] - Statement - hmap.put(getTestCaseData, scenarioData): null

2018-11-24 11:55:48 - [TEST_STEP][PASSED] - Statement - hmapuserAction.put(getTestCaseData, useractionData): null

2018-11-24 11:55:48 - [TEST_STEP][PASSED] - Statement - scenarioData = TestCase.getValue("Modules", getTestCaseData): null

2018-11-24 11:55:48 - [TEST_STEP][PASSED] - Statement - useractionData = TestCase.getValue("UserAction", getTestCaseData): null

2018-11-24 11:55:48 - [TEST_STEP][PASSED] - Statement - If (!(empty)): null

2018-11-24 11:55:48 - [TEST_STEP][PASSED] - Statement - scenarioData = TestCase.getValue("Modules", getTestCaseData): null

2018-11-24 11:55:48 - [TEST_STEP][PASSED] - Statement - useractionData = TestCase.getValue("UserAction", getTestCaseData): null

2018-11-24 11:55:48 - [TEST_STEP][PASSED] - Statement - If (!(empty)): null

2018-11-24 11:55:48 - [TEST_STEP][PASSED] - Statement - scenarioData = TestCase.getValue("Modules", getTestCaseData): null

2018-11-24 11:55:48 - [TEST_STEP][PASSED] - Statement - useractionData = TestCase.getValue("UserAction", getTestCaseData): null

2018-11-24 11:55:48 - [TEST_STEP][PASSED] - Statement - If (!(empty)): null

2018-11-24 11:55:48 - [TEST_STEP][PASSED] - Statement - scenarioData = TestCase.getValue("Modules", getTestCaseData): null

2018-11-24 11:55:48 - [TEST_STEP][PASSED] - Statement - useractionData = TestCase.getValue("UserAction", getTestCaseData): null

2018-11-24 11:55:48 - [TEST_STEP][PASSED] - Statement - If (!(empty)): null

2018-11-24 11:55:48 - [TEST_STEP][PASSED] - Statement - scenarioData = TestCase.getValue("Modules", getTestCaseData): null

2018-11-24 11:55:48 - [TEST_STEP][PASSED] - Statement - useractionData = TestCase.getValue("UserAction", getTestCaseData): null

2018-11-24 11:55:48 - [TEST_STEP][PASSED] - Statement - If (!(empty)): null

2018-11-24 11:55:48 - [TEST_STEP][PASSED] - Statement - scenarioData = TestCase.getValue("Modules", getTestCaseData): null

2018-11-24 11:55:48 - [TEST_STEP][PASSED] - Statement - useractionData = TestCase.getValue("UserAction", getTestCaseData): null

2018-11-24 11:55:48 - [TEST_STEP][PASSED] - Statement - If (!(empty)): null

2018-11-24 11:55:48 - [TEST_STEP][PASSED] - Statement - scenarioData = TestCase.getValue("Modules", getTestCaseData): null

2018-11-24 11:55:48 - [TEST_STEP][PASSED] - Statement - useractionData = TestCase.getValue("UserAction", getTestCaseData): null

2018-11-24 11:55:48 - [TEST_STEP][PASSED] - Statement - If (!(empty)): null

2018-11-24 11:55:48 - [TEST_STEP][PASSED] - Statement - scenarioData = TestCase.getValue("Modules", getTestCaseData): null

2018-11-24 11:55:48 - [TEST_STEP][PASSED] - Statement - useractionData = TestCase.getValue("UserAction", getTestCaseData): null

2018-11-24 11:55:48 - [TEST_STEP][PASSED] - Statement - If (!(empty)): null

2018-11-24 11:55:48 - [TEST_STEP][PASSED] - Statement - scenarioData = TestCase.getValue("Modules", getTestCaseData): null

2018-11-24 11:55:48 - [TEST_STEP][PASSED] - Statement - useractionData = TestCase.getValue("UserAction", getTestCaseData): null

2018-11-24 11:55:48 - [TEST_STEP][PASSED] - Statement - If (!(empty)): null

2018-11-24 11:55:48 - [TEST_STEP][PASSED] - Statement - scenarioData = TestCase.getValue("Modules", getTestCaseData): null

2018-11-24 11:55:48 - [TEST_STEP][PASSED] - Statement - useractionData = TestCase.getValue("UserAction", getTestCaseData): null

2018-11-24 11:55:48 - [TEST_STEP][PASSED] - Statement - If (!(empty)): null

2018-11-24 11:55:48 - [TEST_STEP][PASSED] - Statement - scenarioData = TestCase.getValue("Modules", getTestCaseData): null

2018-11-24 11:55:48 - [TEST_STEP][PASSED] - Statement - useractionData = TestCase.getValue("UserAction", getTestCaseData): null

2018-11-24 11:55:48 - [TEST_STEP][PASSED] - Statement - If (!(empty)): null

2018-11-24 11:55:48 - [TEST_STEP][PASSED] - Statement - scenarioData = TestCase.getValue("Modules", getTestCaseData): null

2018-11-24 11:55:48 - [TEST_STEP][PASSED] - Statement - useractionData = TestCase.getValue("UserAction", getTestCaseData): null

2018-11-24 11:55:48 - [TEST_STEP][PASSED] - Statement - If (!(empty)): null

2018-11-24 11:55:48 - [TEST_STEP][PASSED] - Statement - scenarioData = TestCase.getValue("Modules", getTestCaseData): null

2018-11-24 11:55:48 - [TEST_STEP][PASSED] - Statement - useractionData = TestCase.getValue("UserAction", getTestCaseData): null

2018-11-24 11:55:48 - [TEST_STEP][PASSED] - Statement - If (!(empty)): null

2018-11-24 11:55:48 - [TEST_STEP][PASSED] - Statement - scenarioData = TestCase.getValue("Modules", getTestCaseData): null

2018-11-24 11:55:48 - [TEST_STEP][PASSED] - Statement - useractionData = TestCase.getValue("UserAction", getTestCaseData): null

2018-11-24 11:55:48 - [TEST_STEP][PASSED] - Statement - If (!(empty)): null

2018-11-24 11:55:48 - [TEST_STEP][PASSED] - Statement - scenarioData = TestCase.getValue("Modules", getTestCaseData): null

2018-11-24 11:55:48 - [TEST_STEP][PASSED] - Statement - useractionData = TestCase.getValue("UserAction", getTestCaseData): null

2018-11-24 11:55:48 - [TEST_STEP][PASSED] - Statement - If (!(empty)): null

2018-11-24 11:55:48 - [TEST_STEP][PASSED] - Statement - scenarioData = TestCase.getValue("Modules", getTestCaseData): null

2018-11-24 11:55:48 - [TEST_STEP][PASSED] - Statement - useractionData = TestCase.getValue("UserAction", getTestCaseData): null

2018-11-24 11:55:48 - [TEST_STEP][PASSED] - Statement - If (!(empty)): null

2018-11-24 11:55:48 - [TEST_STEP][PASSED] - Statement - scenarioData = TestCase.getValue("Modules", getTestCaseData): null

2018-11-24 11:55:48 - [TEST_STEP][PASSED] - Statement - useractionData = TestCase.getValue("UserAction", getTestCaseData): null

2018-11-24 11:55:48 - [TEST_STEP][PASSED] - Statement - If (!(empty)): null

2018-11-24 11:55:48 - [TEST_STEP][PASSED] - Statement - scenarioData = TestCase.getValue("Modules", getTestCaseData): null

2018-11-24 11:55:48 - [TEST_STEP][PASSED] - Statement - useractionData = TestCase.getValue("UserAction", getTestCaseData): null

2018-11-24 11:55:48 - [TEST_STEP][PASSED] - Statement - If (!(empty)): null

2018-11-24 11:55:48 - [TEST_STEP][PASSED] - Statement - scenarioData = TestCase.getValue("Modules", getTestCaseData): null

2018-11-24 11:55:48 - [TEST_STEP][PASSED] - Statement - useractionData = TestCase.getValue("UserAction", getTestCaseData): null

2018-11-24 11:55:48 - [TEST_STEP][PASSED] - Statement - If (!(empty)): null

2018-11-24 11:55:48 - [TEST_STEP][PASSED] - Statement - scenarioData = TestCase.getValue("Modules", getTestCaseData): null

2018-11-24 11:55:48 - [TEST_STEP][PASSED] - Statement - useractionData = TestCase.getValue("UserAction", getTestCaseData): null

2018-11-24 11:55:48 - [TEST_STEP][PASSED] - Statement - If (!(empty)): null

2018-11-24 11:55:48 - [TEST_STEP][PASSED] - Statement - scenarioData = TestCase.getValue("Modules", getTestCaseData): null

2018-11-24 11:55:48 - [TEST_STEP][PASSED] - Statement - useractionData = TestCase.getValue("UserAction", getTestCaseData): null

2018-11-24 11:55:48 - [TEST_STEP][PASSED] - Statement - If (!(empty)): null

2018-11-24 11:55:48 - [TEST_STEP][PASSED] - Statement - scenarioData = TestCase.getValue("Modules", getTestCaseData): null

2018-11-24 11:55:48 - [TEST_STEP][PASSED] - Statement - useractionData = TestCase.getValue("UserAction", getTestCaseData): null

2018-11-24 11:55:48 - [TEST_STEP][PASSED] - Statement - If (!(empty)): null

2018-11-24 11:55:48 - [TEST_STEP][PASSED] - Statement - scenarioData = TestCase.getValue("Modules", getTestCaseData): null

2018-11-24 11:55:48 - [TEST_STEP][PASSED] - Statement - useractionData = TestCase.getValue("UserAction", getTestCaseData): null

2018-11-24 11:55:48 - [TEST_STEP][PASSED] - Statement - If (!(empty)): null

2018-11-24 11:55:48 - [TEST_STEP][PASSED] - Statement - hmap.put(getTestCaseData, scenarioData): null

2018-11-24 11:55:48 - [TEST_STEP][PASSED] - Statement - hmapuserAction.put(getTestCaseData, useractionData): null

2018-11-24 11:55:48 - [TEST_STEP][PASSED] - Statement - scenarioData = TestCase.getValue("Modules", getTestCaseData): null

2018-11-24 11:55:48 - [TEST_STEP][PASSED] - Statement - useractionData = TestCase.getValue("UserAction", getTestCaseData): null

2018-11-24 11:55:48 - [TEST_STEP][PASSED] - Statement - If (!(empty)): null

2018-11-24 11:55:48 - [TEST_STEP][PASSED] - Statement - scenarioData = TestCase.getValue("Modules", getTestCaseData): null

2018-11-24 11:55:48 - [TEST_STEP][PASSED] - Statement - useractionData = TestCase.getValue("UserAction", getTestCaseData): null

2018-11-24 11:55:48 - [TEST_STEP][PASSED] - Statement - If (!(empty)): null

2018-11-24 11:55:48 - [TEST_STEP][PASSED] - Statement - scenarioData = TestCase.getValue("Modules", getTestCaseData): null

2018-11-24 11:55:48 - [TEST_STEP][PASSED] - Statement - useractionData = TestCase.getValue("UserAction", getTestCaseData): null

2018-11-24 11:55:48 - [TEST_STEP][PASSED] - Statement - If (!(empty)): null

2018-11-24 11:55:48 - [TEST_STEP][PASSED] - Statement - scenarioData = TestCase.getValue("Modules", getTestCaseData): null

2018-11-24 11:55:48 - [TEST_STEP][PASSED] - Statement - useractionData = TestCase.getValue("UserAction", getTestCaseData): null

2018-11-24 11:55:48 - [TEST_STEP][PASSED] - Statement - If (!(empty)): null

2018-11-24 11:55:48 - [TEST_STEP][PASSED] - Statement - scenarioData = TestCase.getValue("Modules", getTestCaseData): null

2018-11-24 11:55:48 - [TEST_STEP][PASSED] - Statement - useractionData = TestCase.getValue("UserAction", getTestCaseData): null

2018-11-24 11:55:48 - [TEST_STEP][PASSED] - Statement - If (!(empty)): null

2018-11-24 11:55:48 - [TEST_STEP][PASSED] - Statement - scenarioData = TestCase.getValue("Modules", getTestCaseData): null

2018-11-24 11:55:48 - [TEST_STEP][PASSED] - Statement - useractionData = TestCase.getValue("UserAction", getTestCaseData): null

2018-11-24 11:55:48 - [TEST_STEP][PASSED] - Statement - If (!(empty)): null

2018-11-24 11:55:48 - [TEST_STEP][PASSED] - Statement - scenarioData = TestCase.getValue("Modules", getTestCaseData): null

2018-11-24 11:55:48 - [TEST_STEP][PASSED] - Statement - useractionData = TestCase.getValue("UserAction", getTestCaseData): null

2018-11-24 11:55:48 - [TEST_STEP][PASSED] - Statement - If (!(empty)): null

2018-11-24 11:55:48 - [TEST_STEP][PASSED] - Statement - scenarioData = TestCase.getValue("Modules", getTestCaseData): null

2018-11-24 11:55:48 - [TEST_STEP][PASSED] - Statement - useractionData = TestCase.getValue("UserAction", getTestCaseData): null

2018-11-24 11:55:48 - [TEST_STEP][PASSED] - Statement - If (!(empty)): null

2018-11-24 11:55:48 - [TEST_STEP][PASSED] - Statement - scenarioData = TestCase.getValue("Modules", getTestCaseData): null

2018-11-24 11:55:48 - [TEST_STEP][PASSED] - Statement - useractionData = TestCase.getValue("UserAction", getTestCaseData): null

2018-11-24 11:55:48 - [TEST_STEP][PASSED] - Statement - If (!(empty)): null

2018-11-24 11:55:48 - [TEST_STEP][PASSED] - Statement - scenarioData = TestCase.getValue("Modules", getTestCaseData): null

2018-11-24 11:55:48 - [TEST_STEP][PASSED] - Statement - useractionData = TestCase.getValue("UserAction", getTestCaseData): null

2018-11-24 11:55:48 - [TEST_STEP][PASSED] - Statement - If (!(empty)): null

2018-11-24 11:55:48 - [TEST_STEP][PASSED] - Statement - scenarioData = TestCase.getValue("Modules", getTestCaseData): null

2018-11-24 11:55:48 - [TEST_STEP][PASSED] - Statement - useractionData = TestCase.getValue("UserAction", getTestCaseData): null

2018-11-24 11:55:48 - [TEST_STEP][PASSED] - Statement - If (!(empty)): null

2018-11-24 11:55:48 - [TEST_STEP][PASSED] - Statement - scenarioData = TestCase.getValue("Modules", getTestCaseData): null

2018-11-24 11:55:48 - [TEST_STEP][PASSED] - Statement - useractionData = TestCase.getValue("UserAction", getTestCaseData): null

2018-11-24 11:55:48 - [TEST_STEP][PASSED] - Statement - If (!(empty)): null

2018-11-24 11:55:48 - [TEST_STEP][PASSED] - Statement - scenarioData = TestCase.getValue("Modules", getTestCaseData): null

2018-11-24 11:55:48 - [TEST_STEP][PASSED] - Statement - useractionData = TestCase.getValue("UserAction", getTestCaseData): null

2018-11-24 11:55:48 - [TEST_STEP][PASSED] - Statement - If (!(empty)): null

2018-11-24 11:55:48 - [TEST_STEP][PASSED] - Statement - scenarioData = TestCase.getValue("Modules", getTestCaseData): null

2018-11-24 11:55:48 - [TEST_STEP][PASSED] - Statement - useractionData = TestCase.getValue("UserAction", getTestCaseData): null

2018-11-24 11:55:48 - [TEST_STEP][PASSED] - Statement - If (!(empty)): null

2018-11-24 11:55:48 - [TEST_STEP][PASSED] - Statement - scenarioData = TestCase.getValue("Modules", getTestCaseData): null

2018-11-24 11:55:48 - [TEST_STEP][PASSED] - Statement - useractionData = TestCase.getValue("UserAction", getTestCaseData): null

2018-11-24 11:55:48 - [TEST_STEP][PASSED] - Statement - If (!(empty)): null

2018-11-24 11:55:48 - [TEST_STEP][PASSED] - Statement - scenarioData = TestCase.getValue("Modules", getTestCaseData): null

2018-11-24 11:55:48 - [TEST_STEP][PASSED] - Statement - useractionData = TestCase.getValue("UserAction", getTestCaseData): null

2018-11-24 11:55:48 - [TEST_STEP][PASSED] - Statement - If (!(empty)): null

2018-11-24 11:55:48 - [TEST_STEP][PASSED] - Statement - scenarioData = TestCase.getValue("Modules", getTestCaseData): null

2018-11-24 11:55:48 - [TEST_STEP][PASSED] - Statement - useractionData = TestCase.getValue("UserAction", getTestCaseData): null

2018-11-24 11:55:48 - [TEST_STEP][PASSED] - Statement - If (!(empty)): null

2018-11-24 11:55:48 - [TEST_STEP][PASSED] - Statement - scenarioData = TestCase.getValue("Modules", getTestCaseData): null

2018-11-24 11:55:48 - [TEST_STEP][PASSED] - Statement - useractionData = TestCase.getValue("UserAction", getTestCaseData): null

2018-11-24 11:55:48 - [TEST_STEP][PASSED] - Statement - If (!(empty)): null

2018-11-24 11:55:48 - [TEST_STEP][PASSED] - Statement - scenarioData = TestCase.getValue("Modules", getTestCaseData): null

2018-11-24 11:55:48 - [TEST_STEP][PASSED] - Statement - useractionData = TestCase.getValue("UserAction", getTestCaseData): null

2018-11-24 11:55:48 - [TEST_STEP][PASSED] - Statement - If (!(empty)): null

2018-11-24 11:55:48 - [TEST_STEP][PASSED] - Statement - scenarioData = TestCase.getValue("Modules", getTestCaseData): null

2018-11-24 11:55:48 - [TEST_STEP][PASSED] - Statement - useractionData = TestCase.getValue("UserAction", getTestCaseData): null

2018-11-24 11:55:48 - [TEST_STEP][PASSED] - Statement - If (!(empty)): null

2018-11-24 11:55:48 - [TEST_STEP][PASSED] - Statement - scenarioData = TestCase.getValue("Modules", getTestCaseData): null

2018-11-24 11:55:48 - [TEST_STEP][PASSED] - Statement - useractionData = TestCase.getValue("UserAction", getTestCaseData): null

2018-11-24 11:55:48 - [TEST_STEP][PASSED] - Statement - If (!(empty)): null

2018-11-24 11:55:48 - [TEST_STEP][PASSED] - Statement - scenarioData = TestCase.getValue("Modules", getTestCaseData): null

2018-11-24 11:55:48 - [TEST_STEP][PASSED] - Statement - useractionData = TestCase.getValue("UserAction", getTestCaseData): null

2018-11-24 11:55:48 - [TEST_STEP][PASSED] - Statement - If (!(empty)): null

2018-11-24 11:55:48 - [TEST_STEP][PASSED] - Statement - scenarioData = TestCase.getValue("Modules", getTestCaseData): null

2018-11-24 11:55:48 - [TEST_STEP][PASSED] - Statement - useractionData = TestCase.getValue("UserAction", getTestCaseData): null

2018-11-24 11:55:48 - [TEST_STEP][PASSED] - Statement - If (!(empty)): null

2018-11-24 11:55:48 - [TEST_STEP][PASSED] - Statement - scenarioData = TestCase.getValue("Modules", getTestCaseData): null

2018-11-24 11:55:48 - [TEST_STEP][PASSED] - Statement - useractionData = TestCase.getValue("UserAction", getTestCaseData): null

2018-11-24 11:55:48 - [TEST_STEP][PASSED] - Statement - If (!(empty)): null

2018-11-24 11:55:48 - [TEST_STEP][PASSED] - Statement - scenarioData = TestCase.getValue("Modules", getTestCaseData): null

2018-11-24 11:55:48 - [TEST_STEP][PASSED] - Statement - useractionData = TestCase.getValue("UserAction", getTestCaseData): null

2018-11-24 11:55:48 - [TEST_STEP][PASSED] - Statement - If (!(empty)): null

2018-11-24 11:55:48 - [TEST_STEP][PASSED] - Statement - hmap.put(getTestCaseData, scenarioData): null

2018-11-24 11:55:48 - [TEST_STEP][PASSED] - Statement - hmapuserAction.put(getTestCaseData, useractionData): null

2018-11-24 11:55:48 - [TEST_STEP][PASSED] - Statement - scenarioData = TestCase.getValue("Modules", getTestCaseData): null

2018-11-24 11:55:48 - [TEST_STEP][PASSED] - Statement - useractionData = TestCase.getValue("UserAction", getTestCaseData): null

2018-11-24 11:55:48 - [TEST_STEP][PASSED] - Statement - If (!(empty)): null

2018-11-24 11:55:48 - [TEST_STEP][PASSED] - Statement - scenarioData = TestCase.getValue("Modules", getTestCaseData): null

2018-11-24 11:55:48 - [TEST_STEP][PASSED] - Statement - useractionData = TestCase.getValue("UserAction", getTestCaseData): null

2018-11-24 11:55:48 - [TEST_STEP][PASSED] - Statement - If (!(empty)): null

2018-11-24 11:55:48 - [TEST_STEP][PASSED] - Statement - scenarioData = TestCase.getValue("Modules", getTestCaseData): null

2018-11-24 11:55:48 - [TEST_STEP][PASSED] - Statement - useractionData = TestCase.getValue("UserAction", getTestCaseData): null

2018-11-24 11:55:48 - [TEST_STEP][PASSED] - Statement - If (!(empty)): null

2018-11-24 11:55:48 - [TEST_STEP][PASSED] - Statement - scenarioData = TestCase.getValue("Modules", getTestCaseData): null

2018-11-24 11:55:48 - [TEST_STEP][PASSED] - Statement - useractionData = TestCase.getValue("UserAction", getTestCaseData): null

2018-11-24 11:55:48 - [TEST_STEP][PASSED] - Statement - If (!(empty)): null

2018-11-24 11:55:48 - [TEST_STEP][PASSED] - Statement - scenarioData = TestCase.getValue("Modules", getTestCaseData): null

2018-11-24 11:55:48 - [TEST_STEP][PASSED] - Statement - useractionData = TestCase.getValue("UserAction", getTestCaseData): null

2018-11-24 11:55:48 - [TEST_STEP][PASSED] - Statement - If (!(empty)): null

2018-11-24 11:55:48 - [TEST_STEP][PASSED] - Statement - scenarioData = TestCase.getValue("Modules", getTestCaseData): null

2018-11-24 11:55:48 - [TEST_STEP][PASSED] - Statement - useractionData = TestCase.getValue("UserAction", getTestCaseData): null

2018-11-24 11:55:48 - [TEST_STEP][PASSED] - Statement - If (!(empty)): null

2018-11-24 11:55:48 - [TEST_STEP][PASSED] - Statement - scenarioData = TestCase.getValue("Modules", getTestCaseData): null

2018-11-24 11:55:48 - [TEST_STEP][PASSED] - Statement - useractionData = TestCase.getValue("UserAction", getTestCaseData): null

2018-11-24 11:55:48 - [TEST_STEP][PASSED] - Statement - If (!(empty)): null

2018-11-24 11:55:48 - [TEST_STEP][PASSED] - Statement - scenarioData = TestCase.getValue("Modules", getTestCaseData): null

2018-11-24 11:55:48 - [TEST_STEP][PASSED] - Statement - useractionData = TestCase.getValue("UserAction", getTestCaseData): null

2018-11-24 11:55:48 - [TEST_STEP][PASSED] - Statement - If (!(empty)): null

2018-11-24 11:55:48 - [TEST_STEP][PASSED] - Statement - scenarioData = TestCase.getValue("Modules", getTestCaseData): null

2018-11-24 11:55:48 - [TEST_STEP][PASSED] - Statement - useractionData = TestCase.getValue("UserAction", getTestCaseData): null

2018-11-24 11:55:48 - [TEST_STEP][PASSED] - Statement - If (!(empty)): null

2018-11-24 11:55:48 - [TEST_STEP][PASSED] - Statement - scenarioData = TestCase.getValue("Modules", getTestCaseData): null

2018-11-24 11:55:48 - [TEST_STEP][PASSED] - Statement - useractionData = TestCase.getValue("UserAction", getTestCaseData): null

2018-11-24 11:55:48 - [TEST_STEP][PASSED] - Statement - If (!(empty)): null

2018-11-24 11:55:48 - [TEST_STEP][PASSED] - Statement - scenarioData = TestCase.getValue("Modules", getTestCaseData): null

2018-11-24 11:55:48 - [TEST_STEP][PASSED] - Statement - useractionData = TestCase.getValue("UserAction", getTestCaseData): null

2018-11-24 11:55:48 - [TEST_STEP][PASSED] - Statement - If (!(empty)): null

2018-11-24 11:55:48 - [TEST_STEP][PASSED] - Statement - scenarioData = TestCase.getValue("Modules", getTestCaseData): null

2018-11-24 11:55:48 - [TEST_STEP][PASSED] - Statement - useractionData = TestCase.getValue("UserAction", getTestCaseData): null

2018-11-24 11:55:48 - [TEST_STEP][PASSED] - Statement - If (!(empty)): null

2018-11-24 11:55:48 - [TEST_STEP][PASSED] - Statement - scenarioData = TestCase.getValue("Modules", getTestCaseData): null

2018-11-24 11:55:48 - [TEST_STEP][PASSED] - Statement - useractionData = TestCase.getValue("UserAction", getTestCaseData): null

2018-11-24 11:55:48 - [TEST_STEP][PASSED] - Statement - If (!(empty)): null

2018-11-24 11:55:48 - [TEST_STEP][PASSED] - Statement - scenarioData = TestCase.getValue("Modules", getTestCaseData): null

2018-11-24 11:55:48 - [TEST_STEP][PASSED] - Statement - useractionData = TestCase.getValue("UserAction", getTestCaseData): null

2018-11-24 11:55:48 - [TEST_STEP][PASSED] - Statement - If (!(empty)): null

2018-11-24 11:55:48 - [TEST_STEP][PASSED] - Statement - scenarioData = TestCase.getValue("Modules", getTestCaseData): null

2018-11-24 11:55:48 - [TEST_STEP][PASSED] - Statement - useractionData = TestCase.getValue("UserAction", getTestCaseData): null

2018-11-24 11:55:48 - [TEST_STEP][PASSED] - Statement - If (!(empty)): null

2018-11-24 11:55:48 - [TEST_STEP][PASSED] - Statement - scenarioData = TestCase.getValue("Modules", getTestCaseData): null

2018-11-24 11:55:48 - [TEST_STEP][PASSED] - Statement - useractionData = TestCase.getValue("UserAction", getTestCaseData): null

2018-11-24 11:55:48 - [TEST_STEP][PASSED] - Statement - If (!(empty)): null

2018-11-24 11:55:48 - [TEST_STEP][PASSED] - Statement - scenarioData = TestCase.getValue("Modules", getTestCaseData): null

2018-11-24 11:55:48 - [TEST_STEP][PASSED] - Statement - useractionData = TestCase.getValue("UserAction", getTestCaseData): null

2018-11-24 11:55:48 - [TEST_STEP][PASSED] - Statement - If (!(empty)): null

2018-11-24 11:55:48 - [TEST_STEP][PASSED] - Statement - scenarioData = TestCase.getValue("Modules", getTestCaseData): null

2018-11-24 11:55:48 - [TEST_STEP][PASSED] - Statement - useractionData = TestCase.getValue("UserAction", getTestCaseData): null

2018-11-24 11:55:48 - [TEST_STEP][PASSED] - Statement - If (!(empty)): null

2018-11-24 11:55:48 - [TEST_STEP][PASSED] - Statement - scenarioData = TestCase.getValue("Modules", getTestCaseData): null

2018-11-24 11:55:48 - [TEST_STEP][PASSED] - Statement - useractionData = TestCase.getValue("UserAction", getTestCaseData): null

2018-11-24 11:55:48 - [TEST_STEP][PASSED] - Statement - If (!(empty)): null

2018-11-24 11:55:48 - [TEST_STEP][PASSED] - Statement - hmap.put(getTestCaseData, scenarioData): null

2018-11-24 11:55:48 - [TEST_STEP][PASSED] - Statement - hmapuserAction.put(getTestCaseData, useractionData): null

2018-11-24 11:55:48 - [TEST_STEP][PASSED] - Statement - scenarioData = TestCase.getValue("Modules", getTestCaseData): null

2018-11-24 11:55:48 - [TEST_STEP][PASSED] - Statement - useractionData = TestCase.getValue("UserAction", getTestCaseData): null

2018-11-24 11:55:48 - [TEST_STEP][PASSED] - Statement - If (!(empty)): null

2018-11-24 11:55:48 - [TEST_STEP][PASSED] - Statement - scenarioData = TestCase.getValue("Modules", getTestCaseData): null

2018-11-24 11:55:48 - [TEST_STEP][PASSED] - Statement - useractionData = TestCase.getValue("UserAction", getTestCaseData): null

2018-11-24 11:55:48 - [TEST_STEP][PASSED] - Statement - If (!(empty)): null

2018-11-24 11:55:48 - [TEST_STEP][PASSED] - Statement - scenarioData = TestCase.getValue("Modules", getTestCaseData): null

2018-11-24 11:55:48 - [TEST_STEP][PASSED] - Statement - useractionData = TestCase.getValue("UserAction", getTestCaseData): null

2018-11-24 11:55:48 - [TEST_STEP][PASSED] - Statement - If (!(empty)): null

2018-11-24 11:55:48 - [TEST_STEP][PASSED] - Statement - scenarioData = TestCase.getValue("Modules", getTestCaseData): null

2018-11-24 11:55:48 - [TEST_STEP][PASSED] - Statement - useractionData = TestCase.getValue("UserAction", getTestCaseData): null

2018-11-24 11:55:48 - [TEST_STEP][PASSED] - Statement - If (!(empty)): null

2018-11-24 11:55:48 - [TEST_STEP][PASSED] - Statement - scenarioData = TestCase.getValue("Modules", getTestCaseData): null

2018-11-24 11:55:48 - [TEST_STEP][PASSED] - Statement - useractionData = TestCase.getValue("UserAction", getTestCaseData): null

2018-11-24 11:55:48 - [TEST_STEP][PASSED] - Statement - If (!(empty)): null

2018-11-24 11:55:48 - [TEST_STEP][PASSED] - Statement - scenarioData = TestCase.getValue("Modules", getTestCaseData): null

2018-11-24 11:55:48 - [TEST_STEP][PASSED] - Statement - useractionData = TestCase.getValue("UserAction", getTestCaseData): null

2018-11-24 11:55:48 - [TEST_STEP][PASSED] - Statement - If (!(empty)): null

2018-11-24 11:55:48 - [TEST_STEP][PASSED] - Statement - scenarioData = TestCase.getValue("Modules", getTestCaseData): null

2018-11-24 11:55:48 - [TEST_STEP][PASSED] - Statement - useractionData = TestCase.getValue("UserAction", getTestCaseData): null

2018-11-24 11:55:48 - [TEST_STEP][PASSED] - Statement - If (!(empty)): null

2018-11-24 11:55:48 - [TEST_STEP][PASSED] - Statement - scenarioData = TestCase.getValue("Modules", getTestCaseData): null

2018-11-24 11:55:48 - [TEST_STEP][PASSED] - Statement - useractionData = TestCase.getValue("UserAction", getTestCaseData): null

2018-11-24 11:55:48 - [TEST_STEP][PASSED] - Statement - If (!(empty)): null

2018-11-24 11:55:48 - [TEST_STEP][PASSED] - Statement - scenarioData = TestCase.getValue("Modules", getTestCaseData): null

2018-11-24 11:55:48 - [TEST_STEP][PASSED] - Statement - useractionData = TestCase.getValue("UserAction", getTestCaseData): null

2018-11-24 11:55:48 - [TEST_STEP][PASSED] - Statement - If (!(empty)): null

2018-11-24 11:55:48 - [TEST_STEP][PASSED] - Statement - scenarioData = TestCase.getValue("Modules", getTestCaseData): null

2018-11-24 11:55:48 - [TEST_STEP][PASSED] - Statement - useractionData = TestCase.getValue("UserAction", getTestCaseData): null

2018-11-24 11:55:48 - [TEST_STEP][PASSED] - Statement - If (!(empty)): null

2018-11-24 11:55:48 - [TEST_STEP][PASSED] - Statement - scenarioData = TestCase.getValue("Modules", getTestCaseData): null

2018-11-24 11:55:48 - [TEST_STEP][PASSED] - Statement - useractionData = TestCase.getValue("UserAction", getTestCaseData): null

2018-11-24 11:55:48 - [TEST_STEP][PASSED] - Statement - If (!(empty)): null

2018-11-24 11:55:48 - [TEST_STEP][PASSED] - Statement - scenarioData = TestCase.getValue("Modules", getTestCaseData): null

2018-11-24 11:55:48 - [TEST_STEP][PASSED] - Statement - useractionData = TestCase.getValue("UserAction", getTestCaseData): null

2018-11-24 11:55:48 - [TEST_STEP][PASSED] - Statement - If (!(empty)): null

2018-11-24 11:55:48 - [TEST_STEP][PASSED] - Statement - scenarioData = TestCase.getValue("Modules", getTestCaseData): null

2018-11-24 11:55:48 - [TEST_STEP][PASSED] - Statement - useractionData = TestCase.getValue("UserAction", getTestCaseData): null

2018-11-24 11:55:48 - [TEST_STEP][PASSED] - Statement - If (!(empty)): null

2018-11-24 11:55:48 - [TEST_STEP][PASSED] - Statement - scenarioData = TestCase.getValue("Modules", getTestCaseData): null

2018-11-24 11:55:48 - [TEST_STEP][PASSED] - Statement - useractionData = TestCase.getValue("UserAction", getTestCaseData): null

2018-11-24 11:55:48 - [TEST_STEP][PASSED] - Statement - If (!(empty)): null

2018-11-24 11:55:48 - [TEST_STEP][PASSED] - Statement - scenarioData = TestCase.getValue("Modules", getTestCaseData): null

2018-11-24 11:55:48 - [TEST_STEP][PASSED] - Statement - useractionData = TestCase.getValue("UserAction", getTestCaseData): null

2018-11-24 11:55:48 - [TEST_STEP][PASSED] - Statement - If (!(empty)): null

2018-11-24 11:55:48 - [TEST_STEP][PASSED] - Statement - scenarioData = TestCase.getValue("Modules", getTestCaseData): null

2018-11-24 11:55:48 - [TEST_STEP][PASSED] - Statement - useractionData = TestCase.getValue("UserAction", getTestCaseData): null

2018-11-24 11:55:48 - [TEST_STEP][PASSED] - Statement - If (!(empty)): null

2018-11-24 11:55:48 - [TEST_STEP][PASSED] - Statement - scenarioData = TestCase.getValue("Modules", getTestCaseData): null

2018-11-24 11:55:48 - [TEST_STEP][PASSED] - Statement - useractionData = TestCase.getValue("UserAction", getTestCaseData): null

2018-11-24 11:55:48 - [TEST_STEP][PASSED] - Statement - If (!(empty)): null

2018-11-24 11:55:48 - [TEST_STEP][PASSED] - Statement - scenarioData = TestCase.getValue("Modules", getTestCaseData): null

2018-11-24 11:55:48 - [TEST_STEP][PASSED] - Statement - useractionData = TestCase.getValue("UserAction", getTestCaseData): null

2018-11-24 11:55:48 - [TEST_STEP][PASSED] - Statement - If (!(empty)): null

2018-11-24 11:55:48 - [TEST_STEP][PASSED] - Statement - hmap.put(getTestCaseData, scenarioData): null

2018-11-24 11:55:48 - [TEST_STEP][PASSED] - Statement - hmapuserAction.put(getTestCaseData, useractionData): null

2018-11-24 11:55:48 - [TEST_STEP][PASSED] - Statement - scenarioData = TestCase.getValue("Modules", getTestCaseData): null

2018-11-24 11:55:48 - [TEST_STEP][PASSED] - Statement - useractionData = TestCase.getValue("UserAction", getTestCaseData): null

2018-11-24 11:55:48 - [TEST_STEP][PASSED] - Statement - If (!(empty)): null

2018-11-24 11:55:48 - [TEST_STEP][PASSED] - Statement - scenarioData = TestCase.getValue("Modules", getTestCaseData): null

2018-11-24 11:55:48 - [TEST_STEP][PASSED] - Statement - useractionData = TestCase.getValue("UserAction", getTestCaseData): null

2018-11-24 11:55:48 - [TEST_STEP][PASSED] - Statement - If (!(empty)): null

2018-11-24 11:55:48 - [TEST_STEP][PASSED] - Statement - scenarioData = TestCase.getValue("Modules", getTestCaseData): null

2018-11-24 11:55:48 - [TEST_STEP][PASSED] - Statement - useractionData = TestCase.getValue("UserAction", getTestCaseData): null

2018-11-24 11:55:48 - [TEST_STEP][PASSED] - Statement - If (!(empty)): null

2018-11-24 11:55:48 - [TEST_STEP][PASSED] - Statement - scenarioData = TestCase.getValue("Modules", getTestCaseData): null

2018-11-24 11:55:48 - [TEST_STEP][PASSED] - Statement - useractionData = TestCase.getValue("UserAction", getTestCaseData): null

2018-11-24 11:55:48 - [TEST_STEP][PASSED] - Statement - If (!(empty)): null

2018-11-24 11:55:48 - [TEST_STEP][PASSED] - Statement - scenarioData = TestCase.getValue("Modules", getTestCaseData): null

2018-11-24 11:55:48 - [TEST_STEP][PASSED] - Statement - useractionData = TestCase.getValue("UserAction", getTestCaseData): null

2018-11-24 11:55:48 - [TEST_STEP][PASSED] - Statement - If (!(empty)): null

2018-11-24 11:55:48 - [TEST_STEP][PASSED] - Statement - scenarioData = TestCase.getValue("Modules", getTestCaseData): null

2018-11-24 11:55:48 - [TEST_STEP][PASSED] - Statement - useractionData = TestCase.getValue("UserAction", getTestCaseData): null

2018-11-24 11:55:48 - [TEST_STEP][PASSED] - Statement - If (!(empty)): null

2018-11-24 11:55:48 - [TEST_STEP][PASSED] - Statement - scenarioData = TestCase.getValue("Modules", getTestCaseData): null

2018-11-24 11:55:48 - [TEST_STEP][PASSED] - Statement - useractionData = TestCase.getValue("UserAction", getTestCaseData): null

2018-11-24 11:55:48 - [TEST_STEP][PASSED] - Statement - If (!(empty)): null

2018-11-24 11:55:48 - [TEST_STEP][PASSED] - Statement - scenarioData = TestCase.getValue("Modules", getTestCaseData): null

2018-11-24 11:55:48 - [TEST_STEP][PASSED] - Statement - useractionData = TestCase.getValue("UserAction", getTestCaseData): null

2018-11-24 11:55:48 - [TEST_STEP][PASSED] - Statement - If (!(empty)): null

2018-11-24 11:55:48 - [TEST_STEP][PASSED] - Statement - scenarioData = TestCase.getValue("Modules", getTestCaseData): null

2018-11-24 11:55:48 - [TEST_STEP][PASSED] - Statement - useractionData = TestCase.getValue("UserAction", getTestCaseData): null

2018-11-24 11:55:48 - [TEST_STEP][PASSED] - Statement - If (!(empty)): null

2018-11-24 11:55:48 - [TEST_STEP][PASSED] - Statement - scenarioData = TestCase.getValue("Modules", getTestCaseData): null

2018-11-24 11:55:48 - [TEST_STEP][PASSED] - Statement - useractionData = TestCase.getValue("UserAction", getTestCaseData): null

2018-11-24 11:55:48 - [TEST_STEP][PASSED] - Statement - If (!(empty)): null

2018-11-24 11:55:48 - [TEST_STEP][PASSED] - Statement - scenarioData = TestCase.getValue("Modules", getTestCaseData): null

2018-11-24 11:55:48 - [TEST_STEP][PASSED] - Statement - useractionData = TestCase.getValue("UserAction", getTestCaseData): null

2018-11-24 11:55:48 - [TEST_STEP][PASSED] - Statement - If (!(empty)): null

2018-11-24 11:55:48 - [TEST_STEP][PASSED] - Statement - scenarioData = TestCase.getValue("Modules", getTestCaseData): null

2018-11-24 11:55:48 - [TEST_STEP][PASSED] - Statement - useractionData = TestCase.getValue("UserAction", getTestCaseData): null

2018-11-24 11:55:48 - [TEST_STEP][PASSED] - Statement - If (!(empty)): null

2018-11-24 11:55:48 - [TEST_STEP][PASSED] - Statement - scenarioData = TestCase.getValue("Modules", getTestCaseData): null

2018-11-24 11:55:48 - [TEST_STEP][PASSED] - Statement - useractionData = TestCase.getValue("UserAction", getTestCaseData): null

2018-11-24 11:55:48 - [TEST_STEP][PASSED] - Statement - If (!(empty)): null

2018-11-24 11:55:48 - [TEST_STEP][PASSED] - Statement - scenarioData = TestCase.getValue("Modules", getTestCaseData): null

2018-11-24 11:55:48 - [TEST_STEP][PASSED] - Statement - useractionData = TestCase.getValue("UserAction", getTestCaseData): null

2018-11-24 11:55:48 - [TEST_STEP][PASSED] - Statement - If (!(empty)): null

2018-11-24 11:55:48 - [TEST_STEP][PASSED] - Statement - scenarioData = TestCase.getValue("Modules", getTestCaseData): null

2018-11-24 11:55:48 - [TEST_STEP][PASSED] - Statement - useractionData = TestCase.getValue("UserAction", getTestCaseData): null

2018-11-24 11:55:48 - [TEST_STEP][PASSED] - Statement - If (!(empty)): null

2018-11-24 11:55:48 - [TEST_STEP][PASSED] - Statement - scenarioData = TestCase.getValue("Modules", getTestCaseData): null

2018-11-24 11:55:48 - [TEST_STEP][PASSED] - Statement - useractionData = TestCase.getValue("UserAction", getTestCaseData): null

2018-11-24 11:55:48 - [TEST_STEP][PASSED] - Statement - If (!(empty)): null

2018-11-24 11:55:48 - [TEST_STEP][PASSED] - Statement - scenarioData = TestCase.getValue("Modules", getTestCaseData): null

2018-11-24 11:55:48 - [TEST_STEP][PASSED] - Statement - useractionData = TestCase.getValue("UserAction", getTestCaseData): null

2018-11-24 11:55:48 - [TEST_STEP][PASSED] - Statement - If (!(empty)): null

2018-11-24 11:55:48 - [TEST_STEP][PASSED] - Statement - scenarioData = TestCase.getValue("Modules", getTestCaseData): null

2018-11-24 11:55:48 - [TEST_STEP][PASSED] - Statement - useractionData = TestCase.getValue("UserAction", getTestCaseData): null

2018-11-24 11:55:48 - [TEST_STEP][PASSED] - Statement - If (!(empty)): null

2018-11-24 11:55:48 - [TEST_STEP][PASSED] - Statement - scenarioData = TestCase.getValue("Modules", getTestCaseData): null

2018-11-24 11:55:48 - [TEST_STEP][PASSED] - Statement - useractionData = TestCase.getValue("UserAction", getTestCaseData): null

2018-11-24 11:55:48 - [TEST_STEP][PASSED] - Statement - If (!(empty)): null

2018-11-24 11:55:48 - [TEST_STEP][PASSED] - Statement - scenarioData = TestCase.getValue("Modules", getTestCaseData): null

2018-11-24 11:55:48 - [TEST_STEP][PASSED] - Statement - useractionData = TestCase.getValue("UserAction", getTestCaseData): null

2018-11-24 11:55:48 - [TEST_STEP][PASSED] - Statement - If (!(empty)): null

2018-11-24 11:55:48 - [TEST_STEP][PASSED] - Statement - scenarioData = TestCase.getValue("Modules", getTestCaseData): null

2018-11-24 11:55:48 - [TEST_STEP][PASSED] - Statement - useractionData = TestCase.getValue("UserAction", getTestCaseData): null

2018-11-24 11:55:48 - [TEST_STEP][PASSED] - Statement - If (!(empty)): null

2018-11-24 11:55:48 - [TEST_STEP][PASSED] - Statement - scenarioData = TestCase.getValue("Modules", getTestCaseData): null

2018-11-24 11:55:48 - [TEST_STEP][PASSED] - Statement - useractionData = TestCase.getValue("UserAction", getTestCaseData): null

2018-11-24 11:55:48 - [TEST_STEP][PASSED] - Statement - If (!(empty)): null

2018-11-24 11:55:48 - [TEST_STEP][PASSED] - Statement - scenarioData = TestCase.getValue("Modules", getTestCaseData): null

2018-11-24 11:55:48 - [TEST_STEP][PASSED] - Statement - useractionData = TestCase.getValue("UserAction", getTestCaseData): null

2018-11-24 11:55:48 - [TEST_STEP][PASSED] - Statement - If (!(empty)): null

2018-11-24 11:55:48 - [TEST_STEP][PASSED] - Statement - scenarioData = TestCase.getValue("Modules", getTestCaseData): null

2018-11-24 11:55:48 - [TEST_STEP][PASSED] - Statement - useractionData = TestCase.getValue("UserAction", getTestCaseData): null

2018-11-24 11:55:48 - [TEST_STEP][PASSED] - Statement - If (!(empty)): null

2018-11-24 11:55:48 - [TEST_STEP][PASSED] - Statement - scenarioData = TestCase.getValue("Modules", getTestCaseData): null

2018-11-24 11:55:48 - [TEST_STEP][PASSED] - Statement - useractionData = TestCase.getValue("UserAction", getTestCaseData): null

2018-11-24 11:55:48 - [TEST_STEP][PASSED] - Statement - If (!(empty)): null

2018-11-24 11:55:48 - [TEST_STEP][PASSED] - Statement - scenarioData = TestCase.getValue("Modules", getTestCaseData): null

2018-11-24 11:55:48 - [TEST_STEP][PASSED] - Statement - useractionData = TestCase.getValue("UserAction", getTestCaseData): null

2018-11-24 11:55:48 - [TEST_STEP][PASSED] - Statement - If (!(empty)): null

2018-11-24 11:55:48 - [TEST_STEP][PASSED] - Statement - hmap.put(getTestCaseData, scenarioData): null

2018-11-24 11:55:48 - [TEST_STEP][PASSED] - Statement - hmapuserAction.put(getTestCaseData, useractionData): null

2018-11-24 11:55:48 - [TEST_STEP][PASSED] - Statement - scenarioData = TestCase.getValue("Modules", getTestCaseData): null

2018-11-24 11:55:48 - [TEST_STEP][PASSED] - Statement - useractionData = TestCase.getValue("UserAction", getTestCaseData): null

2018-11-24 11:55:48 - [TEST_STEP][PASSED] - Statement - If (!(empty)): null

2018-11-24 11:55:48 - [TEST_STEP][PASSED] - Statement - scenarioData = TestCase.getValue("Modules", getTestCaseData): null

2018-11-24 11:55:48 - [TEST_STEP][PASSED] - Statement - useractionData = TestCase.getValue("UserAction", getTestCaseData): null

2018-11-24 11:55:48 - [TEST_STEP][PASSED] - Statement - If (!(empty)): null

2018-11-24 11:55:48 - [TEST_STEP][PASSED] - Statement - scenarioData = TestCase.getValue("Modules", getTestCaseData): null

2018-11-24 11:55:48 - [TEST_STEP][PASSED] - Statement - useractionData = TestCase.getValue("UserAction", getTestCaseData): null

2018-11-24 11:55:48 - [TEST_STEP][PASSED] - Statement - If (!(empty)): null

2018-11-24 11:55:48 - [TEST_STEP][PASSED] - Statement - scenarioData = TestCase.getValue("Modules", getTestCaseData): null

2018-11-24 11:55:48 - [TEST_STEP][PASSED] - Statement - useractionData = TestCase.getValue("UserAction", getTestCaseData): null

2018-11-24 11:55:48 - [TEST_STEP][PASSED] - Statement - If (!(empty)): null

2018-11-24 11:55:48 - [TEST_STEP][PASSED] - Statement - scenarioData = TestCase.getValue("Modules", getTestCaseData): null

2018-11-24 11:55:48 - [TEST_STEP][PASSED] - Statement - useractionData = TestCase.getValue("UserAction", getTestCaseData): null

2018-11-24 11:55:48 - [TEST_STEP][PASSED] - Statement - If (!(empty)): null

2018-11-24 11:55:48 - [TEST_STEP][PASSED] - Statement - scenarioData = TestCase.getValue("Modules", getTestCaseData): null

2018-11-24 11:55:48 - [TEST_STEP][PASSED] - Statement - useractionData = TestCase.getValue("UserAction", getTestCaseData): null

2018-11-24 11:55:48 - [TEST_STEP][PASSED] - Statement - If (!(empty)): null

2018-11-24 11:55:48 - [TEST_STEP][PASSED] - Statement - scenarioData = TestCase.getValue("Modules", getTestCaseData): null

2018-11-24 11:55:48 - [TEST_STEP][PASSED] - Statement - useractionData = TestCase.getValue("UserAction", getTestCaseData): null

2018-11-24 11:55:48 - [TEST_STEP][PASSED] - Statement - If (!(empty)): null

2018-11-24 11:55:48 - [TEST_STEP][PASSED] - Statement - scenarioData = TestCase.getValue("Modules", getTestCaseData): null

2018-11-24 11:55:48 - [TEST_STEP][PASSED] - Statement - useractionData = TestCase.getValue("UserAction", getTestCaseData): null

2018-11-24 11:55:48 - [TEST_STEP][PASSED] - Statement - If (!(empty)): null

2018-11-24 11:55:48 - [TEST_STEP][PASSED] - Statement - scenarioData = TestCase.getValue("Modules", getTestCaseData): null

2018-11-24 11:55:48 - [TEST_STEP][PASSED] - Statement - useractionData = TestCase.getValue("UserAction", getTestCaseData): null

2018-11-24 11:55:48 - [TEST_STEP][PASSED] - Statement - If (!(empty)): null

2018-11-24 11:55:48 - [TEST_STEP][PASSED] - Statement - scenarioData = TestCase.getValue("Modules", getTestCaseData): null

2018-11-24 11:55:48 - [TEST_STEP][PASSED] - Statement - useractionData = TestCase.getValue("UserAction", getTestCaseData): null

2018-11-24 11:55:48 - [TEST_STEP][PASSED] - Statement - If (!(empty)): null

2018-11-24 11:55:48 - [TEST_STEP][PASSED] - Statement - scenarioData = TestCase.getValue("Modules", getTestCaseData): null

2018-11-24 11:55:48 - [TEST_STEP][PASSED] - Statement - useractionData = TestCase.getValue("UserAction", getTestCaseData): null

2018-11-24 11:55:48 - [TEST_STEP][PASSED] - Statement - If (!(empty)): null

2018-11-24 11:55:48 - [TEST_STEP][PASSED] - Statement - scenarioData = TestCase.getValue("Modules", getTestCaseData): null

2018-11-24 11:55:48 - [TEST_STEP][PASSED] - Statement - useractionData = TestCase.getValue("UserAction", getTestCaseData): null

2018-11-24 11:55:48 - [TEST_STEP][PASSED] - Statement - If (!(empty)): null

2018-11-24 11:55:48 - [TEST_STEP][PASSED] - Statement - scenarioData = TestCase.getValue("Modules", getTestCaseData): null

2018-11-24 11:55:48 - [TEST_STEP][PASSED] - Statement - useractionData = TestCase.getValue("UserAction", getTestCaseData): null

2018-11-24 11:55:48 - [TEST_STEP][PASSED] - Statement - If (!(empty)): null

2018-11-24 11:55:48 - [TEST_STEP][PASSED] - Statement - scenarioData = TestCase.getValue("Modules", getTestCaseData): null

2018-11-24 11:55:48 - [TEST_STEP][PASSED] - Statement - useractionData = TestCase.getValue("UserAction", getTestCaseData): null

2018-11-24 11:55:48 - [TEST_STEP][PASSED] - Statement - If (!(empty)): null

2018-11-24 11:55:48 - [TEST_STEP][PASSED] - Statement - scenarioData = TestCase.getValue("Modules", getTestCaseData): null

2018-11-24 11:55:48 - [TEST_STEP][PASSED] - Statement - useractionData = TestCase.getValue("UserAction", getTestCaseData): null

2018-11-24 11:55:48 - [TEST_STEP][PASSED] - Statement - If (!(empty)): null

2018-11-24 11:55:48 - [TEST_STEP][PASSED] - Statement - scenarioData = TestCase.getValue("Modules", getTestCaseData): null

2018-11-24 11:55:48 - [TEST_STEP][PASSED] - Statement - useractionData = TestCase.getValue("UserAction", getTestCaseData): null

2018-11-24 11:55:48 - [TEST_STEP][PASSED] - Statement - If (!(empty)): null

2018-11-24 11:55:48 - [TEST_STEP][PASSED] - Statement - scenarioData = TestCase.getValue("Modules", getTestCaseData): null

2018-11-24 11:55:48 - [TEST_STEP][PASSED] - Statement - useractionData = TestCase.getValue("UserAction", getTestCaseData): null

2018-11-24 11:55:48 - [TEST_STEP][PASSED] - Statement - If (!(empty)): null

2018-11-24 11:55:48 - [TEST_STEP][PASSED] - Statement - scenarioData = TestCase.getValue("Modules", getTestCaseData): null

2018-11-24 11:55:48 - [TEST_STEP][PASSED] - Statement - useractionData = TestCase.getValue("UserAction", getTestCaseData): null

2018-11-24 11:55:48 - [TEST_STEP][PASSED] - Statement - If (!(empty)): null

2018-11-24 11:55:48 - [TEST_STEP][PASSED] - Statement - scenarioData = TestCase.getValue("Modules", getTestCaseData): null

2018-11-24 11:55:48 - [TEST_STEP][PASSED] - Statement - useractionData = TestCase.getValue("UserAction", getTestCaseData): null

2018-11-24 11:55:48 - [TEST_STEP][PASSED] - Statement - If (!(empty)): null

2018-11-24 11:55:48 - [TEST_STEP][PASSED] - Statement - scenarioData = TestCase.getValue("Modules", getTestCaseData): null

2018-11-24 11:55:48 - [TEST_STEP][PASSED] - Statement - useractionData = TestCase.getValue("UserAction", getTestCaseData): null

2018-11-24 11:55:48 - [TEST_STEP][PASSED] - Statement - If (!(empty)): null

2018-11-24 11:55:48 - [TEST_STEP][PASSED] - Statement - scenarioData = TestCase.getValue("Modules", getTestCaseData): null

2018-11-24 11:55:48 - [TEST_STEP][PASSED] - Statement - useractionData = TestCase.getValue("UserAction", getTestCaseData): null

2018-11-24 11:55:48 - [TEST_STEP][PASSED] - Statement - If (!(empty)): null

2018-11-24 11:55:48 - [TEST_STEP][PASSED] - Statement - scenarioData = TestCase.getValue("Modules", getTestCaseData): null

2018-11-24 11:55:48 - [TEST_STEP][PASSED] - Statement - useractionData = TestCase.getValue("UserAction", getTestCaseData): null

2018-11-24 11:55:48 - [TEST_STEP][PASSED] - Statement - If (!(empty)): null

2018-11-24 11:55:48 - [TEST_STEP][PASSED] - Statement - scenarioData = TestCase.getValue("Modules", getTestCaseData): null

2018-11-24 11:55:48 - [TEST_STEP][PASSED] - Statement - useractionData = TestCase.getValue("UserAction", getTestCaseData): null

2018-11-24 11:55:48 - [TEST_STEP][PASSED] - Statement - If (!(empty)): null

2018-11-24 11:55:48 - [TEST_STEP][PASSED] - Statement - scenarioData = TestCase.getValue("Modules", getTestCaseData): null

2018-11-24 11:55:48 - [TEST_STEP][PASSED] - Statement - useractionData = TestCase.getValue("UserAction", getTestCaseData): null

2018-11-24 11:55:48 - [TEST_STEP][PASSED] - Statement - If (!(empty)): null

2018-11-24 11:55:48 - [TEST_STEP][PASSED] - Statement - scenarioData = TestCase.getValue("Modules", getTestCaseData): null

2018-11-24 11:55:48 - [TEST_STEP][PASSED] - Statement - useractionData = TestCase.getValue("UserAction", getTestCaseData): null

2018-11-24 11:55:48 - [TEST_STEP][PASSED] - Statement - If (!(empty)): null

2018-11-24 11:55:48 - [TEST_STEP][PASSED] - Statement - scenarioData = TestCase.getValue("Modules", getTestCaseData): null

2018-11-24 11:55:48 - [TEST_STEP][PASSED] - Statement - useractionData = TestCase.getValue("UserAction", getTestCaseData): null

2018-11-24 11:55:48 - [TEST_STEP][PASSED] - Statement - If (!(empty)): null

2018-11-24 11:55:48 - [TEST_STEP][PASSED] - Statement - scenarioData = TestCase.getValue("Modules", getTestCaseData): null

2018-11-24 11:55:48 - [TEST_STEP][PASSED] - Statement - useractionData = TestCase.getValue("UserAction", getTestCaseData): null

2018-11-24 11:55:48 - [TEST_STEP][PASSED] - Statement - If (!(empty)): null

2018-11-24 11:55:48 - [TEST_STEP][PASSED] - Statement - scenarioData = TestCase.getValue("Modules", getTestCaseData): null

2018-11-24 11:55:48 - [TEST_STEP][PASSED] - Statement - useractionData = TestCase.getValue("UserAction", getTestCaseData): null

2018-11-24 11:55:48 - [TEST_STEP][PASSED] - Statement - If (!(empty)): null

2018-11-24 11:55:48 - [TEST_STEP][PASSED] - Statement - scenarioData = TestCase.getValue("Modules", getTestCaseData): null

2018-11-24 11:55:48 - [TEST_STEP][PASSED] - Statement - useractionData = TestCase.getValue("UserAction", getTestCaseData): null

2018-11-24 11:55:48 - [TEST_STEP][PASSED] - Statement - If (!(empty)): null

2018-11-24 11:55:48 - [TEST_STEP][PASSED] - Statement - scenarioData = TestCase.getValue("Modules", getTestCaseData): null

2018-11-24 11:55:48 - [TEST_STEP][PASSED] - Statement - useractionData = TestCase.getValue("UserAction", getTestCaseData): null

2018-11-24 11:55:48 - [TEST_STEP][PASSED] - Statement - If (!(empty)): null

2018-11-24 11:55:48 - [TEST_STEP][PASSED] - Statement - hmap.put(getTestCaseData, scenarioData): null

2018-11-24 11:55:48 - [TEST_STEP][PASSED] - Statement - hmapuserAction.put(getTestCaseData, useractionData): null

2018-11-24 11:55:48 - [TEST_STEP][PASSED] - Statement - scenarioData = TestCase.getValue("Modules", getTestCaseData): null

2018-11-24 11:55:48 - [TEST_STEP][PASSED] - Statement - useractionData = TestCase.getValue("UserAction", getTestCaseData): null

2018-11-24 11:55:48 - [TEST_STEP][PASSED] - Statement - If (!(empty)): null

2018-11-24 11:55:48 - [TEST_STEP][PASSED] - Statement - scenarioData = TestCase.getValue("Modules", getTestCaseData): null

2018-11-24 11:55:48 - [TEST_STEP][PASSED] - Statement - useractionData = TestCase.getValue("UserAction", getTestCaseData): null

2018-11-24 11:55:48 - [TEST_STEP][PASSED] - Statement - If (!(empty)): null

2018-11-24 11:55:48 - [TEST_STEP][PASSED] - Statement - scenarioData = TestCase.getValue("Modules", getTestCaseData): null

2018-11-24 11:55:48 - [TEST_STEP][PASSED] - Statement - useractionData = TestCase.getValue("UserAction", getTestCaseData): null

2018-11-24 11:55:48 - [TEST_STEP][PASSED] - Statement - If (!(empty)): null

2018-11-24 11:55:48 - [TEST_STEP][PASSED] - Statement - scenarioData = TestCase.getValue("Modules", getTestCaseData): null

2018-11-24 11:55:48 - [TEST_STEP][PASSED] - Statement - useractionData = TestCase.getValue("UserAction", getTestCaseData): null

2018-11-24 11:55:48 - [TEST_STEP][PASSED] - Statement - If (!(empty)): null

2018-11-24 11:55:48 - [TEST_STEP][PASSED] - Statement - scenarioData = TestCase.getValue("Modules", getTestCaseData): null

2018-11-24 11:55:48 - [TEST_STEP][PASSED] - Statement - useractionData = TestCase.getValue("UserAction", getTestCaseData): null

2018-11-24 11:55:48 - [TEST_STEP][PASSED] - Statement - If (!(empty)): null

2018-11-24 11:55:48 - [TEST_STEP][PASSED] - Statement - scenarioData = TestCase.getValue("Modules", getTestCaseData): null

2018-11-24 11:55:49 - [TEST_STEP][PASSED] - Statement - useractionData = TestCase.getValue("UserAction", getTestCaseData): null

2018-11-24 11:55:49 - [TEST_STEP][PASSED] - Statement - If (!(empty)): null

2018-11-24 11:55:49 - [TEST_STEP][PASSED] - Statement - scenarioData = TestCase.getValue("Modules", getTestCaseData): null

2018-11-24 11:55:49 - [TEST_STEP][PASSED] - Statement - useractionData = TestCase.getValue("UserAction", getTestCaseData): null

2018-11-24 11:55:49 - [TEST_STEP][PASSED] - Statement - If (!(empty)): null

2018-11-24 11:55:49 - [TEST_STEP][PASSED] - Statement - scenarioData = TestCase.getValue("Modules", getTestCaseData): null

2018-11-24 11:55:49 - [TEST_STEP][PASSED] - Statement - useractionData = TestCase.getValue("UserAction", getTestCaseData): null

2018-11-24 11:55:49 - [TEST_STEP][PASSED] - Statement - If (!(empty)): null

2018-11-24 11:55:49 - [TEST_STEP][PASSED] - Statement - scenarioData = TestCase.getValue("Modules", getTestCaseData): null

2018-11-24 11:55:49 - [TEST_STEP][PASSED] - Statement - useractionData = TestCase.getValue("UserAction", getTestCaseData): null

2018-11-24 11:55:49 - [TEST_STEP][PASSED] - Statement - If (!(empty)): null

2018-11-24 11:55:49 - [TEST_STEP][PASSED] - Statement - scenarioData = TestCase.getValue("Modules", getTestCaseData): null

2018-11-24 11:55:49 - [TEST_STEP][PASSED] - Statement - useractionData = TestCase.getValue("UserAction", getTestCaseData): null

2018-11-24 11:55:49 - [TEST_STEP][PASSED] - Statement - If (!(empty)): null

2018-11-24 11:55:49 - [TEST_STEP][PASSED] - Statement - scenarioData = TestCase.getValue("Modules", getTestCaseData): null

2018-11-24 11:55:49 - [TEST_STEP][PASSED] - Statement - useractionData = TestCase.getValue("UserAction", getTestCaseData): null

2018-11-24 11:55:49 - [TEST_STEP][PASSED] - Statement - If (!(empty)): null

2018-11-24 11:55:49 - [TEST_STEP][PASSED] - Statement - scenarioData = TestCase.getValue("Modules", getTestCaseData): null

2018-11-24 11:55:49 - [TEST_STEP][PASSED] - Statement - useractionData = TestCase.getValue("UserAction", getTestCaseData): null

2018-11-24 11:55:49 - [TEST_STEP][PASSED] - Statement - If (!(empty)): null

2018-11-24 11:55:49 - [TEST_STEP][PASSED] - Statement - scenarioData = TestCase.getValue("Modules", getTestCaseData): null

2018-11-24 11:55:49 - [TEST_STEP][PASSED] - Statement - useractionData = TestCase.getValue("UserAction", getTestCaseData): null

2018-11-24 11:55:49 - [TEST_STEP][PASSED] - Statement - If (!(empty)): null

2018-11-24 11:55:49 - [TEST_STEP][PASSED] - Statement - scenarioData = TestCase.getValue("Modules", getTestCaseData): null

2018-11-24 11:55:49 - [TEST_STEP][PASSED] - Statement - useractionData = TestCase.getValue("UserAction", getTestCaseData): null

2018-11-24 11:55:49 - [TEST_STEP][PASSED] - Statement - If (!(empty)): null

2018-11-24 11:55:49 - [TEST_STEP][PASSED] - Statement - scenarioData = TestCase.getValue("Modules", getTestCaseData): null

2018-11-24 11:55:49 - [TEST_STEP][PASSED] - Statement - useractionData = TestCase.getValue("UserAction", getTestCaseData): null

2018-11-24 11:55:49 - [TEST_STEP][PASSED] - Statement - If (!(empty)): null

2018-11-24 11:55:49 - [TEST_STEP][PASSED] - Statement - scenarioData = TestCase.getValue("Modules", getTestCaseData): null

2018-11-24 11:55:49 - [TEST_STEP][PASSED] - Statement - useractionData = TestCase.getValue("UserAction", getTestCaseData): null

2018-11-24 11:55:49 - [TEST_STEP][PASSED] - Statement - If (!(empty)): null

2018-11-24 11:55:49 - [TEST_STEP][PASSED] - Statement - scenarioData = TestCase.getValue("Modules", getTestCaseData): null

2018-11-24 11:55:49 - [TEST_STEP][PASSED] - Statement - useractionData = TestCase.getValue("UserAction", getTestCaseData): null

2018-11-24 11:55:49 - [TEST_STEP][PASSED] - Statement - If (!(empty)): null

2018-11-24 11:55:49 - [TEST_STEP][PASSED] - Statement - scenarioData = TestCase.getValue("Modules", getTestCaseData): null

2018-11-24 11:55:49 - [TEST_STEP][PASSED] - Statement - useractionData = TestCase.getValue("UserAction", getTestCaseData): null

2018-11-24 11:55:49 - [TEST_STEP][PASSED] - Statement - If (!(empty)): null

2018-11-24 11:55:49 - [TEST_STEP][PASSED] - Statement - hmap.put(getTestCaseData, scenarioData): null

2018-11-24 11:55:49 - [TEST_STEP][PASSED] - Statement - hmapuserAction.put(getTestCaseData, useractionData): null

2018-11-24 11:55:49 - [TEST_STEP][PASSED] - Statement - scenarioData = TestCase.getValue("Modules", getTestCaseData): null

2018-11-24 11:55:49 - [TEST_STEP][PASSED] - Statement - useractionData = TestCase.getValue("UserAction", getTestCaseData): null

2018-11-24 11:55:49 - [TEST_STEP][PASSED] - Statement - If (!(empty)): null

2018-11-24 11:55:49 - [TEST_STEP][PASSED] - Statement - scenarioData = TestCase.getValue("Modules", getTestCaseData): null

2018-11-24 11:55:49 - [TEST_STEP][PASSED] - Statement - useractionData = TestCase.getValue("UserAction", getTestCaseData): null

2018-11-24 11:55:49 - [TEST_STEP][PASSED] - Statement - If (!(empty)): null

2018-11-24 11:55:49 - [TEST_STEP][PASSED] - Statement - scenarioData = TestCase.getValue("Modules", getTestCaseData): null

2018-11-24 11:55:49 - [TEST_STEP][PASSED] - Statement - useractionData = TestCase.getValue("UserAction", getTestCaseData): null

2018-11-24 11:55:49 - [TEST_STEP][PASSED] - Statement - If (!(empty)): null

2018-11-24 11:55:49 - [TEST_STEP][PASSED] - Statement - scenarioData = TestCase.getValue("Modules", getTestCaseData): null

2018-11-24 11:55:49 - [TEST_STEP][PASSED] - Statement - useractionData = TestCase.getValue("UserAction", getTestCaseData): null

2018-11-24 11:55:49 - [TEST_STEP][PASSED] - Statement - If (!(empty)): null

2018-11-24 11:55:49 - [TEST_STEP][PASSED] - Statement - scenarioData = TestCase.getValue("Modules", getTestCaseData): null

2018-11-24 11:55:49 - [TEST_STEP][PASSED] - Statement - useractionData = TestCase.getValue("UserAction", getTestCaseData): null

2018-11-24 11:55:49 - [TEST_STEP][PASSED] - Statement - If (!(empty)): null

2018-11-24 11:55:49 - [TEST_STEP][PASSED] - Statement - scenarioData = TestCase.getValue("Modules", getTestCaseData): null

2018-11-24 11:55:49 - [TEST_STEP][PASSED] - Statement - useractionData = TestCase.getValue("UserAction", getTestCaseData): null

2018-11-24 11:55:49 - [TEST_STEP][PASSED] - Statement - If (!(empty)): null

2018-11-24 11:55:49 - [TEST_STEP][PASSED] - Statement - scenarioData = TestCase.getValue("Modules", getTestCaseData): null

2018-11-24 11:55:49 - [TEST_STEP][PASSED] - Statement - useractionData = TestCase.getValue("UserAction", getTestCaseData): null

2018-11-24 11:55:49 - [TEST_STEP][PASSED] - Statement - If (!(empty)): null

2018-11-24 11:55:49 - [TEST_STEP][PASSED] - Statement - scenarioData = TestCase.getValue("Modules", getTestCaseData): null

2018-11-24 11:55:49 - [TEST_STEP][PASSED] - Statement - useractionData = TestCase.getValue("UserAction", getTestCaseData): null

2018-11-24 11:55:49 - [TEST_STEP][PASSED] - Statement - If (!(empty)): null

2018-11-24 11:55:49 - [TEST_STEP][PASSED] - Statement - scenarioData = TestCase.getValue("Modules", getTestCaseData): null

2018-11-24 11:55:49 - [TEST_STEP][PASSED] - Statement - useractionData = TestCase.getValue("UserAction", getTestCaseData): null

2018-11-24 11:55:49 - [TEST_STEP][PASSED] - Statement - If (!(empty)): null

2018-11-24 11:55:49 - [TEST_STEP][PASSED] - Statement - scenarioData = TestCase.getValue("Modules", getTestCaseData): null

2018-11-24 11:55:49 - [TEST_STEP][PASSED] - Statement - useractionData = TestCase.getValue("UserAction", getTestCaseData): null

2018-11-24 11:55:49 - [TEST_STEP][PASSED] - Statement - If (!(empty)): null

2018-11-24 11:55:49 - [TEST_STEP][PASSED] - Statement - scenarioData = TestCase.getValue("Modules", getTestCaseData): null

2018-11-24 11:55:49 - [TEST_STEP][PASSED] - Statement - useractionData = TestCase.getValue("UserAction", getTestCaseData): null

2018-11-24 11:55:49 - [TEST_STEP][PASSED] - Statement - If (!(empty)): null

2018-11-24 11:55:49 - [TEST_STEP][PASSED] - Statement - scenarioData = TestCase.getValue("Modules", getTestCaseData): null

2018-11-24 11:55:49 - [TEST_STEP][PASSED] - Statement - useractionData = TestCase.getValue("UserAction", getTestCaseData): null

2018-11-24 11:55:49 - [TEST_STEP][PASSED] - Statement - If (!(empty)): null

2018-11-24 11:55:49 - [TEST_STEP][PASSED] - Statement - scenarioData = TestCase.getValue("Modules", getTestCaseData): null

2018-11-24 11:55:49 - [TEST_STEP][PASSED] - Statement - useractionData = TestCase.getValue("UserAction", getTestCaseData): null

2018-11-24 11:55:49 - [TEST_STEP][PASSED] - Statement - If (!(empty)): null

2018-11-24 11:55:49 - [TEST_STEP][PASSED] - Statement - scenarioData = TestCase.getValue("Modules", getTestCaseData): null

2018-11-24 11:55:49 - [TEST_STEP][PASSED] - Statement - useractionData = TestCase.getValue("UserAction", getTestCaseData): null

2018-11-24 11:55:49 - [TEST_STEP][PASSED] - Statement - If (!(empty)): null

2018-11-24 11:55:49 - [TEST_STEP][PASSED] - Statement - scenarioData = TestCase.getValue("Modules", getTestCaseData): null

2018-11-24 11:55:49 - [TEST_STEP][PASSED] - Statement - useractionData = TestCase.getValue("UserAction", getTestCaseData): null

2018-11-24 11:55:49 - [TEST_STEP][PASSED] - Statement - If (!(empty)): null

2018-11-24 11:55:49 - [TEST_STEP][PASSED] - Statement - scenarioData = TestCase.getValue("Modules", getTestCaseData): null

2018-11-24 11:55:49 - [TEST_STEP][PASSED] - Statement - useractionData = TestCase.getValue("UserAction", getTestCaseData): null

2018-11-24 11:55:49 - [TEST_STEP][PASSED] - Statement - If (!(empty)): null

2018-11-24 11:55:49 - [TEST_STEP][PASSED] - Statement - scenarioData = TestCase.getValue("Modules", getTestCaseData): null

2018-11-24 11:55:49 - [TEST_STEP][PASSED] - Statement - useractionData = TestCase.getValue("UserAction", getTestCaseData): null

2018-11-24 11:55:49 - [TEST_STEP][PASSED] - Statement - If (!(empty)): null

2018-11-24 11:55:49 - [TEST_STEP][PASSED] - Statement - scenarioData = TestCase.getValue("Modules", getTestCaseData): null

2018-11-24 11:55:49 - [TEST_STEP][PASSED] - Statement - useractionData = TestCase.getValue("UserAction", getTestCaseData): null

2018-11-24 11:55:49 - [TEST_STEP][PASSED] - Statement - If (!(empty)): null

2018-11-24 11:55:49 - [TEST_STEP][PASSED] - Statement - scenarioData = TestCase.getValue("Modules", getTestCaseData): null

2018-11-24 11:55:49 - [TEST_STEP][PASSED] - Statement - useractionData = TestCase.getValue("UserAction", getTestCaseData): null

2018-11-24 11:55:49 - [TEST_STEP][PASSED] - Statement - If (!(empty)): null

2018-11-24 11:55:49 - [TEST_STEP][PASSED] - Statement - scenarioData = TestCase.getValue("Modules", getTestCaseData): null

2018-11-24 11:55:49 - [TEST_STEP][PASSED] - Statement - useractionData = TestCase.getValue("UserAction", getTestCaseData): null

2018-11-24 11:55:49 - [TEST_STEP][PASSED] - Statement - If (!(empty)): null

2018-11-24 11:55:49 - [TEST_STEP][PASSED] - Statement - scenarioData = TestCase.getValue("Modules", getTestCaseData): null

2018-11-24 11:55:49 - [TEST_STEP][PASSED] - Statement - useractionData = TestCase.getValue("UserAction", getTestCaseData): null

2018-11-24 11:55:49 - [TEST_STEP][PASSED] - Statement - If (!(empty)): null

2018-11-24 11:55:49 - [TEST_STEP][PASSED] - Statement - scenarioData = TestCase.getValue("Modules", getTestCaseData): null

2018-11-24 11:55:49 - [TEST_STEP][PASSED] - Statement - useractionData = TestCase.getValue("UserAction", getTestCaseData): null

2018-11-24 11:55:49 - [TEST_STEP][PASSED] - Statement - If (!(empty)): null

2018-11-24 11:55:49 - [TEST_STEP][PASSED] - Statement - hmap.put(getTestCaseData, scenarioData): null

2018-11-24 11:55:49 - [TEST_STEP][PASSED] - Statement - hmapuserAction.put(getTestCaseData, useractionData): null

2018-11-24 11:55:49 - [TEST_STEP][PASSED] - Statement - scenarioData = TestCase.getValue("Modules", getTestCaseData): null

2018-11-24 11:55:49 - [TEST_STEP][PASSED] - Statement - useractionData = TestCase.getValue("UserAction", getTestCaseData): null

2018-11-24 11:55:49 - [TEST_STEP][PASSED] - Statement - If (!(empty)): null

2018-11-24 11:55:49 - [TEST_STEP][PASSED] - Statement - scenarioData = TestCase.getValue("Modules", getTestCaseData): null

2018-11-24 11:55:49 - [TEST_STEP][PASSED] - Statement - useractionData = TestCase.getValue("UserAction", getTestCaseData): null

2018-11-24 11:55:49 - [TEST_STEP][PASSED] - Statement - If (!(empty)): null

2018-11-24 11:55:49 - [TEST_STEP][PASSED] - Statement - scenarioData = TestCase.getValue("Modules", getTestCaseData): null

2018-11-24 11:55:49 - [TEST_STEP][PASSED] - Statement - useractionData = TestCase.getValue("UserAction", getTestCaseData): null

2018-11-24 11:55:49 - [TEST_STEP][PASSED] - Statement - If (!(empty)): null

2018-11-24 11:55:49 - [TEST_STEP][PASSED] - Statement - scenarioData = TestCase.getValue("Modules", getTestCaseData): null

2018-11-24 11:55:49 - [TEST_STEP][PASSED] - Statement - useractionData = TestCase.getValue("UserAction", getTestCaseData): null

2018-11-24 11:55:49 - [TEST_STEP][PASSED] - Statement - If (!(empty)): null

2018-11-24 11:55:49 - [TEST_STEP][PASSED] - Statement - scenarioData = TestCase.getValue("Modules", getTestCaseData): null

2018-11-24 11:55:49 - [TEST_STEP][PASSED] - Statement - useractionData = TestCase.getValue("UserAction", getTestCaseData): null

2018-11-24 11:55:49 - [TEST_STEP][PASSED] - Statement - If (!(empty)): null

2018-11-24 11:55:49 - [TEST_STEP][PASSED] - Statement - scenarioData = TestCase.getValue("Modules", getTestCaseData): null

2018-11-24 11:55:49 - [TEST_STEP][PASSED] - Statement - useractionData = TestCase.getValue("UserAction", getTestCaseData): null

2018-11-24 11:55:49 - [TEST_STEP][PASSED] - Statement - If (!(empty)): null

2018-11-24 11:55:49 - [TEST_STEP][PASSED] - Statement - scenarioData = TestCase.getValue("Modules", getTestCaseData): null

2018-11-24 11:55:49 - [TEST_STEP][PASSED] - Statement - useractionData = TestCase.getValue("UserAction", getTestCaseData): null

2018-11-24 11:55:49 - [TEST_STEP][PASSED] - Statement - If (!(empty)): null

2018-11-24 11:55:49 - [TEST_STEP][PASSED] - Statement - scenarioData = TestCase.getValue("Modules", getTestCaseData): null

2018-11-24 11:55:49 - [TEST_STEP][PASSED] - Statement - useractionData = TestCase.getValue("UserAction", getTestCaseData): null

2018-11-24 11:55:49 - [TEST_STEP][PASSED] - Statement - If (!(empty)): null

2018-11-24 11:55:49 - [TEST_STEP][PASSED] - Statement - scenarioData = TestCase.getValue("Modules", getTestCaseData): null

2018-11-24 11:55:49 - [TEST_STEP][PASSED] - Statement - useractionData = TestCase.getValue("UserAction", getTestCaseData): null

2018-11-24 11:55:49 - [TEST_STEP][PASSED] - Statement - If (!(empty)): null

2018-11-24 11:55:49 - [TEST_STEP][PASSED] - Statement - scenarioData = TestCase.getValue("Modules", getTestCaseData): null

2018-11-24 11:55:49 - [TEST_STEP][PASSED] - Statement - useractionData = TestCase.getValue("UserAction", getTestCaseData): null

2018-11-24 11:55:49 - [TEST_STEP][PASSED] - Statement - If (!(empty)): null

2018-11-24 11:55:49 - [TEST_STEP][PASSED] - Statement - scenarioData = TestCase.getValue("Modules", getTestCaseData): null

2018-11-24 11:55:49 - [TEST_STEP][PASSED] - Statement - useractionData = TestCase.getValue("UserAction", getTestCaseData): null

2018-11-24 11:55:49 - [TEST_STEP][PASSED] - Statement - If (!(empty)): null

2018-11-24 11:55:49 - [TEST_STEP][PASSED] - Statement - scenarioData = TestCase.getValue("Modules", getTestCaseData): null

2018-11-24 11:55:49 - [TEST_STEP][PASSED] - Statement - useractionData = TestCase.getValue("UserAction", getTestCaseData): null

2018-11-24 11:55:49 - [TEST_STEP][PASSED] - Statement - If (!(empty)): null

2018-11-24 11:55:49 - [TEST_STEP][PASSED] - Statement - scenarioData = TestCase.getValue("Modules", getTestCaseData): null

2018-11-24 11:55:49 - [TEST_STEP][PASSED] - Statement - useractionData = TestCase.getValue("UserAction", getTestCaseData): null

2018-11-24 11:55:49 - [TEST_STEP][PASSED] - Statement - If (!(empty)): null

2018-11-24 11:55:49 - [TEST_STEP][PASSED] - Statement - hmap.put(getTestCaseData, scenarioData): null

2018-11-24 11:55:49 - [TEST_STEP][PASSED] - Statement - hmapuserAction.put(getTestCaseData, useractionData): null

2018-11-24 11:55:49 - [TEST_STEP][PASSED] - Statement - scenarioData = TestCase.getValue("Modules", getTestCaseData): null

2018-11-24 11:55:49 - [TEST_STEP][PASSED] - Statement - useractionData = TestCase.getValue("UserAction", getTestCaseData): null

2018-11-24 11:55:49 - [TEST_STEP][PASSED] - Statement - If (!(empty)): null

2018-11-24 11:55:49 - [TEST_STEP][PASSED] - Statement - scenarioData = TestCase.getValue("Modules", getTestCaseData): null

2018-11-24 11:55:49 - [TEST_STEP][PASSED] - Statement - useractionData = TestCase.getValue("UserAction", getTestCaseData): null

2018-11-24 11:55:49 - [TEST_STEP][PASSED] - Statement - If (!(empty)): null

2018-11-24 11:55:49 - [TEST_STEP][PASSED] - Statement - scenarioData = TestCase.getValue("Modules", getTestCaseData): null

2018-11-24 11:55:49 - [TEST_STEP][PASSED] - Statement - useractionData = TestCase.getValue("UserAction", getTestCaseData): null

2018-11-24 11:55:49 - [TEST_STEP][PASSED] - Statement - If (!(empty)): null

2018-11-24 11:55:49 - [TEST_STEP][PASSED] - Statement - scenarioData = TestCase.getValue("Modules", getTestCaseData): null

2018-11-24 11:55:49 - [TEST_STEP][PASSED] - Statement - useractionData = TestCase.getValue("UserAction", getTestCaseData): null

2018-11-24 11:55:49 - [TEST_STEP][PASSED] - Statement - If (!(empty)): null

2018-11-24 11:55:49 - [TEST_STEP][PASSED] - Statement - scenarioData = TestCase.getValue("Modules", getTestCaseData): null

2018-11-24 11:55:49 - [TEST_STEP][PASSED] - Statement - useractionData = TestCase.getValue("UserAction", getTestCaseData): null

2018-11-24 11:55:49 - [TEST_STEP][PASSED] - Statement - If (!(empty)): null

2018-11-24 11:55:49 - [TEST_STEP][PASSED] - Statement - scenarioData = TestCase.getValue("Modules", getTestCaseData): null

2018-11-24 11:55:49 - [TEST_STEP][PASSED] - Statement - useractionData = TestCase.getValue("UserAction", getTestCaseData): null

2018-11-24 11:55:49 - [TEST_STEP][PASSED] - Statement - If (!(empty)): null

2018-11-24 11:55:49 - [TEST_STEP][PASSED] - Statement - scenarioData = TestCase.getValue("Modules", getTestCaseData): null

2018-11-24 11:55:49 - [TEST_STEP][PASSED] - Statement - useractionData = TestCase.getValue("UserAction", getTestCaseData): null

2018-11-24 11:55:49 - [TEST_STEP][PASSED] - Statement - If (!(empty)): null

2018-11-24 11:55:49 - [TEST_STEP][PASSED] - Statement - scenarioData = TestCase.getValue("Modules", getTestCaseData): null

2018-11-24 11:55:49 - [TEST_STEP][PASSED] - Statement - useractionData = TestCase.getValue("UserAction", getTestCaseData): null

2018-11-24 11:55:49 - [TEST_STEP][PASSED] - Statement - If (!(empty)): null

2018-11-24 11:55:49 - [TEST_STEP][PASSED] - Statement - scenarioData = TestCase.getValue("Modules", getTestCaseData): null

2018-11-24 11:55:49 - [TEST_STEP][PASSED] - Statement - useractionData = TestCase.getValue("UserAction", getTestCaseData): null

2018-11-24 11:55:49 - [TEST_STEP][PASSED] - Statement - If (!(empty)): null

2018-11-24 11:55:49 - [TEST_STEP][PASSED] - Statement - scenarioData = TestCase.getValue("Modules", getTestCaseData): null

2018-11-24 11:55:49 - [TEST_STEP][PASSED] - Statement - useractionData = TestCase.getValue("UserAction", getTestCaseData): null

2018-11-24 11:55:49 - [TEST_STEP][PASSED] - Statement - If (!(empty)): null

2018-11-24 11:55:49 - [TEST_STEP][PASSED] - Statement - scenarioData = TestCase.getValue("Modules", getTestCaseData): null

2018-11-24 11:55:49 - [TEST_STEP][PASSED] - Statement - useractionData = TestCase.getValue("UserAction", getTestCaseData): null

2018-11-24 11:55:49 - [TEST_STEP][PASSED] - Statement - If (!(empty)): null

2018-11-24 11:55:49 - [TEST_STEP][PASSED] - Statement - scenarioData = TestCase.getValue("Modules", getTestCaseData): null

2018-11-24 11:55:49 - [TEST_STEP][PASSED] - Statement - useractionData = TestCase.getValue("UserAction", getTestCaseData): null

2018-11-24 11:55:49 - [TEST_STEP][PASSED] - Statement - If (!(empty)): null

2018-11-24 11:55:49 - [TEST_STEP][PASSED] - Statement - scenarioData = TestCase.getValue("Modules", getTestCaseData): null

2018-11-24 11:55:49 - [TEST_STEP][PASSED] - Statement - useractionData = TestCase.getValue("UserAction", getTestCaseData): null

2018-11-24 11:55:49 - [TEST_STEP][PASSED] - Statement - If (!(empty)): null

2018-11-24 11:55:49 - [TEST_STEP][PASSED] - Statement - scenarioData = TestCase.getValue("Modules", getTestCaseData): null

2018-11-24 11:55:49 - [TEST_STEP][PASSED] - Statement - useractionData = TestCase.getValue("UserAction", getTestCaseData): null

2018-11-24 11:55:49 - [TEST_STEP][PASSED] - Statement - If (!(empty)): null

2018-11-24 11:55:49 - [TEST_STEP][PASSED] - Statement - hmap.put(getTestCaseData, scenarioData): null

2018-11-24 11:55:49 - [TEST_STEP][PASSED] - Statement - hmapuserAction.put(getTestCaseData, useractionData): null

2018-11-24 11:55:49 - [TEST_STEP][PASSED] - Statement - scenarioData = TestCase.getValue("Modules", getTestCaseData): null

2018-11-24 11:55:49 - [TEST_STEP][PASSED] - Statement - useractionData = TestCase.getValue("UserAction", getTestCaseData): null

2018-11-24 11:55:49 - [TEST_STEP][PASSED] - Statement - If (!(empty)): null

2018-11-24 11:55:49 - [TEST_STEP][PASSED] - Statement - scenarioData = TestCase.getValue("Modules", getTestCaseData): null

2018-11-24 11:55:49 - [TEST_STEP][PASSED] - Statement - useractionData = TestCase.getValue("UserAction", getTestCaseData): null

2018-11-24 11:55:49 - [TEST_STEP][PASSED] - Statement - If (!(empty)): null

2018-11-24 11:55:49 - [TEST_STEP][PASSED] - Statement - scenarioData = TestCase.getValue("Modules", getTestCaseData): null

2018-11-24 11:55:49 - [TEST_STEP][PASSED] - Statement - useractionData = TestCase.getValue("UserAction", getTestCaseData): null

2018-11-24 11:55:49 - [TEST_STEP][PASSED] - Statement - If (!(empty)): null

2018-11-24 11:55:49 - [TEST_STEP][PASSED] - Statement - scenarioData = TestCase.getValue("Modules", getTestCaseData): null

2018-11-24 11:55:49 - [TEST_STEP][PASSED] - Statement - useractionData = TestCase.getValue("UserAction", getTestCaseData): null

2018-11-24 11:55:49 - [TEST_STEP][PASSED] - Statement - If (!(empty)): null

2018-11-24 11:55:49 - [TEST_STEP][PASSED] - Statement - scenarioData = TestCase.getValue("Modules", getTestCaseData): null

2018-11-24 11:55:49 - [TEST_STEP][PASSED] - Statement - useractionData = TestCase.getValue("UserAction", getTestCaseData): null

2018-11-24 11:55:49 - [TEST_STEP][PASSED] - Statement - If (!(empty)): null

2018-11-24 11:55:49 - [TEST_STEP][PASSED] - Statement - scenarioData = TestCase.getValue("Modules", getTestCaseData): null

2018-11-24 11:55:49 - [TEST_STEP][PASSED] - Statement - useractionData = TestCase.getValue("UserAction", getTestCaseData): null

2018-11-24 11:55:49 - [TEST_STEP][PASSED] - Statement - If (!(empty)): null

2018-11-24 11:55:49 - [TEST_STEP][PASSED] - Statement - scenarioData = TestCase.getValue("Modules", getTestCaseData): null

2018-11-24 11:55:49 - [TEST_STEP][PASSED] - Statement - useractionData = TestCase.getValue("UserAction", getTestCaseData): null

2018-11-24 11:55:49 - [TEST_STEP][PASSED] - Statement - If (!(empty)): null

2018-11-24 11:55:49 - [TEST_STEP][PASSED] - Statement - scenarioData = TestCase.getValue("Modules", getTestCaseData): null

2018-11-24 11:55:49 - [TEST_STEP][PASSED] - Statement - useractionData = TestCase.getValue("UserAction", getTestCaseData): null

2018-11-24 11:55:49 - [TEST_STEP][PASSED] - Statement - If (!(empty)): null

2018-11-24 11:55:49 - [TEST_STEP][PASSED] - Statement - scenarioData = TestCase.getValue("Modules", getTestCaseData): null

2018-11-24 11:55:49 - [TEST_STEP][PASSED] - Statement - useractionData = TestCase.getValue("UserAction", getTestCaseData): null

2018-11-24 11:55:49 - [TEST_STEP][PASSED] - Statement - If (!(empty)): null

2018-11-24 11:55:49 - [TEST_STEP][PASSED] - Statement - scenarioData = TestCase.getValue("Modules", getTestCaseData): null

2018-11-24 11:55:49 - [TEST_STEP][PASSED] - Statement - useractionData = TestCase.getValue("UserAction", getTestCaseData): null

2018-11-24 11:55:49 - [TEST_STEP][PASSED] - Statement - If (!(empty)): null

2018-11-24 11:55:49 - [TEST_STEP][PASSED] - Statement - scenarioData = TestCase.getValue("Modules", getTestCaseData): null

2018-11-24 11:55:49 - [TEST_STEP][PASSED] - Statement - useractionData = TestCase.getValue("UserAction", getTestCaseData): null

2018-11-24 11:55:49 - [TEST_STEP][PASSED] - Statement - If (!(empty)): null

2018-11-24 11:55:49 - [TEST_STEP][PASSED] - Statement - scenarioData = TestCase.getValue("Modules", getTestCaseData): null

2018-11-24 11:55:49 - [TEST_STEP][PASSED] - Statement - useractionData = TestCase.getValue("UserAction", getTestCaseData): null

2018-11-24 11:55:49 - [TEST_STEP][PASSED] - Statement - If (!(empty)): null

2018-11-24 11:55:49 - [TEST_STEP][PASSED] - Statement - scenarioData = TestCase.getValue("Modules", getTestCaseData): null

2018-11-24 11:55:49 - [TEST_STEP][PASSED] - Statement - useractionData = TestCase.getValue("UserAction", getTestCaseData): null

2018-11-24 11:55:49 - [TEST_STEP][PASSED] - Statement - If (!(empty)): null

2018-11-24 11:55:49 - [TEST_STEP][PASSED] - Statement - scenarioData = TestCase.getValue("Modules", getTestCaseData): null

2018-11-24 11:55:49 - [TEST_STEP][PASSED] - Statement - useractionData = TestCase.getValue("UserAction", getTestCaseData): null

2018-11-24 11:55:49 - [TEST_STEP][PASSED] - Statement - If (!(empty)): null

2018-11-24 11:55:49 - [TEST_STEP][PASSED] - Statement - scenarioData = TestCase.getValue("Modules", getTestCaseData): null

2018-11-24 11:55:49 - [TEST_STEP][PASSED] - Statement - useractionData = TestCase.getValue("UserAction", getTestCaseData): null

2018-11-24 11:55:49 - [TEST_STEP][PASSED] - Statement - If (!(empty)): null

2018-11-24 11:55:49 - [TEST_STEP][PASSED] - Statement - scenarioData = TestCase.getValue("Modules", getTestCaseData): null

2018-11-24 11:55:49 - [TEST_STEP][PASSED] - Statement - useractionData = TestCase.getValue("UserAction", getTestCaseData): null

2018-11-24 11:55:49 - [TEST_STEP][PASSED] - Statement - If (!(empty)): null

2018-11-24 11:55:49 - [TEST_STEP][PASSED] - Statement - scenarioData = TestCase.getValue("Modules", getTestCaseData): null

2018-11-24 11:55:49 - [TEST_STEP][PASSED] - Statement - useractionData = TestCase.getValue("UserAction", getTestCaseData): null

2018-11-24 11:55:49 - [TEST_STEP][PASSED] - Statement - If (!(empty)): null

2018-11-24 11:55:49 - [TEST_STEP][PASSED] - Statement - scenarioData = TestCase.getValue("Modules", getTestCaseData): null

2018-11-24 11:55:49 - [TEST_STEP][PASSED] - Statement - useractionData = TestCase.getValue("UserAction", getTestCaseData): null

2018-11-24 11:55:49 - [TEST_STEP][PASSED] - Statement - If (!(empty)): null

2018-11-24 11:55:49 - [TEST_STEP][PASSED] - Statement - scenarioData = TestCase.getValue("Modules", getTestCaseData): null

2018-11-24 11:55:49 - [TEST_STEP][PASSED] - Statement - useractionData = TestCase.getValue("UserAction", getTestCaseData): null

2018-11-24 11:55:49 - [TEST_STEP][PASSED] - Statement - If (!(empty)): null

2018-11-24 11:55:49 - [TEST_STEP][PASSED] - Statement - scenarioData = TestCase.getValue("Modules", getTestCaseData): null

2018-11-24 11:55:49 - [TEST_STEP][PASSED] - Statement - useractionData = TestCase.getValue("UserAction", getTestCaseData): null

2018-11-24 11:55:49 - [TEST_STEP][PASSED] - Statement - If (!(empty)): null

2018-11-24 11:55:49 - [TEST_STEP][PASSED] - Statement - scenarioData = TestCase.getValue("Modules", getTestCaseData): null

2018-11-24 11:55:49 - [TEST_STEP][PASSED] - Statement - useractionData = TestCase.getValue("UserAction", getTestCaseData): null

2018-11-24 11:55:49 - [TEST_STEP][PASSED] - Statement - If (!(empty)): null

2018-11-24 11:55:49 - [TEST_STEP][PASSED] - Statement - scenarioData = TestCase.getValue("Modules", getTestCaseData): null

2018-11-24 11:55:49 - [TEST_STEP][PASSED] - Statement - useractionData = TestCase.getValue("UserAction", getTestCaseData): null

2018-11-24 11:55:49 - [TEST_STEP][PASSED] - Statement - If (!(empty)): null

2018-11-24 11:55:49 - [TEST_STEP][PASSED] - Statement - scenarioData = TestCase.getValue("Modules", getTestCaseData): null

2018-11-24 11:55:49 - [TEST_STEP][PASSED] - Statement - useractionData = TestCase.getValue("UserAction", getTestCaseData): null

2018-11-24 11:55:49 - [TEST_STEP][PASSED] - Statement - If (!(empty)): null

2018-11-24 11:55:49 - [TEST_STEP][PASSED] - Statement - scenarioData = TestCase.getValue("Modules", getTestCaseData): null

2018-11-24 11:55:49 - [TEST_STEP][PASSED] - Statement - useractionData = TestCase.getValue("UserAction", getTestCaseData): null

2018-11-24 11:55:49 - [TEST_STEP][PASSED] - Statement - If (!(empty)): null

2018-11-24 11:55:49 - [TEST_STEP][PASSED] - Statement - scenarioData = TestCase.getValue("Modules", getTestCaseData): null

2018-11-24 11:55:49 - [TEST_STEP][PASSED] - Statement - useractionData = TestCase.getValue("UserAction", getTestCaseData): null

2018-11-24 11:55:49 - [TEST_STEP][PASSED] - Statement - If (!(empty)): null

2018-11-24 11:55:49 - [TEST_STEP][PASSED] - Statement - scenarioData = TestCase.getValue("Modules", getTestCaseData): null

2018-11-24 11:55:49 - [TEST_STEP][PASSED] - Statement - useractionData = TestCase.getValue("UserAction", getTestCaseData): null

2018-11-24 11:55:49 - [TEST_STEP][PASSED] - Statement - If (!(empty)): null

2018-11-24 11:55:49 - [TEST_STEP][PASSED] - Statement - scenarioData = TestCase.getValue("Modules", getTestCaseData): null

2018-11-24 11:55:49 - [TEST_STEP][PASSED] - Statement - useractionData = TestCase.getValue("UserAction", getTestCaseData): null

2018-11-24 11:55:49 - [TEST_STEP][PASSED] - Statement - If (!(empty)): null

2018-11-24 11:55:49 - [TEST_STEP][PASSED] - Statement - scenarioData = TestCase.getValue("Modules", getTestCaseData): null

2018-11-24 11:55:49 - [TEST_STEP][PASSED] - Statement - useractionData = TestCase.getValue("UserAction", getTestCaseData): null

2018-11-24 11:55:49 - [TEST_STEP][PASSED] - Statement - If (!(empty)): null

2018-11-24 11:55:49 - [TEST_STEP][PASSED] - Statement - scenarioData = TestCase.getValue("Modules", getTestCaseData): null

2018-11-24 11:55:49 - [TEST_STEP][PASSED] - Statement - useractionData = TestCase.getValue("UserAction", getTestCaseData): null

2018-11-24 11:55:49 - [TEST_STEP][PASSED] - Statement - If (!(empty)): null

2018-11-24 11:55:49 - [TEST_STEP][PASSED] - Statement - scenarioData = TestCase.getValue("Modules", getTestCaseData): null

2018-11-24 11:55:49 - [TEST_STEP][PASSED] - Statement - useractionData = TestCase.getValue("UserAction", getTestCaseData): null

2018-11-24 11:55:49 - [TEST_STEP][PASSED] - Statement - If (!(empty)): null

2018-11-24 11:55:49 - [TEST_STEP][PASSED] - Statement - scenarioData = TestCase.getValue("Modules", getTestCaseData): null

2018-11-24 11:55:49 - [TEST_STEP][PASSED] - Statement - useractionData = TestCase.getValue("UserAction", getTestCaseData): null

2018-11-24 11:55:49 - [TEST_STEP][PASSED] - Statement - If (!(empty)): null

2018-11-24 11:55:49 - [TEST_STEP][PASSED] - Statement - scenarioData = TestCase.getValue("Modules", getTestCaseData): null

2018-11-24 11:55:49 - [TEST_STEP][PASSED] - Statement - useractionData = TestCase.getValue("UserAction", getTestCaseData): null

2018-11-24 11:55:49 - [TEST_STEP][PASSED] - Statement - If (!(empty)): null

2018-11-24 11:55:49 - [TEST_STEP][PASSED] - Statement - scenarioData = TestCase.getValue("Modules", getTestCaseData): null

2018-11-24 11:55:49 - [TEST_STEP][PASSED] - Statement - useractionData = TestCase.getValue("UserAction", getTestCaseData): null

2018-11-24 11:55:49 - [TEST_STEP][PASSED] - Statement - If (!(empty)): null

2018-11-24 11:55:49 - [TEST_STEP][PASSED] - Statement - scenarioData = TestCase.getValue("Modules", getTestCaseData): null

2018-11-24 11:55:49 - [TEST_STEP][PASSED] - Statement - useractionData = TestCase.getValue("UserAction", getTestCaseData): null

2018-11-24 11:55:49 - [TEST_STEP][PASSED] - Statement - If (!(empty)): null

2018-11-24 11:55:49 - [TEST_STEP][PASSED] - Statement - scenarioData = TestCase.getValue("Modules", getTestCaseData): null

2018-11-24 11:55:49 - [TEST_STEP][PASSED] - Statement - useractionData = TestCase.getValue("UserAction", getTestCaseData): null

2018-11-24 11:55:49 - [TEST_STEP][PASSED] - Statement - If (!(empty)): null

2018-11-24 11:55:49 - [TEST_STEP][PASSED] - Statement - hmap.put(getTestCaseData, scenarioData): null

2018-11-24 11:55:49 - [TEST_STEP][PASSED] - Statement - hmapuserAction.put(getTestCaseData, useractionData): null

2018-11-24 11:55:49 - [TEST_STEP][PASSED] - Statement - scenarioData = TestCase.getValue("Modules", getTestCaseData): null

2018-11-24 11:55:49 - [TEST_STEP][PASSED] - Statement - useractionData = TestCase.getValue("UserAction", getTestCaseData): null

2018-11-24 11:55:49 - [TEST_STEP][PASSED] - Statement - If (!(empty)): null

2018-11-24 11:55:49 - [TEST_STEP][PASSED] - Statement - scenarioData = TestCase.getValue("Modules", getTestCaseData): null

2018-11-24 11:55:49 - [TEST_STEP][PASSED] - Statement - useractionData = TestCase.getValue("UserAction", getTestCaseData): null

2018-11-24 11:55:49 - [TEST_STEP][PASSED] - Statement - If (!(empty)): null

2018-11-24 11:55:49 - [TEST_STEP][PASSED] - Statement - scenarioData = TestCase.getValue("Modules", getTestCaseData): null

2018-11-24 11:55:49 - [TEST_STEP][PASSED] - Statement - useractionData = TestCase.getValue("UserAction", getTestCaseData): null

2018-11-24 11:55:49 - [TEST_STEP][PASSED] - Statement - If (!(empty)): null

2018-11-24 11:55:49 - [TEST_STEP][PASSED] - Statement - scenarioData = TestCase.getValue("Modules", getTestCaseData): null

2018-11-24 11:55:49 - [TEST_STEP][PASSED] - Statement - useractionData = TestCase.getValue("UserAction", getTestCaseData): null

2018-11-24 11:55:49 - [TEST_STEP][PASSED] - Statement - If (!(empty)): null

2018-11-24 11:55:49 - [TEST_STEP][PASSED] - Statement - scenarioData = TestCase.getValue("Modules", getTestCaseData): null

2018-11-24 11:55:49 - [TEST_STEP][PASSED] - Statement - useractionData = TestCase.getValue("UserAction", getTestCaseData): null

2018-11-24 11:55:49 - [TEST_STEP][PASSED] - Statement - If (!(empty)): null

2018-11-24 11:55:49 - [TEST_STEP][PASSED] - Statement - scenarioData = TestCase.getValue("Modules", getTestCaseData): null

2018-11-24 11:55:49 - [TEST_STEP][PASSED] - Statement - useractionData = TestCase.getValue("UserAction", getTestCaseData): null

2018-11-24 11:55:49 - [TEST_STEP][PASSED] - Statement - If (!(empty)): null

2018-11-24 11:55:49 - [TEST_STEP][PASSED] - Statement - scenarioData = TestCase.getValue("Modules", getTestCaseData): null

2018-11-24 11:55:49 - [TEST_STEP][PASSED] - Statement - useractionData = TestCase.getValue("UserAction", getTestCaseData): null

2018-11-24 11:55:49 - [TEST_STEP][PASSED] - Statement - If (!(empty)): null

2018-11-24 11:55:49 - [TEST_STEP][PASSED] - Statement - scenarioData = TestCase.getValue("Modules", getTestCaseData): null

2018-11-24 11:55:49 - [TEST_STEP][PASSED] - Statement - useractionData = TestCase.getValue("UserAction", getTestCaseData): null

2018-11-24 11:55:49 - [TEST_STEP][PASSED] - Statement - If (!(empty)): null

2018-11-24 11:55:49 - [TEST_STEP][PASSED] - Statement - scenarioData = TestCase.getValue("Modules", getTestCaseData): null

2018-11-24 11:55:49 - [TEST_STEP][PASSED] - Statement - useractionData = TestCase.getValue("UserAction", getTestCaseData): null

2018-11-24 11:55:49 - [TEST_STEP][PASSED] - Statement - If (!(empty)): null

2018-11-24 11:55:49 - [TEST_STEP][PASSED] - Statement - scenarioData = TestCase.getValue("Modules", getTestCaseData): null

2018-11-24 11:55:49 - [TEST_STEP][PASSED] - Statement - useractionData = TestCase.getValue("UserAction", getTestCaseData): null

2018-11-24 11:55:49 - [TEST_STEP][PASSED] - Statement - If (!(empty)): null

2018-11-24 11:55:49 - [TEST_STEP][PASSED] - Statement - scenarioData = TestCase.getValue("Modules", getTestCaseData): null

2018-11-24 11:55:49 - [TEST_STEP][PASSED] - Statement - useractionData = TestCase.getValue("UserAction", getTestCaseData): null

2018-11-24 11:55:49 - [TEST_STEP][PASSED] - Statement - If (!(empty)): null

2018-11-24 11:55:49 - [TEST_STEP][PASSED] - Statement - scenarioData = TestCase.getValue("Modules", getTestCaseData): null

2018-11-24 11:55:49 - [TEST_STEP][PASSED] - Statement - useractionData = TestCase.getValue("UserAction", getTestCaseData): null

2018-11-24 11:55:49 - [TEST_STEP][PASSED] - Statement - If (!(empty)): null

2018-11-24 11:55:49 - [TEST_STEP][PASSED] - Statement - scenarioData = TestCase.getValue("Modules", getTestCaseData): null

2018-11-24 11:55:49 - [TEST_STEP][PASSED] - Statement - useractionData = TestCase.getValue("UserAction", getTestCaseData): null

2018-11-24 11:55:49 - [TEST_STEP][PASSED] - Statement - If (!(empty)): null

2018-11-24 11:55:49 - [TEST_STEP][PASSED] - Statement - scenarioData = TestCase.getValue("Modules", getTestCaseData): null

2018-11-24 11:55:49 - [TEST_STEP][PASSED] - Statement - useractionData = TestCase.getValue("UserAction", getTestCaseData): null

2018-11-24 11:55:49 - [TEST_STEP][PASSED] - Statement - If (!(empty)): null

2018-11-24 11:55:49 - [TEST_STEP][PASSED] - Statement - scenarioData = TestCase.getValue("Modules", getTestCaseData): null

2018-11-24 11:55:49 - [TEST_STEP][PASSED] - Statement - useractionData = TestCase.getValue("UserAction", getTestCaseData): null

2018-11-24 11:55:49 - [TEST_STEP][PASSED] - Statement - If (!(empty)): null

2018-11-24 11:55:49 - [TEST_STEP][PASSED] - Statement - scenarioData = TestCase.getValue("Modules", getTestCaseData): null

2018-11-24 11:55:49 - [TEST_STEP][PASSED] - Statement - useractionData = TestCase.getValue("UserAction", getTestCaseData): null

2018-11-24 11:55:49 - [TEST_STEP][PASSED] - Statement - If (!(empty)): null

2018-11-24 11:55:49 - [TEST_STEP][PASSED] - Statement - scenarioData = TestCase.getValue("Modules", getTestCaseData): null

2018-11-24 11:55:49 - [TEST_STEP][PASSED] - Statement - useractionData = TestCase.getValue("UserAction", getTestCaseData): null

2018-11-24 11:55:49 - [TEST_STEP][PASSED] - Statement - If (!(empty)): null

2018-11-24 11:55:49 - [TEST_STEP][PASSED] - Statement - scenarioData = TestCase.getValue("Modules", getTestCaseData): null

2018-11-24 11:55:49 - [TEST_STEP][PASSED] - Statement - useractionData = TestCase.getValue("UserAction", getTestCaseData): null

2018-11-24 11:55:49 - [TEST_STEP][PASSED] - Statement - If (!(empty)): null

2018-11-24 11:55:49 - [TEST_STEP][PASSED] - Statement - scenarioData = TestCase.getValue("Modules", getTestCaseData): null

2018-11-24 11:55:49 - [TEST_STEP][PASSED] - Statement - useractionData = TestCase.getValue("UserAction", getTestCaseData): null

2018-11-24 11:55:49 - [TEST_STEP][PASSED] - Statement - If (!(empty)): null

2018-11-24 11:55:49 - [TEST_STEP][PASSED] - Statement - scenarioData = TestCase.getValue("Modules", getTestCaseData): null

2018-11-24 11:55:49 - [TEST_STEP][PASSED] - Statement - useractionData = TestCase.getValue("UserAction", getTestCaseData): null

2018-11-24 11:55:49 - [TEST_STEP][PASSED] - Statement - If (!(empty)): null

2018-11-24 11:55:49 - [TEST_STEP][PASSED] - Statement - scenarioData = TestCase.getValue("Modules", getTestCaseData): null

2018-11-24 11:55:49 - [TEST_STEP][PASSED] - Statement - useractionData = TestCase.getValue("UserAction", getTestCaseData): null

2018-11-24 11:55:49 - [TEST_STEP][PASSED] - Statement - If (!(empty)): null

2018-11-24 11:55:49 - [TEST_STEP][PASSED] - Statement - scenarioData = TestCase.getValue("Modules", getTestCaseData): null

2018-11-24 11:55:49 - [TEST_STEP][PASSED] - Statement - useractionData = TestCase.getValue("UserAction", getTestCaseData): null

2018-11-24 11:55:49 - [TEST_STEP][PASSED] - Statement - If (!(empty)): null

2018-11-24 11:55:49 - [TEST_STEP][PASSED] - Statement - scenarioData = TestCase.getValue("Modules", getTestCaseData): null

2018-11-24 11:55:49 - [TEST_STEP][PASSED] - Statement - useractionData = TestCase.getValue("UserAction", getTestCaseData): null

2018-11-24 11:55:49 - [TEST_STEP][PASSED] - Statement - If (!(empty)): null

2018-11-24 11:55:49 - [TEST_STEP][PASSED] - Statement - scenarioData = TestCase.getValue("Modules", getTestCaseData): null

2018-11-24 11:55:49 - [TEST_STEP][PASSED] - Statement - useractionData = TestCase.getValue("UserAction", getTestCaseData): null

2018-11-24 11:55:49 - [TEST_STEP][PASSED] - Statement - If (!(empty)): null

2018-11-24 11:55:49 - [TEST_STEP][PASSED] - Statement - scenarioData = TestCase.getValue("Modules", getTestCaseData): null

2018-11-24 11:55:49 - [TEST_STEP][PASSED] - Statement - useractionData = TestCase.getValue("UserAction", getTestCaseData): null

2018-11-24 11:55:49 - [TEST_STEP][PASSED] - Statement - If (!(empty)): null

2018-11-24 11:55:49 - [TEST_STEP][PASSED] - Statement - scenarioData = TestCase.getValue("Modules", getTestCaseData): null

2018-11-24 11:55:49 - [TEST_STEP][PASSED] - Statement - useractionData = TestCase.getValue("UserAction", getTestCaseData): null

2018-11-24 11:55:49 - [TEST_STEP][PASSED] - Statement - If (!(empty)): null

2018-11-24 11:55:49 - [TEST_STEP][PASSED] - Statement - hmap.put(getTestCaseData, scenarioData): null

2018-11-24 11:55:49 - [TEST_STEP][PASSED] - Statement - hmapuserAction.put(getTestCaseData, useractionData): null

2018-11-24 11:55:49 - [TEST_STEP][PASSED] - Statement - scenarioData = TestCase.getValue("Modules", getTestCaseData): null

2018-11-24 11:55:49 - [TEST_STEP][PASSED] - Statement - useractionData = TestCase.getValue("UserAction", getTestCaseData): null

2018-11-24 11:55:49 - [TEST_STEP][PASSED] - Statement - If (!(empty)): null

2018-11-24 11:55:49 - [TEST_STEP][PASSED] - Statement - scenarioData = TestCase.getValue("Modules", getTestCaseData): null

2018-11-24 11:55:49 - [TEST_STEP][PASSED] - Statement - useractionData = TestCase.getValue("UserAction", getTestCaseData): null

2018-11-24 11:55:49 - [TEST_STEP][PASSED] - Statement - If (!(empty)): null

2018-11-24 11:55:49 - [TEST_STEP][PASSED] - Statement - scenarioData = TestCase.getValue("Modules", getTestCaseData): null

2018-11-24 11:55:49 - [TEST_STEP][PASSED] - Statement - useractionData = TestCase.getValue("UserAction", getTestCaseData): null

2018-11-24 11:55:49 - [TEST_STEP][PASSED] - Statement - If (!(empty)): null

2018-11-24 11:55:49 - [TEST_STEP][PASSED] - Statement - scenarioData = TestCase.getValue("Modules", getTestCaseData): null

2018-11-24 11:55:49 - [TEST_STEP][PASSED] - Statement - useractionData = TestCase.getValue("UserAction", getTestCaseData): null

2018-11-24 11:55:49 - [TEST_STEP][PASSED] - Statement - If (!(empty)): null

2018-11-24 11:55:49 - [TEST_STEP][PASSED] - Statement - scenarioData = TestCase.getValue("Modules", getTestCaseData): null

2018-11-24 11:55:49 - [TEST_STEP][PASSED] - Statement - useractionData = TestCase.getValue("UserAction", getTestCaseData): null

2018-11-24 11:55:49 - [TEST_STEP][PASSED] - Statement - If (!(empty)): null

2018-11-24 11:55:49 - [TEST_STEP][PASSED] - Statement - scenarioData = TestCase.getValue("Modules", getTestCaseData): null

2018-11-24 11:55:49 - [TEST_STEP][PASSED] - Statement - useractionData = TestCase.getValue("UserAction", getTestCaseData): null

2018-11-24 11:55:49 - [TEST_STEP][PASSED] - Statement - If (!(empty)): null

2018-11-24 11:55:49 - [TEST_STEP][PASSED] - Statement - scenarioData = TestCase.getValue("Modules", getTestCaseData): null

2018-11-24 11:55:49 - [TEST_STEP][PASSED] - Statement - useractionData = TestCase.getValue("UserAction", getTestCaseData): null

2018-11-24 11:55:49 - [TEST_STEP][PASSED] - Statement - If (!(empty)): null

2018-11-24 11:55:49 - [TEST_STEP][PASSED] - Statement - scenarioData = TestCase.getValue("Modules", getTestCaseData): null

2018-11-24 11:55:49 - [TEST_STEP][PASSED] - Statement - useractionData = TestCase.getValue("UserAction", getTestCaseData): null

2018-11-24 11:55:49 - [TEST_STEP][PASSED] - Statement - If (!(empty)): null

2018-11-24 11:55:49 - [TEST_STEP][PASSED] - Statement - scenarioData = TestCase.getValue("Modules", getTestCaseData): null

2018-11-24 11:55:49 - [TEST_STEP][PASSED] - Statement - useractionData = TestCase.getValue("UserAction", getTestCaseData): null

2018-11-24 11:55:49 - [TEST_STEP][PASSED] - Statement - If (!(empty)): null

2018-11-24 11:55:49 - [TEST_STEP][PASSED] - Statement - scenarioData = TestCase.getValue("Modules", getTestCaseData): null

2018-11-24 11:55:49 - [TEST_STEP][PASSED] - Statement - useractionData = TestCase.getValue("UserAction", getTestCaseData): null

2018-11-24 11:55:49 - [TEST_STEP][PASSED] - Statement - If (!(empty)): null

2018-11-24 11:55:49 - [TEST_STEP][PASSED] - Statement - scenarioData = TestCase.getValue("Modules", getTestCaseData): null

2018-11-24 11:55:49 - [TEST_STEP][PASSED] - Statement - useractionData = TestCase.getValue("UserAction", getTestCaseData): null

2018-11-24 11:55:49 - [TEST_STEP][PASSED] - Statement - If (!(empty)): null

2018-11-24 11:55:49 - [TEST_STEP][PASSED] - Statement - scenarioData = TestCase.getValue("Modules", getTestCaseData): null

2018-11-24 11:55:49 - [TEST_STEP][PASSED] - Statement - useractionData = TestCase.getValue("UserAction", getTestCaseData): null

2018-11-24 11:55:49 - [TEST_STEP][PASSED] - Statement - If (!(empty)): null

2018-11-24 11:55:49 - [TEST_STEP][PASSED] - Statement - scenarioData = TestCase.getValue("Modules", getTestCaseData): null

2018-11-24 11:55:49 - [TEST_STEP][PASSED] - Statement - useractionData = TestCase.getValue("UserAction", getTestCaseData): null

2018-11-24 11:55:49 - [TEST_STEP][PASSED] - Statement - If (!(empty)): null

2018-11-24 11:55:49 - [TEST_STEP][PASSED] - Statement - scenarioData = TestCase.getValue("Modules", getTestCaseData): null

2018-11-24 11:55:49 - [TEST_STEP][PASSED] - Statement - useractionData = TestCase.getValue("UserAction", getTestCaseData): null

2018-11-24 11:55:49 - [TEST_STEP][PASSED] - Statement - If (!(empty)): null

2018-11-24 11:55:49 - [TEST_STEP][PASSED] - Statement - scenarioData = TestCase.getValue("Modules", getTestCaseData): null

2018-11-24 11:55:49 - [TEST_STEP][PASSED] - Statement - useractionData = TestCase.getValue("UserAction", getTestCaseData): null

2018-11-24 11:55:49 - [TEST_STEP][PASSED] - Statement - If (!(empty)): null

2018-11-24 11:55:49 - [TEST_STEP][PASSED] - Statement - scenarioData = TestCase.getValue("Modules", getTestCaseData): null

2018-11-24 11:55:49 - [TEST_STEP][PASSED] - Statement - useractionData = TestCase.getValue("UserAction", getTestCaseData): null

2018-11-24 11:55:49 - [TEST_STEP][PASSED] - Statement - If (!(empty)): null

2018-11-24 11:55:49 - [TEST_STEP][PASSED] - Statement - scenarioData = TestCase.getValue("Modules", getTestCaseData): null

2018-11-24 11:55:49 - [TEST_STEP][PASSED] - Statement - useractionData = TestCase.getValue("UserAction", getTestCaseData): null

2018-11-24 11:55:49 - [TEST_STEP][PASSED] - Statement - If (!(empty)): null

2018-11-24 11:55:49 - [TEST_STEP][PASSED] - Statement - scenarioData = TestCase.getValue("Modules", getTestCaseData): null

2018-11-24 11:55:49 - [TEST_STEP][PASSED] - Statement - useractionData = TestCase.getValue("UserAction", getTestCaseData): null

2018-11-24 11:55:49 - [TEST_STEP][PASSED] - Statement - If (!(empty)): null

2018-11-24 11:55:49 - [TEST_STEP][PASSED] - Statement - scenarioData = TestCase.getValue("Modules", getTestCaseData): null

2018-11-24 11:55:49 - [TEST_STEP][PASSED] - Statement - useractionData = TestCase.getValue("UserAction", getTestCaseData): null

2018-11-24 11:55:49 - [TEST_STEP][PASSED] - Statement - If (!(empty)): null

2018-11-24 11:55:49 - [TEST_STEP][PASSED] - Statement - hmap.put(getTestCaseData, scenarioData): null

2018-11-24 11:55:49 - [TEST_STEP][PASSED] - Statement - hmapuserAction.put(getTestCaseData, useractionData): null

2018-11-24 11:55:49 - [TEST_STEP][PASSED] - Statement - scenarioData = TestCase.getValue("Modules", getTestCaseData): null

2018-11-24 11:55:49 - [TEST_STEP][PASSED] - Statement - useractionData = TestCase.getValue("UserAction", getTestCaseData): null

2018-11-24 11:55:49 - [TEST_STEP][PASSED] - Statement - If (!(empty)): null

2018-11-24 11:55:49 - [TEST_STEP][PASSED] - Statement - scenarioData = TestCase.getValue("Modules", getTestCaseData): null

2018-11-24 11:55:49 - [TEST_STEP][PASSED] - Statement - useractionData = TestCase.getValue("UserAction", getTestCaseData): null

2018-11-24 11:55:49 - [TEST_STEP][PASSED] - Statement - If (!(empty)): null

2018-11-24 11:55:49 - [TEST_STEP][PASSED] - Statement - scenarioData = TestCase.getValue("Modules", getTestCaseData): null

2018-11-24 11:55:49 - [TEST_STEP][PASSED] - Statement - useractionData = TestCase.getValue("UserAction", getTestCaseData): null

2018-11-24 11:55:49 - [TEST_STEP][PASSED] - Statement - If (!(empty)): null

2018-11-24 11:55:49 - [TEST_STEP][PASSED] - Statement - scenarioData = TestCase.getValue("Modules", getTestCaseData): null

2018-11-24 11:55:49 - [TEST_STEP][PASSED] - Statement - useractionData = TestCase.getValue("UserAction", getTestCaseData): null

2018-11-24 11:55:49 - [TEST_STEP][PASSED] - Statement - If (!(empty)): null

2018-11-24 11:55:49 - [TEST_STEP][PASSED] - Statement - scenarioData = TestCase.getValue("Modules", getTestCaseData): null

2018-11-24 11:55:49 - [TEST_STEP][PASSED] - Statement - useractionData = TestCase.getValue("UserAction", getTestCaseData): null

2018-11-24 11:55:49 - [TEST_STEP][PASSED] - Statement - If (!(empty)): null

2018-11-24 11:55:49 - [TEST_STEP][PASSED] - Statement - scenarioData = TestCase.getValue("Modules", getTestCaseData): null

2018-11-24 11:55:49 - [TEST_STEP][PASSED] - Statement - useractionData = TestCase.getValue("UserAction", getTestCaseData): null

2018-11-24 11:55:49 - [TEST_STEP][PASSED] - Statement - If (!(empty)): null

2018-11-24 11:55:49 - [TEST_STEP][PASSED] - Statement - scenarioData = TestCase.getValue("Modules", getTestCaseData): null

2018-11-24 11:55:49 - [TEST_STEP][PASSED] - Statement - useractionData = TestCase.getValue("UserAction", getTestCaseData): null

2018-11-24 11:55:49 - [TEST_STEP][PASSED] - Statement - If (!(empty)): null

2018-11-24 11:55:49 - [TEST_STEP][PASSED] - Statement - scenarioData = TestCase.getValue("Modules", getTestCaseData): null

2018-11-24 11:55:49 - [TEST_STEP][PASSED] - Statement - useractionData = TestCase.getValue("UserAction", getTestCaseData): null

2018-11-24 11:55:49 - [TEST_STEP][PASSED] - Statement - If (!(empty)): null

2018-11-24 11:55:49 - [TEST_STEP][PASSED] - Statement - scenarioData = TestCase.getValue("Modules", getTestCaseData): null

2018-11-24 11:55:49 - [TEST_STEP][PASSED] - Statement - useractionData = TestCase.getValue("UserAction", getTestCaseData): null

2018-11-24 11:55:49 - [TEST_STEP][PASSED] - Statement - If (!(empty)): null

2018-11-24 11:55:49 - [TEST_STEP][PASSED] - Statement - scenarioData = TestCase.getValue("Modules", getTestCaseData): null

2018-11-24 11:55:49 - [TEST_STEP][PASSED] - Statement - useractionData = TestCase.getValue("UserAction", getTestCaseData): null

2018-11-24 11:55:49 - [TEST_STEP][PASSED] - Statement - If (!(empty)): null

2018-11-24 11:55:49 - [TEST_STEP][PASSED] - Statement - scenarioData = TestCase.getValue("Modules", getTestCaseData): null

2018-11-24 11:55:49 - [TEST_STEP][PASSED] - Statement - useractionData = TestCase.getValue("UserAction", getTestCaseData): null

2018-11-24 11:55:49 - [TEST_STEP][PASSED] - Statement - If (!(empty)): null

2018-11-24 11:55:49 - [TEST_STEP][PASSED] - Statement - scenarioData = TestCase.getValue("Modules", getTestCaseData): null

2018-11-24 11:55:49 - [TEST_STEP][PASSED] - Statement - useractionData = TestCase.getValue("UserAction", getTestCaseData): null

2018-11-24 11:55:49 - [TEST_STEP][PASSED] - Statement - If (!(empty)): null

2018-11-24 11:55:49 - [TEST_STEP][PASSED] - Statement - scenarioData = TestCase.getValue("Modules", getTestCaseData): null

2018-11-24 11:55:49 - [TEST_STEP][PASSED] - Statement - useractionData = TestCase.getValue("UserAction", getTestCaseData): null

2018-11-24 11:55:49 - [TEST_STEP][PASSED] - Statement - If (!(empty)): null

2018-11-24 11:55:49 - [TEST_STEP][PASSED] - Statement - scenarioData = TestCase.getValue("Modules", getTestCaseData): null

2018-11-24 11:55:49 - [TEST_STEP][PASSED] - Statement - useractionData = TestCase.getValue("UserAction", getTestCaseData): null

2018-11-24 11:55:49 - [TEST_STEP][PASSED] - Statement - If (!(empty)): null

2018-11-24 11:55:49 - [TEST_STEP][PASSED] - Statement - scenarioData = TestCase.getValue("Modules", getTestCaseData): null

2018-11-24 11:55:49 - [TEST_STEP][PASSED] - Statement - useractionData = TestCase.getValue("UserAction", getTestCaseData): null

2018-11-24 11:55:49 - [TEST_STEP][PASSED] - Statement - If (!(empty)): null

2018-11-24 11:55:49 - [TEST_STEP][PASSED] - Statement - scenarioData = TestCase.getValue("Modules", getTestCaseData): null

2018-11-24 11:55:49 - [TEST_STEP][PASSED] - Statement - useractionData = TestCase.getValue("UserAction", getTestCaseData): null

2018-11-24 11:55:49 - [TEST_STEP][PASSED] - Statement - If (!(empty)): null

2018-11-24 11:55:49 - [TEST_STEP][PASSED] - Statement - scenarioData = TestCase.getValue("Modules", getTestCaseData): null

2018-11-24 11:55:49 - [TEST_STEP][PASSED] - Statement - useractionData = TestCase.getValue("UserAction", getTestCaseData): null

2018-11-24 11:55:49 - [TEST_STEP][PASSED] - Statement - If (!(empty)): null

2018-11-24 11:55:49 - [TEST_STEP][PASSED] - Statement - scenarioData = TestCase.getValue("Modules", getTestCaseData): null

2018-11-24 11:55:49 - [TEST_STEP][PASSED] - Statement - useractionData = TestCase.getValue("UserAction", getTestCaseData): null

2018-11-24 11:55:49 - [TEST_STEP][PASSED] - Statement - If (!(empty)): null

2018-11-24 11:55:49 - [TEST_STEP][PASSED] - Statement - scenarioData = TestCase.getValue("Modules", getTestCaseData): null

2018-11-24 11:55:49 - [TEST_STEP][PASSED] - Statement - useractionData = TestCase.getValue("UserAction", getTestCaseData): null

2018-11-24 11:55:49 - [TEST_STEP][PASSED] - Statement - If (!(empty)): null

2018-11-24 11:55:49 - [TEST_STEP][PASSED] - Statement - scenarioData = TestCase.getValue("Modules", getTestCaseData): null

2018-11-24 11:55:49 - [TEST_STEP][PASSED] - Statement - useractionData = TestCase.getValue("UserAction", getTestCaseData): null

2018-11-24 11:55:49 - [TEST_STEP][PASSED] - Statement - If (!(empty)): null

2018-11-24 11:55:49 - [TEST_STEP][PASSED] - Statement - scenarioData = TestCase.getValue("Modules", getTestCaseData): null

2018-11-24 11:55:49 - [TEST_STEP][PASSED] - Statement - useractionData = TestCase.getValue("UserAction", getTestCaseData): null

2018-11-24 11:55:49 - [TEST_STEP][PASSED] - Statement - If (!(empty)): null

2018-11-24 11:55:49 - [TEST_STEP][PASSED] - Statement - scenarioData = TestCase.getValue("Modules", getTestCaseData): null

2018-11-24 11:55:49 - [TEST_STEP][PASSED] - Statement - useractionData = TestCase.getValue("UserAction", getTestCaseData): null

2018-11-24 11:55:49 - [TEST_STEP][PASSED] - Statement - If (!(empty)): null

2018-11-24 11:55:49 - [TEST_STEP][PASSED] - Statement - hmap.put(getTestCaseData, scenarioData): null

2018-11-24 11:55:49 - [TEST_STEP][PASSED] - Statement - hmapuserAction.put(getTestCaseData, useractionData): null

2018-11-24 11:55:49 - [TEST_STEP][PASSED] - Statement - scenarioData = TestCase.getValue("Modules", getTestCaseData): null

2018-11-24 11:55:49 - [TEST_STEP][PASSED] - Statement - useractionData = TestCase.getValue("UserAction", getTestCaseData): null

2018-11-24 11:55:49 - [TEST_STEP][PASSED] - Statement - If (!(empty)): null

2018-11-24 11:55:49 - [TEST_STEP][PASSED] - Statement - scenarioData = TestCase.getValue("Modules", getTestCaseData): null

2018-11-24 11:55:49 - [TEST_STEP][PASSED] - Statement - useractionData = TestCase.getValue("UserAction", getTestCaseData): null

2018-11-24 11:55:49 - [TEST_STEP][PASSED] - Statement - If (!(empty)): null

2018-11-24 11:55:49 - [TEST_STEP][PASSED] - Statement - scenarioData = TestCase.getValue("Modules", getTestCaseData): null

2018-11-24 11:55:49 - [TEST_STEP][PASSED] - Statement - useractionData = TestCase.getValue("UserAction", getTestCaseData): null

2018-11-24 11:55:49 - [TEST_STEP][PASSED] - Statement - If (!(empty)): null

2018-11-24 11:55:49 - [TEST_STEP][PASSED] - Statement - scenarioData = TestCase.getValue("Modules", getTestCaseData): null

2018-11-24 11:55:49 - [TEST_STEP][PASSED] - Statement - useractionData = TestCase.getValue("UserAction", getTestCaseData): null

2018-11-24 11:55:49 - [TEST_STEP][PASSED] - Statement - If (!(empty)): null

2018-11-24 11:55:49 - [TEST_STEP][PASSED] - Statement - scenarioData = TestCase.getValue("Modules", getTestCaseData): null

2018-11-24 11:55:49 - [TEST_STEP][PASSED] - Statement - useractionData = TestCase.getValue("UserAction", getTestCaseData): null

2018-11-24 11:55:49 - [TEST_STEP][PASSED] - Statement - If (!(empty)): null

2018-11-24 11:55:49 - [TEST_STEP][PASSED] - Statement - scenarioData = TestCase.getValue("Modules", getTestCaseData): null

2018-11-24 11:55:49 - [TEST_STEP][PASSED] - Statement - useractionData = TestCase.getValue("UserAction", getTestCaseData): null

2018-11-24 11:55:49 - [TEST_STEP][PASSED] - Statement - If (!(empty)): null

2018-11-24 11:55:49 - [TEST_STEP][PASSED] - Statement - scenarioData = TestCase.getValue("Modules", getTestCaseData): null

2018-11-24 11:55:49 - [TEST_STEP][PASSED] - Statement - useractionData = TestCase.getValue("UserAction", getTestCaseData): null

2018-11-24 11:55:49 - [TEST_STEP][PASSED] - Statement - If (!(empty)): null

2018-11-24 11:55:49 - [TEST_STEP][PASSED] - Statement - scenarioData = TestCase.getValue("Modules", getTestCaseData): null

2018-11-24 11:55:49 - [TEST_STEP][PASSED] - Statement - useractionData = TestCase.getValue("UserAction", getTestCaseData): null

2018-11-24 11:55:49 - [TEST_STEP][PASSED] - Statement - If (!(empty)): null

2018-11-24 11:55:49 - [TEST_STEP][PASSED] - Statement - scenarioData = TestCase.getValue("Modules", getTestCaseData): null

2018-11-24 11:55:49 - [TEST_STEP][PASSED] - Statement - useractionData = TestCase.getValue("UserAction", getTestCaseData): null

2018-11-24 11:55:49 - [TEST_STEP][PASSED] - Statement - If (!(empty)): null

2018-11-24 11:55:49 - [TEST_STEP][PASSED] - Statement - scenarioData = TestCase.getValue("Modules", getTestCaseData): null

2018-11-24 11:55:49 - [TEST_STEP][PASSED] - Statement - useractionData = TestCase.getValue("UserAction", getTestCaseData): null

2018-11-24 11:55:49 - [TEST_STEP][PASSED] - Statement - If (!(empty)): null

2018-11-24 11:55:49 - [TEST_STEP][PASSED] - Statement - scenarioData = TestCase.getValue("Modules", getTestCaseData): null

2018-11-24 11:55:49 - [TEST_STEP][PASSED] - Statement - useractionData = TestCase.getValue("UserAction", getTestCaseData): null

2018-11-24 11:55:49 - [TEST_STEP][PASSED] - Statement - If (!(empty)): null

2018-11-24 11:55:49 - [TEST_STEP][PASSED] - Statement - scenarioData = TestCase.getValue("Modules", getTestCaseData): null

2018-11-24 11:55:49 - [TEST_STEP][PASSED] - Statement - useractionData = TestCase.getValue("UserAction", getTestCaseData): null

2018-11-24 11:55:49 - [TEST_STEP][PASSED] - Statement - If (!(empty)): null

2018-11-24 11:55:49 - [TEST_STEP][PASSED] - Statement - scenarioData = TestCase.getValue("Modules", getTestCaseData): null

2018-11-24 11:55:49 - [TEST_STEP][PASSED] - Statement - useractionData = TestCase.getValue("UserAction", getTestCaseData): null

2018-11-24 11:55:49 - [TEST_STEP][PASSED] - Statement - If (!(empty)): null

2018-11-24 11:55:49 - [TEST_STEP][PASSED] - Statement - hmap.put(getTestCaseData, scenarioData): null

2018-11-24 11:55:49 - [TEST_STEP][PASSED] - Statement - hmapuserAction.put(getTestCaseData, useractionData): null

2018-11-24 11:55:49 - [TEST_STEP][PASSED] - Statement - scenarioData = TestCase.getValue("Modules", getTestCaseData): null

2018-11-24 11:55:49 - [TEST_STEP][PASSED] - Statement - useractionData = TestCase.getValue("UserAction", getTestCaseData): null

2018-11-24 11:55:49 - [TEST_STEP][PASSED] - Statement - If (!(empty)): null

2018-11-24 11:55:49 - [TEST_STEP][PASSED] - Statement - scenarioData = TestCase.getValue("Modules", getTestCaseData): null

2018-11-24 11:55:49 - [TEST_STEP][PASSED] - Statement - useractionData = TestCase.getValue("UserAction", getTestCaseData): null

2018-11-24 11:55:49 - [TEST_STEP][PASSED] - Statement - If (!(empty)): null

2018-11-24 11:55:50 - [TEST_STEP][PASSED] - Statement - scenarioData = TestCase.getValue("Modules", getTestCaseData): null

2018-11-24 11:55:50 - [TEST_STEP][PASSED] - Statement - useractionData = TestCase.getValue("UserAction", getTestCaseData): null

2018-11-24 11:55:50 - [TEST_STEP][PASSED] - Statement - If (!(empty)): null

2018-11-24 11:55:50 - [TEST_STEP][PASSED] - Statement - scenarioData = TestCase.getValue("Modules", getTestCaseData): null

2018-11-24 11:55:50 - [TEST_STEP][PASSED] - Statement - useractionData = TestCase.getValue("UserAction", getTestCaseData): null

2018-11-24 11:55:50 - [TEST_STEP][PASSED] - Statement - If (!(empty)): null

2018-11-24 11:55:50 - [TEST_STEP][PASSED] - Statement - scenarioData = TestCase.getValue("Modules", getTestCaseData): null

2018-11-24 11:55:50 - [TEST_STEP][PASSED] - Statement - useractionData = TestCase.getValue("UserAction", getTestCaseData): null

2018-11-24 11:55:50 - [TEST_STEP][PASSED] - Statement - If (!(empty)): null

2018-11-24 11:55:50 - [TEST_STEP][PASSED] - Statement - scenarioData = TestCase.getValue("Modules", getTestCaseData): null

2018-11-24 11:55:50 - [TEST_STEP][PASSED] - Statement - useractionData = TestCase.getValue("UserAction", getTestCaseData): null

2018-11-24 11:55:50 - [TEST_STEP][PASSED] - Statement - If (!(empty)): null

2018-11-24 11:55:50 - [TEST_STEP][PASSED] - Statement - scenarioData = TestCase.getValue("Modules", getTestCaseData): null

2018-11-24 11:55:50 - [TEST_STEP][PASSED] - Statement - useractionData = TestCase.getValue("UserAction", getTestCaseData): null

2018-11-24 11:55:50 - [TEST_STEP][PASSED] - Statement - If (!(empty)): null

2018-11-24 11:55:50 - [TEST_STEP][PASSED] - Statement - scenarioData = TestCase.getValue("Modules", getTestCaseData): null

2018-11-24 11:55:50 - [TEST_STEP][PASSED] - Statement - useractionData = TestCase.getValue("UserAction", getTestCaseData): null

2018-11-24 11:55:50 - [TEST_STEP][PASSED] - Statement - If (!(empty)): null

2018-11-24 11:55:50 - [TEST_STEP][PASSED] - Statement - scenarioData = TestCase.getValue("Modules", getTestCaseData): null

2018-11-24 11:55:50 - [TEST_STEP][PASSED] - Statement - useractionData = TestCase.getValue("UserAction", getTestCaseData): null

2018-11-24 11:55:50 - [TEST_STEP][PASSED] - Statement - If (!(empty)): null

2018-11-24 11:55:50 - [TEST_STEP][PASSED] - Statement - scenarioData = TestCase.getValue("Modules", getTestCaseData): null

2018-11-24 11:55:50 - [TEST_STEP][PASSED] - Statement - useractionData = TestCase.getValue("UserAction", getTestCaseData): null

2018-11-24 11:55:50 - [TEST_STEP][PASSED] - Statement - If (!(empty)): null

2018-11-24 11:55:50 - [TEST_STEP][PASSED] - Statement - scenarioData = TestCase.getValue("Modules", getTestCaseData): null

2018-11-24 11:55:50 - [TEST_STEP][PASSED] - Statement - useractionData = TestCase.getValue("UserAction", getTestCaseData): null

2018-11-24 11:55:50 - [TEST_STEP][PASSED] - Statement - If (!(empty)): null

2018-11-24 11:55:50 - [TEST_STEP][PASSED] - Statement - scenarioData = TestCase.getValue("Modules", getTestCaseData): null

2018-11-24 11:55:50 - [TEST_STEP][PASSED] - Statement - useractionData = TestCase.getValue("UserAction", getTestCaseData): null

2018-11-24 11:55:50 - [TEST_STEP][PASSED] - Statement - If (!(empty)): null

2018-11-24 11:55:50 - [TEST_STEP][PASSED] - Statement - scenarioData = TestCase.getValue("Modules", getTestCaseData): null

2018-11-24 11:55:50 - [TEST_STEP][PASSED] - Statement - useractionData = TestCase.getValue("UserAction", getTestCaseData): null

2018-11-24 11:55:50 - [TEST_STEP][PASSED] - Statement - If (!(empty)): null

2018-11-24 11:55:50 - [TEST_STEP][PASSED] - Statement - scenarioData = TestCase.getValue("Modules", getTestCaseData): null

2018-11-24 11:55:50 - [TEST_STEP][PASSED] - Statement - useractionData = TestCase.getValue("UserAction", getTestCaseData): null

2018-11-24 11:55:50 - [TEST_STEP][PASSED] - Statement - If (!(empty)): null

2018-11-24 11:55:50 - [TEST_STEP][PASSED] - Statement - scenarioData = TestCase.getValue("Modules", getTestCaseData): null

2018-11-24 11:55:50 - [TEST_STEP][PASSED] - Statement - useractionData = TestCase.getValue("UserAction", getTestCaseData): null

2018-11-24 11:55:50 - [TEST_STEP][PASSED] - Statement - If (!(empty)): null

2018-11-24 11:55:50 - [TEST_STEP][PASSED] - Statement - scenarioData = TestCase.getValue("Modules", getTestCaseData): null

2018-11-24 11:55:50 - [TEST_STEP][PASSED] - Statement - useractionData = TestCase.getValue("UserAction", getTestCaseData): null

2018-11-24 11:55:50 - [TEST_STEP][PASSED] - Statement - If (!(empty)): null

2018-11-24 11:55:50 - [TEST_STEP][PASSED] - Statement - scenarioData = TestCase.getValue("Modules", getTestCaseData): null

2018-11-24 11:55:50 - [TEST_STEP][PASSED] - Statement - useractionData = TestCase.getValue("UserAction", getTestCaseData): null

2018-11-24 11:55:50 - [TEST_STEP][PASSED] - Statement - If (!(empty)): null

2018-11-24 11:55:50 - [TEST_STEP][PASSED] - Statement - scenarioData = TestCase.getValue("Modules", getTestCaseData): null

2018-11-24 11:55:50 - [TEST_STEP][PASSED] - Statement - useractionData = TestCase.getValue("UserAction", getTestCaseData): null

2018-11-24 11:55:50 - [TEST_STEP][PASSED] - Statement - If (!(empty)): null

2018-11-24 11:55:50 - [TEST_STEP][PASSED] - Statement - scenarioData = TestCase.getValue("Modules", getTestCaseData): null

2018-11-24 11:55:50 - [TEST_STEP][PASSED] - Statement - useractionData = TestCase.getValue("UserAction", getTestCaseData): null

2018-11-24 11:55:50 - [TEST_STEP][PASSED] - Statement - If (!(empty)): null

2018-11-24 11:55:50 - [TEST_STEP][PASSED] - Statement - scenarioData = TestCase.getValue("Modules", getTestCaseData): null

2018-11-24 11:55:50 - [TEST_STEP][PASSED] - Statement - useractionData = TestCase.getValue("UserAction", getTestCaseData): null

2018-11-24 11:55:50 - [TEST_STEP][PASSED] - Statement - If (!(empty)): null

2018-11-24 11:55:50 - [TEST_STEP][PASSED] - Statement - scenarioData = TestCase.getValue("Modules", getTestCaseData): null

2018-11-24 11:55:50 - [TEST_STEP][PASSED] - Statement - useractionData = TestCase.getValue("UserAction", getTestCaseData): null

2018-11-24 11:55:50 - [TEST_STEP][PASSED] - Statement - If (!(empty)): null

2018-11-24 11:55:50 - [TEST_STEP][PASSED] - Statement - scenarioData = TestCase.getValue("Modules", getTestCaseData): null

2018-11-24 11:55:50 - [TEST_STEP][PASSED] - Statement - useractionData = TestCase.getValue("UserAction", getTestCaseData): null

2018-11-24 11:55:50 - [TEST_STEP][PASSED] - Statement - If (!(empty)): null

2018-11-24 11:55:50 - [TEST_STEP][PASSED] - Statement - scenarioData = TestCase.getValue("Modules", getTestCaseData): null

2018-11-24 11:55:50 - [TEST_STEP][PASSED] - Statement - useractionData = TestCase.getValue("UserAction", getTestCaseData): null

2018-11-24 11:55:50 - [TEST_STEP][PASSED] - Statement - If (!(empty)): null

2018-11-24 11:55:50 - [TEST_STEP][PASSED] - Statement - scenarioData = TestCase.getValue("Modules", getTestCaseData): null

2018-11-24 11:55:50 - [TEST_STEP][PASSED] - Statement - useractionData = TestCase.getValue("UserAction", getTestCaseData): null

2018-11-24 11:55:50 - [TEST_STEP][PASSED] - Statement - If (!(empty)): null

2018-11-24 11:55:50 - [TEST_STEP][PASSED] - Statement - hmap.put(getTestCaseData, scenarioData): null

2018-11-24 11:55:50 - [TEST_STEP][PASSED] - Statement - hmapuserAction.put(getTestCaseData, useractionData): null

2018-11-24 11:55:50 - [TEST_STEP][PASSED] - Statement - scenarioData = TestCase.getValue("Modules", getTestCaseData): null

2018-11-24 11:55:50 - [TEST_STEP][PASSED] - Statement - useractionData = TestCase.getValue("UserAction", getTestCaseData): null

2018-11-24 11:55:50 - [TEST_STEP][PASSED] - Statement - If (!(empty)): null

2018-11-24 11:55:50 - [TEST_STEP][PASSED] - Statement - scenarioData = TestCase.getValue("Modules", getTestCaseData): null

2018-11-24 11:55:50 - [TEST_STEP][PASSED] - Statement - useractionData = TestCase.getValue("UserAction", getTestCaseData): null

2018-11-24 11:55:50 - [TEST_STEP][PASSED] - Statement - If (!(empty)): null

2018-11-24 11:55:50 - [TEST_STEP][PASSED] - Statement - scenarioData = TestCase.getValue("Modules", getTestCaseData): null

2018-11-24 11:55:50 - [TEST_STEP][PASSED] - Statement - useractionData = TestCase.getValue("UserAction", getTestCaseData): null

2018-11-24 11:55:50 - [TEST_STEP][PASSED] - Statement - If (!(empty)): null

2018-11-24 11:55:50 - [TEST_STEP][PASSED] - Statement - scenarioData = TestCase.getValue("Modules", getTestCaseData): null

2018-11-24 11:55:50 - [TEST_STEP][PASSED] - Statement - useractionData = TestCase.getValue("UserAction", getTestCaseData): null

2018-11-24 11:55:50 - [TEST_STEP][PASSED] - Statement - If (!(empty)): null

2018-11-24 11:55:50 - [TEST_STEP][PASSED] - Statement - scenarioData = TestCase.getValue("Modules", getTestCaseData): null

2018-11-24 11:55:50 - [TEST_STEP][PASSED] - Statement - useractionData = TestCase.getValue("UserAction", getTestCaseData): null

2018-11-24 11:55:50 - [TEST_STEP][PASSED] - Statement - If (!(empty)): null

2018-11-24 11:55:50 - [TEST_STEP][PASSED] - Statement - scenarioData = TestCase.getValue("Modules", getTestCaseData): null

2018-11-24 11:55:50 - [TEST_STEP][PASSED] - Statement - useractionData = TestCase.getValue("UserAction", getTestCaseData): null

2018-11-24 11:55:50 - [TEST_STEP][PASSED] - Statement - If (!(empty)): null

2018-11-24 11:55:50 - [TEST_STEP][PASSED] - Statement - scenarioData = TestCase.getValue("Modules", getTestCaseData): null

2018-11-24 11:55:50 - [TEST_STEP][PASSED] - Statement - useractionData = TestCase.getValue("UserAction", getTestCaseData): null

2018-11-24 11:55:50 - [TEST_STEP][PASSED] - Statement - If (!(empty)): null

2018-11-24 11:55:50 - [TEST_STEP][PASSED] - Statement - scenarioData = TestCase.getValue("Modules", getTestCaseData): null

2018-11-24 11:55:50 - [TEST_STEP][PASSED] - Statement - useractionData = TestCase.getValue("UserAction", getTestCaseData): null

2018-11-24 11:55:50 - [TEST_STEP][PASSED] - Statement - If (!(empty)): null

2018-11-24 11:55:50 - [TEST_STEP][PASSED] - Statement - scenarioData = TestCase.getValue("Modules", getTestCaseData): null

2018-11-24 11:55:50 - [TEST_STEP][PASSED] - Statement - useractionData = TestCase.getValue("UserAction", getTestCaseData): null

2018-11-24 11:55:50 - [TEST_STEP][PASSED] - Statement - If (!(empty)): null

2018-11-24 11:55:50 - [TEST_STEP][PASSED] - Statement - scenarioData = TestCase.getValue("Modules", getTestCaseData): null

2018-11-24 11:55:50 - [TEST_STEP][PASSED] - Statement - useractionData = TestCase.getValue("UserAction", getTestCaseData): null

2018-11-24 11:55:50 - [TEST_STEP][PASSED] - Statement - If (!(empty)): null

2018-11-24 11:55:50 - [TEST_STEP][PASSED] - Statement - scenarioData = TestCase.getValue("Modules", getTestCaseData): null

2018-11-24 11:55:50 - [TEST_STEP][PASSED] - Statement - useractionData = TestCase.getValue("UserAction", getTestCaseData): null

2018-11-24 11:55:50 - [TEST_STEP][PASSED] - Statement - If (!(empty)): null

2018-11-24 11:55:50 - [TEST_STEP][PASSED] - Statement - scenarioData = TestCase.getValue("Modules", getTestCaseData): null

2018-11-24 11:55:50 - [TEST_STEP][PASSED] - Statement - useractionData = TestCase.getValue("UserAction", getTestCaseData): null

2018-11-24 11:55:50 - [TEST_STEP][PASSED] - Statement - If (!(empty)): null

2018-11-24 11:55:50 - [TEST_STEP][PASSED] - Statement - scenarioData = TestCase.getValue("Modules", getTestCaseData): null

2018-11-24 11:55:50 - [TEST_STEP][PASSED] - Statement - useractionData = TestCase.getValue("UserAction", getTestCaseData): null

2018-11-24 11:55:50 - [TEST_STEP][PASSED] - Statement - If (!(empty)): null

2018-11-24 11:55:50 - [TEST_STEP][PASSED] - Statement - scenarioData = TestCase.getValue("Modules", getTestCaseData): null

2018-11-24 11:55:50 - [TEST_STEP][PASSED] - Statement - useractionData = TestCase.getValue("UserAction", getTestCaseData): null

2018-11-24 11:55:50 - [TEST_STEP][PASSED] - Statement - If (!(empty)): null

2018-11-24 11:55:50 - [TEST_STEP][PASSED] - Statement - scenarioData = TestCase.getValue("Modules", getTestCaseData): null

2018-11-24 11:55:50 - [TEST_STEP][PASSED] - Statement - useractionData = TestCase.getValue("UserAction", getTestCaseData): null

2018-11-24 11:55:50 - [TEST_STEP][PASSED] - Statement - If (!(empty)): null

2018-11-24 11:55:50 - [TEST_STEP][PASSED] - Statement - scenarioData = TestCase.getValue("Modules", getTestCaseData): null

2018-11-24 11:55:50 - [TEST_STEP][PASSED] - Statement - useractionData = TestCase.getValue("UserAction", getTestCaseData): null

2018-11-24 11:55:50 - [TEST_STEP][PASSED] - Statement - If (!(empty)): null

2018-11-24 11:55:50 - [TEST_STEP][PASSED] - Statement - scenarioData = TestCase.getValue("Modules", getTestCaseData): null

2018-11-24 11:55:50 - [TEST_STEP][PASSED] - Statement - useractionData = TestCase.getValue("UserAction", getTestCaseData): null

2018-11-24 11:55:50 - [TEST_STEP][PASSED] - Statement - If (!(empty)): null

2018-11-24 11:55:50 - [TEST_STEP][PASSED] - Statement - scenarioData = TestCase.getValue("Modules", getTestCaseData): null

2018-11-24 11:55:50 - [TEST_STEP][PASSED] - Statement - useractionData = TestCase.getValue("UserAction", getTestCaseData): null

2018-11-24 11:55:50 - [TEST_STEP][PASSED] - Statement - If (!(empty)): null

2018-11-24 11:55:50 - [TEST_STEP][PASSED] - Statement - scenarioData = TestCase.getValue("Modules", getTestCaseData): null

2018-11-24 11:55:50 - [TEST_STEP][PASSED] - Statement - useractionData = TestCase.getValue("UserAction", getTestCaseData): null

2018-11-24 11:55:50 - [TEST_STEP][PASSED] - Statement - If (!(empty)): null

2018-11-24 11:55:50 - [TEST_STEP][PASSED] - Statement - scenarioData = TestCase.getValue("Modules", getTestCaseData): null

2018-11-24 11:55:50 - [TEST_STEP][PASSED] - Statement - useractionData = TestCase.getValue("UserAction", getTestCaseData): null

2018-11-24 11:55:50 - [TEST_STEP][PASSED] - Statement - If (!(empty)): null

2018-11-24 11:55:50 - [TEST_STEP][PASSED] - Statement - scenarioData = TestCase.getValue("Modules", getTestCaseData): null

2018-11-24 11:55:50 - [TEST_STEP][PASSED] - Statement - useractionData = TestCase.getValue("UserAction", getTestCaseData): null

2018-11-24 11:55:50 - [TEST_STEP][PASSED] - Statement - If (!(empty)): null

2018-11-24 11:55:50 - [TEST_STEP][PASSED] - Statement - hmap.put(getTestCaseData, scenarioData): null

2018-11-24 11:55:50 - [TEST_STEP][PASSED] - Statement - hmapuserAction.put(getTestCaseData, useractionData): null

2018-11-24 11:55:50 - [TEST_STEP][PASSED] - Statement - scenarioData = TestCase.getValue("Modules", getTestCaseData): null

2018-11-24 11:55:50 - [TEST_STEP][PASSED] - Statement - useractionData = TestCase.getValue("UserAction", getTestCaseData): null

2018-11-24 11:55:50 - [TEST_STEP][PASSED] - Statement - If (!(empty)): null

2018-11-24 11:55:50 - [TEST_STEP][PASSED] - Statement - scenarioData = TestCase.getValue("Modules", getTestCaseData): null

2018-11-24 11:55:50 - [TEST_STEP][PASSED] - Statement - useractionData = TestCase.getValue("UserAction", getTestCaseData): null

2018-11-24 11:55:50 - [TEST_STEP][PASSED] - Statement - If (!(empty)): null

2018-11-24 11:55:50 - [TEST_STEP][PASSED] - Statement - scenarioData = TestCase.getValue("Modules", getTestCaseData): null

2018-11-24 11:55:50 - [TEST_STEP][PASSED] - Statement - useractionData = TestCase.getValue("UserAction", getTestCaseData): null

2018-11-24 11:55:50 - [TEST_STEP][PASSED] - Statement - If (!(empty)): null

2018-11-24 11:55:50 - [TEST_STEP][PASSED] - Statement - scenarioData = TestCase.getValue("Modules", getTestCaseData): null

2018-11-24 11:55:50 - [TEST_STEP][PASSED] - Statement - useractionData = TestCase.getValue("UserAction", getTestCaseData): null

2018-11-24 11:55:50 - [TEST_STEP][PASSED] - Statement - If (!(empty)): null

2018-11-24 11:55:50 - [TEST_STEP][PASSED] - Statement - scenarioData = TestCase.getValue("Modules", getTestCaseData): null

2018-11-24 11:55:50 - [TEST_STEP][PASSED] - Statement - useractionData = TestCase.getValue("UserAction", getTestCaseData): null

2018-11-24 11:55:50 - [TEST_STEP][PASSED] - Statement - If (!(empty)): null

2018-11-24 11:55:50 - [TEST_STEP][PASSED] - Statement - scenarioData = TestCase.getValue("Modules", getTestCaseData): null

2018-11-24 11:55:50 - [TEST_STEP][PASSED] - Statement - useractionData = TestCase.getValue("UserAction", getTestCaseData): null

2018-11-24 11:55:50 - [TEST_STEP][PASSED] - Statement - If (!(empty)): null

2018-11-24 11:55:50 - [TEST_STEP][PASSED] - Statement - scenarioData = TestCase.getValue("Modules", getTestCaseData): null

2018-11-24 11:55:50 - [TEST_STEP][PASSED] - Statement - useractionData = TestCase.getValue("UserAction", getTestCaseData): null

2018-11-24 11:55:50 - [TEST_STEP][PASSED] - Statement - If (!(empty)): null

2018-11-24 11:55:50 - [TEST_STEP][PASSED] - Statement - scenarioData = TestCase.getValue("Modules", getTestCaseData): null

2018-11-24 11:55:50 - [TEST_STEP][PASSED] - Statement - useractionData = TestCase.getValue("UserAction", getTestCaseData): null

2018-11-24 11:55:50 - [TEST_STEP][PASSED] - Statement - If (!(empty)): null

2018-11-24 11:55:50 - [TEST_STEP][PASSED] - Statement - scenarioData = TestCase.getValue("Modules", getTestCaseData): null

2018-11-24 11:55:50 - [TEST_STEP][PASSED] - Statement - useractionData = TestCase.getValue("UserAction", getTestCaseData): null

2018-11-24 11:55:50 - [TEST_STEP][PASSED] - Statement - If (!(empty)): null

2018-11-24 11:55:50 - [TEST_STEP][PASSED] - Statement - scenarioData = TestCase.getValue("Modules", getTestCaseData): null

2018-11-24 11:55:50 - [TEST_STEP][PASSED] - Statement - useractionData = TestCase.getValue("UserAction", getTestCaseData): null

2018-11-24 11:55:50 - [TEST_STEP][PASSED] - Statement - If (!(empty)): null

2018-11-24 11:55:50 - [TEST_STEP][PASSED] - Statement - scenarioData = TestCase.getValue("Modules", getTestCaseData): null

2018-11-24 11:55:50 - [TEST_STEP][PASSED] - Statement - useractionData = TestCase.getValue("UserAction", getTestCaseData): null

2018-11-24 11:55:50 - [TEST_STEP][PASSED] - Statement - If (!(empty)): null

2018-11-24 11:55:50 - [TEST_STEP][PASSED] - Statement - scenarioData = TestCase.getValue("Modules", getTestCaseData): null

2018-11-24 11:55:50 - [TEST_STEP][PASSED] - Statement - useractionData = TestCase.getValue("UserAction", getTestCaseData): null

2018-11-24 11:55:50 - [TEST_STEP][PASSED] - Statement - If (!(empty)): null

2018-11-24 11:55:50 - [TEST_STEP][PASSED] - Statement - scenarioData = TestCase.getValue("Modules", getTestCaseData): null

2018-11-24 11:55:50 - [TEST_STEP][PASSED] - Statement - useractionData = TestCase.getValue("UserAction", getTestCaseData): null

2018-11-24 11:55:50 - [TEST_STEP][PASSED] - Statement - If (!(empty)): null

2018-11-24 11:55:50 - [TEST_STEP][PASSED] - Statement - scenarioData = TestCase.getValue("Modules", getTestCaseData): null

2018-11-24 11:55:50 - [TEST_STEP][PASSED] - Statement - useractionData = TestCase.getValue("UserAction", getTestCaseData): null

2018-11-24 11:55:50 - [TEST_STEP][PASSED] - Statement - If (!(empty)): null

2018-11-24 11:55:50 - [TEST_STEP][PASSED] - Statement - scenarioData = TestCase.getValue("Modules", getTestCaseData): null

2018-11-24 11:55:50 - [TEST_STEP][PASSED] - Statement - useractionData = TestCase.getValue("UserAction", getTestCaseData): null

2018-11-24 11:55:50 - [TEST_STEP][PASSED] - Statement - If (!(empty)): null

2018-11-24 11:55:50 - [TEST_STEP][PASSED] - Statement - scenarioData = TestCase.getValue("Modules", getTestCaseData): null

2018-11-24 11:55:50 - [TEST_STEP][PASSED] - Statement - useractionData = TestCase.getValue("UserAction", getTestCaseData): null

2018-11-24 11:55:50 - [TEST_STEP][PASSED] - Statement - If (!(empty)): null

2018-11-24 11:55:50 - [TEST_STEP][PASSED] - Statement - scenarioData = TestCase.getValue("Modules", getTestCaseData): null

2018-11-24 11:55:50 - [TEST_STEP][PASSED] - Statement - useractionData = TestCase.getValue("UserAction", getTestCaseData): null

2018-11-24 11:55:50 - [TEST_STEP][PASSED] - Statement - If (!(empty)): null

2018-11-24 11:55:50 - [TEST_STEP][PASSED] - Statement - scenarioData = TestCase.getValue("Modules", getTestCaseData): null

2018-11-24 11:55:50 - [TEST_STEP][PASSED] - Statement - useractionData = TestCase.getValue("UserAction", getTestCaseData): null

2018-11-24 11:55:50 - [TEST_STEP][PASSED] - Statement - If (!(empty)): null

2018-11-24 11:55:50 - [TEST_STEP][PASSED] - Statement - scenarioData = TestCase.getValue("Modules", getTestCaseData): null

2018-11-24 11:55:50 - [TEST_STEP][PASSED] - Statement - useractionData = TestCase.getValue("UserAction", getTestCaseData): null

2018-11-24 11:55:50 - [TEST_STEP][PASSED] - Statement - If (!(empty)): null

2018-11-24 11:55:50 - [TEST_STEP][PASSED] - Statement - scenarioData = TestCase.getValue("Modules", getTestCaseData): null

2018-11-24 11:55:50 - [TEST_STEP][PASSED] - Statement - useractionData = TestCase.getValue("UserAction", getTestCaseData): null

2018-11-24 11:55:50 - [TEST_STEP][PASSED] - Statement - If (!(empty)): null

2018-11-24 11:55:50 - [TEST_STEP][PASSED] - Statement - scenarioData = TestCase.getValue("Modules", getTestCaseData): null

2018-11-24 11:55:50 - [TEST_STEP][PASSED] - Statement - useractionData = TestCase.getValue("UserAction", getTestCaseData): null

2018-11-24 11:55:50 - [TEST_STEP][PASSED] - Statement - If (!(empty)): null

2018-11-24 11:55:50 - [TEST_STEP][PASSED] - Statement - hmap.put(getTestCaseData, scenarioData): null

2018-11-24 11:55:50 - [TEST_STEP][PASSED] - Statement - hmapuserAction.put(getTestCaseData, useractionData): null

2018-11-24 11:55:50 - [TEST_STEP][PASSED] - Statement - scenarioData = TestCase.getValue("Modules", getTestCaseData): null

2018-11-24 11:55:50 - [TEST_STEP][PASSED] - Statement - useractionData = TestCase.getValue("UserAction", getTestCaseData): null

2018-11-24 11:55:50 - [TEST_STEP][PASSED] - Statement - If (!(empty)): null

2018-11-24 11:55:50 - [TEST_STEP][PASSED] - Statement - scenarioData = TestCase.getValue("Modules", getTestCaseData): null

2018-11-24 11:55:50 - [TEST_STEP][PASSED] - Statement - useractionData = TestCase.getValue("UserAction", getTestCaseData): null

2018-11-24 11:55:50 - [TEST_STEP][PASSED] - Statement - If (!(empty)): null

2018-11-24 11:55:50 - [TEST_STEP][PASSED] - Statement - scenarioData = TestCase.getValue("Modules", getTestCaseData): null

2018-11-24 11:55:50 - [TEST_STEP][PASSED] - Statement - useractionData = TestCase.getValue("UserAction", getTestCaseData): null

2018-11-24 11:55:50 - [TEST_STEP][PASSED] - Statement - If (!(empty)): null

2018-11-24 11:55:50 - [TEST_STEP][PASSED] - Statement - scenarioData = TestCase.getValue("Modules", getTestCaseData): null

2018-11-24 11:55:50 - [TEST_STEP][PASSED] - Statement - useractionData = TestCase.getValue("UserAction", getTestCaseData): null

2018-11-24 11:55:50 - [TEST_STEP][PASSED] - Statement - If (!(empty)): null

2018-11-24 11:55:50 - [TEST_STEP][PASSED] - Statement - scenarioData = TestCase.getValue("Modules", getTestCaseData): null

2018-11-24 11:55:50 - [TEST_STEP][PASSED] - Statement - useractionData = TestCase.getValue("UserAction", getTestCaseData): null

2018-11-24 11:55:50 - [TEST_STEP][PASSED] - Statement - If (!(empty)): null

2018-11-24 11:55:50 - [TEST_STEP][PASSED] - Statement - scenarioData = TestCase.getValue("Modules", getTestCaseData): null

2018-11-24 11:55:50 - [TEST_STEP][PASSED] - Statement - useractionData = TestCase.getValue("UserAction", getTestCaseData): null

2018-11-24 11:55:50 - [TEST_STEP][PASSED] - Statement - If (!(empty)): null

2018-11-24 11:55:50 - [TEST_STEP][PASSED] - Statement - scenarioData = TestCase.getValue("Modules", getTestCaseData): null

2018-11-24 11:55:50 - [TEST_STEP][PASSED] - Statement - useractionData = TestCase.getValue("UserAction", getTestCaseData): null

2018-11-24 11:55:50 - [TEST_STEP][PASSED] - Statement - If (!(empty)): null

2018-11-24 11:55:50 - [TEST_STEP][PASSED] - Statement - scenarioData = TestCase.getValue("Modules", getTestCaseData): null

2018-11-24 11:55:50 - [TEST_STEP][PASSED] - Statement - useractionData = TestCase.getValue("UserAction", getTestCaseData): null

2018-11-24 11:55:50 - [TEST_STEP][PASSED] - Statement - If (!(empty)): null

2018-11-24 11:55:50 - [TEST_STEP][PASSED] - Statement - scenarioData = TestCase.getValue("Modules", getTestCaseData): null

2018-11-24 11:55:50 - [TEST_STEP][PASSED] - Statement - useractionData = TestCase.getValue("UserAction", getTestCaseData): null

2018-11-24 11:55:50 - [TEST_STEP][PASSED] - Statement - If (!(empty)): null

2018-11-24 11:55:50 - [TEST_STEP][PASSED] - Statement - scenarioData = TestCase.getValue("Modules", getTestCaseData): null

2018-11-24 11:55:50 - [TEST_STEP][PASSED] - Statement - useractionData = TestCase.getValue("UserAction", getTestCaseData): null

2018-11-24 11:55:50 - [TEST_STEP][PASSED] - Statement - If (!(empty)): null

2018-11-24 11:55:50 - [TEST_STEP][PASSED] - Statement - scenarioData = TestCase.getValue("Modules", getTestCaseData): null

2018-11-24 11:55:50 - [TEST_STEP][PASSED] - Statement - useractionData = TestCase.getValue("UserAction", getTestCaseData): null

2018-11-24 11:55:50 - [TEST_STEP][PASSED] - Statement - If (!(empty)): null

2018-11-24 11:55:50 - [TEST_STEP][PASSED] - Statement - scenarioData = TestCase.getValue("Modules", getTestCaseData): null

2018-11-24 11:55:50 - [TEST_STEP][PASSED] - Statement - useractionData = TestCase.getValue("UserAction", getTestCaseData): null

2018-11-24 11:55:50 - [TEST_STEP][PASSED] - Statement - If (!(empty)): null

2018-11-24 11:55:50 - [TEST_STEP][PASSED] - Statement - scenarioData = TestCase.getValue("Modules", getTestCaseData): null

2018-11-24 11:55:50 - [TEST_STEP][PASSED] - Statement - useractionData = TestCase.getValue("UserAction", getTestCaseData): null

2018-11-24 11:55:50 - [TEST_STEP][PASSED] - Statement - If (!(empty)): null

2018-11-24 11:55:50 - [TEST_STEP][PASSED] - Statement - scenarioData = TestCase.getValue("Modules", getTestCaseData): null

2018-11-24 11:55:50 - [TEST_STEP][PASSED] - Statement - useractionData = TestCase.getValue("UserAction", getTestCaseData): null

2018-11-24 11:55:50 - [TEST_STEP][PASSED] - Statement - If (!(empty)): null

2018-11-24 11:55:50 - [TEST_STEP][PASSED] - Statement - scenarioData = TestCase.getValue("Modules", getTestCaseData): null

2018-11-24 11:55:50 - [TEST_STEP][PASSED] - Statement - useractionData = TestCase.getValue("UserAction", getTestCaseData): null

2018-11-24 11:55:50 - [TEST_STEP][PASSED] - Statement - If (!(empty)): null

2018-11-24 11:55:50 - [TEST_STEP][PASSED] - Statement - hmap.put(getTestCaseData, scenarioData): null

2018-11-24 11:55:50 - [TEST_STEP][PASSED] - Statement - hmapuserAction.put(getTestCaseData, useractionData): null

2018-11-24 11:55:50 - [TEST_STEP][PASSED] - Statement - scenarioData = TestCase.getValue("Modules", getTestCaseData): null

2018-11-24 11:55:50 - [TEST_STEP][PASSED] - Statement - useractionData = TestCase.getValue("UserAction", getTestCaseData): null

2018-11-24 11:55:50 - [TEST_STEP][PASSED] - Statement - If (!(empty)): null

2018-11-24 11:55:50 - [TEST_STEP][PASSED] - Statement - scenarioData = TestCase.getValue("Modules", getTestCaseData): null

2018-11-24 11:55:50 - [TEST_STEP][PASSED] - Statement - useractionData = TestCase.getValue("UserAction", getTestCaseData): null

2018-11-24 11:55:50 - [TEST_STEP][PASSED] - Statement - If (!(empty)): null

2018-11-24 11:55:50 - [TEST_STEP][PASSED] - Statement - scenarioData = TestCase.getValue("Modules", getTestCaseData): null

2018-11-24 11:55:50 - [TEST_STEP][PASSED] - Statement - useractionData = TestCase.getValue("UserAction", getTestCaseData): null

2018-11-24 11:55:50 - [TEST_STEP][PASSED] - Statement - If (!(empty)): null

2018-11-24 11:55:50 - [TEST_STEP][PASSED] - Statement - scenarioData = TestCase.getValue("Modules", getTestCaseData): null

2018-11-24 11:55:50 - [TEST_STEP][PASSED] - Statement - useractionData = TestCase.getValue("UserAction", getTestCaseData): null

2018-11-24 11:55:50 - [TEST_STEP][PASSED] - Statement - If (!(empty)): null

2018-11-24 11:55:50 - [TEST_STEP][PASSED] - Statement - scenarioData = TestCase.getValue("Modules", getTestCaseData): null

2018-11-24 11:55:50 - [TEST_STEP][PASSED] - Statement - useractionData = TestCase.getValue("UserAction", getTestCaseData): null

2018-11-24 11:55:50 - [TEST_STEP][PASSED] - Statement - If (!(empty)): null

2018-11-24 11:55:50 - [TEST_STEP][PASSED] - Statement - scenarioData = TestCase.getValue("Modules", getTestCaseData): null

2018-11-24 11:55:50 - [TEST_STEP][PASSED] - Statement - useractionData = TestCase.getValue("UserAction", getTestCaseData): null

2018-11-24 11:55:50 - [TEST_STEP][PASSED] - Statement - If (!(empty)): null

2018-11-24 11:55:50 - [TEST_STEP][PASSED] - Statement - scenarioData = TestCase.getValue("Modules", getTestCaseData): null

2018-11-24 11:55:50 - [TEST_STEP][PASSED] - Statement - useractionData = TestCase.getValue("UserAction", getTestCaseData): null

2018-11-24 11:55:50 - [TEST_STEP][PASSED] - Statement - If (!(empty)): null

2018-11-24 11:55:50 - [TEST_STEP][PASSED] - Statement - scenarioData = TestCase.getValue("Modules", getTestCaseData): null

2018-11-24 11:55:50 - [TEST_STEP][PASSED] - Statement - useractionData = TestCase.getValue("UserAction", getTestCaseData): null

2018-11-24 11:55:50 - [TEST_STEP][PASSED] - Statement - If (!(empty)): null

2018-11-24 11:55:50 - [TEST_STEP][PASSED] - Statement - scenarioData = TestCase.getValue("Modules", getTestCaseData): null

2018-11-24 11:55:50 - [TEST_STEP][PASSED] - Statement - useractionData = TestCase.getValue("UserAction", getTestCaseData): null

2018-11-24 11:55:50 - [TEST_STEP][PASSED] - Statement - If (!(empty)): null

2018-11-24 11:55:50 - [TEST_STEP][PASSED] - Statement - scenarioData = TestCase.getValue("Modules", getTestCaseData): null

2018-11-24 11:55:50 - [TEST_STEP][PASSED] - Statement - useractionData = TestCase.getValue("UserAction", getTestCaseData): null

2018-11-24 11:55:50 - [TEST_STEP][PASSED] - Statement - If (!(empty)): null

2018-11-24 11:55:50 - [TEST_STEP][PASSED] - Statement - scenarioData = TestCase.getValue("Modules", getTestCaseData): null

2018-11-24 11:55:50 - [TEST_STEP][PASSED] - Statement - useractionData = TestCase.getValue("UserAction", getTestCaseData): null

2018-11-24 11:55:50 - [TEST_STEP][PASSED] - Statement - If (!(empty)): null

2018-11-24 11:55:50 - [TEST_STEP][PASSED] - Statement - scenarioData = TestCase.getValue("Modules", getTestCaseData): null

2018-11-24 11:55:50 - [TEST_STEP][PASSED] - Statement - useractionData = TestCase.getValue("UserAction", getTestCaseData): null

2018-11-24 11:55:50 - [TEST_STEP][PASSED] - Statement - If (!(empty)): null

2018-11-24 11:55:50 - [TEST_STEP][PASSED] - Statement - scenarioData = TestCase.getValue("Modules", getTestCaseData): null

2018-11-24 11:55:50 - [TEST_STEP][PASSED] - Statement - useractionData = TestCase.getValue("UserAction", getTestCaseData): null

2018-11-24 11:55:50 - [TEST_STEP][PASSED] - Statement - If (!(empty)): null

2018-11-24 11:55:50 - [TEST_STEP][PASSED] - Statement - scenarioData = TestCase.getValue("Modules", getTestCaseData): null

2018-11-24 11:55:50 - [TEST_STEP][PASSED] - Statement - useractionData = TestCase.getValue("UserAction", getTestCaseData): null

2018-11-24 11:55:50 - [TEST_STEP][PASSED] - Statement - If (!(empty)): null

2018-11-24 11:55:50 - [TEST_STEP][PASSED] - Statement - scenarioData = TestCase.getValue("Modules", getTestCaseData): null

2018-11-24 11:55:50 - [TEST_STEP][PASSED] - Statement - useractionData = TestCase.getValue("UserAction", getTestCaseData): null

2018-11-24 11:55:50 - [TEST_STEP][PASSED] - Statement - If (!(empty)): null

2018-11-24 11:55:50 - [TEST_STEP][PASSED] - Statement - hmap.put(getTestCaseData, scenarioData): null

2018-11-24 11:55:50 - [TEST_STEP][PASSED] - Statement - hmapuserAction.put(getTestCaseData, useractionData): null

2018-11-24 11:55:50 - [TEST_STEP][PASSED] - Statement - scenarioData = TestCase.getValue("Modules", getTestCaseData): null

2018-11-24 11:55:50 - [TEST_STEP][PASSED] - Statement - useractionData = TestCase.getValue("UserAction", getTestCaseData): null

2018-11-24 11:55:50 - [TEST_STEP][PASSED] - Statement - If (!(empty)): null

2018-11-24 11:55:50 - [TEST_STEP][PASSED] - Statement - scenarioData = TestCase.getValue("Modules", getTestCaseData): null

2018-11-24 11:55:50 - [TEST_STEP][PASSED] - Statement - useractionData = TestCase.getValue("UserAction", getTestCaseData): null

2018-11-24 11:55:50 - [TEST_STEP][PASSED] - Statement - If (!(empty)): null

2018-11-24 11:55:50 - [TEST_STEP][PASSED] - Statement - scenarioData = TestCase.getValue("Modules", getTestCaseData): null

2018-11-24 11:55:50 - [TEST_STEP][PASSED] - Statement - useractionData = TestCase.getValue("UserAction", getTestCaseData): null

2018-11-24 11:55:50 - [TEST_STEP][PASSED] - Statement - If (!(empty)): null

2018-11-24 11:55:50 - [TEST_STEP][PASSED] - Statement - scenarioData = TestCase.getValue("Modules", getTestCaseData): null

2018-11-24 11:55:50 - [TEST_STEP][PASSED] - Statement - useractionData = TestCase.getValue("UserAction", getTestCaseData): null

2018-11-24 11:55:50 - [TEST_STEP][PASSED] - Statement - If (!(empty)): null

2018-11-24 11:55:50 - [TEST_STEP][PASSED] - Statement - scenarioData = TestCase.getValue("Modules", getTestCaseData): null

2018-11-24 11:55:50 - [TEST_STEP][PASSED] - Statement - useractionData = TestCase.getValue("UserAction", getTestCaseData): null

2018-11-24 11:55:50 - [TEST_STEP][PASSED] - Statement - If (!(empty)): null

2018-11-24 11:55:50 - [TEST_STEP][PASSED] - Statement - scenarioData = TestCase.getValue("Modules", getTestCaseData): null

2018-11-24 11:55:50 - [TEST_STEP][PASSED] - Statement - useractionData = TestCase.getValue("UserAction", getTestCaseData): null

2018-11-24 11:55:50 - [TEST_STEP][PASSED] - Statement - If (!(empty)): null

2018-11-24 11:55:50 - [TEST_STEP][PASSED] - Statement - scenarioData = TestCase.getValue("Modules", getTestCaseData): null

2018-11-24 11:55:50 - [TEST_STEP][PASSED] - Statement - useractionData = TestCase.getValue("UserAction", getTestCaseData): null

2018-11-24 11:55:50 - [TEST_STEP][PASSED] - Statement - If (!(empty)): null

2018-11-24 11:55:50 - [TEST_STEP][PASSED] - Statement - scenarioData = TestCase.getValue("Modules", getTestCaseData): null

2018-11-24 11:55:50 - [TEST_STEP][PASSED] - Statement - useractionData = TestCase.getValue("UserAction", getTestCaseData): null

2018-11-24 11:55:50 - [TEST_STEP][PASSED] - Statement - If (!(empty)): null

2018-11-24 11:55:50 - [TEST_STEP][PASSED] - Statement - scenarioData = TestCase.getValue("Modules", getTestCaseData): null

2018-11-24 11:55:50 - [TEST_STEP][PASSED] - Statement - useractionData = TestCase.getValue("UserAction", getTestCaseData): null

2018-11-24 11:55:50 - [TEST_STEP][PASSED] - Statement - If (!(empty)): null

2018-11-24 11:55:50 - [TEST_STEP][PASSED] - Statement - scenarioData = TestCase.getValue("Modules", getTestCaseData): null

2018-11-24 11:55:50 - [TEST_STEP][PASSED] - Statement - useractionData = TestCase.getValue("UserAction", getTestCaseData): null

2018-11-24 11:55:50 - [TEST_STEP][PASSED] - Statement - If (!(empty)): null

2018-11-24 11:55:50 - [TEST_STEP][PASSED] - Statement - scenarioData = TestCase.getValue("Modules", getTestCaseData): null

2018-11-24 11:55:50 - [TEST_STEP][PASSED] - Statement - useractionData = TestCase.getValue("UserAction", getTestCaseData): null

2018-11-24 11:55:50 - [TEST_STEP][PASSED] - Statement - If (!(empty)): null

2018-11-24 11:55:50 - [TEST_STEP][PASSED] - Statement - scenarioData = TestCase.getValue("Modules", getTestCaseData): null

2018-11-24 11:55:50 - [TEST_STEP][PASSED] - Statement - useractionData = TestCase.getValue("UserAction", getTestCaseData): null

2018-11-24 11:55:50 - [TEST_STEP][PASSED] - Statement - If (!(empty)): null

2018-11-24 11:55:50 - [TEST_STEP][PASSED] - Statement - scenarioData = TestCase.getValue("Modules", getTestCaseData): null

2018-11-24 11:55:50 - [TEST_STEP][PASSED] - Statement - useractionData = TestCase.getValue("UserAction", getTestCaseData): null

2018-11-24 11:55:50 - [TEST_STEP][PASSED] - Statement - If (!(empty)): null

2018-11-24 11:55:50 - [TEST_STEP][PASSED] - Statement - scenarioData = TestCase.getValue("Modules", getTestCaseData): null

2018-11-24 11:55:50 - [TEST_STEP][PASSED] - Statement - useractionData = TestCase.getValue("UserAction", getTestCaseData): null

2018-11-24 11:55:50 - [TEST_STEP][PASSED] - Statement - If (!(empty)): null

2018-11-24 11:55:50 - [TEST_STEP][PASSED] - Statement - scenarioData = TestCase.getValue("Modules", getTestCaseData): null

2018-11-24 11:55:50 - [TEST_STEP][PASSED] - Statement - useractionData = TestCase.getValue("UserAction", getTestCaseData): null

2018-11-24 11:55:50 - [TEST_STEP][PASSED] - Statement - If (!(empty)): null

2018-11-24 11:55:50 - [TEST_STEP][PASSED] - Statement - hmap.put(getTestCaseData, scenarioData): null

2018-11-24 11:55:50 - [TEST_STEP][PASSED] - Statement - hmapuserAction.put(getTestCaseData, useractionData): null

2018-11-24 11:55:50 - [TEST_STEP][PASSED] - Statement - scenarioData = TestCase.getValue("Modules", getTestCaseData): null

2018-11-24 11:55:50 - [TEST_STEP][PASSED] - Statement - useractionData = TestCase.getValue("UserAction", getTestCaseData): null

2018-11-24 11:55:50 - [TEST_STEP][PASSED] - Statement - If (!(empty)): null

2018-11-24 11:55:50 - [TEST_STEP][PASSED] - Statement - scenarioData = TestCase.getValue("Modules", getTestCaseData): null

2018-11-24 11:55:50 - [TEST_STEP][PASSED] - Statement - useractionData = TestCase.getValue("UserAction", getTestCaseData): null

2018-11-24 11:55:50 - [TEST_STEP][PASSED] - Statement - If (!(empty)): null

2018-11-24 11:55:50 - [TEST_STEP][PASSED] - Statement - scenarioData = TestCase.getValue("Modules", getTestCaseData): null

2018-11-24 11:55:50 - [TEST_STEP][PASSED] - Statement - useractionData = TestCase.getValue("UserAction", getTestCaseData): null

2018-11-24 11:55:50 - [TEST_STEP][PASSED] - Statement - If (!(empty)): null

2018-11-24 11:55:50 - [TEST_STEP][PASSED] - Statement - scenarioData = TestCase.getValue("Modules", getTestCaseData): null

2018-11-24 11:55:50 - [TEST_STEP][PASSED] - Statement - useractionData = TestCase.getValue("UserAction", getTestCaseData): null

2018-11-24 11:55:50 - [TEST_STEP][PASSED] - Statement - If (!(empty)): null

2018-11-24 11:55:50 - [TEST_STEP][PASSED] - Statement - scenarioData = TestCase.getValue("Modules", getTestCaseData): null

2018-11-24 11:55:50 - [TEST_STEP][PASSED] - Statement - useractionData = TestCase.getValue("UserAction", getTestCaseData): null

2018-11-24 11:55:50 - [TEST_STEP][PASSED] - Statement - If (!(empty)): null

2018-11-24 11:55:50 - [TEST_STEP][PASSED] - Statement - scenarioData = TestCase.getValue("Modules", getTestCaseData): null

2018-11-24 11:55:50 - [TEST_STEP][PASSED] - Statement - useractionData = TestCase.getValue("UserAction", getTestCaseData): null

2018-11-24 11:55:50 - [TEST_STEP][PASSED] - Statement - If (!(empty)): null

2018-11-24 11:55:50 - [TEST_STEP][PASSED] - Statement - scenarioData = TestCase.getValue("Modules", getTestCaseData): null

2018-11-24 11:55:50 - [TEST_STEP][PASSED] - Statement - useractionData = TestCase.getValue("UserAction", getTestCaseData): null

2018-11-24 11:55:50 - [TEST_STEP][PASSED] - Statement - If (!(empty)): null

2018-11-24 11:55:50 - [TEST_STEP][PASSED] - Statement - scenarioData = TestCase.getValue("Modules", getTestCaseData): null

2018-11-24 11:55:50 - [TEST_STEP][PASSED] - Statement - useractionData = TestCase.getValue("UserAction", getTestCaseData): null

2018-11-24 11:55:50 - [TEST_STEP][PASSED] - Statement - If (!(empty)): null

2018-11-24 11:55:50 - [TEST_STEP][PASSED] - Statement - scenarioData = TestCase.getValue("Modules", getTestCaseData): null

2018-11-24 11:55:50 - [TEST_STEP][PASSED] - Statement - useractionData = TestCase.getValue("UserAction", getTestCaseData): null

2018-11-24 11:55:50 - [TEST_STEP][PASSED] - Statement - If (!(empty)): null

2018-11-24 11:55:50 - [TEST_STEP][PASSED] - Statement - scenarioData = TestCase.getValue("Modules", getTestCaseData): null

2018-11-24 11:55:50 - [TEST_STEP][PASSED] - Statement - useractionData = TestCase.getValue("UserAction", getTestCaseData): null

2018-11-24 11:55:50 - [TEST_STEP][PASSED] - Statement - If (!(empty)): null

2018-11-24 11:55:50 - [TEST_STEP][PASSED] - Statement - scenarioData = TestCase.getValue("Modules", getTestCaseData): null

2018-11-24 11:55:50 - [TEST_STEP][PASSED] - Statement - useractionData = TestCase.getValue("UserAction", getTestCaseData): null

2018-11-24 11:55:50 - [TEST_STEP][PASSED] - Statement - If (!(empty)): null

2018-11-24 11:55:50 - [TEST_STEP][PASSED] - Statement - scenarioData = TestCase.getValue("Modules", getTestCaseData): null

2018-11-24 11:55:50 - [TEST_STEP][PASSED] - Statement - useractionData = TestCase.getValue("UserAction", getTestCaseData): null

2018-11-24 11:55:50 - [TEST_STEP][PASSED] - Statement - If (!(empty)): null

2018-11-24 11:55:50 - [TEST_STEP][PASSED] - Statement - scenarioData = TestCase.getValue("Modules", getTestCaseData): null

2018-11-24 11:55:50 - [TEST_STEP][PASSED] - Statement - useractionData = TestCase.getValue("UserAction", getTestCaseData): null

2018-11-24 11:55:50 - [TEST_STEP][PASSED] - Statement - If (!(empty)): null

2018-11-24 11:55:50 - [TEST_STEP][PASSED] - Statement - scenarioData = TestCase.getValue("Modules", getTestCaseData): null

2018-11-24 11:55:50 - [TEST_STEP][PASSED] - Statement - useractionData = TestCase.getValue("UserAction", getTestCaseData): null

2018-11-24 11:55:50 - [TEST_STEP][PASSED] - Statement - If (!(empty)): null

2018-11-24 11:55:50 - [TEST_STEP][PASSED] - Statement - scenarioData = TestCase.getValue("Modules", getTestCaseData): null

2018-11-24 11:55:50 - [TEST_STEP][PASSED] - Statement - useractionData = TestCase.getValue("UserAction", getTestCaseData): null

2018-11-24 11:55:50 - [TEST_STEP][PASSED] - Statement - If (!(empty)): null

2018-11-24 11:55:50 - [TEST_STEP][PASSED] - Statement - hmap.put(getTestCaseData, scenarioData): null

2018-11-24 11:55:50 - [TEST_STEP][PASSED] - Statement - hmapuserAction.put(getTestCaseData, useractionData): null

2018-11-24 11:55:50 - [TEST_STEP][PASSED] - Statement - scenarioData = TestCase.getValue("Modules", getTestCaseData): null

2018-11-24 11:55:50 - [TEST_STEP][PASSED] - Statement - useractionData = TestCase.getValue("UserAction", getTestCaseData): null

2018-11-24 11:55:50 - [TEST_STEP][PASSED] - Statement - If (!(empty)): null

2018-11-24 11:55:50 - [TEST_STEP][PASSED] - Statement - scenarioData = TestCase.getValue("Modules", getTestCaseData): null

2018-11-24 11:55:50 - [TEST_STEP][PASSED] - Statement - useractionData = TestCase.getValue("UserAction", getTestCaseData): null

2018-11-24 11:55:50 - [TEST_STEP][PASSED] - Statement - If (!(empty)): null

2018-11-24 11:55:50 - [TEST_STEP][PASSED] - Statement - scenarioData = TestCase.getValue("Modules", getTestCaseData): null

2018-11-24 11:55:50 - [TEST_STEP][PASSED] - Statement - useractionData = TestCase.getValue("UserAction", getTestCaseData): null

2018-11-24 11:55:50 - [TEST_STEP][PASSED] - Statement - If (!(empty)): null

2018-11-24 11:55:50 - [TEST_STEP][PASSED] - Statement - scenarioData = TestCase.getValue("Modules", getTestCaseData): null

2018-11-24 11:55:50 - [TEST_STEP][PASSED] - Statement - useractionData = TestCase.getValue("UserAction", getTestCaseData): null

2018-11-24 11:55:50 - [TEST_STEP][PASSED] - Statement - If (!(empty)): null

2018-11-24 11:55:50 - [TEST_STEP][PASSED] - Statement - scenarioData = TestCase.getValue("Modules", getTestCaseData): null

2018-11-24 11:55:50 - [TEST_STEP][PASSED] - Statement - useractionData = TestCase.getValue("UserAction", getTestCaseData): null

2018-11-24 11:55:50 - [TEST_STEP][PASSED] - Statement - If (!(empty)): null

2018-11-24 11:55:50 - [TEST_STEP][PASSED] - Statement - scenarioData = TestCase.getValue("Modules", getTestCaseData): null

2018-11-24 11:55:50 - [TEST_STEP][PASSED] - Statement - useractionData = TestCase.getValue("UserAction", getTestCaseData): null

2018-11-24 11:55:50 - [TEST_STEP][PASSED] - Statement - If (!(empty)): null

2018-11-24 11:55:50 - [TEST_STEP][PASSED] - Statement - scenarioData = TestCase.getValue("Modules", getTestCaseData): null

2018-11-24 11:55:50 - [TEST_STEP][PASSED] - Statement - useractionData = TestCase.getValue("UserAction", getTestCaseData): null

2018-11-24 11:55:50 - [TEST_STEP][PASSED] - Statement - If (!(empty)): null

2018-11-24 11:55:50 - [TEST_STEP][PASSED] - Statement - scenarioData = TestCase.getValue("Modules", getTestCaseData): null

2018-11-24 11:55:50 - [TEST_STEP][PASSED] - Statement - useractionData = TestCase.getValue("UserAction", getTestCaseData): null

2018-11-24 11:55:50 - [TEST_STEP][PASSED] - Statement - If (!(empty)): null

2018-11-24 11:55:50 - [TEST_STEP][PASSED] - Statement - scenarioData = TestCase.getValue("Modules", getTestCaseData): null

2018-11-24 11:55:50 - [TEST_STEP][PASSED] - Statement - useractionData = TestCase.getValue("UserAction", getTestCaseData): null

2018-11-24 11:55:50 - [TEST_STEP][PASSED] - Statement - If (!(empty)): null

2018-11-24 11:55:50 - [TEST_STEP][PASSED] - Statement - scenarioData = TestCase.getValue("Modules", getTestCaseData): null

2018-11-24 11:55:50 - [TEST_STEP][PASSED] - Statement - useractionData = TestCase.getValue("UserAction", getTestCaseData): null

2018-11-24 11:55:50 - [TEST_STEP][PASSED] - Statement - If (!(empty)): null

2018-11-24 11:55:50 - [TEST_STEP][PASSED] - Statement - scenarioData = TestCase.getValue("Modules", getTestCaseData): null

2018-11-24 11:55:50 - [TEST_STEP][PASSED] - Statement - useractionData = TestCase.getValue("UserAction", getTestCaseData): null

2018-11-24 11:55:50 - [TEST_STEP][PASSED] - Statement - If (!(empty)): null

2018-11-24 11:55:50 - [TEST_STEP][PASSED] - Statement - scenarioData = TestCase.getValue("Modules", getTestCaseData): null

2018-11-24 11:55:50 - [TEST_STEP][PASSED] - Statement - useractionData = TestCase.getValue("UserAction", getTestCaseData): null

2018-11-24 11:55:50 - [TEST_STEP][PASSED] - Statement - If (!(empty)): null

2018-11-24 11:55:50 - [TEST_STEP][PASSED] - Statement - scenarioData = TestCase.getValue("Modules", getTestCaseData): null

2018-11-24 11:55:50 - [TEST_STEP][PASSED] - Statement - useractionData = TestCase.getValue("UserAction", getTestCaseData): null

2018-11-24 11:55:50 - [TEST_STEP][PASSED] - Statement - If (!(empty)): null

2018-11-24 11:55:50 - [TEST_STEP][PASSED] - Statement - scenarioData = TestCase.getValue("Modules", getTestCaseData): null

2018-11-24 11:55:50 - [TEST_STEP][PASSED] - Statement - useractionData = TestCase.getValue("UserAction", getTestCaseData): null

2018-11-24 11:55:50 - [TEST_STEP][PASSED] - Statement - If (!(empty)): null

2018-11-24 11:55:50 - [TEST_STEP][PASSED] - Statement - scenarioData = TestCase.getValue("Modules", getTestCaseData): null

2018-11-24 11:55:50 - [TEST_STEP][PASSED] - Statement - useractionData = TestCase.getValue("UserAction", getTestCaseData): null

2018-11-24 11:55:50 - [TEST_STEP][PASSED] - Statement - If (!(empty)): null

2018-11-24 11:55:50 - [TEST_STEP][PASSED] - Statement - scenarioData = TestCase.getValue("Modules", getTestCaseData): null

2018-11-24 11:55:50 - [TEST_STEP][PASSED] - Statement - useractionData = TestCase.getValue("UserAction", getTestCaseData): null

2018-11-24 11:55:50 - [TEST_STEP][PASSED] - Statement - If (!(empty)): null

2018-11-24 11:55:50 - [TEST_STEP][PASSED] - Statement - scenarioData = TestCase.getValue("Modules", getTestCaseData): null

2018-11-24 11:55:50 - [TEST_STEP][PASSED] - Statement - useractionData = TestCase.getValue("UserAction", getTestCaseData): null

2018-11-24 11:55:50 - [TEST_STEP][PASSED] - Statement - If (!(empty)): null

2018-11-24 11:55:50 - [TEST_STEP][PASSED] - Statement - scenarioData = TestCase.getValue("Modules", getTestCaseData): null

2018-11-24 11:55:50 - [TEST_STEP][PASSED] - Statement - useractionData = TestCase.getValue("UserAction", getTestCaseData): null

2018-11-24 11:55:50 - [TEST_STEP][PASSED] - Statement - If (!(empty)): null

2018-11-24 11:55:50 - [TEST_STEP][PASSED] - Statement - scenarioData = TestCase.getValue("Modules", getTestCaseData): null

2018-11-24 11:55:50 - [TEST_STEP][PASSED] - Statement - useractionData = TestCase.getValue("UserAction", getTestCaseData): null

2018-11-24 11:55:50 - [TEST_STEP][PASSED] - Statement - If (!(empty)): null

2018-11-24 11:55:50 - [TEST_STEP][PASSED] - Statement - scenarioData = TestCase.getValue("Modules", getTestCaseData): null

2018-11-24 11:55:50 - [TEST_STEP][PASSED] - Statement - useractionData = TestCase.getValue("UserAction", getTestCaseData): null

2018-11-24 11:55:50 - [TEST_STEP][PASSED] - Statement - If (!(empty)): null

2018-11-24 11:55:50 - [TEST_STEP][PASSED] - Statement - scenarioData = TestCase.getValue("Modules", getTestCaseData): null

2018-11-24 11:55:50 - [TEST_STEP][PASSED] - Statement - useractionData = TestCase.getValue("UserAction", getTestCaseData): null

2018-11-24 11:55:50 - [TEST_STEP][PASSED] - Statement - If (!(empty)): null

2018-11-24 11:55:50 - [TEST_STEP][PASSED] - Statement - hmap.put(getTestCaseData, scenarioData): null

2018-11-24 11:55:50 - [TEST_STEP][PASSED] - Statement - hmapuserAction.put(getTestCaseData, useractionData): null

2018-11-24 11:55:50 - [TEST_STEP][PASSED] - Statement - scenarioData = TestCase.getValue("Modules", getTestCaseData): null

2018-11-24 11:55:50 - [TEST_STEP][PASSED] - Statement - useractionData = TestCase.getValue("UserAction", getTestCaseData): null

2018-11-24 11:55:50 - [TEST_STEP][PASSED] - Statement - If (!(empty)): null

2018-11-24 11:55:50 - [TEST_STEP][PASSED] - Statement - scenarioData = TestCase.getValue("Modules", getTestCaseData): null

2018-11-24 11:55:50 - [TEST_STEP][PASSED] - Statement - useractionData = TestCase.getValue("UserAction", getTestCaseData): null

2018-11-24 11:55:50 - [TEST_STEP][PASSED] - Statement - If (!(empty)): null

2018-11-24 11:55:50 - [TEST_STEP][PASSED] - Statement - scenarioData = TestCase.getValue("Modules", getTestCaseData): null

2018-11-24 11:55:50 - [TEST_STEP][PASSED] - Statement - useractionData = TestCase.getValue("UserAction", getTestCaseData): null

2018-11-24 11:55:50 - [TEST_STEP][PASSED] - Statement - If (!(empty)): null

2018-11-24 11:55:50 - [TEST_STEP][PASSED] - Statement - scenarioData = TestCase.getValue("Modules", getTestCaseData): null

2018-11-24 11:55:50 - [TEST_STEP][PASSED] - Statement - useractionData = TestCase.getValue("UserAction", getTestCaseData): null

2018-11-24 11:55:50 - [TEST_STEP][PASSED] - Statement - If (!(empty)): null

2018-11-24 11:55:50 - [TEST_STEP][PASSED] - Statement - scenarioData = TestCase.getValue("Modules", getTestCaseData): null

2018-11-24 11:55:50 - [TEST_STEP][PASSED] - Statement - useractionData = TestCase.getValue("UserAction", getTestCaseData): null

2018-11-24 11:55:50 - [TEST_STEP][PASSED] - Statement - If (!(empty)): null

2018-11-24 11:55:50 - [TEST_STEP][PASSED] - Statement - scenarioData = TestCase.getValue("Modules", getTestCaseData): null

2018-11-24 11:55:50 - [TEST_STEP][PASSED] - Statement - useractionData = TestCase.getValue("UserAction", getTestCaseData): null

2018-11-24 11:55:50 - [TEST_STEP][PASSED] - Statement - If (!(empty)): null

2018-11-24 11:55:50 - [TEST_STEP][PASSED] - Statement - scenarioData = TestCase.getValue("Modules", getTestCaseData): null

2018-11-24 11:55:50 - [TEST_STEP][PASSED] - Statement - useractionData = TestCase.getValue("UserAction", getTestCaseData): null

2018-11-24 11:55:50 - [TEST_STEP][PASSED] - Statement - If (!(empty)): null

2018-11-24 11:55:50 - [TEST_STEP][PASSED] - Statement - scenarioData = TestCase.getValue("Modules", getTestCaseData): null

2018-11-24 11:55:50 - [TEST_STEP][PASSED] - Statement - useractionData = TestCase.getValue("UserAction", getTestCaseData): null

2018-11-24 11:55:50 - [TEST_STEP][PASSED] - Statement - If (!(empty)): null

2018-11-24 11:55:50 - [TEST_STEP][PASSED] - Statement - scenarioData = TestCase.getValue("Modules", getTestCaseData): null

2018-11-24 11:55:50 - [TEST_STEP][PASSED] - Statement - useractionData = TestCase.getValue("UserAction", getTestCaseData): null

2018-11-24 11:55:50 - [TEST_STEP][PASSED] - Statement - If (!(empty)): null

2018-11-24 11:55:50 - [TEST_STEP][PASSED] - Statement - scenarioData = TestCase.getValue("Modules", getTestCaseData): null

2018-11-24 11:55:50 - [TEST_STEP][PASSED] - Statement - useractionData = TestCase.getValue("UserAction", getTestCaseData): null

2018-11-24 11:55:50 - [TEST_STEP][PASSED] - Statement - If (!(empty)): null

2018-11-24 11:55:50 - [TEST_STEP][PASSED] - Statement - scenarioData = TestCase.getValue("Modules", getTestCaseData): null

2018-11-24 11:55:50 - [TEST_STEP][PASSED] - Statement - useractionData = TestCase.getValue("UserAction", getTestCaseData): null

2018-11-24 11:55:50 - [TEST_STEP][PASSED] - Statement - If (!(empty)): null

2018-11-24 11:55:50 - [TEST_STEP][PASSED] - Statement - scenarioData = TestCase.getValue("Modules", getTestCaseData): null

2018-11-24 11:55:50 - [TEST_STEP][PASSED] - Statement - useractionData = TestCase.getValue("UserAction", getTestCaseData): null

2018-11-24 11:55:50 - [TEST_STEP][PASSED] - Statement - If (!(empty)): null

2018-11-24 11:55:50 - [TEST_STEP][PASSED] - Statement - scenarioData = TestCase.getValue("Modules", getTestCaseData): null

2018-11-24 11:55:50 - [TEST_STEP][PASSED] - Statement - useractionData = TestCase.getValue("UserAction", getTestCaseData): null

2018-11-24 11:55:50 - [TEST_STEP][PASSED] - Statement - If (!(empty)): null

2018-11-24 11:55:50 - [TEST_STEP][PASSED] - Statement - scenarioData = TestCase.getValue("Modules", getTestCaseData): null

2018-11-24 11:55:50 - [TEST_STEP][PASSED] - Statement - useractionData = TestCase.getValue("UserAction", getTestCaseData): null

2018-11-24 11:55:50 - [TEST_STEP][PASSED] - Statement - If (!(empty)): null

2018-11-24 11:55:50 - [TEST_STEP][PASSED] - Statement - scenarioData = TestCase.getValue("Modules", getTestCaseData): null

2018-11-24 11:55:50 - [TEST_STEP][PASSED] - Statement - useractionData = TestCase.getValue("UserAction", getTestCaseData): null

2018-11-24 11:55:50 - [TEST_STEP][PASSED] - Statement - If (!(empty)): null

2018-11-24 11:55:50 - [TEST_STEP][PASSED] - Statement - scenarioData = TestCase.getValue("Modules", getTestCaseData): null

2018-11-24 11:55:50 - [TEST_STEP][PASSED] - Statement - useractionData = TestCase.getValue("UserAction", getTestCaseData): null

2018-11-24 11:55:50 - [TEST_STEP][PASSED] - Statement - If (!(empty)): null

2018-11-24 11:55:50 - [TEST_STEP][PASSED] - Statement - scenarioData = TestCase.getValue("Modules", getTestCaseData): null

2018-11-24 11:55:50 - [TEST_STEP][PASSED] - Statement - useractionData = TestCase.getValue("UserAction", getTestCaseData): null

2018-11-24 11:55:50 - [TEST_STEP][PASSED] - Statement - If (!(empty)): null

2018-11-24 11:55:50 - [TEST_STEP][PASSED] - Statement - scenarioData = TestCase.getValue("Modules", getTestCaseData): null

2018-11-24 11:55:50 - [TEST_STEP][PASSED] - Statement - useractionData = TestCase.getValue("UserAction", getTestCaseData): null

2018-11-24 11:55:50 - [TEST_STEP][PASSED] - Statement - If (!(empty)): null

2018-11-24 11:55:50 - [TEST_STEP][PASSED] - Statement - hmap.put(getTestCaseData, scenarioData): null

2018-11-24 11:55:50 - [TEST_STEP][PASSED] - Statement - hmapuserAction.put(getTestCaseData, useractionData): null

2018-11-24 11:55:50 - [TEST_STEP][PASSED] - Statement - scenarioData = TestCase.getValue("Modules", getTestCaseData): null

2018-11-24 11:55:50 - [TEST_STEP][PASSED] - Statement - useractionData = TestCase.getValue("UserAction", getTestCaseData): null

2018-11-24 11:55:50 - [TEST_STEP][PASSED] - Statement - If (!(empty)): null

2018-11-24 11:55:50 - [TEST_STEP][PASSED] - Statement - scenarioData = TestCase.getValue("Modules", getTestCaseData): null

2018-11-24 11:55:50 - [TEST_STEP][PASSED] - Statement - useractionData = TestCase.getValue("UserAction", getTestCaseData): null

2018-11-24 11:55:50 - [TEST_STEP][PASSED] - Statement - If (!(empty)): null

2018-11-24 11:55:50 - [TEST_STEP][PASSED] - Statement - scenarioData = TestCase.getValue("Modules", getTestCaseData): null

2018-11-24 11:55:50 - [TEST_STEP][PASSED] - Statement - useractionData = TestCase.getValue("UserAction", getTestCaseData): null

2018-11-24 11:55:50 - [TEST_STEP][PASSED] - Statement - If (!(empty)): null

2018-11-24 11:55:50 - [TEST_STEP][PASSED] - Statement - scenarioData = TestCase.getValue("Modules", getTestCaseData): null

2018-11-24 11:55:50 - [TEST_STEP][PASSED] - Statement - useractionData = TestCase.getValue("UserAction", getTestCaseData): null

2018-11-24 11:55:50 - [TEST_STEP][PASSED] - Statement - If (!(empty)): null

2018-11-24 11:55:50 - [TEST_STEP][PASSED] - Statement - scenarioData = TestCase.getValue("Modules", getTestCaseData): null

2018-11-24 11:55:50 - [TEST_STEP][PASSED] - Statement - useractionData = TestCase.getValue("UserAction", getTestCaseData): null

2018-11-24 11:55:50 - [TEST_STEP][PASSED] - Statement - If (!(empty)): null

2018-11-24 11:55:50 - [TEST_STEP][PASSED] - Statement - scenarioData = TestCase.getValue("Modules", getTestCaseData): null

2018-11-24 11:55:50 - [TEST_STEP][PASSED] - Statement - useractionData = TestCase.getValue("UserAction", getTestCaseData): null

2018-11-24 11:55:50 - [TEST_STEP][PASSED] - Statement - If (!(empty)): null

2018-11-24 11:55:50 - [TEST_STEP][PASSED] - Statement - scenarioData = TestCase.getValue("Modules", getTestCaseData): null

2018-11-24 11:55:50 - [TEST_STEP][PASSED] - Statement - useractionData = TestCase.getValue("UserAction", getTestCaseData): null

2018-11-24 11:55:50 - [TEST_STEP][PASSED] - Statement - If (!(empty)): null

2018-11-24 11:55:50 - [TEST_STEP][PASSED] - Statement - scenarioData = TestCase.getValue("Modules", getTestCaseData): null

2018-11-24 11:55:50 - [TEST_STEP][PASSED] - Statement - useractionData = TestCase.getValue("UserAction", getTestCaseData): null

2018-11-24 11:55:50 - [TEST_STEP][PASSED] - Statement - If (!(empty)): null

2018-11-24 11:55:50 - [TEST_STEP][PASSED] - Statement - scenarioData = TestCase.getValue("Modules", getTestCaseData): null

2018-11-24 11:55:50 - [TEST_STEP][PASSED] - Statement - useractionData = TestCase.getValue("UserAction", getTestCaseData): null

2018-11-24 11:55:50 - [TEST_STEP][PASSED] - Statement - If (!(empty)): null

2018-11-24 11:55:50 - [TEST_STEP][PASSED] - Statement - scenarioData = TestCase.getValue("Modules", getTestCaseData): null

2018-11-24 11:55:50 - [TEST_STEP][PASSED] - Statement - useractionData = TestCase.getValue("UserAction", getTestCaseData): null

2018-11-24 11:55:50 - [TEST_STEP][PASSED] - Statement - If (!(empty)): null

2018-11-24 11:55:50 - [TEST_STEP][PASSED] - Statement - scenarioData = TestCase.getValue("Modules", getTestCaseData): null

2018-11-24 11:55:50 - [TEST_STEP][PASSED] - Statement - useractionData = TestCase.getValue("UserAction", getTestCaseData): null

2018-11-24 11:55:50 - [TEST_STEP][PASSED] - Statement - If (!(empty)): null

2018-11-24 11:55:50 - [TEST_STEP][PASSED] - Statement - scenarioData = TestCase.getValue("Modules", getTestCaseData): null

2018-11-24 11:55:50 - [TEST_STEP][PASSED] - Statement - useractionData = TestCase.getValue("UserAction", getTestCaseData): null

2018-11-24 11:55:50 - [TEST_STEP][PASSED] - Statement - If (!(empty)): null

2018-11-24 11:55:50 - [TEST_STEP][PASSED] - Statement - scenarioData = TestCase.getValue("Modules", getTestCaseData): null

2018-11-24 11:55:50 - [TEST_STEP][PASSED] - Statement - useractionData = TestCase.getValue("UserAction", getTestCaseData): null

2018-11-24 11:55:50 - [TEST_STEP][PASSED] - Statement - If (!(empty)): null

2018-11-24 11:55:50 - [TEST_STEP][PASSED] - Statement - scenarioData = TestCase.getValue("Modules", getTestCaseData): null

2018-11-24 11:55:50 - [TEST_STEP][PASSED] - Statement - useractionData = TestCase.getValue("UserAction", getTestCaseData): null

2018-11-24 11:55:50 - [TEST_STEP][PASSED] - Statement - If (!(empty)): null

2018-11-24 11:55:50 - [TEST_STEP][PASSED] - Statement - scenarioData = TestCase.getValue("Modules", getTestCaseData): null

2018-11-24 11:55:50 - [TEST_STEP][PASSED] - Statement - useractionData = TestCase.getValue("UserAction", getTestCaseData): null

2018-11-24 11:55:50 - [TEST_STEP][PASSED] - Statement - If (!(empty)): null

2018-11-24 11:55:50 - [TEST_STEP][PASSED] - Statement - scenarioData = TestCase.getValue("Modules", getTestCaseData): null

2018-11-24 11:55:50 - [TEST_STEP][PASSED] - Statement - useractionData = TestCase.getValue("UserAction", getTestCaseData): null

2018-11-24 11:55:50 - [TEST_STEP][PASSED] - Statement - If (!(empty)): null

2018-11-24 11:55:50 - [TEST_STEP][PASSED] - Statement - scenarioData = TestCase.getValue("Modules", getTestCaseData): null

2018-11-24 11:55:50 - [TEST_STEP][PASSED] - Statement - useractionData = TestCase.getValue("UserAction", getTestCaseData): null

2018-11-24 11:55:50 - [TEST_STEP][PASSED] - Statement - If (!(empty)): null

2018-11-24 11:55:50 - [TEST_STEP][PASSED] - Statement - scenarioData = TestCase.getValue("Modules", getTestCaseData): null

2018-11-24 11:55:50 - [TEST_STEP][PASSED] - Statement - useractionData = TestCase.getValue("UserAction", getTestCaseData): null

2018-11-24 11:55:50 - [TEST_STEP][PASSED] - Statement - If (!(empty)): null

2018-11-24 11:55:50 - [TEST_STEP][PASSED] - Statement - scenarioData = TestCase.getValue("Modules", getTestCaseData): null

2018-11-24 11:55:50 - [TEST_STEP][PASSED] - Statement - useractionData = TestCase.getValue("UserAction", getTestCaseData): null

2018-11-24 11:55:50 - [TEST_STEP][PASSED] - Statement - If (!(empty)): null

2018-11-24 11:55:50 - [TEST_STEP][PASSED] - Statement - scenarioData = TestCase.getValue("Modules", getTestCaseData): null

2018-11-24 11:55:50 - [TEST_STEP][PASSED] - Statement - useractionData = TestCase.getValue("UserAction", getTestCaseData): null

2018-11-24 11:55:50 - [TEST_STEP][PASSED] - Statement - If (!(empty)): null

2018-11-24 11:55:50 - [TEST_STEP][PASSED] - Statement - scenarioData = TestCase.getValue("Modules", getTestCaseData): null

2018-11-24 11:55:50 - [TEST_STEP][PASSED] - Statement - useractionData = TestCase.getValue("UserAction", getTestCaseData): null

2018-11-24 11:55:50 - [TEST_STEP][PASSED] - Statement - If (!(empty)): null

2018-11-24 11:55:50 - [TEST_STEP][PASSED] - Statement - scenarioData = TestCase.getValue("Modules", getTestCaseData): null

2018-11-24 11:55:50 - [TEST_STEP][PASSED] - Statement - useractionData = TestCase.getValue("UserAction", getTestCaseData): null

2018-11-24 11:55:50 - [TEST_STEP][PASSED] - Statement - If (!(empty)): null

2018-11-24 11:55:50 - [TEST_STEP][PASSED] - Statement - scenarioData = TestCase.getValue("Modules", getTestCaseData): null

2018-11-24 11:55:50 - [TEST_STEP][PASSED] - Statement - useractionData = TestCase.getValue("UserAction", getTestCaseData): null

2018-11-24 11:55:50 - [TEST_STEP][PASSED] - Statement - If (!(empty)): null

2018-11-24 11:55:50 - [TEST_STEP][PASSED] - Statement - hmap.put(getTestCaseData, scenarioData): null

2018-11-24 11:55:50 - [TEST_STEP][PASSED] - Statement - hmapuserAction.put(getTestCaseData, useractionData): null

2018-11-24 11:55:50 - [TEST_STEP][PASSED] - Statement - scenarioData = TestCase.getValue("Modules", getTestCaseData): null

2018-11-24 11:55:50 - [TEST_STEP][PASSED] - Statement - useractionData = TestCase.getValue("UserAction", getTestCaseData): null

2018-11-24 11:55:50 - [TEST_STEP][PASSED] - Statement - If (!(empty)): null

2018-11-24 11:55:50 - [TEST_STEP][PASSED] - Statement - scenarioData = TestCase.getValue("Modules", getTestCaseData): null

2018-11-24 11:55:50 - [TEST_STEP][PASSED] - Statement - useractionData = TestCase.getValue("UserAction", getTestCaseData): null

2018-11-24 11:55:50 - [TEST_STEP][PASSED] - Statement - If (!(empty)): null

2018-11-24 11:55:50 - [TEST_STEP][PASSED] - Statement - scenarioData = TestCase.getValue("Modules", getTestCaseData): null

2018-11-24 11:55:50 - [TEST_STEP][PASSED] - Statement - useractionData = TestCase.getValue("UserAction", getTestCaseData): null

2018-11-24 11:55:50 - [TEST_STEP][PASSED] - Statement - If (!(empty)): null

2018-11-24 11:55:50 - [TEST_STEP][PASSED] - Statement - scenarioData = TestCase.getValue("Modules", getTestCaseData): null

2018-11-24 11:55:50 - [TEST_STEP][PASSED] - Statement - useractionData = TestCase.getValue("UserAction", getTestCaseData): null

2018-11-24 11:55:50 - [TEST_STEP][PASSED] - Statement - If (!(empty)): null

2018-11-24 11:55:50 - [TEST_STEP][PASSED] - Statement - scenarioData = TestCase.getValue("Modules", getTestCaseData): null

2018-11-24 11:55:50 - [TEST_STEP][PASSED] - Statement - useractionData = TestCase.getValue("UserAction", getTestCaseData): null

2018-11-24 11:55:50 - [TEST_STEP][PASSED] - Statement - If (!(empty)): null

2018-11-24 11:55:50 - [TEST_STEP][PASSED] - Statement - scenarioData = TestCase.getValue("Modules", getTestCaseData): null

2018-11-24 11:55:50 - [TEST_STEP][PASSED] - Statement - useractionData = TestCase.getValue("UserAction", getTestCaseData): null

2018-11-24 11:55:50 - [TEST_STEP][PASSED] - Statement - If (!(empty)): null

2018-11-24 11:55:50 - [TEST_STEP][PASSED] - Statement - scenarioData = TestCase.getValue("Modules", getTestCaseData): null

2018-11-24 11:55:50 - [TEST_STEP][PASSED] - Statement - useractionData = TestCase.getValue("UserAction", getTestCaseData): null

2018-11-24 11:55:50 - [TEST_STEP][PASSED] - Statement - If (!(empty)): null

2018-11-24 11:55:50 - [TEST_STEP][PASSED] - Statement - scenarioData = TestCase.getValue("Modules", getTestCaseData): null

2018-11-24 11:55:50 - [TEST_STEP][PASSED] - Statement - useractionData = TestCase.getValue("UserAction", getTestCaseData): null

2018-11-24 11:55:50 - [TEST_STEP][PASSED] - Statement - If (!(empty)): null

2018-11-24 11:55:50 - [TEST_STEP][PASSED] - Statement - scenarioData = TestCase.getValue("Modules", getTestCaseData): null

2018-11-24 11:55:50 - [TEST_STEP][PASSED] - Statement - useractionData = TestCase.getValue("UserAction", getTestCaseData): null

2018-11-24 11:55:50 - [TEST_STEP][PASSED] - Statement - If (!(empty)): null

2018-11-24 11:55:50 - [TEST_STEP][PASSED] - Statement - scenarioData = TestCase.getValue("Modules", getTestCaseData): null

2018-11-24 11:55:50 - [TEST_STEP][PASSED] - Statement - useractionData = TestCase.getValue("UserAction", getTestCaseData): null

2018-11-24 11:55:50 - [TEST_STEP][PASSED] - Statement - If (!(empty)): null

2018-11-24 11:55:50 - [TEST_STEP][PASSED] - Statement - scenarioData = TestCase.getValue("Modules", getTestCaseData): null

2018-11-24 11:55:50 - [TEST_STEP][PASSED] - Statement - useractionData = TestCase.getValue("UserAction", getTestCaseData): null

2018-11-24 11:55:50 - [TEST_STEP][PASSED] - Statement - If (!(empty)): null

2018-11-24 11:55:50 - [TEST_STEP][PASSED] - Statement - scenarioData = TestCase.getValue("Modules", getTestCaseData): null

2018-11-24 11:55:50 - [TEST_STEP][PASSED] - Statement - useractionData = TestCase.getValue("UserAction", getTestCaseData): null

2018-11-24 11:55:50 - [TEST_STEP][PASSED] - Statement - If (!(empty)): null

2018-11-24 11:55:50 - [TEST_STEP][PASSED] - Statement - scenarioData = TestCase.getValue("Modules", getTestCaseData): null

2018-11-24 11:55:50 - [TEST_STEP][PASSED] - Statement - useractionData = TestCase.getValue("UserAction", getTestCaseData): null

2018-11-24 11:55:50 - [TEST_STEP][PASSED] - Statement - If (!(empty)): null

2018-11-24 11:55:50 - [TEST_STEP][PASSED] - Statement - scenarioData = TestCase.getValue("Modules", getTestCaseData): null

2018-11-24 11:55:50 - [TEST_STEP][PASSED] - Statement - useractionData = TestCase.getValue("UserAction", getTestCaseData): null

2018-11-24 11:55:50 - [TEST_STEP][PASSED] - Statement - If (!(empty)): null

2018-11-24 11:55:50 - [TEST_STEP][PASSED] - Statement - scenarioData = TestCase.getValue("Modules", getTestCaseData): null

2018-11-24 11:55:50 - [TEST_STEP][PASSED] - Statement - useractionData = TestCase.getValue("UserAction", getTestCaseData): null

2018-11-24 11:55:50 - [TEST_STEP][PASSED] - Statement - If (!(empty)): null

2018-11-24 11:55:50 - [TEST_STEP][PASSED] - Statement - scenarioData = TestCase.getValue("Modules", getTestCaseData): null

2018-11-24 11:55:50 - [TEST_STEP][PASSED] - Statement - useractionData = TestCase.getValue("UserAction", getTestCaseData): null

2018-11-24 11:55:50 - [TEST_STEP][PASSED] - Statement - If (!(empty)): null

2018-11-24 11:55:50 - [TEST_STEP][PASSED] - Statement - scenarioData = TestCase.getValue("Modules", getTestCaseData): null

2018-11-24 11:55:50 - [TEST_STEP][PASSED] - Statement - useractionData = TestCase.getValue("UserAction", getTestCaseData): null

2018-11-24 11:55:50 - [TEST_STEP][PASSED] - Statement - If (!(empty)): null

2018-11-24 11:55:50 - [TEST_STEP][PASSED] - Statement - scenarioData = TestCase.getValue("Modules", getTestCaseData): null

2018-11-24 11:55:50 - [TEST_STEP][PASSED] - Statement - useractionData = TestCase.getValue("UserAction", getTestCaseData): null

2018-11-24 11:55:50 - [TEST_STEP][PASSED] - Statement - If (!(empty)): null

2018-11-24 11:55:50 - [TEST_STEP][PASSED] - Statement - scenarioData = TestCase.getValue("Modules", getTestCaseData): null

2018-11-24 11:55:50 - [TEST_STEP][PASSED] - Statement - useractionData = TestCase.getValue("UserAction", getTestCaseData): null

2018-11-24 11:55:50 - [TEST_STEP][PASSED] - Statement - If (!(empty)): null

2018-11-24 11:55:50 - [TEST_STEP][PASSED] - Statement - scenarioData = TestCase.getValue("Modules", getTestCaseData): null

2018-11-24 11:55:50 - [TEST_STEP][PASSED] - Statement - useractionData = TestCase.getValue("UserAction", getTestCaseData): null

2018-11-24 11:55:50 - [TEST_STEP][PASSED] - Statement - If (!(empty)): null

2018-11-24 11:55:50 - [TEST_STEP][PASSED] - Statement - scenarioData = TestCase.getValue("Modules", getTestCaseData): null

2018-11-24 11:55:50 - [TEST_STEP][PASSED] - Statement - useractionData = TestCase.getValue("UserAction", getTestCaseData): null

2018-11-24 11:55:50 - [TEST_STEP][PASSED] - Statement - If (!(empty)): null

2018-11-24 11:55:50 - [TEST_STEP][PASSED] - Statement - hmap.put(getTestCaseData, scenarioData): null

2018-11-24 11:55:50 - [TEST_STEP][PASSED] - Statement - hmapuserAction.put(getTestCaseData, useractionData): null

2018-11-24 11:55:50 - [TEST_STEP][PASSED] - Statement - scenarioData = TestCase.getValue("Modules", getTestCaseData): null

2018-11-24 11:55:50 - [TEST_STEP][PASSED] - Statement - useractionData = TestCase.getValue("UserAction", getTestCaseData): null

2018-11-24 11:55:50 - [TEST_STEP][PASSED] - Statement - If (!(empty)): null

2018-11-24 11:55:50 - [TEST_STEP][PASSED] - Statement - scenarioData = TestCase.getValue("Modules", getTestCaseData): null

2018-11-24 11:55:50 - [TEST_STEP][PASSED] - Statement - useractionData = TestCase.getValue("UserAction", getTestCaseData): null

2018-11-24 11:55:50 - [TEST_STEP][PASSED] - Statement - If (!(empty)): null

2018-11-24 11:55:50 - [TEST_STEP][PASSED] - Statement - scenarioData = TestCase.getValue("Modules", getTestCaseData): null

2018-11-24 11:55:50 - [TEST_STEP][PASSED] - Statement - useractionData = TestCase.getValue("UserAction", getTestCaseData): null

2018-11-24 11:55:50 - [TEST_STEP][PASSED] - Statement - If (!(empty)): null

2018-11-24 11:55:50 - [TEST_STEP][PASSED] - Statement - scenarioData = TestCase.getValue("Modules", getTestCaseData): null

2018-11-24 11:55:50 - [TEST_STEP][PASSED] - Statement - useractionData = TestCase.getValue("UserAction", getTestCaseData): null

2018-11-24 11:55:50 - [TEST_STEP][PASSED] - Statement - If (!(empty)): null

2018-11-24 11:55:50 - [TEST_STEP][PASSED] - Statement - scenarioData = TestCase.getValue("Modules", getTestCaseData): null

2018-11-24 11:55:50 - [TEST_STEP][PASSED] - Statement - useractionData = TestCase.getValue("UserAction", getTestCaseData): null

2018-11-24 11:55:50 - [TEST_STEP][PASSED] - Statement - If (!(empty)): null

2018-11-24 11:55:50 - [TEST_STEP][PASSED] - Statement - scenarioData = TestCase.getValue("Modules", getTestCaseData): null

2018-11-24 11:55:50 - [TEST_STEP][PASSED] - Statement - useractionData = TestCase.getValue("UserAction", getTestCaseData): null

2018-11-24 11:55:50 - [TEST_STEP][PASSED] - Statement - If (!(empty)): null

2018-11-24 11:55:50 - [TEST_STEP][PASSED] - Statement - scenarioData = TestCase.getValue("Modules", getTestCaseData): null

2018-11-24 11:55:50 - [TEST_STEP][PASSED] - Statement - useractionData = TestCase.getValue("UserAction", getTestCaseData): null

2018-11-24 11:55:50 - [TEST_STEP][PASSED] - Statement - If (!(empty)): null

2018-11-24 11:55:50 - [TEST_STEP][PASSED] - Statement - scenarioData = TestCase.getValue("Modules", getTestCaseData): null

2018-11-24 11:55:50 - [TEST_STEP][PASSED] - Statement - useractionData = TestCase.getValue("UserAction", getTestCaseData): null

2018-11-24 11:55:50 - [TEST_STEP][PASSED] - Statement - If (!(empty)): null

2018-11-24 11:55:50 - [TEST_STEP][PASSED] - Statement - scenarioData = TestCase.getValue("Modules", getTestCaseData): null

2018-11-24 11:55:50 - [TEST_STEP][PASSED] - Statement - useractionData = TestCase.getValue("UserAction", getTestCaseData): null

2018-11-24 11:55:50 - [TEST_STEP][PASSED] - Statement - If (!(empty)): null

2018-11-24 11:55:50 - [TEST_STEP][PASSED] - Statement - scenarioData = TestCase.getValue("Modules", getTestCaseData): null

2018-11-24 11:55:50 - [TEST_STEP][PASSED] - Statement - useractionData = TestCase.getValue("UserAction", getTestCaseData): null

2018-11-24 11:55:50 - [TEST_STEP][PASSED] - Statement - If (!(empty)): null

2018-11-24 11:55:50 - [TEST_STEP][PASSED] - Statement - scenarioData = TestCase.getValue("Modules", getTestCaseData): null

2018-11-24 11:55:50 - [TEST_STEP][PASSED] - Statement - useractionData = TestCase.getValue("UserAction", getTestCaseData): null

2018-11-24 11:55:50 - [TEST_STEP][PASSED] - Statement - If (!(empty)): null

2018-11-24 11:55:50 - [TEST_STEP][PASSED] - Statement - scenarioData = TestCase.getValue("Modules", getTestCaseData): null

2018-11-24 11:55:50 - [TEST_STEP][PASSED] - Statement - useractionData = TestCase.getValue("UserAction", getTestCaseData): null

2018-11-24 11:55:50 - [TEST_STEP][PASSED] - Statement - If (!(empty)): null

2018-11-24 11:55:50 - [TEST_STEP][PASSED] - Statement - scenarioData = TestCase.getValue("Modules", getTestCaseData): null

2018-11-24 11:55:50 - [TEST_STEP][PASSED] - Statement - useractionData = TestCase.getValue("UserAction", getTestCaseData): null

2018-11-24 11:55:50 - [TEST_STEP][PASSED] - Statement - If (!(empty)): null

2018-11-24 11:55:50 - [TEST_STEP][PASSED] - Statement - scenarioData = TestCase.getValue("Modules", getTestCaseData): null

2018-11-24 11:55:50 - [TEST_STEP][PASSED] - Statement - useractionData = TestCase.getValue("UserAction", getTestCaseData): null

2018-11-24 11:55:50 - [TEST_STEP][PASSED] - Statement - If (!(empty)): null

2018-11-24 11:55:50 - [TEST_STEP][PASSED] - Statement - scenarioData = TestCase.getValue("Modules", getTestCaseData): null

2018-11-24 11:55:50 - [TEST_STEP][PASSED] - Statement - useractionData = TestCase.getValue("UserAction", getTestCaseData): null

2018-11-24 11:55:50 - [TEST_STEP][PASSED] - Statement - If (!(empty)): null

2018-11-24 11:55:50 - [TEST_STEP][PASSED] - Statement - scenarioData = TestCase.getValue("Modules", getTestCaseData): null

2018-11-24 11:55:50 - [TEST_STEP][PASSED] - Statement - useractionData = TestCase.getValue("UserAction", getTestCaseData): null

2018-11-24 11:55:50 - [TEST_STEP][PASSED] - Statement - If (!(empty)): null

2018-11-24 11:55:50 - [TEST_STEP][PASSED] - Statement - scenarioData = TestCase.getValue("Modules", getTestCaseData): null

2018-11-24 11:55:50 - [TEST_STEP][PASSED] - Statement - useractionData = TestCase.getValue("UserAction", getTestCaseData): null

2018-11-24 11:55:50 - [TEST_STEP][PASSED] - Statement - If (!(empty)): null

2018-11-24 11:55:50 - [TEST_STEP][PASSED] - Statement - scenarioData = TestCase.getValue("Modules", getTestCaseData): null

2018-11-24 11:55:50 - [TEST_STEP][PASSED] - Statement - useractionData = TestCase.getValue("UserAction", getTestCaseData): null

2018-11-24 11:55:50 - [TEST_STEP][PASSED] - Statement - If (!(empty)): null

2018-11-24 11:55:50 - [TEST_STEP][PASSED] - Statement - scenarioData = TestCase.getValue("Modules", getTestCaseData): null

2018-11-24 11:55:50 - [TEST_STEP][PASSED] - Statement - useractionData = TestCase.getValue("UserAction", getTestCaseData): null

2018-11-24 11:55:50 - [TEST_STEP][PASSED] - Statement - If (!(empty)): null

2018-11-24 11:55:50 - [TEST_STEP][PASSED] - Statement - scenarioData = TestCase.getValue("Modules", getTestCaseData): null

2018-11-24 11:55:50 - [TEST_STEP][PASSED] - Statement - useractionData = TestCase.getValue("UserAction", getTestCaseData): null

2018-11-24 11:55:50 - [TEST_STEP][PASSED] - Statement - If (!(empty)): null

2018-11-24 11:55:50 - [TEST_STEP][PASSED] - Statement - scenarioData = TestCase.getValue("Modules", getTestCaseData): null

2018-11-24 11:55:50 - [TEST_STEP][PASSED] - Statement - useractionData = TestCase.getValue("UserAction", getTestCaseData): null

2018-11-24 11:55:50 - [TEST_STEP][PASSED] - Statement - If (!(empty)): null

2018-11-24 11:55:50 - [TEST_STEP][PASSED] - Statement - scenarioData = TestCase.getValue("Modules", getTestCaseData): null

2018-11-24 11:55:50 - [TEST_STEP][PASSED] - Statement - useractionData = TestCase.getValue("UserAction", getTestCaseData): null

2018-11-24 11:55:50 - [TEST_STEP][PASSED] - Statement - If (!(empty)): null

2018-11-24 11:55:50 - [TEST_STEP][PASSED] - Statement - scenarioData = TestCase.getValue("Modules", getTestCaseData): null

2018-11-24 11:55:50 - [TEST_STEP][PASSED] - Statement - useractionData = TestCase.getValue("UserAction", getTestCaseData): null

2018-11-24 11:55:50 - [TEST_STEP][PASSED] - Statement - If (!(empty)): null

2018-11-24 11:55:50 - [TEST_STEP][PASSED] - Statement - scenarioData = TestCase.getValue("Modules", getTestCaseData): null

2018-11-24 11:55:50 - [TEST_STEP][PASSED] - Statement - useractionData = TestCase.getValue("UserAction", getTestCaseData): null

2018-11-24 11:55:50 - [TEST_STEP][PASSED] - Statement - If (!(empty)): null

2018-11-24 11:55:50 - [TEST_STEP][PASSED] - Statement - scenarioData = TestCase.getValue("Modules", getTestCaseData): null

2018-11-24 11:55:50 - [TEST_STEP][PASSED] - Statement - useractionData = TestCase.getValue("UserAction", getTestCaseData): null

2018-11-24 11:55:50 - [TEST_STEP][PASSED] - Statement - If (!(empty)): null

2018-11-24 11:55:50 - [TEST_STEP][PASSED] - Statement - hmap.put(getTestCaseData, scenarioData): null

2018-11-24 11:55:50 - [TEST_STEP][PASSED] - Statement - hmapuserAction.put(getTestCaseData, useractionData): null

2018-11-24 11:55:50 - [TEST_STEP][PASSED] - Statement - scenarioData = TestCase.getValue("Modules", getTestCaseData): null

2018-11-24 11:55:50 - [TEST_STEP][PASSED] - Statement - useractionData = TestCase.getValue("UserAction", getTestCaseData): null

2018-11-24 11:55:50 - [TEST_STEP][PASSED] - Statement - If (!(empty)): null

2018-11-24 11:55:50 - [TEST_STEP][PASSED] - Statement - scenarioData = TestCase.getValue("Modules", getTestCaseData): null

2018-11-24 11:55:50 - [TEST_STEP][PASSED] - Statement - useractionData = TestCase.getValue("UserAction", getTestCaseData): null

2018-11-24 11:55:50 - [TEST_STEP][PASSED] - Statement - If (!(empty)): null

2018-11-24 11:55:50 - [TEST_STEP][PASSED] - Statement - scenarioData = TestCase.getValue("Modules", getTestCaseData): null

2018-11-24 11:55:50 - [TEST_STEP][PASSED] - Statement - useractionData = TestCase.getValue("UserAction", getTestCaseData): null

2018-11-24 11:55:50 - [TEST_STEP][PASSED] - Statement - If (!(empty)): null

2018-11-24 11:55:50 - [TEST_STEP][PASSED] - Statement - scenarioData = TestCase.getValue("Modules", getTestCaseData): null

2018-11-24 11:55:50 - [TEST_STEP][PASSED] - Statement - useractionData = TestCase.getValue("UserAction", getTestCaseData): null

2018-11-24 11:55:50 - [TEST_STEP][PASSED] - Statement - If (!(empty)): null

2018-11-24 11:55:50 - [TEST_STEP][PASSED] - Statement - scenarioData = TestCase.getValue("Modules", getTestCaseData): null

2018-11-24 11:55:50 - [TEST_STEP][PASSED] - Statement - useractionData = TestCase.getValue("UserAction", getTestCaseData): null

2018-11-24 11:55:50 - [TEST_STEP][PASSED] - Statement - If (!(empty)): null

2018-11-24 11:55:50 - [TEST_STEP][PASSED] - Statement - scenarioData = TestCase.getValue("Modules", getTestCaseData): null

2018-11-24 11:55:50 - [TEST_STEP][PASSED] - Statement - useractionData = TestCase.getValue("UserAction", getTestCaseData): null

2018-11-24 11:55:50 - [TEST_STEP][PASSED] - Statement - If (!(empty)): null

2018-11-24 11:55:50 - [TEST_STEP][PASSED] - Statement - scenarioData = TestCase.getValue("Modules", getTestCaseData): null

2018-11-24 11:55:50 - [TEST_STEP][PASSED] - Statement - useractionData = TestCase.getValue("UserAction", getTestCaseData): null

2018-11-24 11:55:50 - [TEST_STEP][PASSED] - Statement - If (!(empty)): null

2018-11-24 11:55:50 - [TEST_STEP][PASSED] - Statement - scenarioData = TestCase.getValue("Modules", getTestCaseData): null

2018-11-24 11:55:50 - [TEST_STEP][PASSED] - Statement - useractionData = TestCase.getValue("UserAction", getTestCaseData): null

2018-11-24 11:55:50 - [TEST_STEP][PASSED] - Statement - If (!(empty)): null

2018-11-24 11:55:50 - [TEST_STEP][PASSED] - Statement - scenarioData = TestCase.getValue("Modules", getTestCaseData): null

2018-11-24 11:55:50 - [TEST_STEP][PASSED] - Statement - useractionData = TestCase.getValue("UserAction", getTestCaseData): null

2018-11-24 11:55:50 - [TEST_STEP][PASSED] - Statement - If (!(empty)): null

2018-11-24 11:55:50 - [TEST_STEP][PASSED] - Statement - scenarioData = TestCase.getValue("Modules", getTestCaseData): null

2018-11-24 11:55:50 - [TEST_STEP][PASSED] - Statement - useractionData = TestCase.getValue("UserAction", getTestCaseData): null

2018-11-24 11:55:50 - [TEST_STEP][PASSED] - Statement - If (!(empty)): null

2018-11-24 11:55:50 - [TEST_STEP][PASSED] - Statement - scenarioData = TestCase.getValue("Modules", getTestCaseData): null

2018-11-24 11:55:50 - [TEST_STEP][PASSED] - Statement - useractionData = TestCase.getValue("UserAction", getTestCaseData): null

2018-11-24 11:55:50 - [TEST_STEP][PASSED] - Statement - If (!(empty)): null

2018-11-24 11:55:50 - [TEST_STEP][PASSED] - Statement - scenarioData = TestCase.getValue("Modules", getTestCaseData): null

2018-11-24 11:55:50 - [TEST_STEP][PASSED] - Statement - useractionData = TestCase.getValue("UserAction", getTestCaseData): null

2018-11-24 11:55:50 - [TEST_STEP][PASSED] - Statement - If (!(empty)): null

2018-11-24 11:55:50 - [TEST_STEP][PASSED] - Statement - scenarioData = TestCase.getValue("Modules", getTestCaseData): null

2018-11-24 11:55:50 - [TEST_STEP][PASSED] - Statement - useractionData = TestCase.getValue("UserAction", getTestCaseData): null

2018-11-24 11:55:50 - [TEST_STEP][PASSED] - Statement - If (!(empty)): null

2018-11-24 11:55:50 - [TEST_STEP][PASSED] - Statement - scenarioData = TestCase.getValue("Modules", getTestCaseData): null

2018-11-24 11:55:50 - [TEST_STEP][PASSED] - Statement - useractionData = TestCase.getValue("UserAction", getTestCaseData): null

2018-11-24 11:55:50 - [TEST_STEP][PASSED] - Statement - If (!(empty)): null

2018-11-24 11:55:50 - [TEST_STEP][PASSED] - Statement - scenarioData = TestCase.getValue("Modules", getTestCaseData): null

2018-11-24 11:55:50 - [TEST_STEP][PASSED] - Statement - useractionData = TestCase.getValue("UserAction", getTestCaseData): null

2018-11-24 11:55:50 - [TEST_STEP][PASSED] - Statement - If (!(empty)): null

2018-11-24 11:55:50 - [TEST_STEP][PASSED] - Statement - scenarioData = TestCase.getValue("Modules", getTestCaseData): null

2018-11-24 11:55:50 - [TEST_STEP][PASSED] - Statement - useractionData = TestCase.getValue("UserAction", getTestCaseData): null

2018-11-24 11:55:50 - [TEST_STEP][PASSED] - Statement - If (!(empty)): null

2018-11-24 11:55:50 - [TEST_STEP][PASSED] - Statement - scenarioData = TestCase.getValue("Modules", getTestCaseData): null

2018-11-24 11:55:50 - [TEST_STEP][PASSED] - Statement - useractionData = TestCase.getValue("UserAction", getTestCaseData): null

2018-11-24 11:55:50 - [TEST_STEP][PASSED] - Statement - If (!(empty)): null

2018-11-24 11:55:50 - [TEST_STEP][PASSED] - Statement - scenarioData = TestCase.getValue("Modules", getTestCaseData): null

2018-11-24 11:55:50 - [TEST_STEP][PASSED] - Statement - useractionData = TestCase.getValue("UserAction", getTestCaseData): null

2018-11-24 11:55:50 - [TEST_STEP][PASSED] - Statement - If (!(empty)): null

2018-11-24 11:55:50 - [TEST_STEP][PASSED] - Statement - scenarioData = TestCase.getValue("Modules", getTestCaseData): null

2018-11-24 11:55:50 - [TEST_STEP][PASSED] - Statement - useractionData = TestCase.getValue("UserAction", getTestCaseData): null

2018-11-24 11:55:50 - [TEST_STEP][PASSED] - Statement - If (!(empty)): null

2018-11-24 11:55:50 - [TEST_STEP][PASSED] - Statement - scenarioData = TestCase.getValue("Modules", getTestCaseData): null

2018-11-24 11:55:50 - [TEST_STEP][PASSED] - Statement - useractionData = TestCase.getValue("UserAction", getTestCaseData): null

2018-11-24 11:55:50 - [TEST_STEP][PASSED] - Statement - If (!(empty)): null

2018-11-24 11:55:50 - [TEST_STEP][PASSED] - Statement - scenarioData = TestCase.getValue("Modules", getTestCaseData): null

2018-11-24 11:55:50 - [TEST_STEP][PASSED] - Statement - useractionData = TestCase.getValue("UserAction", getTestCaseData): null

2018-11-24 11:55:50 - [TEST_STEP][PASSED] - Statement - If (!(empty)): null

2018-11-24 11:55:50 - [TEST_STEP][PASSED] - Statement - hmap.put(getTestCaseData, scenarioData): null

2018-11-24 11:55:50 - [TEST_STEP][PASSED] - Statement - hmapuserAction.put(getTestCaseData, useractionData): null

2018-11-24 11:55:50 - [TEST_STEP][PASSED] - Statement - scenarioData = TestCase.getValue("Modules", getTestCaseData): null

2018-11-24 11:55:50 - [TEST_STEP][PASSED] - Statement - useractionData = TestCase.getValue("UserAction", getTestCaseData): null

2018-11-24 11:55:50 - [TEST_STEP][PASSED] - Statement - If (!(empty)): null

2018-11-24 11:55:50 - [TEST_STEP][PASSED] - Statement - scenarioData = TestCase.getValue("Modules", getTestCaseData): null

2018-11-24 11:55:50 - [TEST_STEP][PASSED] - Statement - useractionData = TestCase.getValue("UserAction", getTestCaseData): null

2018-11-24 11:55:50 - [TEST_STEP][PASSED] - Statement - If (!(empty)): null

2018-11-24 11:55:50 - [TEST_STEP][PASSED] - Statement - scenarioData = TestCase.getValue("Modules", getTestCaseData): null

2018-11-24 11:55:50 - [TEST_STEP][PASSED] - Statement - useractionData = TestCase.getValue("UserAction", getTestCaseData): null

2018-11-24 11:55:50 - [TEST_STEP][PASSED] - Statement - If (!(empty)): null

2018-11-24 11:55:50 - [TEST_STEP][PASSED] - Statement - scenarioData = TestCase.getValue("Modules", getTestCaseData): null

2018-11-24 11:55:50 - [TEST_STEP][PASSED] - Statement - useractionData = TestCase.getValue("UserAction", getTestCaseData): null

2018-11-24 11:55:50 - [TEST_STEP][PASSED] - Statement - If (!(empty)): null

2018-11-24 11:55:50 - [TEST_STEP][PASSED] - Statement - scenarioData = TestCase.getValue("Modules", getTestCaseData): null

2018-11-24 11:55:50 - [TEST_STEP][PASSED] - Statement - useractionData = TestCase.getValue("UserAction", getTestCaseData): null

2018-11-24 11:55:50 - [TEST_STEP][PASSED] - Statement - If (!(empty)): null

2018-11-24 11:55:50 - [TEST_STEP][PASSED] - Statement - scenarioData = TestCase.getValue("Modules", getTestCaseData): null

2018-11-24 11:55:50 - [TEST_STEP][PASSED] - Statement - useractionData = TestCase.getValue("UserAction", getTestCaseData): null

2018-11-24 11:55:50 - [TEST_STEP][PASSED] - Statement - If (!(empty)): null

2018-11-24 11:55:50 - [TEST_STEP][PASSED] - Statement - scenarioData = TestCase.getValue("Modules", getTestCaseData): null

2018-11-24 11:55:50 - [TEST_STEP][PASSED] - Statement - useractionData = TestCase.getValue("UserAction", getTestCaseData): null

2018-11-24 11:55:50 - [TEST_STEP][PASSED] - Statement - If (!(empty)): null

2018-11-24 11:55:50 - [TEST_STEP][PASSED] - Statement - scenarioData = TestCase.getValue("Modules", getTestCaseData): null

2018-11-24 11:55:50 - [TEST_STEP][PASSED] - Statement - useractionData = TestCase.getValue("UserAction", getTestCaseData): null

2018-11-24 11:55:50 - [TEST_STEP][PASSED] - Statement - If (!(empty)): null

2018-11-24 11:55:50 - [TEST_STEP][PASSED] - Statement - scenarioData = TestCase.getValue("Modules", getTestCaseData): null

2018-11-24 11:55:50 - [TEST_STEP][PASSED] - Statement - useractionData = TestCase.getValue("UserAction", getTestCaseData): null

2018-11-24 11:55:50 - [TEST_STEP][PASSED] - Statement - If (!(empty)): null

2018-11-24 11:55:50 - [TEST_STEP][PASSED] - Statement - scenarioData = TestCase.getValue("Modules", getTestCaseData): null

2018-11-24 11:55:50 - [TEST_STEP][PASSED] - Statement - useractionData = TestCase.getValue("UserAction", getTestCaseData): null

2018-11-24 11:55:50 - [TEST_STEP][PASSED] - Statement - If (!(empty)): null

2018-11-24 11:55:50 - [TEST_STEP][PASSED] - Statement - scenarioData = TestCase.getValue("Modules", getTestCaseData): null

2018-11-24 11:55:50 - [TEST_STEP][PASSED] - Statement - useractionData = TestCase.getValue("UserAction", getTestCaseData): null

2018-11-24 11:55:50 - [TEST_STEP][PASSED] - Statement - If (!(empty)): null

2018-11-24 11:55:50 - [TEST_STEP][PASSED] - Statement - scenarioData = TestCase.getValue("Modules", getTestCaseData): null

2018-11-24 11:55:50 - [TEST_STEP][PASSED] - Statement - useractionData = TestCase.getValue("UserAction", getTestCaseData): null

2018-11-24 11:55:50 - [TEST_STEP][PASSED] - Statement - If (!(empty)): null

2018-11-24 11:55:50 - [TEST_STEP][PASSED] - Statement - scenarioData = TestCase.getValue("Modules", getTestCaseData): null

2018-11-24 11:55:50 - [TEST_STEP][PASSED] - Statement - useractionData = TestCase.getValue("UserAction", getTestCaseData): null

2018-11-24 11:55:50 - [TEST_STEP][PASSED] - Statement - If (!(empty)): null

2018-11-24 11:55:50 - [TEST_STEP][PASSED] - Statement - scenarioData = TestCase.getValue("Modules", getTestCaseData): null

2018-11-24 11:55:50 - [TEST_STEP][PASSED] - Statement - useractionData = TestCase.getValue("UserAction", getTestCaseData): null

2018-11-24 11:55:50 - [TEST_STEP][PASSED] - Statement - If (!(empty)): null

2018-11-24 11:55:50 - [TEST_STEP][PASSED] - Statement - scenarioData = TestCase.getValue("Modules", getTestCaseData): null

2018-11-24 11:55:50 - [TEST_STEP][PASSED] - Statement - useractionData = TestCase.getValue("UserAction", getTestCaseData): null

2018-11-24 11:55:50 - [TEST_STEP][PASSED] - Statement - If (!(empty)): null

2018-11-24 11:55:50 - [TEST_STEP][PASSED] - Statement - scenarioData = TestCase.getValue("Modules", getTestCaseData): null

2018-11-24 11:55:50 - [TEST_STEP][PASSED] - Statement - useractionData = TestCase.getValue("UserAction", getTestCaseData): null

2018-11-24 11:55:50 - [TEST_STEP][PASSED] - Statement - If (!(empty)): null

2018-11-24 11:55:50 - [TEST_STEP][PASSED] - Statement - scenarioData = TestCase.getValue("Modules", getTestCaseData): null

2018-11-24 11:55:50 - [TEST_STEP][PASSED] - Statement - useractionData = TestCase.getValue("UserAction", getTestCaseData): null

2018-11-24 11:55:50 - [TEST_STEP][PASSED] - Statement - If (!(empty)): null

2018-11-24 11:55:50 - [TEST_STEP][PASSED] - Statement - scenarioData = TestCase.getValue("Modules", getTestCaseData): null

2018-11-24 11:55:50 - [TEST_STEP][PASSED] - Statement - useractionData = TestCase.getValue("UserAction", getTestCaseData): null

2018-11-24 11:55:50 - [TEST_STEP][PASSED] - Statement - If (!(empty)): null

2018-11-24 11:55:50 - [TEST_STEP][PASSED] - Statement - scenarioData = TestCase.getValue("Modules", getTestCaseData): null

2018-11-24 11:55:50 - [TEST_STEP][PASSED] - Statement - useractionData = TestCase.getValue("UserAction", getTestCaseData): null

2018-11-24 11:55:50 - [TEST_STEP][PASSED] - Statement - If (!(empty)): null

2018-11-24 11:55:50 - [TEST_STEP][PASSED] - Statement - scenarioData = TestCase.getValue("Modules", getTestCaseData): null

2018-11-24 11:55:50 - [TEST_STEP][PASSED] - Statement - useractionData = TestCase.getValue("UserAction", getTestCaseData): null

2018-11-24 11:55:50 - [TEST_STEP][PASSED] - Statement - If (!(empty)): null

2018-11-24 11:55:50 - [TEST_STEP][PASSED] - Statement - scenarioData = TestCase.getValue("Modules", getTestCaseData): null

2018-11-24 11:55:50 - [TEST_STEP][PASSED] - Statement - useractionData = TestCase.getValue("UserAction", getTestCaseData): null

2018-11-24 11:55:50 - [TEST_STEP][PASSED] - Statement - If (!(empty)): null

2018-11-24 11:55:50 - [TEST_STEP][PASSED] - Statement - scenarioData = TestCase.getValue("Modules", getTestCaseData): null

2018-11-24 11:55:50 - [TEST_STEP][PASSED] - Statement - useractionData = TestCase.getValue("UserAction", getTestCaseData): null

2018-11-24 11:55:50 - [TEST_STEP][PASSED] - Statement - If (!(empty)): null

2018-11-24 11:55:50 - [TEST_STEP][PASSED] - Statement - scenarioData = TestCase.getValue("Modules", getTestCaseData): null

2018-11-24 11:55:50 - [TEST_STEP][PASSED] - Statement - useractionData = TestCase.getValue("UserAction", getTestCaseData): null

2018-11-24 11:55:50 - [TEST_STEP][PASSED] - Statement - If (!(empty)): null

2018-11-24 11:55:50 - [TEST_STEP][PASSED] - Statement - hmap.put(getTestCaseData, scenarioData): null

2018-11-24 11:55:50 - [TEST_STEP][PASSED] - Statement - hmapuserAction.put(getTestCaseData, useractionData): null

2018-11-24 11:55:50 - [TEST_STEP][PASSED] - Statement - scenarioData = TestCase.getValue("Modules", getTestCaseData): null

2018-11-24 11:55:50 - [TEST_STEP][PASSED] - Statement - useractionData = TestCase.getValue("UserAction", getTestCaseData): null

2018-11-24 11:55:50 - [TEST_STEP][PASSED] - Statement - If (!(empty)): null

2018-11-24 11:55:50 - [TEST_STEP][PASSED] - Statement - scenarioData = TestCase.getValue("Modules", getTestCaseData): null

2018-11-24 11:55:50 - [TEST_STEP][PASSED] - Statement - useractionData = TestCase.getValue("UserAction", getTestCaseData): null

2018-11-24 11:55:50 - [TEST_STEP][PASSED] - Statement - If (!(empty)): null

2018-11-24 11:55:50 - [TEST_STEP][PASSED] - Statement - scenarioData = TestCase.getValue("Modules", getTestCaseData): null

2018-11-24 11:55:50 - [TEST_STEP][PASSED] - Statement - useractionData = TestCase.getValue("UserAction", getTestCaseData): null

2018-11-24 11:55:50 - [TEST_STEP][PASSED] - Statement - If (!(empty)): null

2018-11-24 11:55:50 - [TEST_STEP][PASSED] - Statement - scenarioData = TestCase.getValue("Modules", getTestCaseData): null

2018-11-24 11:55:50 - [TEST_STEP][PASSED] - Statement - useractionData = TestCase.getValue("UserAction", getTestCaseData): null

2018-11-24 11:55:50 - [TEST_STEP][PASSED] - Statement - If (!(empty)): null

2018-11-24 11:55:50 - [TEST_STEP][PASSED] - Statement - scenarioData = TestCase.getValue("Modules", getTestCaseData): null

2018-11-24 11:55:50 - [TEST_STEP][PASSED] - Statement - useractionData = TestCase.getValue("UserAction", getTestCaseData): null

2018-11-24 11:55:50 - [TEST_STEP][PASSED] - Statement - If (!(empty)): null

2018-11-24 11:55:50 - [TEST_STEP][PASSED] - Statement - scenarioData = TestCase.getValue("Modules", getTestCaseData): null

2018-11-24 11:55:50 - [TEST_STEP][PASSED] - Statement - useractionData = TestCase.getValue("UserAction", getTestCaseData): null

2018-11-24 11:55:50 - [TEST_STEP][PASSED] - Statement - If (!(empty)): null

2018-11-24 11:55:50 - [TEST_STEP][PASSED] - Statement - scenarioData = TestCase.getValue("Modules", getTestCaseData): null

2018-11-24 11:55:50 - [TEST_STEP][PASSED] - Statement - useractionData = TestCase.getValue("UserAction", getTestCaseData): null

2018-11-24 11:55:50 - [TEST_STEP][PASSED] - Statement - If (!(empty)): null

2018-11-24 11:55:50 - [TEST_STEP][PASSED] - Statement - scenarioData = TestCase.getValue("Modules", getTestCaseData): null

2018-11-24 11:55:50 - [TEST_STEP][PASSED] - Statement - useractionData = TestCase.getValue("UserAction", getTestCaseData): null

2018-11-24 11:55:50 - [TEST_STEP][PASSED] - Statement - If (!(empty)): null

2018-11-24 11:55:50 - [TEST_STEP][PASSED] - Statement - scenarioData = TestCase.getValue("Modules", getTestCaseData): null

2018-11-24 11:55:50 - [TEST_STEP][PASSED] - Statement - useractionData = TestCase.getValue("UserAction", getTestCaseData): null

2018-11-24 11:55:50 - [TEST_STEP][PASSED] - Statement - If (!(empty)): null

2018-11-24 11:55:50 - [TEST_STEP][PASSED] - Statement - scenarioData = TestCase.getValue("Modules", getTestCaseData): null

2018-11-24 11:55:50 - [TEST_STEP][PASSED] - Statement - useractionData = TestCase.getValue("UserAction", getTestCaseData): null

2018-11-24 11:55:50 - [TEST_STEP][PASSED] - Statement - If (!(empty)): null

2018-11-24 11:55:50 - [TEST_STEP][PASSED] - Statement - scenarioData = TestCase.getValue("Modules", getTestCaseData): null

2018-11-24 11:55:50 - [TEST_STEP][PASSED] - Statement - useractionData = TestCase.getValue("UserAction", getTestCaseData): null

2018-11-24 11:55:50 - [TEST_STEP][PASSED] - Statement - If (!(empty)): null

2018-11-24 11:55:50 - [TEST_STEP][PASSED] - Statement - scenarioData = TestCase.getValue("Modules", getTestCaseData): null

2018-11-24 11:55:50 - [TEST_STEP][PASSED] - Statement - useractionData = TestCase.getValue("UserAction", getTestCaseData): null

2018-11-24 11:55:50 - [TEST_STEP][PASSED] - Statement - If (!(empty)): null

2018-11-24 11:55:50 - [TEST_STEP][PASSED] - Statement - scenarioData = TestCase.getValue("Modules", getTestCaseData): null

2018-11-24 11:55:50 - [TEST_STEP][PASSED] - Statement - useractionData = TestCase.getValue("UserAction", getTestCaseData): null

2018-11-24 11:55:50 - [TEST_STEP][PASSED] - Statement - If (!(empty)): null

2018-11-24 11:55:50 - [TEST_STEP][PASSED] - Statement - scenarioData = TestCase.getValue("Modules", getTestCaseData): null

2018-11-24 11:55:50 - [TEST_STEP][PASSED] - Statement - useractionData = TestCase.getValue("UserAction", getTestCaseData): null

2018-11-24 11:55:50 - [TEST_STEP][PASSED] - Statement - If (!(empty)): null

2018-11-24 11:55:50 - [TEST_STEP][PASSED] - Statement - scenarioData = TestCase.getValue("Modules", getTestCaseData): null

2018-11-24 11:55:50 - [TEST_STEP][PASSED] - Statement - useractionData = TestCase.getValue("UserAction", getTestCaseData): null

2018-11-24 11:55:50 - [TEST_STEP][PASSED] - Statement - If (!(empty)): null

2018-11-24 11:55:50 - [TEST_STEP][PASSED] - Statement - scenarioData = TestCase.getValue("Modules", getTestCaseData): null

2018-11-24 11:55:50 - [TEST_STEP][PASSED] - Statement - useractionData = TestCase.getValue("UserAction", getTestCaseData): null

2018-11-24 11:55:50 - [TEST_STEP][PASSED] - Statement - If (!(empty)): null

2018-11-24 11:55:50 - [TEST_STEP][PASSED] - Statement - scenarioData = TestCase.getValue("Modules", getTestCaseData): null

2018-11-24 11:55:50 - [TEST_STEP][PASSED] - Statement - useractionData = TestCase.getValue("UserAction", getTestCaseData): null

2018-11-24 11:55:50 - [TEST_STEP][PASSED] - Statement - If (!(empty)): null

2018-11-24 11:55:50 - [TEST_STEP][PASSED] - Statement - scenarioData = TestCase.getValue("Modules", getTestCaseData): null

2018-11-24 11:55:50 - [TEST_STEP][PASSED] - Statement - useractionData = TestCase.getValue("UserAction", getTestCaseData): null

2018-11-24 11:55:50 - [TEST_STEP][PASSED] - Statement - If (!(empty)): null

2018-11-24 11:55:50 - [TEST_STEP][PASSED] - Statement - scenarioData = TestCase.getValue("Modules", getTestCaseData): null

2018-11-24 11:55:50 - [TEST_STEP][PASSED] - Statement - useractionData = TestCase.getValue("UserAction", getTestCaseData): null

2018-11-24 11:55:50 - [TEST_STEP][PASSED] - Statement - If (!(empty)): null

2018-11-24 11:55:50 - [TEST_STEP][PASSED] - Statement - scenarioData = TestCase.getValue("Modules", getTestCaseData): null

2018-11-24 11:55:50 - [TEST_STEP][PASSED] - Statement - useractionData = TestCase.getValue("UserAction", getTestCaseData): null

2018-11-24 11:55:50 - [TEST_STEP][PASSED] - Statement - If (!(empty)): null

2018-11-24 11:55:50 - [TEST_STEP][PASSED] - Statement - scenarioData = TestCase.getValue("Modules", getTestCaseData): null

2018-11-24 11:55:50 - [TEST_STEP][PASSED] - Statement - useractionData = TestCase.getValue("UserAction", getTestCaseData): null

2018-11-24 11:55:50 - [TEST_STEP][PASSED] - Statement - If (!(empty)): null

2018-11-24 11:55:50 - [TEST_STEP][PASSED] - Statement - hmap.put(getTestCaseData, scenarioData): null

2018-11-24 11:55:50 - [TEST_STEP][PASSED] - Statement - hmapuserAction.put(getTestCaseData, useractionData): null

2018-11-24 11:55:50 - [TEST_STEP][PASSED] - Statement - scenarioData = TestCase.getValue("Modules", getTestCaseData): null

2018-11-24 11:55:50 - [TEST_STEP][PASSED] - Statement - useractionData = TestCase.getValue("UserAction", getTestCaseData): null

2018-11-24 11:55:50 - [TEST_STEP][PASSED] - Statement - If (!(empty)): null

2018-11-24 11:55:50 - [TEST_STEP][PASSED] - Statement - scenarioData = TestCase.getValue("Modules", getTestCaseData): null

2018-11-24 11:55:50 - [TEST_STEP][PASSED] - Statement - useractionData = TestCase.getValue("UserAction", getTestCaseData): null

2018-11-24 11:55:50 - [TEST_STEP][PASSED] - Statement - If (!(empty)): null

2018-11-24 11:55:50 - [TEST_STEP][PASSED] - Statement - scenarioData = TestCase.getValue("Modules", getTestCaseData): null

2018-11-24 11:55:50 - [TEST_STEP][PASSED] - Statement - useractionData = TestCase.getValue("UserAction", getTestCaseData): null

2018-11-24 11:55:50 - [TEST_STEP][PASSED] - Statement - If (!(empty)): null

2018-11-24 11:55:50 - [TEST_STEP][PASSED] - Statement - scenarioData = TestCase.getValue("Modules", getTestCaseData): null

2018-11-24 11:55:50 - [TEST_STEP][PASSED] - Statement - useractionData = TestCase.getValue("UserAction", getTestCaseData): null

2018-11-24 11:55:50 - [TEST_STEP][PASSED] - Statement - If (!(empty)): null

2018-11-24 11:55:50 - [TEST_STEP][PASSED] - Statement - scenarioData = TestCase.getValue("Modules", getTestCaseData): null

2018-11-24 11:55:50 - [TEST_STEP][PASSED] - Statement - useractionData = TestCase.getValue("UserAction", getTestCaseData): null

2018-11-24 11:55:50 - [TEST_STEP][PASSED] - Statement - If (!(empty)): null

2018-11-24 11:55:50 - [TEST_STEP][PASSED] - Statement - scenarioData = TestCase.getValue("Modules", getTestCaseData): null

2018-11-24 11:55:50 - [TEST_STEP][PASSED] - Statement - useractionData = TestCase.getValue("UserAction", getTestCaseData): null

2018-11-24 11:55:50 - [TEST_STEP][PASSED] - Statement - If (!(empty)): null

2018-11-24 11:55:50 - [TEST_STEP][PASSED] - Statement - scenarioData = TestCase.getValue("Modules", getTestCaseData): null

2018-11-24 11:55:50 - [TEST_STEP][PASSED] - Statement - useractionData = TestCase.getValue("UserAction", getTestCaseData): null

2018-11-24 11:55:50 - [TEST_STEP][PASSED] - Statement - If (!(empty)): null

2018-11-24 11:55:50 - [TEST_STEP][PASSED] - Statement - scenarioData = TestCase.getValue("Modules", getTestCaseData): null

2018-11-24 11:55:50 - [TEST_STEP][PASSED] - Statement - useractionData = TestCase.getValue("UserAction", getTestCaseData): null

2018-11-24 11:55:50 - [TEST_STEP][PASSED] - Statement - If (!(empty)): null

2018-11-24 11:55:50 - [TEST_STEP][PASSED] - Statement - scenarioData = TestCase.getValue("Modules", getTestCaseData): null

2018-11-24 11:55:50 - [TEST_STEP][PASSED] - Statement - useractionData = TestCase.getValue("UserAction", getTestCaseData): null

2018-11-24 11:55:50 - [TEST_STEP][PASSED] - Statement - If (!(empty)): null

2018-11-24 11:55:50 - [TEST_STEP][PASSED] - Statement - scenarioData = TestCase.getValue("Modules", getTestCaseData): null

2018-11-24 11:55:50 - [TEST_STEP][PASSED] - Statement - useractionData = TestCase.getValue("UserAction", getTestCaseData): null

2018-11-24 11:55:50 - [TEST_STEP][PASSED] - Statement - If (!(empty)): null

2018-11-24 11:55:50 - [TEST_STEP][PASSED] - Statement - scenarioData = TestCase.getValue("Modules", getTestCaseData): null

2018-11-24 11:55:50 - [TEST_STEP][PASSED] - Statement - useractionData = TestCase.getValue("UserAction", getTestCaseData): null

2018-11-24 11:55:50 - [TEST_STEP][PASSED] - Statement - If (!(empty)): null

2018-11-24 11:55:50 - [TEST_STEP][PASSED] - Statement - scenarioData = TestCase.getValue("Modules", getTestCaseData): null

2018-11-24 11:55:50 - [TEST_STEP][PASSED] - Statement - useractionData = TestCase.getValue("UserAction", getTestCaseData): null

2018-11-24 11:55:50 - [TEST_STEP][PASSED] - Statement - If (!(empty)): null

2018-11-24 11:55:50 - [TEST_STEP][PASSED] - Statement - scenarioData = TestCase.getValue("Modules", getTestCaseData): null

2018-11-24 11:55:50 - [TEST_STEP][PASSED] - Statement - useractionData = TestCase.getValue("UserAction", getTestCaseData): null

2018-11-24 11:55:50 - [TEST_STEP][PASSED] - Statement - If (!(empty)): null

2018-11-24 11:55:50 - [TEST_STEP][PASSED] - Statement - scenarioData = TestCase.getValue("Modules", getTestCaseData): null

2018-11-24 11:55:50 - [TEST_STEP][PASSED] - Statement - useractionData = TestCase.getValue("UserAction", getTestCaseData): null

2018-11-24 11:55:50 - [TEST_STEP][PASSED] - Statement - If (!(empty)): null

2018-11-24 11:55:50 - [TEST_STEP][PASSED] - Statement - scenarioData = TestCase.getValue("Modules", getTestCaseData): null

2018-11-24 11:55:50 - [TEST_STEP][PASSED] - Statement - useractionData = TestCase.getValue("UserAction", getTestCaseData): null

2018-11-24 11:55:50 - [TEST_STEP][PASSED] - Statement - If (!(empty)): null

2018-11-24 11:55:50 - [TEST_STEP][PASSED] - Statement - scenarioData = TestCase.getValue("Modules", getTestCaseData): null

2018-11-24 11:55:50 - [TEST_STEP][PASSED] - Statement - useractionData = TestCase.getValue("UserAction", getTestCaseData): null

2018-11-24 11:55:50 - [TEST_STEP][PASSED] - Statement - If (!(empty)): null

2018-11-24 11:55:50 - [TEST_STEP][PASSED] - Statement - scenarioData = TestCase.getValue("Modules", getTestCaseData): null

2018-11-24 11:55:50 - [TEST_STEP][PASSED] - Statement - useractionData = TestCase.getValue("UserAction", getTestCaseData): null

2018-11-24 11:55:50 - [TEST_STEP][PASSED] - Statement - If (!(empty)): null

2018-11-24 11:55:50 - [TEST_STEP][PASSED] - Statement - scenarioData = TestCase.getValue("Modules", getTestCaseData): null

2018-11-24 11:55:50 - [TEST_STEP][PASSED] - Statement - useractionData = TestCase.getValue("UserAction", getTestCaseData): null

2018-11-24 11:55:50 - [TEST_STEP][PASSED] - Statement - If (!(empty)): null

2018-11-24 11:55:50 - [TEST_STEP][PASSED] - Statement - scenarioData = TestCase.getValue("Modules", getTestCaseData): null

2018-11-24 11:55:50 - [TEST_STEP][PASSED] - Statement - useractionData = TestCase.getValue("UserAction", getTestCaseData): null

2018-11-24 11:55:50 - [TEST_STEP][PASSED] - Statement - If (!(empty)): null

2018-11-24 11:55:50 - [TEST_STEP][PASSED] - Statement - scenarioData = TestCase.getValue("Modules", getTestCaseData): null

2018-11-24 11:55:50 - [TEST_STEP][PASSED] - Statement - useractionData = TestCase.getValue("UserAction", getTestCaseData): null

2018-11-24 11:55:50 - [TEST_STEP][PASSED] - Statement - If (!(empty)): null

2018-11-24 11:55:50 - [TEST_STEP][PASSED] - Statement - scenarioData = TestCase.getValue("Modules", getTestCaseData): null

2018-11-24 11:55:50 - [TEST_STEP][PASSED] - Statement - useractionData = TestCase.getValue("UserAction", getTestCaseData): null

2018-11-24 11:55:50 - [TEST_STEP][PASSED] - Statement - If (!(empty)): null

2018-11-24 11:55:50 - [TEST_STEP][PASSED] - Statement - scenarioData = TestCase.getValue("Modules", getTestCaseData): null

2018-11-24 11:55:50 - [TEST_STEP][PASSED] - Statement - useractionData = TestCase.getValue("UserAction", getTestCaseData): null

2018-11-24 11:55:50 - [TEST_STEP][PASSED] - Statement - If (!(empty)): null

2018-11-24 11:55:50 - [TEST_STEP][PASSED] - Statement - scenarioData = TestCase.getValue("Modules", getTestCaseData): null

2018-11-24 11:55:50 - [TEST_STEP][PASSED] - Statement - useractionData = TestCase.getValue("UserAction", getTestCaseData): null

2018-11-24 11:55:50 - [TEST_STEP][PASSED] - Statement - If (!(empty)): null

2018-11-24 11:55:50 - [TEST_STEP][PASSED] - Statement - scenarioData = TestCase.getValue("Modules", getTestCaseData): null

2018-11-24 11:55:50 - [TEST_STEP][PASSED] - Statement - useractionData = TestCase.getValue("UserAction", getTestCaseData): null

2018-11-24 11:55:50 - [TEST_STEP][PASSED] - Statement - If (!(empty)): null

2018-11-24 11:55:50 - [TEST_STEP][PASSED] - Statement - scenarioData = TestCase.getValue("Modules", getTestCaseData): null

2018-11-24 11:55:50 - [TEST_STEP][PASSED] - Statement - useractionData = TestCase.getValue("UserAction", getTestCaseData): null

2018-11-24 11:55:50 - [TEST_STEP][PASSED] - Statement - If (!(empty)): null

2018-11-24 11:55:50 - [TEST_STEP][PASSED] - Statement - hmap.put(getTestCaseData, scenarioData): null

2018-11-24 11:55:50 - [TEST_STEP][PASSED] - Statement - hmapuserAction.put(getTestCaseData, useractionData): null

2018-11-24 11:55:50 - [TEST_STEP][PASSED] - Statement - scenarioData = TestCase.getValue("Modules", getTestCaseData): null

2018-11-24 11:55:50 - [TEST_STEP][PASSED] - Statement - useractionData = TestCase.getValue("UserAction", getTestCaseData): null

2018-11-24 11:55:50 - [TEST_STEP][PASSED] - Statement - If (!(empty)): null

2018-11-24 11:55:50 - [TEST_STEP][PASSED] - Statement - scenarioData = TestCase.getValue("Modules", getTestCaseData): null

2018-11-24 11:55:50 - [TEST_STEP][PASSED] - Statement - useractionData = TestCase.getValue("UserAction", getTestCaseData): null

2018-11-24 11:55:50 - [TEST_STEP][PASSED] - Statement - If (!(empty)): null

2018-11-24 11:55:50 - [TEST_STEP][PASSED] - Statement - scenarioData = TestCase.getValue("Modules", getTestCaseData): null

2018-11-24 11:55:50 - [TEST_STEP][PASSED] - Statement - useractionData = TestCase.getValue("UserAction", getTestCaseData): null

2018-11-24 11:55:50 - [TEST_STEP][PASSED] - Statement - If (!(empty)): null

2018-11-24 11:55:50 - [TEST_STEP][PASSED] - Statement - scenarioData = TestCase.getValue("Modules", getTestCaseData): null

2018-11-24 11:55:50 - [TEST_STEP][PASSED] - Statement - useractionData = TestCase.getValue("UserAction", getTestCaseData): null

2018-11-24 11:55:50 - [TEST_STEP][PASSED] - Statement - If (!(empty)): null

2018-11-24 11:55:50 - [TEST_STEP][PASSED] - Statement - scenarioData = TestCase.getValue("Modules", getTestCaseData): null

2018-11-24 11:55:50 - [TEST_STEP][PASSED] - Statement - useractionData = TestCase.getValue("UserAction", getTestCaseData): null

2018-11-24 11:55:50 - [TEST_STEP][PASSED] - Statement - If (!(empty)): null

2018-11-24 11:55:50 - [TEST_STEP][PASSED] - Statement - scenarioData = TestCase.getValue("Modules", getTestCaseData): null

2018-11-24 11:55:50 - [TEST_STEP][PASSED] - Statement - useractionData = TestCase.getValue("UserAction", getTestCaseData): null

2018-11-24 11:55:50 - [TEST_STEP][PASSED] - Statement - If (!(empty)): null

2018-11-24 11:55:50 - [TEST_STEP][PASSED] - Statement - scenarioData = TestCase.getValue("Modules", getTestCaseData): null

2018-11-24 11:55:50 - [TEST_STEP][PASSED] - Statement - useractionData = TestCase.getValue("UserAction", getTestCaseData): null

2018-11-24 11:55:50 - [TEST_STEP][PASSED] - Statement - If (!(empty)): null

2018-11-24 11:55:50 - [TEST_STEP][PASSED] - Statement - scenarioData = TestCase.getValue("Modules", getTestCaseData): null

2018-11-24 11:55:50 - [TEST_STEP][PASSED] - Statement - useractionData = TestCase.getValue("UserAction", getTestCaseData): null

2018-11-24 11:55:50 - [TEST_STEP][PASSED] - Statement - If (!(empty)): null

2018-11-24 11:55:50 - [TEST_STEP][PASSED] - Statement - scenarioData = TestCase.getValue("Modules", getTestCaseData): null

2018-11-24 11:55:50 - [TEST_STEP][PASSED] - Statement - useractionData = TestCase.getValue("UserAction", getTestCaseData): null

2018-11-24 11:55:50 - [TEST_STEP][PASSED] - Statement - If (!(empty)): null

2018-11-24 11:55:50 - [TEST_STEP][PASSED] - Statement - scenarioData = TestCase.getValue("Modules", getTestCaseData): null

2018-11-24 11:55:50 - [TEST_STEP][PASSED] - Statement - useractionData = TestCase.getValue("UserAction", getTestCaseData): null

2018-11-24 11:55:50 - [TEST_STEP][PASSED] - Statement - If (!(empty)): null

2018-11-24 11:55:50 - [TEST_STEP][PASSED] - Statement - scenarioData = TestCase.getValue("Modules", getTestCaseData): null

2018-11-24 11:55:50 - [TEST_STEP][PASSED] - Statement - useractionData = TestCase.getValue("UserAction", getTestCaseData): null

2018-11-24 11:55:50 - [TEST_STEP][PASSED] - Statement - If (!(empty)): null

2018-11-24 11:55:50 - [TEST_STEP][PASSED] - Statement - scenarioData = TestCase.getValue("Modules", getTestCaseData): null

2018-11-24 11:55:50 - [TEST_STEP][PASSED] - Statement - useractionData = TestCase.getValue("UserAction", getTestCaseData): null

2018-11-24 11:55:50 - [TEST_STEP][PASSED] - Statement - If (!(empty)): null

2018-11-24 11:55:50 - [TEST_STEP][PASSED] - Statement - scenarioData = TestCase.getValue("Modules", getTestCaseData): null

2018-11-24 11:55:50 - [TEST_STEP][PASSED] - Statement - useractionData = TestCase.getValue("UserAction", getTestCaseData): null

2018-11-24 11:55:50 - [TEST_STEP][PASSED] - Statement - If (!(empty)): null

2018-11-24 11:55:50 - [TEST_STEP][PASSED] - Statement - scenarioData = TestCase.getValue("Modules", getTestCaseData): null

2018-11-24 11:55:50 - [TEST_STEP][PASSED] - Statement - useractionData = TestCase.getValue("UserAction", getTestCaseData): null

2018-11-24 11:55:50 - [TEST_STEP][PASSED] - Statement - If (!(empty)): null

2018-11-24 11:55:50 - [TEST_STEP][PASSED] - Statement - scenarioData = TestCase.getValue("Modules", getTestCaseData): null

2018-11-24 11:55:50 - [TEST_STEP][PASSED] - Statement - useractionData = TestCase.getValue("UserAction", getTestCaseData): null

2018-11-24 11:55:50 - [TEST_STEP][PASSED] - Statement - If (!(empty)): null

2018-11-24 11:55:50 - [TEST_STEP][PASSED] - Statement - scenarioData = TestCase.getValue("Modules", getTestCaseData): null

2018-11-24 11:55:50 - [TEST_STEP][PASSED] - Statement - useractionData = TestCase.getValue("UserAction", getTestCaseData): null

2018-11-24 11:55:50 - [TEST_STEP][PASSED] - Statement - If (!(empty)): null

2018-11-24 11:55:50 - [TEST_STEP][PASSED] - Statement - scenarioData = TestCase.getValue("Modules", getTestCaseData): null

2018-11-24 11:55:50 - [TEST_STEP][PASSED] - Statement - useractionData = TestCase.getValue("UserAction", getTestCaseData): null

2018-11-24 11:55:50 - [TEST_STEP][PASSED] - Statement - If (!(empty)): null

2018-11-24 11:55:50 - [TEST_STEP][PASSED] - Statement - scenarioData = TestCase.getValue("Modules", getTestCaseData): null

2018-11-24 11:55:50 - [TEST_STEP][PASSED] - Statement - useractionData = TestCase.getValue("UserAction", getTestCaseData): null

2018-11-24 11:55:50 - [TEST_STEP][PASSED] - Statement - If (!(empty)): null

2018-11-24 11:55:50 - [TEST_STEP][PASSED] - Statement - scenarioData = TestCase.getValue("Modules", getTestCaseData): null

2018-11-24 11:55:50 - [TEST_STEP][PASSED] - Statement - useractionData = TestCase.getValue("UserAction", getTestCaseData): null

2018-11-24 11:55:50 - [TEST_STEP][PASSED] - Statement - If (!(empty)): null

2018-11-24 11:55:50 - [TEST_STEP][PASSED] - Statement - scenarioData = TestCase.getValue("Modules", getTestCaseData): null

2018-11-24 11:55:50 - [TEST_STEP][PASSED] - Statement - useractionData = TestCase.getValue("UserAction", getTestCaseData): null

2018-11-24 11:55:50 - [TEST_STEP][PASSED] - Statement - If (!(empty)): null

2018-11-24 11:55:50 - [TEST_STEP][PASSED] - Statement - scenarioData = TestCase.getValue("Modules", getTestCaseData): null

2018-11-24 11:55:50 - [TEST_STEP][PASSED] - Statement - useractionData = TestCase.getValue("UserAction", getTestCaseData): null

2018-11-24 11:55:50 - [TEST_STEP][PASSED] - Statement - If (!(empty)): null

2018-11-24 11:55:50 - [TEST_STEP][PASSED] - Statement - hmap.put(getTestCaseData, scenarioData): null

2018-11-24 11:55:50 - [TEST_STEP][PASSED] - Statement - hmapuserAction.put(getTestCaseData, useractionData): null

2018-11-24 11:55:50 - [TEST_STEP][PASSED] - Statement - scenarioData = TestCase.getValue("Modules", getTestCaseData): null

2018-11-24 11:55:50 - [TEST_STEP][PASSED] - Statement - useractionData = TestCase.getValue("UserAction", getTestCaseData): null

2018-11-24 11:55:50 - [TEST_STEP][PASSED] - Statement - If (!(empty)): null

2018-11-24 11:55:50 - [TEST_STEP][PASSED] - Statement - scenarioData = TestCase.getValue("Modules", getTestCaseData): null

2018-11-24 11:55:50 - [TEST_STEP][PASSED] - Statement - useractionData = TestCase.getValue("UserAction", getTestCaseData): null

2018-11-24 11:55:50 - [TEST_STEP][PASSED] - Statement - If (!(empty)): null

2018-11-24 11:55:50 - [TEST_STEP][PASSED] - Statement - scenarioData = TestCase.getValue("Modules", getTestCaseData): null

2018-11-24 11:55:50 - [TEST_STEP][PASSED] - Statement - useractionData = TestCase.getValue("UserAction", getTestCaseData): null

2018-11-24 11:55:50 - [TEST_STEP][PASSED] - Statement - If (!(empty)): null

2018-11-24 11:55:50 - [TEST_STEP][PASSED] - Statement - scenarioData = TestCase.getValue("Modules", getTestCaseData): null

2018-11-24 11:55:50 - [TEST_STEP][PASSED] - Statement - useractionData = TestCase.getValue("UserAction", getTestCaseData): null

2018-11-24 11:55:50 - [TEST_STEP][PASSED] - Statement - If (!(empty)): null

2018-11-24 11:55:50 - [TEST_STEP][PASSED] - Statement - scenarioData = TestCase.getValue("Modules", getTestCaseData): null

2018-11-24 11:55:50 - [TEST_STEP][PASSED] - Statement - useractionData = TestCase.getValue("UserAction", getTestCaseData): null

2018-11-24 11:55:50 - [TEST_STEP][PASSED] - Statement - If (!(empty)): null

2018-11-24 11:55:50 - [TEST_STEP][PASSED] - Statement - scenarioData = TestCase.getValue("Modules", getTestCaseData): null

2018-11-24 11:55:50 - [TEST_STEP][PASSED] - Statement - useractionData = TestCase.getValue("UserAction", getTestCaseData): null

2018-11-24 11:55:50 - [TEST_STEP][PASSED] - Statement - If (!(empty)): null

2018-11-24 11:55:50 - [TEST_STEP][PASSED] - Statement - scenarioData = TestCase.getValue("Modules", getTestCaseData): null

2018-11-24 11:55:50 - [TEST_STEP][PASSED] - Statement - useractionData = TestCase.getValue("UserAction", getTestCaseData): null

2018-11-24 11:55:50 - [TEST_STEP][PASSED] - Statement - If (!(empty)): null

2018-11-24 11:55:50 - [TEST_STEP][PASSED] - Statement - scenarioData = TestCase.getValue("Modules", getTestCaseData): null

2018-11-24 11:55:50 - [TEST_STEP][PASSED] - Statement - useractionData = TestCase.getValue("UserAction", getTestCaseData): null

2018-11-24 11:55:50 - [TEST_STEP][PASSED] - Statement - If (!(empty)): null

2018-11-24 11:55:50 - [TEST_STEP][PASSED] - Statement - scenarioData = TestCase.getValue("Modules", getTestCaseData): null

2018-11-24 11:55:50 - [TEST_STEP][PASSED] - Statement - useractionData = TestCase.getValue("UserAction", getTestCaseData): null

2018-11-24 11:55:50 - [TEST_STEP][PASSED] - Statement - If (!(empty)): null

2018-11-24 11:55:50 - [TEST_STEP][PASSED] - Statement - scenarioData = TestCase.getValue("Modules", getTestCaseData): null

2018-11-24 11:55:50 - [TEST_STEP][PASSED] - Statement - useractionData = TestCase.getValue("UserAction", getTestCaseData): null

2018-11-24 11:55:50 - [TEST_STEP][PASSED] - Statement - If (!(empty)): null

2018-11-24 11:55:50 - [TEST_STEP][PASSED] - Statement - scenarioData = TestCase.getValue("Modules", getTestCaseData): null

2018-11-24 11:55:50 - [TEST_STEP][PASSED] - Statement - useractionData = TestCase.getValue("UserAction", getTestCaseData): null

2018-11-24 11:55:50 - [TEST_STEP][PASSED] - Statement - If (!(empty)): null

2018-11-24 11:55:50 - [TEST_STEP][PASSED] - Statement - scenarioData = TestCase.getValue("Modules", getTestCaseData): null

2018-11-24 11:55:50 - [TEST_STEP][PASSED] - Statement - useractionData = TestCase.getValue("UserAction", getTestCaseData): null

2018-11-24 11:55:50 - [TEST_STEP][PASSED] - Statement - If (!(empty)): null

2018-11-24 11:55:50 - [TEST_STEP][PASSED] - Statement - scenarioData = TestCase.getValue("Modules", getTestCaseData): null

2018-11-24 11:55:50 - [TEST_STEP][PASSED] - Statement - useractionData = TestCase.getValue("UserAction", getTestCaseData): null

2018-11-24 11:55:50 - [TEST_STEP][PASSED] - Statement - If (!(empty)): null

2018-11-24 11:55:50 - [TEST_STEP][PASSED] - Statement - scenarioData = TestCase.getValue("Modules", getTestCaseData): null

2018-11-24 11:55:50 - [TEST_STEP][PASSED] - Statement - useractionData = TestCase.getValue("UserAction", getTestCaseData): null

2018-11-24 11:55:50 - [TEST_STEP][PASSED] - Statement - If (!(empty)): null

2018-11-24 11:55:50 - [TEST_STEP][PASSED] - Statement - scenarioData = TestCase.getValue("Modules", getTestCaseData): null

2018-11-24 11:55:50 - [TEST_STEP][PASSED] - Statement - useractionData = TestCase.getValue("UserAction", getTestCaseData): null

2018-11-24 11:55:50 - [TEST_STEP][PASSED] - Statement - If (!(empty)): null

2018-11-24 11:55:50 - [TEST_STEP][PASSED] - Statement - scenarioData = TestCase.getValue("Modules", getTestCaseData): null

2018-11-24 11:55:50 - [TEST_STEP][PASSED] - Statement - useractionData = TestCase.getValue("UserAction", getTestCaseData): null

2018-11-24 11:55:50 - [TEST_STEP][PASSED] - Statement - If (!(empty)): null

2018-11-24 11:55:50 - [TEST_STEP][PASSED] - Statement - scenarioData = TestCase.getValue("Modules", getTestCaseData): null

2018-11-24 11:55:50 - [TEST_STEP][PASSED] - Statement - useractionData = TestCase.getValue("UserAction", getTestCaseData): null

2018-11-24 11:55:50 - [TEST_STEP][PASSED] - Statement - If (!(empty)): null

2018-11-24 11:55:50 - [TEST_STEP][PASSED] - Statement - scenarioData = TestCase.getValue("Modules", getTestCaseData): null

2018-11-24 11:55:50 - [TEST_STEP][PASSED] - Statement - useractionData = TestCase.getValue("UserAction", getTestCaseData): null

2018-11-24 11:55:50 - [TEST_STEP][PASSED] - Statement - If (!(empty)): null

2018-11-24 11:55:50 - [TEST_STEP][PASSED] - Statement - scenarioData = TestCase.getValue("Modules", getTestCaseData): null

2018-11-24 11:55:50 - [TEST_STEP][PASSED] - Statement - useractionData = TestCase.getValue("UserAction", getTestCaseData): null

2018-11-24 11:55:50 - [TEST_STEP][PASSED] - Statement - If (!(empty)): null

2018-11-24 11:55:50 - [TEST_STEP][PASSED] - Statement - scenarioData = TestCase.getValue("Modules", getTestCaseData): null

2018-11-24 11:55:50 - [TEST_STEP][PASSED] - Statement - useractionData = TestCase.getValue("UserAction", getTestCaseData): null

2018-11-24 11:55:50 - [TEST_STEP][PASSED] - Statement - If (!(empty)): null

2018-11-24 11:55:50 - [TEST_STEP][PASSED] - Statement - scenarioData = TestCase.getValue("Modules", getTestCaseData): null

2018-11-24 11:55:50 - [TEST_STEP][PASSED] - Statement - useractionData = TestCase.getValue("UserAction", getTestCaseData): null

2018-11-24 11:55:50 - [TEST_STEP][PASSED] - Statement - If (!(empty)): null

2018-11-24 11:55:50 - [TEST_STEP][PASSED] - Statement - scenarioData = TestCase.getValue("Modules", getTestCaseData): null

2018-11-24 11:55:50 - [TEST_STEP][PASSED] - Statement - useractionData = TestCase.getValue("UserAction", getTestCaseData): null

2018-11-24 11:55:50 - [TEST_STEP][PASSED] - Statement - If (!(empty)): null

2018-11-24 11:55:50 - [TEST_STEP][PASSED] - Statement - scenarioData = TestCase.getValue("Modules", getTestCaseData): null

2018-11-24 11:55:50 - [TEST_STEP][PASSED] - Statement - useractionData = TestCase.getValue("UserAction", getTestCaseData): null

2018-11-24 11:55:50 - [TEST_STEP][PASSED] - Statement - If (!(empty)): null

2018-11-24 11:55:50 - [TEST_STEP][PASSED] - Statement - hmap.put(getTestCaseData, scenarioData): null

2018-11-24 11:55:50 - [TEST_STEP][PASSED] - Statement - hmapuserAction.put(getTestCaseData, useractionData): null

2018-11-24 11:55:50 - [TEST_STEP][PASSED] - Statement - scenarioData = TestCase.getValue("Modules", getTestCaseData): null

2018-11-24 11:55:50 - [TEST_STEP][PASSED] - Statement - useractionData = TestCase.getValue("UserAction", getTestCaseData): null

2018-11-24 11:55:50 - [TEST_STEP][PASSED] - Statement - If (!(empty)): null

2018-11-24 11:55:50 - [TEST_STEP][PASSED] - Statement - scenarioData = TestCase.getValue("Modules", getTestCaseData): null

2018-11-24 11:55:50 - [TEST_STEP][PASSED] - Statement - useractionData = TestCase.getValue("UserAction", getTestCaseData): null

2018-11-24 11:55:50 - [TEST_STEP][PASSED] - Statement - If (!(empty)): null

2018-11-24 11:55:50 - [TEST_STEP][PASSED] - Statement - scenarioData = TestCase.getValue("Modules", getTestCaseData): null

2018-11-24 11:55:50 - [TEST_STEP][PASSED] - Statement - useractionData = TestCase.getValue("UserAction", getTestCaseData): null

2018-11-24 11:55:50 - [TEST_STEP][PASSED] - Statement - If (!(empty)): null

2018-11-24 11:55:50 - [TEST_STEP][PASSED] - Statement - scenarioData = TestCase.getValue("Modules", getTestCaseData): null

2018-11-24 11:55:50 - [TEST_STEP][PASSED] - Statement - useractionData = TestCase.getValue("UserAction", getTestCaseData): null

2018-11-24 11:55:50 - [TEST_STEP][PASSED] - Statement - If (!(empty)): null

2018-11-24 11:55:50 - [TEST_STEP][PASSED] - Statement - scenarioData = TestCase.getValue("Modules", getTestCaseData): null

2018-11-24 11:55:50 - [TEST_STEP][PASSED] - Statement - useractionData = TestCase.getValue("UserAction", getTestCaseData): null

2018-11-24 11:55:50 - [TEST_STEP][PASSED] - Statement - If (!(empty)): null

2018-11-24 11:55:50 - [TEST_STEP][PASSED] - Statement - scenarioData = TestCase.getValue("Modules", getTestCaseData): null

2018-11-24 11:55:50 - [TEST_STEP][PASSED] - Statement - useractionData = TestCase.getValue("UserAction", getTestCaseData): null

2018-11-24 11:55:50 - [TEST_STEP][PASSED] - Statement - If (!(empty)): null

2018-11-24 11:55:50 - [TEST_STEP][PASSED] - Statement - scenarioData = TestCase.getValue("Modules", getTestCaseData): null

2018-11-24 11:55:50 - [TEST_STEP][PASSED] - Statement - useractionData = TestCase.getValue("UserAction", getTestCaseData): null

2018-11-24 11:55:50 - [TEST_STEP][PASSED] - Statement - If (!(empty)): null

2018-11-24 11:55:50 - [TEST_STEP][PASSED] - Statement - scenarioData = TestCase.getValue("Modules", getTestCaseData): null

2018-11-24 11:55:50 - [TEST_STEP][PASSED] - Statement - useractionData = TestCase.getValue("UserAction", getTestCaseData): null

2018-11-24 11:55:50 - [TEST_STEP][PASSED] - Statement - If (!(empty)): null

2018-11-24 11:55:50 - [TEST_STEP][PASSED] - Statement - scenarioData = TestCase.getValue("Modules", getTestCaseData): null

2018-11-24 11:55:50 - [TEST_STEP][PASSED] - Statement - useractionData = TestCase.getValue("UserAction", getTestCaseData): null

2018-11-24 11:55:50 - [TEST_STEP][PASSED] - Statement - If (!(empty)): null

2018-11-24 11:55:50 - [TEST_STEP][PASSED] - Statement - scenarioData = TestCase.getValue("Modules", getTestCaseData): null

2018-11-24 11:55:50 - [TEST_STEP][PASSED] - Statement - useractionData = TestCase.getValue("UserAction", getTestCaseData): null

2018-11-24 11:55:50 - [TEST_STEP][PASSED] - Statement - If (!(empty)): null

2018-11-24 11:55:50 - [TEST_STEP][PASSED] - Statement - scenarioData = TestCase.getValue("Modules", getTestCaseData): null

2018-11-24 11:55:50 - [TEST_STEP][PASSED] - Statement - useractionData = TestCase.getValue("UserAction", getTestCaseData): null

2018-11-24 11:55:50 - [TEST_STEP][PASSED] - Statement - If (!(empty)): null

2018-11-24 11:55:50 - [TEST_STEP][PASSED] - Statement - scenarioData = TestCase.getValue("Modules", getTestCaseData): null

2018-11-24 11:55:50 - [TEST_STEP][PASSED] - Statement - useractionData = TestCase.getValue("UserAction", getTestCaseData): null

2018-11-24 11:55:50 - [TEST_STEP][PASSED] - Statement - If (!(empty)): null

2018-11-24 11:55:50 - [TEST_STEP][PASSED] - Statement - scenarioData = TestCase.getValue("Modules", getTestCaseData): null

2018-11-24 11:55:50 - [TEST_STEP][PASSED] - Statement - useractionData = TestCase.getValue("UserAction", getTestCaseData): null

2018-11-24 11:55:50 - [TEST_STEP][PASSED] - Statement - If (!(empty)): null

2018-11-24 11:55:50 - [TEST_STEP][PASSED] - Statement - scenarioData = TestCase.getValue("Modules", getTestCaseData): null

2018-11-24 11:55:50 - [TEST_STEP][PASSED] - Statement - useractionData = TestCase.getValue("UserAction", getTestCaseData): null

2018-11-24 11:55:50 - [TEST_STEP][PASSED] - Statement - If (!(empty)): null

2018-11-24 11:55:50 - [TEST_STEP][PASSED] - Statement - scenarioData = TestCase.getValue("Modules", getTestCaseData): null

2018-11-24 11:55:50 - [TEST_STEP][PASSED] - Statement - useractionData = TestCase.getValue("UserAction", getTestCaseData): null

2018-11-24 11:55:50 - [TEST_STEP][PASSED] - Statement - If (!(empty)): null

2018-11-24 11:55:50 - [TEST_STEP][PASSED] - Statement - scenarioData = TestCase.getValue("Modules", getTestCaseData): null

2018-11-24 11:55:50 - [TEST_STEP][PASSED] - Statement - useractionData = TestCase.getValue("UserAction", getTestCaseData): null

2018-11-24 11:55:50 - [TEST_STEP][PASSED] - Statement - If (!(empty)): null

2018-11-24 11:55:50 - [TEST_STEP][PASSED] - Statement - scenarioData = TestCase.getValue("Modules", getTestCaseData): null

2018-11-24 11:55:50 - [TEST_STEP][PASSED] - Statement - useractionData = TestCase.getValue("UserAction", getTestCaseData): null

2018-11-24 11:55:50 - [TEST_STEP][PASSED] - Statement - If (!(empty)): null

2018-11-24 11:55:50 - [TEST_STEP][PASSED] - Statement - scenarioData = TestCase.getValue("Modules", getTestCaseData): null

2018-11-24 11:55:50 - [TEST_STEP][PASSED] - Statement - useractionData = TestCase.getValue("UserAction", getTestCaseData): null

2018-11-24 11:55:50 - [TEST_STEP][PASSED] - Statement - If (!(empty)): null

2018-11-24 11:55:50 - [TEST_STEP][PASSED] - Statement - scenarioData = TestCase.getValue("Modules", getTestCaseData): null

2018-11-24 11:55:50 - [TEST_STEP][PASSED] - Statement - useractionData = TestCase.getValue("UserAction", getTestCaseData): null

2018-11-24 11:55:50 - [TEST_STEP][PASSED] - Statement - If (!(empty)): null

2018-11-24 11:55:50 - [TEST_STEP][PASSED] - Statement - scenarioData = TestCase.getValue("Modules", getTestCaseData): null

2018-11-24 11:55:50 - [TEST_STEP][PASSED] - Statement - useractionData = TestCase.getValue("UserAction", getTestCaseData): null

2018-11-24 11:55:50 - [TEST_STEP][PASSED] - Statement - If (!(empty)): null

2018-11-24 11:55:50 - [TEST_STEP][PASSED] - Statement - scenarioData = TestCase.getValue("Modules", getTestCaseData): null

2018-11-24 11:55:50 - [TEST_STEP][PASSED] - Statement - useractionData = TestCase.getValue("UserAction", getTestCaseData): null

2018-11-24 11:55:50 - [TEST_STEP][PASSED] - Statement - If (!(empty)): null

2018-11-24 11:55:50 - [TEST_STEP][PASSED] - Statement - scenarioData = TestCase.getValue("Modules", getTestCaseData): null

2018-11-24 11:55:50 - [TEST_STEP][PASSED] - Statement - useractionData = TestCase.getValue("UserAction", getTestCaseData): null

2018-11-24 11:55:50 - [TEST_STEP][PASSED] - Statement - If (!(empty)): null

2018-11-24 11:55:50 - [TEST_STEP][PASSED] - Statement - scenarioData = TestCase.getValue("Modules", getTestCaseData): null

2018-11-24 11:55:50 - [TEST_STEP][PASSED] - Statement - useractionData = TestCase.getValue("UserAction", getTestCaseData): null

2018-11-24 11:55:50 - [TEST_STEP][PASSED] - Statement - If (!(empty)): null

2018-11-24 11:55:50 - [TEST_STEP][PASSED] - Statement - scenarioData = TestCase.getValue("Modules", getTestCaseData): null

2018-11-24 11:55:50 - [TEST_STEP][PASSED] - Statement - useractionData = TestCase.getValue("UserAction", getTestCaseData): null

2018-11-24 11:55:50 - [TEST_STEP][PASSED] - Statement - If (!(empty)): null

2018-11-24 11:55:50 - [TEST_STEP][PASSED] - Statement - scenarioData = TestCase.getValue("Modules", getTestCaseData): null

2018-11-24 11:55:50 - [TEST_STEP][PASSED] - Statement - useractionData = TestCase.getValue("UserAction", getTestCaseData): null

2018-11-24 11:55:50 - [TEST_STEP][PASSED] - Statement - If (!(empty)): null

2018-11-24 11:55:50 - [TEST_STEP][PASSED] - Statement - scenarioData = TestCase.getValue("Modules", getTestCaseData): null

2018-11-24 11:55:50 - [TEST_STEP][PASSED] - Statement - useractionData = TestCase.getValue("UserAction", getTestCaseData): null

2018-11-24 11:55:50 - [TEST_STEP][PASSED] - Statement - If (!(empty)): null

2018-11-24 11:55:50 - [TEST_STEP][PASSED] - Statement - scenarioData = TestCase.getValue("Modules", getTestCaseData): null

2018-11-24 11:55:50 - [TEST_STEP][PASSED] - Statement - useractionData = TestCase.getValue("UserAction", getTestCaseData): null

2018-11-24 11:55:50 - [TEST_STEP][PASSED] - Statement - If (!(empty)): null

2018-11-24 11:55:50 - [TEST_STEP][PASSED] - Statement - hmap.put(getTestCaseData, scenarioData): null

2018-11-24 11:55:50 - [TEST_STEP][PASSED] - Statement - hmapuserAction.put(getTestCaseData, useractionData): null

2018-11-24 11:55:50 - [TEST_STEP][PASSED] - Statement - scenarioData = TestCase.getValue("Modules", getTestCaseData): null

2018-11-24 11:55:50 - [TEST_STEP][PASSED] - Statement - useractionData = TestCase.getValue("UserAction", getTestCaseData): null

2018-11-24 11:55:50 - [TEST_STEP][PASSED] - Statement - If (!(empty)): null

2018-11-24 11:55:50 - [TEST_STEP][PASSED] - Statement - scenarioData = TestCase.getValue("Modules", getTestCaseData): null

2018-11-24 11:55:50 - [TEST_STEP][PASSED] - Statement - useractionData = TestCase.getValue("UserAction", getTestCaseData): null

2018-11-24 11:55:50 - [TEST_STEP][PASSED] - Statement - If (!(empty)): null

2018-11-24 11:55:50 - [TEST_STEP][PASSED] - Statement - scenarioData = TestCase.getValue("Modules", getTestCaseData): null

2018-11-24 11:55:50 - [TEST_STEP][PASSED] - Statement - useractionData = TestCase.getValue("UserAction", getTestCaseData): null

2018-11-24 11:55:50 - [TEST_STEP][PASSED] - Statement - If (!(empty)): null

2018-11-24 11:55:50 - [TEST_STEP][PASSED] - Statement - scenarioData = TestCase.getValue("Modules", getTestCaseData): null

2018-11-24 11:55:50 - [TEST_STEP][PASSED] - Statement - useractionData = TestCase.getValue("UserAction", getTestCaseData): null

2018-11-24 11:55:50 - [TEST_STEP][PASSED] - Statement - If (!(empty)): null

2018-11-24 11:55:50 - [TEST_STEP][PASSED] - Statement - scenarioData = TestCase.getValue("Modules", getTestCaseData): null

2018-11-24 11:55:50 - [TEST_STEP][PASSED] - Statement - useractionData = TestCase.getValue("UserAction", getTestCaseData): null

2018-11-24 11:55:50 - [TEST_STEP][PASSED] - Statement - If (!(empty)): null

2018-11-24 11:55:50 - [TEST_STEP][PASSED] - Statement - scenarioData = TestCase.getValue("Modules", getTestCaseData): null

2018-11-24 11:55:50 - [TEST_STEP][PASSED] - Statement - useractionData = TestCase.getValue("UserAction", getTestCaseData): null

2018-11-24 11:55:50 - [TEST_STEP][PASSED] - Statement - If (!(empty)): null

2018-11-24 11:55:50 - [TEST_STEP][PASSED] - Statement - scenarioData = TestCase.getValue("Modules", getTestCaseData): null

2018-11-24 11:55:50 - [TEST_STEP][PASSED] - Statement - useractionData = TestCase.getValue("UserAction", getTestCaseData): null

2018-11-24 11:55:50 - [TEST_STEP][PASSED] - Statement - If (!(empty)): null

2018-11-24 11:55:50 - [TEST_STEP][PASSED] - Statement - scenarioData = TestCase.getValue("Modules", getTestCaseData): null

2018-11-24 11:55:50 - [TEST_STEP][PASSED] - Statement - useractionData = TestCase.getValue("UserAction", getTestCaseData): null

2018-11-24 11:55:50 - [TEST_STEP][PASSED] - Statement - If (!(empty)): null

2018-11-24 11:55:50 - [TEST_STEP][PASSED] - Statement - scenarioData = TestCase.getValue("Modules", getTestCaseData): null

2018-11-24 11:55:50 - [TEST_STEP][PASSED] - Statement - useractionData = TestCase.getValue("UserAction", getTestCaseData): null

2018-11-24 11:55:50 - [TEST_STEP][PASSED] - Statement - If (!(empty)): null

2018-11-24 11:55:50 - [TEST_STEP][PASSED] - Statement - scenarioData = TestCase.getValue("Modules", getTestCaseData): null

2018-11-24 11:55:50 - [TEST_STEP][PASSED] - Statement - useractionData = TestCase.getValue("UserAction", getTestCaseData): null

2018-11-24 11:55:50 - [TEST_STEP][PASSED] - Statement - If (!(empty)): null

2018-11-24 11:55:50 - [TEST_STEP][PASSED] - Statement - scenarioData = TestCase.getValue("Modules", getTestCaseData): null

2018-11-24 11:55:50 - [TEST_STEP][PASSED] - Statement - useractionData = TestCase.getValue("UserAction", getTestCaseData): null

2018-11-24 11:55:50 - [TEST_STEP][PASSED] - Statement - If (!(empty)): null

2018-11-24 11:55:50 - [TEST_STEP][PASSED] - Statement - scenarioData = TestCase.getValue("Modules", getTestCaseData): null

2018-11-24 11:55:50 - [TEST_STEP][PASSED] - Statement - useractionData = TestCase.getValue("UserAction", getTestCaseData): null

2018-11-24 11:55:50 - [TEST_STEP][PASSED] - Statement - If (!(empty)): null

2018-11-24 11:55:50 - [TEST_STEP][PASSED] - Statement - scenarioData = TestCase.getValue("Modules", getTestCaseData): null

2018-11-24 11:55:50 - [TEST_STEP][PASSED] - Statement - useractionData = TestCase.getValue("UserAction", getTestCaseData): null

2018-11-24 11:55:50 - [TEST_STEP][PASSED] - Statement - If (!(empty)): null

2018-11-24 11:55:50 - [TEST_STEP][PASSED] - Statement - scenarioData = TestCase.getValue("Modules", getTestCaseData): null

2018-11-24 11:55:50 - [TEST_STEP][PASSED] - Statement - useractionData = TestCase.getValue("UserAction", getTestCaseData): null

2018-11-24 11:55:50 - [TEST_STEP][PASSED] - Statement - If (!(empty)): null

2018-11-24 11:55:50 - [TEST_STEP][PASSED] - Statement - scenarioData = TestCase.getValue("Modules", getTestCaseData): null

2018-11-24 11:55:50 - [TEST_STEP][PASSED] - Statement - useractionData = TestCase.getValue("UserAction", getTestCaseData): null

2018-11-24 11:55:50 - [TEST_STEP][PASSED] - Statement - If (!(empty)): null

2018-11-24 11:55:50 - [TEST_STEP][PASSED] - Statement - scenarioData = TestCase.getValue("Modules", getTestCaseData): null

2018-11-24 11:55:50 - [TEST_STEP][PASSED] - Statement - useractionData = TestCase.getValue("UserAction", getTestCaseData): null

2018-11-24 11:55:50 - [TEST_STEP][PASSED] - Statement - If (!(empty)): null

2018-11-24 11:55:50 - [TEST_STEP][PASSED] - Statement - scenarioData = TestCase.getValue("Modules", getTestCaseData): null

2018-11-24 11:55:50 - [TEST_STEP][PASSED] - Statement - useractionData = TestCase.getValue("UserAction", getTestCaseData): null

2018-11-24 11:55:50 - [TEST_STEP][PASSED] - Statement - If (!(empty)): null

2018-11-24 11:55:50 - [TEST_STEP][PASSED] - Statement - scenarioData = TestCase.getValue("Modules", getTestCaseData): null

2018-11-24 11:55:50 - [TEST_STEP][PASSED] - Statement - useractionData = TestCase.getValue("UserAction", getTestCaseData): null

2018-11-24 11:55:50 - [TEST_STEP][PASSED] - Statement - If (!(empty)): null

2018-11-24 11:55:50 - [TEST_STEP][PASSED] - Statement - scenarioData = TestCase.getValue("Modules", getTestCaseData): null

2018-11-24 11:55:50 - [TEST_STEP][PASSED] - Statement - useractionData = TestCase.getValue("UserAction", getTestCaseData): null

2018-11-24 11:55:50 - [TEST_STEP][PASSED] - Statement - If (!(empty)): null

2018-11-24 11:55:50 - [TEST_STEP][PASSED] - Statement - scenarioData = TestCase.getValue("Modules", getTestCaseData): null

2018-11-24 11:55:50 - [TEST_STEP][PASSED] - Statement - useractionData = TestCase.getValue("UserAction", getTestCaseData): null

2018-11-24 11:55:50 - [TEST_STEP][PASSED] - Statement - If (!(empty)): null

2018-11-24 11:55:50 - [TEST_STEP][PASSED] - Statement - scenarioData = TestCase.getValue("Modules", getTestCaseData): null

2018-11-24 11:55:50 - [TEST_STEP][PASSED] - Statement - useractionData = TestCase.getValue("UserAction", getTestCaseData): null

2018-11-24 11:55:50 - [TEST_STEP][PASSED] - Statement - If (!(empty)): null

2018-11-24 11:55:50 - [TEST_STEP][PASSED] - Statement - hmap.put(getTestCaseData, scenarioData): null

2018-11-24 11:55:50 - [TEST_STEP][PASSED] - Statement - hmapuserAction.put(getTestCaseData, useractionData): null

2018-11-24 11:55:50 - [TEST_STEP][PASSED] - Statement - scenarioData = TestCase.getValue("Modules", getTestCaseData): null

2018-11-24 11:55:50 - [TEST_STEP][PASSED] - Statement - useractionData = TestCase.getValue("UserAction", getTestCaseData): null

2018-11-24 11:55:50 - [TEST_STEP][PASSED] - Statement - If (!(empty)): null

2018-11-24 11:55:50 - [TEST_STEP][PASSED] - Statement - scenarioData = TestCase.getValue("Modules", getTestCaseData): null

2018-11-24 11:55:50 - [TEST_STEP][PASSED] - Statement - useractionData = TestCase.getValue("UserAction", getTestCaseData): null

2018-11-24 11:55:50 - [TEST_STEP][PASSED] - Statement - If (!(empty)): null

2018-11-24 11:55:50 - [TEST_STEP][PASSED] - Statement - scenarioData = TestCase.getValue("Modules", getTestCaseData): null

2018-11-24 11:55:50 - [TEST_STEP][PASSED] - Statement - useractionData = TestCase.getValue("UserAction", getTestCaseData): null

2018-11-24 11:55:50 - [TEST_STEP][PASSED] - Statement - If (!(empty)): null

2018-11-24 11:55:50 - [TEST_STEP][PASSED] - Statement - scenarioData = TestCase.getValue("Modules", getTestCaseData): null

2018-11-24 11:55:50 - [TEST_STEP][PASSED] - Statement - useractionData = TestCase.getValue("UserAction", getTestCaseData): null

2018-11-24 11:55:50 - [TEST_STEP][PASSED] - Statement - If (!(empty)): null

2018-11-24 11:55:50 - [TEST_STEP][PASSED] - Statement - scenarioData = TestCase.getValue("Modules", getTestCaseData): null

2018-11-24 11:55:50 - [TEST_STEP][PASSED] - Statement - useractionData = TestCase.getValue("UserAction", getTestCaseData): null

2018-11-24 11:55:50 - [TEST_STEP][PASSED] - Statement - If (!(empty)): null

2018-11-24 11:55:50 - [TEST_STEP][PASSED] - Statement - scenarioData = TestCase.getValue("Modules", getTestCaseData): null

2018-11-24 11:55:50 - [TEST_STEP][PASSED] - Statement - useractionData = TestCase.getValue("UserAction", getTestCaseData): null

2018-11-24 11:55:50 - [TEST_STEP][PASSED] - Statement - If (!(empty)): null

2018-11-24 11:55:50 - [TEST_STEP][PASSED] - Statement - scenarioData = TestCase.getValue("Modules", getTestCaseData): null

2018-11-24 11:55:50 - [TEST_STEP][PASSED] - Statement - useractionData = TestCase.getValue("UserAction", getTestCaseData): null

2018-11-24 11:55:50 - [TEST_STEP][PASSED] - Statement - If (!(empty)): null

2018-11-24 11:55:50 - [TEST_STEP][PASSED] - Statement - scenarioData = TestCase.getValue("Modules", getTestCaseData): null

2018-11-24 11:55:50 - [TEST_STEP][PASSED] - Statement - useractionData = TestCase.getValue("UserAction", getTestCaseData): null

2018-11-24 11:55:50 - [TEST_STEP][PASSED] - Statement - If (!(empty)): null

2018-11-24 11:55:50 - [TEST_STEP][PASSED] - Statement - scenarioData = TestCase.getValue("Modules", getTestCaseData): null

2018-11-24 11:55:50 - [TEST_STEP][PASSED] - Statement - useractionData = TestCase.getValue("UserAction", getTestCaseData): null

2018-11-24 11:55:50 - [TEST_STEP][PASSED] - Statement - If (!(empty)): null

2018-11-24 11:55:50 - [TEST_STEP][PASSED] - Statement - scenarioData = TestCase.getValue("Modules", getTestCaseData): null

2018-11-24 11:55:50 - [TEST_STEP][PASSED] - Statement - useractionData = TestCase.getValue("UserAction", getTestCaseData): null

2018-11-24 11:55:50 - [TEST_STEP][PASSED] - Statement - If (!(empty)): null

2018-11-24 11:55:50 - [TEST_STEP][PASSED] - Statement - scenarioData = TestCase.getValue("Modules", getTestCaseData): null

2018-11-24 11:55:50 - [TEST_STEP][PASSED] - Statement - useractionData = TestCase.getValue("UserAction", getTestCaseData): null

2018-11-24 11:55:50 - [TEST_STEP][PASSED] - Statement - If (!(empty)): null

2018-11-24 11:55:50 - [TEST_STEP][PASSED] - Statement - scenarioData = TestCase.getValue("Modules", getTestCaseData): null

2018-11-24 11:55:50 - [TEST_STEP][PASSED] - Statement - useractionData = TestCase.getValue("UserAction", getTestCaseData): null

2018-11-24 11:55:50 - [TEST_STEP][PASSED] - Statement - If (!(empty)): null

2018-11-24 11:55:50 - [TEST_STEP][PASSED] - Statement - scenarioData = TestCase.getValue("Modules", getTestCaseData): null

2018-11-24 11:55:50 - [TEST_STEP][PASSED] - Statement - useractionData = TestCase.getValue("UserAction", getTestCaseData): null

2018-11-24 11:55:50 - [TEST_STEP][PASSED] - Statement - If (!(empty)): null

2018-11-24 11:55:50 - [TEST_STEP][PASSED] - Statement - scenarioData = TestCase.getValue("Modules", getTestCaseData): null

2018-11-24 11:55:50 - [TEST_STEP][PASSED] - Statement - useractionData = TestCase.getValue("UserAction", getTestCaseData): null

2018-11-24 11:55:50 - [TEST_STEP][PASSED] - Statement - If (!(empty)): null

2018-11-24 11:55:50 - [TEST_STEP][PASSED] - Statement - scenarioData = TestCase.getValue("Modules", getTestCaseData): null

2018-11-24 11:55:50 - [TEST_STEP][PASSED] - Statement - useractionData = TestCase.getValue("UserAction", getTestCaseData): null

2018-11-24 11:55:50 - [TEST_STEP][PASSED] - Statement - If (!(empty)): null

2018-11-24 11:55:50 - [TEST_STEP][PASSED] - Statement - scenarioData = TestCase.getValue("Modules", getTestCaseData): null

2018-11-24 11:55:50 - [TEST_STEP][PASSED] - Statement - useractionData = TestCase.getValue("UserAction", getTestCaseData): null

2018-11-24 11:55:50 - [TEST_STEP][PASSED] - Statement - If (!(empty)): null

2018-11-24 11:55:50 - [TEST_STEP][PASSED] - Statement - scenarioData = TestCase.getValue("Modules", getTestCaseData): null

2018-11-24 11:55:50 - [TEST_STEP][PASSED] - Statement - useractionData = TestCase.getValue("UserAction", getTestCaseData): null

2018-11-24 11:55:50 - [TEST_STEP][PASSED] - Statement - If (!(empty)): null

2018-11-24 11:55:50 - [TEST_STEP][PASSED] - Statement - scenarioData = TestCase.getValue("Modules", getTestCaseData): null

2018-11-24 11:55:50 - [TEST_STEP][PASSED] - Statement - useractionData = TestCase.getValue("UserAction", getTestCaseData): null

2018-11-24 11:55:50 - [TEST_STEP][PASSED] - Statement - If (!(empty)): null

2018-11-24 11:55:50 - [TEST_STEP][PASSED] - Statement - scenarioData = TestCase.getValue("Modules", getTestCaseData): null

2018-11-24 11:55:50 - [TEST_STEP][PASSED] - Statement - useractionData = TestCase.getValue("UserAction", getTestCaseData): null

2018-11-24 11:55:50 - [TEST_STEP][PASSED] - Statement - If (!(empty)): null

2018-11-24 11:55:50 - [TEST_STEP][PASSED] - Statement - scenarioData = TestCase.getValue("Modules", getTestCaseData): null

2018-11-24 11:55:50 - [TEST_STEP][PASSED] - Statement - useractionData = TestCase.getValue("UserAction", getTestCaseData): null

2018-11-24 11:55:50 - [TEST_STEP][PASSED] - Statement - If (!(empty)): null

2018-11-24 11:55:50 - [TEST_STEP][PASSED] - Statement - scenarioData = TestCase.getValue("Modules", getTestCaseData): null

2018-11-24 11:55:50 - [TEST_STEP][PASSED] - Statement - useractionData = TestCase.getValue("UserAction", getTestCaseData): null

2018-11-24 11:55:50 - [TEST_STEP][PASSED] - Statement - If (!(empty)): null

2018-11-24 11:55:50 - [TEST_STEP][PASSED] - Statement - scenarioData = TestCase.getValue("Modules", getTestCaseData): null

2018-11-24 11:55:50 - [TEST_STEP][PASSED] - Statement - useractionData = TestCase.getValue("UserAction", getTestCaseData): null

2018-11-24 11:55:50 - [TEST_STEP][PASSED] - Statement - If (!(empty)): null

2018-11-24 11:55:50 - [TEST_STEP][PASSED] - Statement - scenarioData = TestCase.getValue("Modules", getTestCaseData): null

2018-11-24 11:55:50 - [TEST_STEP][PASSED] - Statement - useractionData = TestCase.getValue("UserAction", getTestCaseData): null

2018-11-24 11:55:50 - [TEST_STEP][PASSED] - Statement - If (!(empty)): null

2018-11-24 11:55:50 - [TEST_STEP][PASSED] - Statement - hmap.put(getTestCaseData, scenarioData): null

2018-11-24 11:55:50 - [TEST_STEP][PASSED] - Statement - hmapuserAction.put(getTestCaseData, useractionData): null

2018-11-24 11:55:50 - [TEST_STEP][PASSED] - Statement - scenarioData = TestCase.getValue("Modules", getTestCaseData): null

2018-11-24 11:55:50 - [TEST_STEP][PASSED] - Statement - useractionData = TestCase.getValue("UserAction", getTestCaseData): null

2018-11-24 11:55:50 - [TEST_STEP][PASSED] - Statement - If (!(empty)): null

2018-11-24 11:55:50 - [TEST_STEP][PASSED] - Statement - scenarioData = TestCase.getValue("Modules", getTestCaseData): null

2018-11-24 11:55:50 - [TEST_STEP][PASSED] - Statement - useractionData = TestCase.getValue("UserAction", getTestCaseData): null

2018-11-24 11:55:50 - [TEST_STEP][PASSED] - Statement - If (!(empty)): null

2018-11-24 11:55:50 - [TEST_STEP][PASSED] - Statement - scenarioData = TestCase.getValue("Modules", getTestCaseData): null

2018-11-24 11:55:50 - [TEST_STEP][PASSED] - Statement - useractionData = TestCase.getValue("UserAction", getTestCaseData): null

2018-11-24 11:55:50 - [TEST_STEP][PASSED] - Statement - If (!(empty)): null

2018-11-24 11:55:50 - [TEST_STEP][PASSED] - Statement - scenarioData = TestCase.getValue("Modules", getTestCaseData): null

2018-11-24 11:55:50 - [TEST_STEP][PASSED] - Statement - useractionData = TestCase.getValue("UserAction", getTestCaseData): null

2018-11-24 11:55:50 - [TEST_STEP][PASSED] - Statement - If (!(empty)): null

2018-11-24 11:55:50 - [TEST_STEP][PASSED] - Statement - scenarioData = TestCase.getValue("Modules", getTestCaseData): null

2018-11-24 11:55:50 - [TEST_STEP][PASSED] - Statement - useractionData = TestCase.getValue("UserAction", getTestCaseData): null

2018-11-24 11:55:50 - [TEST_STEP][PASSED] - Statement - If (!(empty)): null

2018-11-24 11:55:50 - [TEST_STEP][PASSED] - Statement - scenarioData = TestCase.getValue("Modules", getTestCaseData): null

2018-11-24 11:55:50 - [TEST_STEP][PASSED] - Statement - useractionData = TestCase.getValue("UserAction", getTestCaseData): null

2018-11-24 11:55:50 - [TEST_STEP][PASSED] - Statement - If (!(empty)): null

2018-11-24 11:55:50 - [TEST_STEP][PASSED] - Statement - scenarioData = TestCase.getValue("Modules", getTestCaseData): null

2018-11-24 11:55:50 - [TEST_STEP][PASSED] - Statement - useractionData = TestCase.getValue("UserAction", getTestCaseData): null

2018-11-24 11:55:50 - [TEST_STEP][PASSED] - Statement - If (!(empty)): null

2018-11-24 11:55:50 - [TEST_STEP][PASSED] - Statement - scenarioData = TestCase.getValue("Modules", getTestCaseData): null

2018-11-24 11:55:50 - [TEST_STEP][PASSED] - Statement - useractionData = TestCase.getValue("UserAction", getTestCaseData): null

2018-11-24 11:55:50 - [TEST_STEP][PASSED] - Statement - If (!(empty)): null

2018-11-24 11:55:50 - [TEST_STEP][PASSED] - Statement - scenarioData = TestCase.getValue("Modules", getTestCaseData): null

2018-11-24 11:55:50 - [TEST_STEP][PASSED] - Statement - useractionData = TestCase.getValue("UserAction", getTestCaseData): null

2018-11-24 11:55:50 - [TEST_STEP][PASSED] - Statement - If (!(empty)): null

2018-11-24 11:55:50 - [TEST_STEP][PASSED] - Statement - scenarioData = TestCase.getValue("Modules", getTestCaseData): null

2018-11-24 11:55:50 - [TEST_STEP][PASSED] - Statement - useractionData = TestCase.getValue("UserAction", getTestCaseData): null

2018-11-24 11:55:50 - [TEST_STEP][PASSED] - Statement - If (!(empty)): null

2018-11-24 11:55:50 - [TEST_STEP][PASSED] - Statement - scenarioData = TestCase.getValue("Modules", getTestCaseData): null

2018-11-24 11:55:50 - [TEST_STEP][PASSED] - Statement - useractionData = TestCase.getValue("UserAction", getTestCaseData): null

2018-11-24 11:55:50 - [TEST_STEP][PASSED] - Statement - If (!(empty)): null

2018-11-24 11:55:50 - [TEST_STEP][PASSED] - Statement - scenarioData = TestCase.getValue("Modules", getTestCaseData): null

2018-11-24 11:55:50 - [TEST_STEP][PASSED] - Statement - useractionData = TestCase.getValue("UserAction", getTestCaseData): null

2018-11-24 11:55:50 - [TEST_STEP][PASSED] - Statement - If (!(empty)): null

2018-11-24 11:55:50 - [TEST_STEP][PASSED] - Statement - scenarioData = TestCase.getValue("Modules", getTestCaseData): null

2018-11-24 11:55:50 - [TEST_STEP][PASSED] - Statement - useractionData = TestCase.getValue("UserAction", getTestCaseData): null

2018-11-24 11:55:50 - [TEST_STEP][PASSED] - Statement - If (!(empty)): null

2018-11-24 11:55:50 - [TEST_STEP][PASSED] - Statement - scenarioData = TestCase.getValue("Modules", getTestCaseData): null

2018-11-24 11:55:50 - [TEST_STEP][PASSED] - Statement - useractionData = TestCase.getValue("UserAction", getTestCaseData): null

2018-11-24 11:55:50 - [TEST_STEP][PASSED] - Statement - If (!(empty)): null

2018-11-24 11:55:50 - [TEST_STEP][PASSED] - Statement - scenarioData = TestCase.getValue("Modules", getTestCaseData): null

2018-11-24 11:55:50 - [TEST_STEP][PASSED] - Statement - useractionData = TestCase.getValue("UserAction", getTestCaseData): null

2018-11-24 11:55:50 - [TEST_STEP][PASSED] - Statement - If (!(empty)): null

2018-11-24 11:55:50 - [TEST_STEP][PASSED] - Statement - scenarioData = TestCase.getValue("Modules", getTestCaseData): null

2018-11-24 11:55:50 - [TEST_STEP][PASSED] - Statement - useractionData = TestCase.getValue("UserAction", getTestCaseData): null

2018-11-24 11:55:50 - [TEST_STEP][PASSED] - Statement - If (!(empty)): null

2018-11-24 11:55:50 - [TEST_STEP][PASSED] - Statement - scenarioData = TestCase.getValue("Modules", getTestCaseData): null

2018-11-24 11:55:50 - [TEST_STEP][PASSED] - Statement - useractionData = TestCase.getValue("UserAction", getTestCaseData): null

2018-11-24 11:55:50 - [TEST_STEP][PASSED] - Statement - If (!(empty)): null

2018-11-24 11:55:50 - [TEST_STEP][PASSED] - Statement - scenarioData = TestCase.getValue("Modules", getTestCaseData): null

2018-11-24 11:55:50 - [TEST_STEP][PASSED] - Statement - useractionData = TestCase.getValue("UserAction", getTestCaseData): null

2018-11-24 11:55:50 - [TEST_STEP][PASSED] - Statement - If (!(empty)): null

2018-11-24 11:55:50 - [TEST_STEP][PASSED] - Statement - scenarioData = TestCase.getValue("Modules", getTestCaseData): null

2018-11-24 11:55:50 - [TEST_STEP][PASSED] - Statement - useractionData = TestCase.getValue("UserAction", getTestCaseData): null

2018-11-24 11:55:50 - [TEST_STEP][PASSED] - Statement - If (!(empty)): null

2018-11-24 11:55:50 - [TEST_STEP][PASSED] - Statement - scenarioData = TestCase.getValue("Modules", getTestCaseData): null

2018-11-24 11:55:50 - [TEST_STEP][PASSED] - Statement - useractionData = TestCase.getValue("UserAction", getTestCaseData): null

2018-11-24 11:55:50 - [TEST_STEP][PASSED] - Statement - If (!(empty)): null

2018-11-24 11:55:50 - [TEST_STEP][PASSED] - Statement - scenarioData = TestCase.getValue("Modules", getTestCaseData): null

2018-11-24 11:55:50 - [TEST_STEP][PASSED] - Statement - useractionData = TestCase.getValue("UserAction", getTestCaseData): null

2018-11-24 11:55:50 - [TEST_STEP][PASSED] - Statement - If (!(empty)): null

2018-11-24 11:55:50 - [TEST_STEP][PASSED] - Statement - scenarioData = TestCase.getValue("Modules", getTestCaseData): null

2018-11-24 11:55:50 - [TEST_STEP][PASSED] - Statement - useractionData = TestCase.getValue("UserAction", getTestCaseData): null

2018-11-24 11:55:50 - [TEST_STEP][PASSED] - Statement - If (!(empty)): null

2018-11-24 11:55:50 - [TEST_STEP][PASSED] - Statement - scenarioData = TestCase.getValue("Modules", getTestCaseData): null

2018-11-24 11:55:50 - [TEST_STEP][PASSED] - Statement - useractionData = TestCase.getValue("UserAction", getTestCaseData): null

2018-11-24 11:55:50 - [TEST_STEP][PASSED] - Statement - If (!(empty)): null

2018-11-24 11:55:50 - [TEST_STEP][PASSED] - Statement - scenarioData = TestCase.getValue("Modules", getTestCaseData): null

2018-11-24 11:55:50 - [TEST_STEP][PASSED] - Statement - useractionData = TestCase.getValue("UserAction", getTestCaseData): null

2018-11-24 11:55:50 - [TEST_STEP][PASSED] - Statement - If (!(empty)): null

2018-11-24 11:55:50 - [TEST_STEP][PASSED] - Statement - scenarioData = TestCase.getValue("Modules", getTestCaseData): null

2018-11-24 11:55:50 - [TEST_STEP][PASSED] - Statement - useractionData = TestCase.getValue("UserAction", getTestCaseData): null

2018-11-24 11:55:50 - [TEST_STEP][PASSED] - Statement - If (!(empty)): null

2018-11-24 11:55:50 - [TEST_STEP][PASSED] - Statement - scenarioData = TestCase.getValue("Modules", getTestCaseData): null

2018-11-24 11:55:50 - [TEST_STEP][PASSED] - Statement - useractionData = TestCase.getValue("UserAction", getTestCaseData): null

2018-11-24 11:55:50 - [TEST_STEP][PASSED] - Statement - If (!(empty)): null

2018-11-24 11:55:50 - [TEST_STEP][PASSED] - Statement - scenarioData = TestCase.getValue("Modules", getTestCaseData): null

2018-11-24 11:55:50 - [TEST_STEP][PASSED] - Statement - useractionData = TestCase.getValue("UserAction", getTestCaseData): null

2018-11-24 11:55:50 - [TEST_STEP][PASSED] - Statement - If (!(empty)): null

2018-11-24 11:55:50 - [TEST_STEP][PASSED] - Statement - hmap.put(getTestCaseData, scenarioData): null

2018-11-24 11:55:50 - [TEST_STEP][PASSED] - Statement - hmapuserAction.put(getTestCaseData, useractionData): null

2018-11-24 11:55:50 - [TEST_STEP][PASSED] - Statement - scenarioData = TestCase.getValue("Modules", getTestCaseData): null

2018-11-24 11:55:50 - [TEST_STEP][PASSED] - Statement - useractionData = TestCase.getValue("UserAction", getTestCaseData): null

2018-11-24 11:55:50 - [TEST_STEP][PASSED] - Statement - If (!(empty)): null

2018-11-24 11:55:50 - [TEST_STEP][PASSED] - Statement - scenarioData = TestCase.getValue("Modules", getTestCaseData): null

2018-11-24 11:55:50 - [TEST_STEP][PASSED] - Statement - useractionData = TestCase.getValue("UserAction", getTestCaseData): null

2018-11-24 11:55:50 - [TEST_STEP][PASSED] - Statement - If (!(empty)): null

2018-11-24 11:55:50 - [TEST_STEP][PASSED] - Statement - scenarioData = TestCase.getValue("Modules", getTestCaseData): null

2018-11-24 11:55:50 - [TEST_STEP][PASSED] - Statement - useractionData = TestCase.getValue("UserAction", getTestCaseData): null

2018-11-24 11:55:50 - [TEST_STEP][PASSED] - Statement - If (!(empty)): null

2018-11-24 11:55:50 - [TEST_STEP][PASSED] - Statement - scenarioData = TestCase.getValue("Modules", getTestCaseData): null

2018-11-24 11:55:50 - [TEST_STEP][PASSED] - Statement - useractionData = TestCase.getValue("UserAction", getTestCaseData): null

2018-11-24 11:55:50 - [TEST_STEP][PASSED] - Statement - If (!(empty)): null

2018-11-24 11:55:50 - [TEST_STEP][PASSED] - Statement - scenarioData = TestCase.getValue("Modules", getTestCaseData): null

2018-11-24 11:55:50 - [TEST_STEP][PASSED] - Statement - useractionData = TestCase.getValue("UserAction", getTestCaseData): null

2018-11-24 11:55:50 - [TEST_STEP][PASSED] - Statement - If (!(empty)): null

2018-11-24 11:55:50 - [TEST_STEP][PASSED] - Statement - scenarioData = TestCase.getValue("Modules", getTestCaseData): null

2018-11-24 11:55:50 - [TEST_STEP][PASSED] - Statement - useractionData = TestCase.getValue("UserAction", getTestCaseData): null

2018-11-24 11:55:50 - [TEST_STEP][PASSED] - Statement - If (!(empty)): null

2018-11-24 11:55:50 - [TEST_STEP][PASSED] - Statement - scenarioData = TestCase.getValue("Modules", getTestCaseData): null

2018-11-24 11:55:50 - [TEST_STEP][PASSED] - Statement - useractionData = TestCase.getValue("UserAction", getTestCaseData): null

2018-11-24 11:55:50 - [TEST_STEP][PASSED] - Statement - If (!(empty)): null

2018-11-24 11:55:50 - [TEST_STEP][PASSED] - Statement - scenarioData = TestCase.getValue("Modules", getTestCaseData): null

2018-11-24 11:55:50 - [TEST_STEP][PASSED] - Statement - useractionData = TestCase.getValue("UserAction", getTestCaseData): null

2018-11-24 11:55:50 - [TEST_STEP][PASSED] - Statement - If (!(empty)): null

2018-11-24 11:55:50 - [TEST_STEP][PASSED] - Statement - scenarioData = TestCase.getValue("Modules", getTestCaseData): null

2018-11-24 11:55:50 - [TEST_STEP][PASSED] - Statement - useractionData = TestCase.getValue("UserAction", getTestCaseData): null

2018-11-24 11:55:50 - [TEST_STEP][PASSED] - Statement - If (!(empty)): null

2018-11-24 11:55:50 - [TEST_STEP][PASSED] - Statement - scenarioData = TestCase.getValue("Modules", getTestCaseData): null

2018-11-24 11:55:50 - [TEST_STEP][PASSED] - Statement - useractionData = TestCase.getValue("UserAction", getTestCaseData): null

2018-11-24 11:55:50 - [TEST_STEP][PASSED] - Statement - If (!(empty)): null

2018-11-24 11:55:50 - [TEST_STEP][PASSED] - Statement - scenarioData = TestCase.getValue("Modules", getTestCaseData): null

2018-11-24 11:55:50 - [TEST_STEP][PASSED] - Statement - useractionData = TestCase.getValue("UserAction", getTestCaseData): null

2018-11-24 11:55:50 - [TEST_STEP][PASSED] - Statement - If (!(empty)): null

2018-11-24 11:55:50 - [TEST_STEP][PASSED] - Statement - scenarioData = TestCase.getValue("Modules", getTestCaseData): null

2018-11-24 11:55:50 - [TEST_STEP][PASSED] - Statement - useractionData = TestCase.getValue("UserAction", getTestCaseData): null

2018-11-24 11:55:50 - [TEST_STEP][PASSED] - Statement - If (!(empty)): null

2018-11-24 11:55:50 - [TEST_STEP][PASSED] - Statement - scenarioData = TestCase.getValue("Modules", getTestCaseData): null

2018-11-24 11:55:50 - [TEST_STEP][PASSED] - Statement - useractionData = TestCase.getValue("UserAction", getTestCaseData): null

2018-11-24 11:55:50 - [TEST_STEP][PASSED] - Statement - If (!(empty)): null

2018-11-24 11:55:50 - [TEST_STEP][PASSED] - Statement - scenarioData = TestCase.getValue("Modules", getTestCaseData): null

2018-11-24 11:55:50 - [TEST_STEP][PASSED] - Statement - useractionData = TestCase.getValue("UserAction", getTestCaseData): null

2018-11-24 11:55:50 - [TEST_STEP][PASSED] - Statement - If (!(empty)): null

2018-11-24 11:55:50 - [TEST_STEP][PASSED] - Statement - scenarioData = TestCase.getValue("Modules", getTestCaseData): null

2018-11-24 11:55:50 - [TEST_STEP][PASSED] - Statement - useractionData = TestCase.getValue("UserAction", getTestCaseData): null

2018-11-24 11:55:50 - [TEST_STEP][PASSED] - Statement - If (!(empty)): null

2018-11-24 11:55:50 - [TEST_STEP][PASSED] - Statement - scenarioData = TestCase.getValue("Modules", getTestCaseData): null

2018-11-24 11:55:50 - [TEST_STEP][PASSED] - Statement - useractionData = TestCase.getValue("UserAction", getTestCaseData): null

2018-11-24 11:55:50 - [TEST_STEP][PASSED] - Statement - If (!(empty)): null

2018-11-24 11:55:50 - [TEST_STEP][PASSED] - Statement - scenarioData = TestCase.getValue("Modules", getTestCaseData): null

2018-11-24 11:55:50 - [TEST_STEP][PASSED] - Statement - useractionData = TestCase.getValue("UserAction", getTestCaseData): null

2018-11-24 11:55:50 - [TEST_STEP][PASSED] - Statement - If (!(empty)): null

2018-11-24 11:55:50 - [TEST_STEP][PASSED] - Statement - scenarioData = TestCase.getValue("Modules", getTestCaseData): null

2018-11-24 11:55:50 - [TEST_STEP][PASSED] - Statement - useractionData = TestCase.getValue("UserAction", getTestCaseData): null

2018-11-24 11:55:50 - [TEST_STEP][PASSED] - Statement - If (!(empty)): null

2018-11-24 11:55:50 - [TEST_STEP][PASSED] - Statement - scenarioData = TestCase.getValue("Modules", getTestCaseData): null

2018-11-24 11:55:50 - [TEST_STEP][PASSED] - Statement - useractionData = TestCase.getValue("UserAction", getTestCaseData): null

2018-11-24 11:55:50 - [TEST_STEP][PASSED] - Statement - If (!(empty)): null

2018-11-24 11:55:50 - [TEST_STEP][PASSED] - Statement - scenarioData = TestCase.getValue("Modules", getTestCaseData): null

2018-11-24 11:55:50 - [TEST_STEP][PASSED] - Statement - useractionData = TestCase.getValue("UserAction", getTestCaseData): null

2018-11-24 11:55:50 - [TEST_STEP][PASSED] - Statement - If (!(empty)): null

2018-11-24 11:55:50 - [TEST_STEP][PASSED] - Statement - scenarioData = TestCase.getValue("Modules", getTestCaseData): null

2018-11-24 11:55:50 - [TEST_STEP][PASSED] - Statement - useractionData = TestCase.getValue("UserAction", getTestCaseData): null

2018-11-24 11:55:50 - [TEST_STEP][PASSED] - Statement - If (!(empty)): null

2018-11-24 11:55:50 - [TEST_STEP][PASSED] - Statement - hmap.put(getTestCaseData, scenarioData): null

2018-11-24 11:55:50 - [TEST_STEP][PASSED] - Statement - hmapuserAction.put(getTestCaseData, useractionData): null

2018-11-24 11:55:50 - [TEST_STEP][PASSED] - Statement - scenarioData = TestCase.getValue("Modules", getTestCaseData): null

2018-11-24 11:55:50 - [TEST_STEP][PASSED] - Statement - useractionData = TestCase.getValue("UserAction", getTestCaseData): null

2018-11-24 11:55:50 - [TEST_STEP][PASSED] - Statement - If (!(empty)): null

2018-11-24 11:55:50 - [TEST_STEP][PASSED] - Statement - scenarioData = TestCase.getValue("Modules", getTestCaseData): null

2018-11-24 11:55:50 - [TEST_STEP][PASSED] - Statement - useractionData = TestCase.getValue("UserAction", getTestCaseData): null

2018-11-24 11:55:50 - [TEST_STEP][PASSED] - Statement - If (!(empty)): null

2018-11-24 11:55:50 - [TEST_STEP][PASSED] - Statement - scenarioData = TestCase.getValue("Modules", getTestCaseData): null

2018-11-24 11:55:50 - [TEST_STEP][PASSED] - Statement - useractionData = TestCase.getValue("UserAction", getTestCaseData): null

2018-11-24 11:55:50 - [TEST_STEP][PASSED] - Statement - If (!(empty)): null

2018-11-24 11:55:50 - [TEST_STEP][PASSED] - Statement - scenarioData = TestCase.getValue("Modules", getTestCaseData): null

2018-11-24 11:55:50 - [TEST_STEP][PASSED] - Statement - useractionData = TestCase.getValue("UserAction", getTestCaseData): null

2018-11-24 11:55:50 - [TEST_STEP][PASSED] - Statement - If (!(empty)): null

2018-11-24 11:55:50 - [TEST_STEP][PASSED] - Statement - scenarioData = TestCase.getValue("Modules", getTestCaseData): null

2018-11-24 11:55:50 - [TEST_STEP][PASSED] - Statement - useractionData = TestCase.getValue("UserAction", getTestCaseData): null

2018-11-24 11:55:50 - [TEST_STEP][PASSED] - Statement - If (!(empty)): null

2018-11-24 11:55:50 - [TEST_STEP][PASSED] - Statement - scenarioData = TestCase.getValue("Modules", getTestCaseData): null

2018-11-24 11:55:50 - [TEST_STEP][PASSED] - Statement - useractionData = TestCase.getValue("UserAction", getTestCaseData): null

2018-11-24 11:55:50 - [TEST_STEP][PASSED] - Statement - If (!(empty)): null

2018-11-24 11:55:50 - [TEST_STEP][PASSED] - Statement - scenarioData = TestCase.getValue("Modules", getTestCaseData): null

2018-11-24 11:55:50 - [TEST_STEP][PASSED] - Statement - useractionData = TestCase.getValue("UserAction", getTestCaseData): null

2018-11-24 11:55:50 - [TEST_STEP][PASSED] - Statement - If (!(empty)): null

2018-11-24 11:55:50 - [TEST_STEP][PASSED] - Statement - scenarioData = TestCase.getValue("Modules", getTestCaseData): null

2018-11-24 11:55:50 - [TEST_STEP][PASSED] - Statement - useractionData = TestCase.getValue("UserAction", getTestCaseData): null

2018-11-24 11:55:50 - [TEST_STEP][PASSED] - Statement - If (!(empty)): null

2018-11-24 11:55:50 - [TEST_STEP][PASSED] - Statement - scenarioData = TestCase.getValue("Modules", getTestCaseData): null

2018-11-24 11:55:50 - [TEST_STEP][PASSED] - Statement - useractionData = TestCase.getValue("UserAction", getTestCaseData): null

2018-11-24 11:55:51 - [TEST_STEP][PASSED] - Statement - If (!(empty)): null

2018-11-24 11:55:51 - [TEST_STEP][PASSED] - Statement - scenarioData = TestCase.getValue("Modules", getTestCaseData): null

2018-11-24 11:55:51 - [TEST_STEP][PASSED] - Statement - useractionData = TestCase.getValue("UserAction", getTestCaseData): null

2018-11-24 11:55:51 - [TEST_STEP][PASSED] - Statement - If (!(empty)): null

2018-11-24 11:55:51 - [TEST_STEP][PASSED] - Statement - scenarioData = TestCase.getValue("Modules", getTestCaseData): null

2018-11-24 11:55:51 - [TEST_STEP][PASSED] - Statement - useractionData = TestCase.getValue("UserAction", getTestCaseData): null

2018-11-24 11:55:51 - [TEST_STEP][PASSED] - Statement - If (!(empty)): null

2018-11-24 11:55:51 - [TEST_STEP][PASSED] - Statement - scenarioData = TestCase.getValue("Modules", getTestCaseData): null

2018-11-24 11:55:51 - [TEST_STEP][PASSED] - Statement - useractionData = TestCase.getValue("UserAction", getTestCaseData): null

2018-11-24 11:55:51 - [TEST_STEP][PASSED] - Statement - If (!(empty)): null

2018-11-24 11:55:51 - [TEST_STEP][PASSED] - Statement - scenarioData = TestCase.getValue("Modules", getTestCaseData): null

2018-11-24 11:55:51 - [TEST_STEP][PASSED] - Statement - useractionData = TestCase.getValue("UserAction", getTestCaseData): null

2018-11-24 11:55:51 - [TEST_STEP][PASSED] - Statement - If (!(empty)): null

2018-11-24 11:55:51 - [TEST_STEP][PASSED] - Statement - scenarioData = TestCase.getValue("Modules", getTestCaseData): null

2018-11-24 11:55:51 - [TEST_STEP][PASSED] - Statement - useractionData = TestCase.getValue("UserAction", getTestCaseData): null

2018-11-24 11:55:51 - [TEST_STEP][PASSED] - Statement - If (!(empty)): null

2018-11-24 11:55:51 - [TEST_STEP][PASSED] - Statement - scenarioData = TestCase.getValue("Modules", getTestCaseData): null

2018-11-24 11:55:51 - [TEST_STEP][PASSED] - Statement - useractionData = TestCase.getValue("UserAction", getTestCaseData): null

2018-11-24 11:55:51 - [TEST_STEP][PASSED] - Statement - If (!(empty)): null

2018-11-24 11:55:51 - [TEST_STEP][PASSED] - Statement - scenarioData = TestCase.getValue("Modules", getTestCaseData): null

2018-11-24 11:55:51 - [TEST_STEP][PASSED] - Statement - useractionData = TestCase.getValue("UserAction", getTestCaseData): null

2018-11-24 11:55:51 - [TEST_STEP][PASSED] - Statement - If (!(empty)): null

2018-11-24 11:55:51 - [TEST_STEP][PASSED] - Statement - scenarioData = TestCase.getValue("Modules", getTestCaseData): null

2018-11-24 11:55:51 - [TEST_STEP][PASSED] - Statement - useractionData = TestCase.getValue("UserAction", getTestCaseData): null

2018-11-24 11:55:51 - [TEST_STEP][PASSED] - Statement - If (!(empty)): null

2018-11-24 11:55:51 - [TEST_STEP][PASSED] - Statement - scenarioData = TestCase.getValue("Modules", getTestCaseData): null

2018-11-24 11:55:51 - [TEST_STEP][PASSED] - Statement - useractionData = TestCase.getValue("UserAction", getTestCaseData): null

2018-11-24 11:55:51 - [TEST_STEP][PASSED] - Statement - If (!(empty)): null

2018-11-24 11:55:51 - [TEST_STEP][PASSED] - Statement - scenarioData = TestCase.getValue("Modules", getTestCaseData): null

2018-11-24 11:55:51 - [TEST_STEP][PASSED] - Statement - useractionData = TestCase.getValue("UserAction", getTestCaseData): null

2018-11-24 11:55:51 - [TEST_STEP][PASSED] - Statement - If (!(empty)): null

2018-11-24 11:55:51 - [TEST_STEP][PASSED] - Statement - scenarioData = TestCase.getValue("Modules", getTestCaseData): null

2018-11-24 11:55:51 - [TEST_STEP][PASSED] - Statement - useractionData = TestCase.getValue("UserAction", getTestCaseData): null

2018-11-24 11:55:51 - [TEST_STEP][PASSED] - Statement - If (!(empty)): null

2018-11-24 11:55:51 - [TEST_STEP][PASSED] - Statement - scenarioData = TestCase.getValue("Modules", getTestCaseData): null

2018-11-24 11:55:51 - [TEST_STEP][PASSED] - Statement - useractionData = TestCase.getValue("UserAction", getTestCaseData): null

2018-11-24 11:55:51 - [TEST_STEP][PASSED] - Statement - If (!(empty)): null

2018-11-24 11:55:51 - [TEST_STEP][PASSED] - Statement - hmap.put(getTestCaseData, scenarioData): null

2018-11-24 11:55:51 - [TEST_STEP][PASSED] - Statement - hmapuserAction.put(getTestCaseData, useractionData): null

2018-11-24 11:55:51 - [TEST_STEP][PASSED] - Statement - scenarioData = TestCase.getValue("Modules", getTestCaseData): null

2018-11-24 11:55:51 - [TEST_STEP][PASSED] - Statement - useractionData = TestCase.getValue("UserAction", getTestCaseData): null

2018-11-24 11:55:51 - [TEST_STEP][PASSED] - Statement - If (!(empty)): null

2018-11-24 11:55:51 - [TEST_STEP][PASSED] - Statement - scenarioData = TestCase.getValue("Modules", getTestCaseData): null

2018-11-24 11:55:51 - [TEST_STEP][PASSED] - Statement - useractionData = TestCase.getValue("UserAction", getTestCaseData): null

2018-11-24 11:55:51 - [TEST_STEP][PASSED] - Statement - If (!(empty)): null

2018-11-24 11:55:51 - [TEST_STEP][PASSED] - Statement - scenarioData = TestCase.getValue("Modules", getTestCaseData): null

2018-11-24 11:55:51 - [TEST_STEP][PASSED] - Statement - useractionData = TestCase.getValue("UserAction", getTestCaseData): null

2018-11-24 11:55:51 - [TEST_STEP][PASSED] - Statement - If (!(empty)): null

2018-11-24 11:55:51 - [TEST_STEP][PASSED] - Statement - scenarioData = TestCase.getValue("Modules", getTestCaseData): null

2018-11-24 11:55:51 - [TEST_STEP][PASSED] - Statement - useractionData = TestCase.getValue("UserAction", getTestCaseData): null

2018-11-24 11:55:51 - [TEST_STEP][PASSED] - Statement - If (!(empty)): null

2018-11-24 11:55:51 - [TEST_STEP][PASSED] - Statement - scenarioData = TestCase.getValue("Modules", getTestCaseData): null

2018-11-24 11:55:51 - [TEST_STEP][PASSED] - Statement - useractionData = TestCase.getValue("UserAction", getTestCaseData): null

2018-11-24 11:55:51 - [TEST_STEP][PASSED] - Statement - If (!(empty)): null

2018-11-24 11:55:51 - [TEST_STEP][PASSED] - Statement - scenarioData = TestCase.getValue("Modules", getTestCaseData): null

2018-11-24 11:55:51 - [TEST_STEP][PASSED] - Statement - useractionData = TestCase.getValue("UserAction", getTestCaseData): null

2018-11-24 11:55:51 - [TEST_STEP][PASSED] - Statement - If (!(empty)): null

2018-11-24 11:55:51 - [TEST_STEP][PASSED] - Statement - scenarioData = TestCase.getValue("Modules", getTestCaseData): null

2018-11-24 11:55:51 - [TEST_STEP][PASSED] - Statement - useractionData = TestCase.getValue("UserAction", getTestCaseData): null

2018-11-24 11:55:51 - [TEST_STEP][PASSED] - Statement - If (!(empty)): null

2018-11-24 11:55:51 - [TEST_STEP][PASSED] - Statement - scenarioData = TestCase.getValue("Modules", getTestCaseData): null

2018-11-24 11:55:51 - [TEST_STEP][PASSED] - Statement - useractionData = TestCase.getValue("UserAction", getTestCaseData): null

2018-11-24 11:55:51 - [TEST_STEP][PASSED] - Statement - If (!(empty)): null

2018-11-24 11:55:51 - [TEST_STEP][PASSED] - Statement - scenarioData = TestCase.getValue("Modules", getTestCaseData): null

2018-11-24 11:55:51 - [TEST_STEP][PASSED] - Statement - useractionData = TestCase.getValue("UserAction", getTestCaseData): null

2018-11-24 11:55:51 - [TEST_STEP][PASSED] - Statement - If (!(empty)): null

2018-11-24 11:55:51 - [TEST_STEP][PASSED] - Statement - scenarioData = TestCase.getValue("Modules", getTestCaseData): null

2018-11-24 11:55:51 - [TEST_STEP][PASSED] - Statement - useractionData = TestCase.getValue("UserAction", getTestCaseData): null

2018-11-24 11:55:51 - [TEST_STEP][PASSED] - Statement - If (!(empty)): null

2018-11-24 11:55:51 - [TEST_STEP][PASSED] - Statement - scenarioData = TestCase.getValue("Modules", getTestCaseData): null

2018-11-24 11:55:51 - [TEST_STEP][PASSED] - Statement - useractionData = TestCase.getValue("UserAction", getTestCaseData): null

2018-11-24 11:55:51 - [TEST_STEP][PASSED] - Statement - If (!(empty)): null

2018-11-24 11:55:51 - [TEST_STEP][PASSED] - Statement - scenarioData = TestCase.getValue("Modules", getTestCaseData): null

2018-11-24 11:55:51 - [TEST_STEP][PASSED] - Statement - useractionData = TestCase.getValue("UserAction", getTestCaseData): null

2018-11-24 11:55:51 - [TEST_STEP][PASSED] - Statement - If (!(empty)): null

2018-11-24 11:55:51 - [TEST_STEP][PASSED] - Statement - scenarioData = TestCase.getValue("Modules", getTestCaseData): null

2018-11-24 11:55:51 - [TEST_STEP][PASSED] - Statement - useractionData = TestCase.getValue("UserAction", getTestCaseData): null

2018-11-24 11:55:51 - [TEST_STEP][PASSED] - Statement - If (!(empty)): null

2018-11-24 11:55:51 - [TEST_STEP][PASSED] - Statement - scenarioData = TestCase.getValue("Modules", getTestCaseData): null

2018-11-24 11:55:51 - [TEST_STEP][PASSED] - Statement - useractionData = TestCase.getValue("UserAction", getTestCaseData): null

2018-11-24 11:55:51 - [TEST_STEP][PASSED] - Statement - If (!(empty)): null

2018-11-24 11:55:51 - [TEST_STEP][PASSED] - Statement - scenarioData = TestCase.getValue("Modules", getTestCaseData): null

2018-11-24 11:55:51 - [TEST_STEP][PASSED] - Statement - useractionData = TestCase.getValue("UserAction", getTestCaseData): null

2018-11-24 11:55:51 - [TEST_STEP][PASSED] - Statement - If (!(empty)): null

2018-11-24 11:55:51 - [TEST_STEP][PASSED] - Statement - scenarioData = TestCase.getValue("Modules", getTestCaseData): null

2018-11-24 11:55:51 - [TEST_STEP][PASSED] - Statement - useractionData = TestCase.getValue("UserAction", getTestCaseData): null

2018-11-24 11:55:51 - [TEST_STEP][PASSED] - Statement - If (!(empty)): null

2018-11-24 11:55:51 - [TEST_STEP][PASSED] - Statement - scenarioData = TestCase.getValue("Modules", getTestCaseData): null

2018-11-24 11:55:51 - [TEST_STEP][PASSED] - Statement - useractionData = TestCase.getValue("UserAction", getTestCaseData): null

2018-11-24 11:55:51 - [TEST_STEP][PASSED] - Statement - If (!(empty)): null

2018-11-24 11:55:51 - [TEST_STEP][PASSED] - Statement - scenarioData = TestCase.getValue("Modules", getTestCaseData): null

2018-11-24 11:55:51 - [TEST_STEP][PASSED] - Statement - useractionData = TestCase.getValue("UserAction", getTestCaseData): null

2018-11-24 11:55:51 - [TEST_STEP][PASSED] - Statement - If (!(empty)): null

2018-11-24 11:55:51 - [TEST_STEP][PASSED] - Statement - scenarioData = TestCase.getValue("Modules", getTestCaseData): null

2018-11-24 11:55:51 - [TEST_STEP][PASSED] - Statement - useractionData = TestCase.getValue("UserAction", getTestCaseData): null

2018-11-24 11:55:51 - [TEST_STEP][PASSED] - Statement - If (!(empty)): null

2018-11-24 11:55:51 - [TEST_STEP][PASSED] - Statement - scenarioData = TestCase.getValue("Modules", getTestCaseData): null

2018-11-24 11:55:51 - [TEST_STEP][PASSED] - Statement - useractionData = TestCase.getValue("UserAction", getTestCaseData): null

2018-11-24 11:55:51 - [TEST_STEP][PASSED] - Statement - If (!(empty)): null

2018-11-24 11:55:51 - [TEST_STEP][PASSED] - Statement - scenarioData = TestCase.getValue("Modules", getTestCaseData): null

2018-11-24 11:55:51 - [TEST_STEP][PASSED] - Statement - useractionData = TestCase.getValue("UserAction", getTestCaseData): null

2018-11-24 11:55:51 - [TEST_STEP][PASSED] - Statement - If (!(empty)): null

2018-11-24 11:55:51 - [TEST_STEP][PASSED] - Statement - scenarioData = TestCase.getValue("Modules", getTestCaseData): null

2018-11-24 11:55:51 - [TEST_STEP][PASSED] - Statement - useractionData = TestCase.getValue("UserAction", getTestCaseData): null

2018-11-24 11:55:51 - [TEST_STEP][PASSED] - Statement - If (!(empty)): null

2018-11-24 11:55:51 - [TEST_STEP][PASSED] - Statement - scenarioData = TestCase.getValue("Modules", getTestCaseData): null

2018-11-24 11:55:51 - [TEST_STEP][PASSED] - Statement - useractionData = TestCase.getValue("UserAction", getTestCaseData): null

2018-11-24 11:55:51 - [TEST_STEP][PASSED] - Statement - If (!(empty)): null

2018-11-24 11:55:51 - [TEST_STEP][PASSED] - Statement - scenarioData = TestCase.getValue("Modules", getTestCaseData): null

2018-11-24 11:55:51 - [TEST_STEP][PASSED] - Statement - useractionData = TestCase.getValue("UserAction", getTestCaseData): null

2018-11-24 11:55:51 - [TEST_STEP][PASSED] - Statement - If (!(empty)): null

2018-11-24 11:55:51 - [TEST_STEP][PASSED] - Statement - scenarioData = TestCase.getValue("Modules", getTestCaseData): null

2018-11-24 11:55:51 - [TEST_STEP][PASSED] - Statement - useractionData = TestCase.getValue("UserAction", getTestCaseData): null

2018-11-24 11:55:51 - [TEST_STEP][PASSED] - Statement - If (!(empty)): null

2018-11-24 11:55:51 - [TEST_STEP][PASSED] - Statement - hmap.put(getTestCaseData, scenarioData): null

2018-11-24 11:55:51 - [TEST_STEP][PASSED] - Statement - hmapuserAction.put(getTestCaseData, useractionData): null

2018-11-24 11:55:51 - [TEST_STEP][PASSED] - Statement - scenarioData = TestCase.getValue("Modules", getTestCaseData): null

2018-11-24 11:55:51 - [TEST_STEP][PASSED] - Statement - useractionData = TestCase.getValue("UserAction", getTestCaseData): null

2018-11-24 11:55:51 - [TEST_STEP][PASSED] - Statement - If (!(empty)): null

2018-11-24 11:55:51 - [TEST_STEP][PASSED] - Statement - scenarioData = TestCase.getValue("Modules", getTestCaseData): null

2018-11-24 11:55:51 - [TEST_STEP][PASSED] - Statement - useractionData = TestCase.getValue("UserAction", getTestCaseData): null

2018-11-24 11:55:51 - [TEST_STEP][PASSED] - Statement - If (!(empty)): null

2018-11-24 11:55:51 - [TEST_STEP][PASSED] - Statement - scenarioData = TestCase.getValue("Modules", getTestCaseData): null

2018-11-24 11:55:51 - [TEST_STEP][PASSED] - Statement - useractionData = TestCase.getValue("UserAction", getTestCaseData): null

2018-11-24 11:55:51 - [TEST_STEP][PASSED] - Statement - If (!(empty)): null

2018-11-24 11:55:51 - [TEST_STEP][PASSED] - Statement - scenarioData = TestCase.getValue("Modules", getTestCaseData): null

2018-11-24 11:55:51 - [TEST_STEP][PASSED] - Statement - useractionData = TestCase.getValue("UserAction", getTestCaseData): null

2018-11-24 11:55:51 - [TEST_STEP][PASSED] - Statement - If (!(empty)): null

2018-11-24 11:55:51 - [TEST_STEP][PASSED] - Statement - scenarioData = TestCase.getValue("Modules", getTestCaseData): null

2018-11-24 11:55:51 - [TEST_STEP][PASSED] - Statement - useractionData = TestCase.getValue("UserAction", getTestCaseData): null

2018-11-24 11:55:51 - [TEST_STEP][PASSED] - Statement - If (!(empty)): null

2018-11-24 11:55:51 - [TEST_STEP][PASSED] - Statement - scenarioData = TestCase.getValue("Modules", getTestCaseData): null

2018-11-24 11:55:51 - [TEST_STEP][PASSED] - Statement - useractionData = TestCase.getValue("UserAction", getTestCaseData): null

2018-11-24 11:55:51 - [TEST_STEP][PASSED] - Statement - If (!(empty)): null

2018-11-24 11:55:51 - [TEST_STEP][PASSED] - Statement - scenarioData = TestCase.getValue("Modules", getTestCaseData): null

2018-11-24 11:55:51 - [TEST_STEP][PASSED] - Statement - useractionData = TestCase.getValue("UserAction", getTestCaseData): null

2018-11-24 11:55:51 - [TEST_STEP][PASSED] - Statement - If (!(empty)): null

2018-11-24 11:55:51 - [TEST_STEP][PASSED] - Statement - scenarioData = TestCase.getValue("Modules", getTestCaseData): null

2018-11-24 11:55:51 - [TEST_STEP][PASSED] - Statement - useractionData = TestCase.getValue("UserAction", getTestCaseData): null

2018-11-24 11:55:51 - [TEST_STEP][PASSED] - Statement - If (!(empty)): null

2018-11-24 11:55:51 - [TEST_STEP][PASSED] - Statement - scenarioData = TestCase.getValue("Modules", getTestCaseData): null

2018-11-24 11:55:51 - [TEST_STEP][PASSED] - Statement - useractionData = TestCase.getValue("UserAction", getTestCaseData): null

2018-11-24 11:55:51 - [TEST_STEP][PASSED] - Statement - If (!(empty)): null

2018-11-24 11:55:51 - [TEST_STEP][PASSED] - Statement - scenarioData = TestCase.getValue("Modules", getTestCaseData): null

2018-11-24 11:55:51 - [TEST_STEP][PASSED] - Statement - useractionData = TestCase.getValue("UserAction", getTestCaseData): null

2018-11-24 11:55:51 - [TEST_STEP][PASSED] - Statement - If (!(empty)): null

2018-11-24 11:55:51 - [TEST_STEP][PASSED] - Statement - scenarioData = TestCase.getValue("Modules", getTestCaseData): null

2018-11-24 11:55:51 - [TEST_STEP][PASSED] - Statement - useractionData = TestCase.getValue("UserAction", getTestCaseData): null

2018-11-24 11:55:51 - [TEST_STEP][PASSED] - Statement - If (!(empty)): null

2018-11-24 11:55:51 - [TEST_STEP][PASSED] - Statement - scenarioData = TestCase.getValue("Modules", getTestCaseData): null

2018-11-24 11:55:51 - [TEST_STEP][PASSED] - Statement - useractionData = TestCase.getValue("UserAction", getTestCaseData): null

2018-11-24 11:55:51 - [TEST_STEP][PASSED] - Statement - If (!(empty)): null

2018-11-24 11:55:51 - [TEST_STEP][PASSED] - Statement - scenarioData = TestCase.getValue("Modules", getTestCaseData): null

2018-11-24 11:55:51 - [TEST_STEP][PASSED] - Statement - useractionData = TestCase.getValue("UserAction", getTestCaseData): null

2018-11-24 11:55:51 - [TEST_STEP][PASSED] - Statement - If (!(empty)): null

2018-11-24 11:55:51 - [TEST_STEP][PASSED] - Statement - scenarioData = TestCase.getValue("Modules", getTestCaseData): null

2018-11-24 11:55:51 - [TEST_STEP][PASSED] - Statement - useractionData = TestCase.getValue("UserAction", getTestCaseData): null

2018-11-24 11:55:51 - [TEST_STEP][PASSED] - Statement - If (!(empty)): null

2018-11-24 11:55:51 - [TEST_STEP][PASSED] - Statement - scenarioData = TestCase.getValue("Modules", getTestCaseData): null

2018-11-24 11:55:51 - [TEST_STEP][PASSED] - Statement - useractionData = TestCase.getValue("UserAction", getTestCaseData): null

2018-11-24 11:55:51 - [TEST_STEP][PASSED] - Statement - If (!(empty)): null

2018-11-24 11:55:51 - [TEST_STEP][PASSED] - Statement - scenarioData = TestCase.getValue("Modules", getTestCaseData): null

2018-11-24 11:55:51 - [TEST_STEP][PASSED] - Statement - useractionData = TestCase.getValue("UserAction", getTestCaseData): null

2018-11-24 11:55:51 - [TEST_STEP][PASSED] - Statement - If (!(empty)): null

2018-11-24 11:55:51 - [TEST_STEP][PASSED] - Statement - scenarioData = TestCase.getValue("Modules", getTestCaseData): null

2018-11-24 11:55:51 - [TEST_STEP][PASSED] - Statement - useractionData = TestCase.getValue("UserAction", getTestCaseData): null

2018-11-24 11:55:51 - [TEST_STEP][PASSED] - Statement - If (!(empty)): null

2018-11-24 11:55:51 - [TEST_STEP][PASSED] - Statement - scenarioData = TestCase.getValue("Modules", getTestCaseData): null

2018-11-24 11:55:51 - [TEST_STEP][PASSED] - Statement - useractionData = TestCase.getValue("UserAction", getTestCaseData): null

2018-11-24 11:55:51 - [TEST_STEP][PASSED] - Statement - If (!(empty)): null

2018-11-24 11:55:51 - [TEST_STEP][PASSED] - Statement - scenarioData = TestCase.getValue("Modules", getTestCaseData): null

2018-11-24 11:55:51 - [TEST_STEP][PASSED] - Statement - useractionData = TestCase.getValue("UserAction", getTestCaseData): null

2018-11-24 11:55:51 - [TEST_STEP][PASSED] - Statement - If (!(empty)): null

2018-11-24 11:55:51 - [TEST_STEP][PASSED] - Statement - scenarioData = TestCase.getValue("Modules", getTestCaseData): null

2018-11-24 11:55:51 - [TEST_STEP][PASSED] - Statement - useractionData = TestCase.getValue("UserAction", getTestCaseData): null

2018-11-24 11:55:51 - [TEST_STEP][PASSED] - Statement - If (!(empty)): null

2018-11-24 11:55:51 - [TEST_STEP][PASSED] - Statement - scenarioData = TestCase.getValue("Modules", getTestCaseData): null

2018-11-24 11:55:51 - [TEST_STEP][PASSED] - Statement - useractionData = TestCase.getValue("UserAction", getTestCaseData): null

2018-11-24 11:55:51 - [TEST_STEP][PASSED] - Statement - If (!(empty)): null

2018-11-24 11:55:51 - [TEST_STEP][PASSED] - Statement - hmap.put(getTestCaseData, scenarioData): null

2018-11-24 11:55:51 - [TEST_STEP][PASSED] - Statement - hmapuserAction.put(getTestCaseData, useractionData): null

2018-11-24 11:55:51 - [TEST_STEP][PASSED] - Statement - scenarioData = TestCase.getValue("Modules", getTestCaseData): null

2018-11-24 11:55:51 - [TEST_STEP][PASSED] - Statement - useractionData = TestCase.getValue("UserAction", getTestCaseData): null

2018-11-24 11:55:51 - [TEST_STEP][PASSED] - Statement - If (!(empty)): null

2018-11-24 11:55:51 - [TEST_STEP][PASSED] - Statement - scenarioData = TestCase.getValue("Modules", getTestCaseData): null

2018-11-24 11:55:51 - [TEST_STEP][PASSED] - Statement - useractionData = TestCase.getValue("UserAction", getTestCaseData): null

2018-11-24 11:55:51 - [TEST_STEP][PASSED] - Statement - If (!(empty)): null

2018-11-24 11:55:51 - [TEST_STEP][PASSED] - Statement - scenarioData = TestCase.getValue("Modules", getTestCaseData): null

2018-11-24 11:55:51 - [TEST_STEP][PASSED] - Statement - useractionData = TestCase.getValue("UserAction", getTestCaseData): null

2018-11-24 11:55:51 - [TEST_STEP][PASSED] - Statement - If (!(empty)): null

2018-11-24 11:55:51 - [TEST_STEP][PASSED] - Statement - scenarioData = TestCase.getValue("Modules", getTestCaseData): null

2018-11-24 11:55:51 - [TEST_STEP][PASSED] - Statement - useractionData = TestCase.getValue("UserAction", getTestCaseData): null

2018-11-24 11:55:51 - [TEST_STEP][PASSED] - Statement - If (!(empty)): null

2018-11-24 11:55:51 - [TEST_STEP][PASSED] - Statement - scenarioData = TestCase.getValue("Modules", getTestCaseData): null

2018-11-24 11:55:51 - [TEST_STEP][PASSED] - Statement - useractionData = TestCase.getValue("UserAction", getTestCaseData): null

2018-11-24 11:55:51 - [TEST_STEP][PASSED] - Statement - If (!(empty)): null

2018-11-24 11:55:51 - [TEST_STEP][PASSED] - Statement - scenarioData = TestCase.getValue("Modules", getTestCaseData): null

2018-11-24 11:55:51 - [TEST_STEP][PASSED] - Statement - useractionData = TestCase.getValue("UserAction", getTestCaseData): null

2018-11-24 11:55:51 - [TEST_STEP][PASSED] - Statement - If (!(empty)): null

2018-11-24 11:55:51 - [TEST_STEP][PASSED] - Statement - scenarioData = TestCase.getValue("Modules", getTestCaseData): null

2018-11-24 11:55:51 - [TEST_STEP][PASSED] - Statement - useractionData = TestCase.getValue("UserAction", getTestCaseData): null

2018-11-24 11:55:51 - [TEST_STEP][PASSED] - Statement - If (!(empty)): null

2018-11-24 11:55:51 - [TEST_STEP][PASSED] - Statement - scenarioData = TestCase.getValue("Modules", getTestCaseData): null

2018-11-24 11:55:51 - [TEST_STEP][PASSED] - Statement - useractionData = TestCase.getValue("UserAction", getTestCaseData): null

2018-11-24 11:55:51 - [TEST_STEP][PASSED] - Statement - If (!(empty)): null

2018-11-24 11:55:51 - [TEST_STEP][PASSED] - Statement - scenarioData = TestCase.getValue("Modules", getTestCaseData): null

2018-11-24 11:55:51 - [TEST_STEP][PASSED] - Statement - useractionData = TestCase.getValue("UserAction", getTestCaseData): null

2018-11-24 11:55:51 - [TEST_STEP][PASSED] - Statement - If (!(empty)): null

2018-11-24 11:55:51 - [TEST_STEP][PASSED] - Statement - scenarioData = TestCase.getValue("Modules", getTestCaseData): null

2018-11-24 11:55:51 - [TEST_STEP][PASSED] - Statement - useractionData = TestCase.getValue("UserAction", getTestCaseData): null

2018-11-24 11:55:51 - [TEST_STEP][PASSED] - Statement - If (!(empty)): null

2018-11-24 11:55:51 - [TEST_STEP][PASSED] - Statement - scenarioData = TestCase.getValue("Modules", getTestCaseData): null

2018-11-24 11:55:51 - [TEST_STEP][PASSED] - Statement - useractionData = TestCase.getValue("UserAction", getTestCaseData): null

2018-11-24 11:55:51 - [TEST_STEP][PASSED] - Statement - If (!(empty)): null

2018-11-24 11:55:51 - [TEST_STEP][PASSED] - Statement - scenarioData = TestCase.getValue("Modules", getTestCaseData): null

2018-11-24 11:55:51 - [TEST_STEP][PASSED] - Statement - useractionData = TestCase.getValue("UserAction", getTestCaseData): null

2018-11-24 11:55:51 - [TEST_STEP][PASSED] - Statement - If (!(empty)): null

2018-11-24 11:55:51 - [TEST_STEP][PASSED] - Statement - scenarioData = TestCase.getValue("Modules", getTestCaseData): null

2018-11-24 11:55:51 - [TEST_STEP][PASSED] - Statement - useractionData = TestCase.getValue("UserAction", getTestCaseData): null

2018-11-24 11:55:51 - [TEST_STEP][PASSED] - Statement - If (!(empty)): null

2018-11-24 11:55:51 - [TEST_STEP][PASSED] - Statement - scenarioData = TestCase.getValue("Modules", getTestCaseData): null

2018-11-24 11:55:51 - [TEST_STEP][PASSED] - Statement - useractionData = TestCase.getValue("UserAction", getTestCaseData): null

2018-11-24 11:55:51 - [TEST_STEP][PASSED] - Statement - If (!(empty)): null

2018-11-24 11:55:51 - [TEST_STEP][PASSED] - Statement - scenarioData = TestCase.getValue("Modules", getTestCaseData): null

2018-11-24 11:55:51 - [TEST_STEP][PASSED] - Statement - useractionData = TestCase.getValue("UserAction", getTestCaseData): null

2018-11-24 11:55:51 - [TEST_STEP][PASSED] - Statement - If (!(empty)): null

2018-11-24 11:55:51 - [TEST_STEP][PASSED] - Statement - scenarioData = TestCase.getValue("Modules", getTestCaseData): null

2018-11-24 11:55:51 - [TEST_STEP][PASSED] - Statement - useractionData = TestCase.getValue("UserAction", getTestCaseData): null

2018-11-24 11:55:51 - [TEST_STEP][PASSED] - Statement - If (!(empty)): null

2018-11-24 11:55:51 - [TEST_STEP][PASSED] - Statement - scenarioData = TestCase.getValue("Modules", getTestCaseData): null

2018-11-24 11:55:51 - [TEST_STEP][PASSED] - Statement - useractionData = TestCase.getValue("UserAction", getTestCaseData): null

2018-11-24 11:55:51 - [TEST_STEP][PASSED] - Statement - If (!(empty)): null

2018-11-24 11:55:51 - [TEST_STEP][PASSED] - Statement - scenarioData = TestCase.getValue("Modules", getTestCaseData): null

2018-11-24 11:55:51 - [TEST_STEP][PASSED] - Statement - useractionData = TestCase.getValue("UserAction", getTestCaseData): null

2018-11-24 11:55:51 - [TEST_STEP][PASSED] - Statement - If (!(empty)): null

2018-11-24 11:55:51 - [TEST_STEP][PASSED] - Statement - scenarioData = TestCase.getValue("Modules", getTestCaseData): null

2018-11-24 11:55:51 - [TEST_STEP][PASSED] - Statement - useractionData = TestCase.getValue("UserAction", getTestCaseData): null

2018-11-24 11:55:51 - [TEST_STEP][PASSED] - Statement - If (!(empty)): null

2018-11-24 11:55:51 - [TEST_STEP][PASSED] - Statement - scenarioData = TestCase.getValue("Modules", getTestCaseData): null

2018-11-24 11:55:51 - [TEST_STEP][PASSED] - Statement - useractionData = TestCase.getValue("UserAction", getTestCaseData): null

2018-11-24 11:55:51 - [TEST_STEP][PASSED] - Statement - If (!(empty)): null

2018-11-24 11:55:51 - [TEST_STEP][PASSED] - Statement - scenarioData = TestCase.getValue("Modules", getTestCaseData): null

2018-11-24 11:55:51 - [TEST_STEP][PASSED] - Statement - useractionData = TestCase.getValue("UserAction", getTestCaseData): null

2018-11-24 11:55:51 - [TEST_STEP][PASSED] - Statement - If (!(empty)): null

2018-11-24 11:55:51 - [TEST_STEP][PASSED] - Statement - hmap.put(getTestCaseData, scenarioData): null

2018-11-24 11:55:51 - [TEST_STEP][PASSED] - Statement - hmapuserAction.put(getTestCaseData, useractionData): null

2018-11-24 11:55:51 - [TEST_STEP][PASSED] - Statement - scenarioData = TestCase.getValue("Modules", getTestCaseData): null

2018-11-24 11:55:51 - [TEST_STEP][PASSED] - Statement - useractionData = TestCase.getValue("UserAction", getTestCaseData): null

2018-11-24 11:55:51 - [TEST_STEP][PASSED] - Statement - If (!(empty)): null

2018-11-24 11:55:51 - [TEST_STEP][PASSED] - Statement - scenarioData = TestCase.getValue("Modules", getTestCaseData): null

2018-11-24 11:55:51 - [TEST_STEP][PASSED] - Statement - useractionData = TestCase.getValue("UserAction", getTestCaseData): null

2018-11-24 11:55:51 - [TEST_STEP][PASSED] - Statement - If (!(empty)): null

2018-11-24 11:55:51 - [TEST_STEP][PASSED] - Statement - scenarioData = TestCase.getValue("Modules", getTestCaseData): null

2018-11-24 11:55:51 - [TEST_STEP][PASSED] - Statement - useractionData = TestCase.getValue("UserAction", getTestCaseData): null

2018-11-24 11:55:51 - [TEST_STEP][PASSED] - Statement - If (!(empty)): null

2018-11-24 11:55:51 - [TEST_STEP][PASSED] - Statement - scenarioData = TestCase.getValue("Modules", getTestCaseData): null

2018-11-24 11:55:51 - [TEST_STEP][PASSED] - Statement - useractionData = TestCase.getValue("UserAction", getTestCaseData): null

2018-11-24 11:55:51 - [TEST_STEP][PASSED] - Statement - If (!(empty)): null

2018-11-24 11:55:51 - [TEST_STEP][PASSED] - Statement - scenarioData = TestCase.getValue("Modules", getTestCaseData): null

2018-11-24 11:55:51 - [TEST_STEP][PASSED] - Statement - useractionData = TestCase.getValue("UserAction", getTestCaseData): null

2018-11-24 11:55:51 - [TEST_STEP][PASSED] - Statement - If (!(empty)): null

2018-11-24 11:55:51 - [TEST_STEP][PASSED] - Statement - scenarioData = TestCase.getValue("Modules", getTestCaseData): null

2018-11-24 11:55:51 - [TEST_STEP][PASSED] - Statement - useractionData = TestCase.getValue("UserAction", getTestCaseData): null

2018-11-24 11:55:51 - [TEST_STEP][PASSED] - Statement - If (!(empty)): null

2018-11-24 11:55:51 - [TEST_STEP][PASSED] - Statement - scenarioData = TestCase.getValue("Modules", getTestCaseData): null

2018-11-24 11:55:51 - [TEST_STEP][PASSED] - Statement - useractionData = TestCase.getValue("UserAction", getTestCaseData): null

2018-11-24 11:55:51 - [TEST_STEP][PASSED] - Statement - If (!(empty)): null

2018-11-24 11:55:51 - [TEST_STEP][PASSED] - Statement - scenarioData = TestCase.getValue("Modules", getTestCaseData): null

2018-11-24 11:55:51 - [TEST_STEP][PASSED] - Statement - useractionData = TestCase.getValue("UserAction", getTestCaseData): null

2018-11-24 11:55:51 - [TEST_STEP][PASSED] - Statement - If (!(empty)): null

2018-11-24 11:55:51 - [TEST_STEP][PASSED] - Statement - scenarioData = TestCase.getValue("Modules", getTestCaseData): null

2018-11-24 11:55:51 - [TEST_STEP][PASSED] - Statement - useractionData = TestCase.getValue("UserAction", getTestCaseData): null

2018-11-24 11:55:51 - [TEST_STEP][PASSED] - Statement - If (!(empty)): null

2018-11-24 11:55:51 - [TEST_STEP][PASSED] - Statement - scenarioData = TestCase.getValue("Modules", getTestCaseData): null

2018-11-24 11:55:51 - [TEST_STEP][PASSED] - Statement - useractionData = TestCase.getValue("UserAction", getTestCaseData): null

2018-11-24 11:55:51 - [TEST_STEP][PASSED] - Statement - If (!(empty)): null

2018-11-24 11:55:51 - [TEST_STEP][PASSED] - Statement - scenarioData = TestCase.getValue("Modules", getTestCaseData): null

2018-11-24 11:55:51 - [TEST_STEP][PASSED] - Statement - useractionData = TestCase.getValue("UserAction", getTestCaseData): null

2018-11-24 11:55:51 - [TEST_STEP][PASSED] - Statement - If (!(empty)): null

2018-11-24 11:55:51 - [TEST_STEP][PASSED] - Statement - scenarioData = TestCase.getValue("Modules", getTestCaseData): null

2018-11-24 11:55:51 - [TEST_STEP][PASSED] - Statement - useractionData = TestCase.getValue("UserAction", getTestCaseData): null

2018-11-24 11:55:51 - [TEST_STEP][PASSED] - Statement - If (!(empty)): null

2018-11-24 11:55:51 - [TEST_STEP][PASSED] - Statement - scenarioData = TestCase.getValue("Modules", getTestCaseData): null

2018-11-24 11:55:51 - [TEST_STEP][PASSED] - Statement - useractionData = TestCase.getValue("UserAction", getTestCaseData): null

2018-11-24 11:55:51 - [TEST_STEP][PASSED] - Statement - If (!(empty)): null

2018-11-24 11:55:51 - [TEST_STEP][PASSED] - Statement - scenarioData = TestCase.getValue("Modules", getTestCaseData): null

2018-11-24 11:55:51 - [TEST_STEP][PASSED] - Statement - useractionData = TestCase.getValue("UserAction", getTestCaseData): null

2018-11-24 11:55:51 - [TEST_STEP][PASSED] - Statement - If (!(empty)): null

2018-11-24 11:55:51 - [TEST_STEP][PASSED] - Statement - scenarioData = TestCase.getValue("Modules", getTestCaseData): null

2018-11-24 11:55:51 - [TEST_STEP][PASSED] - Statement - useractionData = TestCase.getValue("UserAction", getTestCaseData): null

2018-11-24 11:55:51 - [TEST_STEP][PASSED] - Statement - If (!(empty)): null

2018-11-24 11:55:51 - [TEST_STEP][PASSED] - Statement - scenarioData = TestCase.getValue("Modules", getTestCaseData): null

2018-11-24 11:55:51 - [TEST_STEP][PASSED] - Statement - useractionData = TestCase.getValue("UserAction", getTestCaseData): null

2018-11-24 11:55:51 - [TEST_STEP][PASSED] - Statement - If (!(empty)): null

2018-11-24 11:55:51 - [TEST_STEP][PASSED] - Statement - scenarioData = TestCase.getValue("Modules", getTestCaseData): null

2018-11-24 11:55:51 - [TEST_STEP][PASSED] - Statement - useractionData = TestCase.getValue("UserAction", getTestCaseData): null

2018-11-24 11:55:51 - [TEST_STEP][PASSED] - Statement - If (!(empty)): null

2018-11-24 11:55:51 - [TEST_STEP][PASSED] - Statement - scenarioData = TestCase.getValue("Modules", getTestCaseData): null

2018-11-24 11:55:51 - [TEST_STEP][PASSED] - Statement - useractionData = TestCase.getValue("UserAction", getTestCaseData): null

2018-11-24 11:55:51 - [TEST_STEP][PASSED] - Statement - If (!(empty)): null

2018-11-24 11:55:51 - [TEST_STEP][PASSED] - Statement - scenarioData = TestCase.getValue("Modules", getTestCaseData): null

2018-11-24 11:55:51 - [TEST_STEP][PASSED] - Statement - useractionData = TestCase.getValue("UserAction", getTestCaseData): null

2018-11-24 11:55:51 - [TEST_STEP][PASSED] - Statement - If (!(empty)): null

2018-11-24 11:55:51 - [TEST_STEP][PASSED] - Statement - scenarioData = TestCase.getValue("Modules", getTestCaseData): null

2018-11-24 11:55:51 - [TEST_STEP][PASSED] - Statement - useractionData = TestCase.getValue("UserAction", getTestCaseData): null

2018-11-24 11:55:51 - [TEST_STEP][PASSED] - Statement - If (!(empty)): null

2018-11-24 11:55:51 - [TEST_STEP][PASSED] - Statement - scenarioData = TestCase.getValue("Modules", getTestCaseData): null

2018-11-24 11:55:51 - [TEST_STEP][PASSED] - Statement - useractionData = TestCase.getValue("UserAction", getTestCaseData): null

2018-11-24 11:55:51 - [TEST_STEP][PASSED] - Statement - If (!(empty)): null

2018-11-24 11:55:51 - [TEST_STEP][PASSED] - Statement - scenarioData = TestCase.getValue("Modules", getTestCaseData): null

2018-11-24 11:55:51 - [TEST_STEP][PASSED] - Statement - useractionData = TestCase.getValue("UserAction", getTestCaseData): null

2018-11-24 11:55:51 - [TEST_STEP][PASSED] - Statement - If (!(empty)): null

2018-11-24 11:55:51 - [TEST_STEP][PASSED] - Statement - scenarioData = TestCase.getValue("Modules", getTestCaseData): null

2018-11-24 11:55:51 - [TEST_STEP][PASSED] - Statement - useractionData = TestCase.getValue("UserAction", getTestCaseData): null

2018-11-24 11:55:51 - [TEST_STEP][PASSED] - Statement - If (!(empty)): null

2018-11-24 11:55:51 - [TEST_STEP][PASSED] - Statement - scenarioData = TestCase.getValue("Modules", getTestCaseData): null

2018-11-24 11:55:51 - [TEST_STEP][PASSED] - Statement - useractionData = TestCase.getValue("UserAction", getTestCaseData): null

2018-11-24 11:55:51 - [TEST_STEP][PASSED] - Statement - If (!(empty)): null

2018-11-24 11:55:51 - [TEST_STEP][PASSED] - Statement - scenarioData = TestCase.getValue("Modules", getTestCaseData): null

2018-11-24 11:55:51 - [TEST_STEP][PASSED] - Statement - useractionData = TestCase.getValue("UserAction", getTestCaseData): null

2018-11-24 11:55:51 - [TEST_STEP][PASSED] - Statement - If (!(empty)): null

2018-11-24 11:55:51 - [TEST_STEP][PASSED] - Statement - scenarioData = TestCase.getValue("Modules", getTestCaseData): null

2018-11-24 11:55:51 - [TEST_STEP][PASSED] - Statement - useractionData = TestCase.getValue("UserAction", getTestCaseData): null

2018-11-24 11:55:51 - [TEST_STEP][PASSED] - Statement - If (!(empty)): null

2018-11-24 11:55:51 - [TEST_STEP][PASSED] - Statement - scenarioData = TestCase.getValue("Modules", getTestCaseData): null

2018-11-24 11:55:51 - [TEST_STEP][PASSED] - Statement - useractionData = TestCase.getValue("UserAction", getTestCaseData): null

2018-11-24 11:55:51 - [TEST_STEP][PASSED] - Statement - If (!(empty)): null

2018-11-24 11:55:51 - [TEST_STEP][PASSED] - Statement - scenarioData = TestCase.getValue("Modules", getTestCaseData): null

2018-11-24 11:55:51 - [TEST_STEP][PASSED] - Statement - useractionData = TestCase.getValue("UserAction", getTestCaseData): null

2018-11-24 11:55:51 - [TEST_STEP][PASSED] - Statement - If (!(empty)): null

2018-11-24 11:55:51 - [TEST_STEP][PASSED] - Statement - scenarioData = TestCase.getValue("Modules", getTestCaseData): null

2018-11-24 11:55:51 - [TEST_STEP][PASSED] - Statement - useractionData = TestCase.getValue("UserAction", getTestCaseData): null

2018-11-24 11:55:51 - [TEST_STEP][PASSED] - Statement - If (!(empty)): null

2018-11-24 11:55:51 - [TEST_STEP][PASSED] - Statement - scenarioData = TestCase.getValue("Modules", getTestCaseData): null

2018-11-24 11:55:51 - [TEST_STEP][PASSED] - Statement - useractionData = TestCase.getValue("UserAction", getTestCaseData): null

2018-11-24 11:55:51 - [TEST_STEP][PASSED] - Statement - If (!(empty)): null

2018-11-24 11:55:51 - [TEST_STEP][PASSED] - Statement - scenarioData = TestCase.getValue("Modules", getTestCaseData): null

2018-11-24 11:55:51 - [TEST_STEP][PASSED] - Statement - useractionData = TestCase.getValue("UserAction", getTestCaseData): null

2018-11-24 11:55:51 - [TEST_STEP][PASSED] - Statement - If (!(empty)): null

2018-11-24 11:55:51 - [TEST_STEP][PASSED] - Statement - scenarioData = TestCase.getValue("Modules", getTestCaseData): null

2018-11-24 11:55:51 - [TEST_STEP][PASSED] - Statement - useractionData = TestCase.getValue("UserAction", getTestCaseData): null

2018-11-24 11:55:51 - [TEST_STEP][PASSED] - Statement - If (!(empty)): null

2018-11-24 11:55:51 - [TEST_STEP][PASSED] - Statement - scenarioData = TestCase.getValue("Modules", getTestCaseData): null

2018-11-24 11:55:51 - [TEST_STEP][PASSED] - Statement - useractionData = TestCase.getValue("UserAction", getTestCaseData): null

2018-11-24 11:55:51 - [TEST_STEP][PASSED] - Statement - If (!(empty)): null

2018-11-24 11:55:51 - [TEST_STEP][PASSED] - Statement - scenarioData = TestCase.getValue("Modules", getTestCaseData): null

2018-11-24 11:55:51 - [TEST_STEP][PASSED] - Statement - useractionData = TestCase.getValue("UserAction", getTestCaseData): null

2018-11-24 11:55:51 - [TEST_STEP][PASSED] - Statement - If (!(empty)): null

2018-11-24 11:55:51 - [TEST_STEP][PASSED] - Statement - scenarioData = TestCase.getValue("Modules", getTestCaseData): null

2018-11-24 11:55:51 - [TEST_STEP][PASSED] - Statement - useractionData = TestCase.getValue("UserAction", getTestCaseData): null

2018-11-24 11:55:51 - [TEST_STEP][PASSED] - Statement - If (!(empty)): null

2018-11-24 11:55:51 - [TEST_STEP][PASSED] - Statement - hmap.put(getTestCaseData, scenarioData): null

2018-11-24 11:55:51 - [TEST_STEP][PASSED] - Statement - hmapuserAction.put(getTestCaseData, useractionData): null

2018-11-24 11:55:51 - [TEST_STEP][PASSED] - Statement - scenarioData = TestCase.getValue("Modules", getTestCaseData): null

2018-11-24 11:55:51 - [TEST_STEP][PASSED] - Statement - useractionData = TestCase.getValue("UserAction", getTestCaseData): null

2018-11-24 11:55:51 - [TEST_STEP][PASSED] - Statement - If (!(empty)): null

2018-11-24 11:55:51 - [TEST_STEP][PASSED] - Statement - scenarioData = TestCase.getValue("Modules", getTestCaseData): null

2018-11-24 11:55:51 - [TEST_STEP][PASSED] - Statement - useractionData = TestCase.getValue("UserAction", getTestCaseData): null

2018-11-24 11:55:51 - [TEST_STEP][PASSED] - Statement - If (!(empty)): null

2018-11-24 11:55:51 - [TEST_STEP][PASSED] - Statement - scenarioData = TestCase.getValue("Modules", getTestCaseData): null

2018-11-24 11:55:51 - [TEST_STEP][PASSED] - Statement - useractionData = TestCase.getValue("UserAction", getTestCaseData): null

2018-11-24 11:55:51 - [TEST_STEP][PASSED] - Statement - If (!(empty)): null

2018-11-24 11:55:51 - [TEST_STEP][PASSED] - Statement - scenarioData = TestCase.getValue("Modules", getTestCaseData): null

2018-11-24 11:55:51 - [TEST_STEP][PASSED] - Statement - useractionData = TestCase.getValue("UserAction", getTestCaseData): null

2018-11-24 11:55:51 - [TEST_STEP][PASSED] - Statement - If (!(empty)): null

2018-11-24 11:55:51 - [TEST_STEP][PASSED] - Statement - scenarioData = TestCase.getValue("Modules", getTestCaseData): null

2018-11-24 11:55:51 - [TEST_STEP][PASSED] - Statement - useractionData = TestCase.getValue("UserAction", getTestCaseData): null

2018-11-24 11:55:51 - [TEST_STEP][PASSED] - Statement - If (!(empty)): null

2018-11-24 11:55:51 - [TEST_STEP][PASSED] - Statement - scenarioData = TestCase.getValue("Modules", getTestCaseData): null

2018-11-24 11:55:51 - [TEST_STEP][PASSED] - Statement - useractionData = TestCase.getValue("UserAction", getTestCaseData): null

2018-11-24 11:55:51 - [TEST_STEP][PASSED] - Statement - If (!(empty)): null

2018-11-24 11:55:51 - [TEST_STEP][PASSED] - Statement - scenarioData = TestCase.getValue("Modules", getTestCaseData): null

2018-11-24 11:55:51 - [TEST_STEP][PASSED] - Statement - useractionData = TestCase.getValue("UserAction", getTestCaseData): null

2018-11-24 11:55:51 - [TEST_STEP][PASSED] - Statement - If (!(empty)): null

2018-11-24 11:55:51 - [TEST_STEP][PASSED] - Statement - scenarioData = TestCase.getValue("Modules", getTestCaseData): null

2018-11-24 11:55:51 - [TEST_STEP][PASSED] - Statement - useractionData = TestCase.getValue("UserAction", getTestCaseData): null

2018-11-24 11:55:51 - [TEST_STEP][PASSED] - Statement - If (!(empty)): null

2018-11-24 11:55:51 - [TEST_STEP][PASSED] - Statement - scenarioData = TestCase.getValue("Modules", getTestCaseData): null

2018-11-24 11:55:51 - [TEST_STEP][PASSED] - Statement - useractionData = TestCase.getValue("UserAction", getTestCaseData): null

2018-11-24 11:55:51 - [TEST_STEP][PASSED] - Statement - If (!(empty)): null

2018-11-24 11:55:51 - [TEST_STEP][PASSED] - Statement - scenarioData = TestCase.getValue("Modules", getTestCaseData): null

2018-11-24 11:55:51 - [TEST_STEP][PASSED] - Statement - useractionData = TestCase.getValue("UserAction", getTestCaseData): null

2018-11-24 11:55:51 - [TEST_STEP][PASSED] - Statement - If (!(empty)): null

2018-11-24 11:55:51 - [TEST_STEP][PASSED] - Statement - scenarioData = TestCase.getValue("Modules", getTestCaseData): null

2018-11-24 11:55:51 - [TEST_STEP][PASSED] - Statement - useractionData = TestCase.getValue("UserAction", getTestCaseData): null

2018-11-24 11:55:51 - [TEST_STEP][PASSED] - Statement - If (!(empty)): null

2018-11-24 11:55:51 - [TEST_STEP][PASSED] - Statement - scenarioData = TestCase.getValue("Modules", getTestCaseData): null

2018-11-24 11:55:51 - [TEST_STEP][PASSED] - Statement - useractionData = TestCase.getValue("UserAction", getTestCaseData): null

2018-11-24 11:55:51 - [TEST_STEP][PASSED] - Statement - If (!(empty)): null

2018-11-24 11:55:51 - [TEST_STEP][PASSED] - Statement - scenarioData = TestCase.getValue("Modules", getTestCaseData): null

2018-11-24 11:55:51 - [TEST_STEP][PASSED] - Statement - useractionData = TestCase.getValue("UserAction", getTestCaseData): null

2018-11-24 11:55:51 - [TEST_STEP][PASSED] - Statement - If (!(empty)): null

2018-11-24 11:55:51 - [TEST_STEP][PASSED] - Statement - scenarioData = TestCase.getValue("Modules", getTestCaseData): null

2018-11-24 11:55:51 - [TEST_STEP][PASSED] - Statement - useractionData = TestCase.getValue("UserAction", getTestCaseData): null

2018-11-24 11:55:51 - [TEST_STEP][PASSED] - Statement - If (!(empty)): null

2018-11-24 11:55:51 - [TEST_STEP][PASSED] - Statement - scenarioData = TestCase.getValue("Modules", getTestCaseData): null

2018-11-24 11:55:51 - [TEST_STEP][PASSED] - Statement - useractionData = TestCase.getValue("UserAction", getTestCaseData): null

2018-11-24 11:55:51 - [TEST_STEP][PASSED] - Statement - If (!(empty)): null

2018-11-24 11:55:51 - [TEST_STEP][PASSED] - Statement - scenarioData = TestCase.getValue("Modules", getTestCaseData): null

2018-11-24 11:55:51 - [TEST_STEP][PASSED] - Statement - useractionData = TestCase.getValue("UserAction", getTestCaseData): null

2018-11-24 11:55:51 - [TEST_STEP][PASSED] - Statement - If (!(empty)): null

2018-11-24 11:55:51 - [TEST_STEP][PASSED] - Statement - scenarioData = TestCase.getValue("Modules", getTestCaseData): null

2018-11-24 11:55:51 - [TEST_STEP][PASSED] - Statement - useractionData = TestCase.getValue("UserAction", getTestCaseData): null

2018-11-24 11:55:51 - [TEST_STEP][PASSED] - Statement - If (!(empty)): null

2018-11-24 11:55:51 - [TEST_STEP][PASSED] - Statement - scenarioData = TestCase.getValue("Modules", getTestCaseData): null

2018-11-24 11:55:51 - [TEST_STEP][PASSED] - Statement - useractionData = TestCase.getValue("UserAction", getTestCaseData): null

2018-11-24 11:55:51 - [TEST_STEP][PASSED] - Statement - If (!(empty)): null

2018-11-24 11:55:51 - [TEST_STEP][PASSED] - Statement - scenarioData = TestCase.getValue("Modules", getTestCaseData): null

2018-11-24 11:55:51 - [TEST_STEP][PASSED] - Statement - useractionData = TestCase.getValue("UserAction", getTestCaseData): null

2018-11-24 11:55:51 - [TEST_STEP][PASSED] - Statement - If (!(empty)): null

2018-11-24 11:55:51 - [TEST_STEP][PASSED] - Statement - scenarioData = TestCase.getValue("Modules", getTestCaseData): null

2018-11-24 11:55:51 - [TEST_STEP][PASSED] - Statement - useractionData = TestCase.getValue("UserAction", getTestCaseData): null

2018-11-24 11:55:51 - [TEST_STEP][PASSED] - Statement - If (!(empty)): null

2018-11-24 11:55:51 - [TEST_STEP][PASSED] - Statement - scenarioData = TestCase.getValue("Modules", getTestCaseData): null

2018-11-24 11:55:51 - [TEST_STEP][PASSED] - Statement - useractionData = TestCase.getValue("UserAction", getTestCaseData): null

2018-11-24 11:55:51 - [TEST_STEP][PASSED] - Statement - If (!(empty)): null

2018-11-24 11:55:51 - [TEST_STEP][PASSED] - Statement - scenarioData = TestCase.getValue("Modules", getTestCaseData): null

2018-11-24 11:55:51 - [TEST_STEP][PASSED] - Statement - useractionData = TestCase.getValue("UserAction", getTestCaseData): null

2018-11-24 11:55:51 - [TEST_STEP][PASSED] - Statement - If (!(empty)): null

2018-11-24 11:55:51 - [TEST_STEP][PASSED] - Statement - scenarioData = TestCase.getValue("Modules", getTestCaseData): null

2018-11-24 11:55:51 - [TEST_STEP][PASSED] - Statement - useractionData = TestCase.getValue("UserAction", getTestCaseData): null

2018-11-24 11:55:51 - [TEST_STEP][PASSED] - Statement - If (!(empty)): null

2018-11-24 11:55:51 - [TEST_STEP][PASSED] - Statement - scenarioData = TestCase.getValue("Modules", getTestCaseData): null

2018-11-24 11:55:51 - [TEST_STEP][PASSED] - Statement - useractionData = TestCase.getValue("UserAction", getTestCaseData): null

2018-11-24 11:55:51 - [TEST_STEP][PASSED] - Statement - If (!(empty)): null

2018-11-24 11:55:51 - [TEST_STEP][PASSED] - Statement - scenarioData = TestCase.getValue("Modules", getTestCaseData): null

2018-11-24 11:55:51 - [TEST_STEP][PASSED] - Statement - useractionData = TestCase.getValue("UserAction", getTestCaseData): null

2018-11-24 11:55:51 - [TEST_STEP][PASSED] - Statement - If (!(empty)): null

2018-11-24 11:55:51 - [TEST_STEP][PASSED] - Statement - hmap.put(getTestCaseData, scenarioData): null

2018-11-24 11:55:51 - [TEST_STEP][PASSED] - Statement - hmapuserAction.put(getTestCaseData, useractionData): null

2018-11-24 11:55:51 - [TEST_STEP][PASSED] - Statement - scenarioData = TestCase.getValue("Modules", getTestCaseData): null

2018-11-24 11:55:51 - [TEST_STEP][PASSED] - Statement - useractionData = TestCase.getValue("UserAction", getTestCaseData): null

2018-11-24 11:55:51 - [TEST_STEP][PASSED] - Statement - If (!(empty)): null

2018-11-24 11:55:51 - [TEST_STEP][PASSED] - Statement - scenarioData = TestCase.getValue("Modules", getTestCaseData): null

2018-11-24 11:55:51 - [TEST_STEP][PASSED] - Statement - useractionData = TestCase.getValue("UserAction", getTestCaseData): null

2018-11-24 11:55:51 - [TEST_STEP][PASSED] - Statement - If (!(empty)): null

2018-11-24 11:55:51 - [TEST_STEP][PASSED] - Statement - scenarioData = TestCase.getValue("Modules", getTestCaseData): null

2018-11-24 11:55:51 - [TEST_STEP][PASSED] - Statement - useractionData = TestCase.getValue("UserAction", getTestCaseData): null

2018-11-24 11:55:51 - [TEST_STEP][PASSED] - Statement - If (!(empty)): null

2018-11-24 11:55:51 - [TEST_STEP][PASSED] - Statement - scenarioData = TestCase.getValue("Modules", getTestCaseData): null

2018-11-24 11:55:51 - [TEST_STEP][PASSED] - Statement - useractionData = TestCase.getValue("UserAction", getTestCaseData): null

2018-11-24 11:55:51 - [TEST_STEP][PASSED] - Statement - If (!(empty)): null

2018-11-24 11:55:51 - [TEST_STEP][PASSED] - Statement - scenarioData = TestCase.getValue("Modules", getTestCaseData): null

2018-11-24 11:55:51 - [TEST_STEP][PASSED] - Statement - useractionData = TestCase.getValue("UserAction", getTestCaseData): null

2018-11-24 11:55:51 - [TEST_STEP][PASSED] - Statement - If (!(empty)): null

2018-11-24 11:55:51 - [TEST_STEP][PASSED] - Statement - scenarioData = TestCase.getValue("Modules", getTestCaseData): null

2018-11-24 11:55:51 - [TEST_STEP][PASSED] - Statement - useractionData = TestCase.getValue("UserAction", getTestCaseData): null

2018-11-24 11:55:51 - [TEST_STEP][PASSED] - Statement - If (!(empty)): null

2018-11-24 11:55:51 - [TEST_STEP][PASSED] - Statement - scenarioData = TestCase.getValue("Modules", getTestCaseData): null

2018-11-24 11:55:51 - [TEST_STEP][PASSED] - Statement - useractionData = TestCase.getValue("UserAction", getTestCaseData): null

2018-11-24 11:55:51 - [TEST_STEP][PASSED] - Statement - If (!(empty)): null

2018-11-24 11:55:51 - [TEST_STEP][PASSED] - Statement - scenarioData = TestCase.getValue("Modules", getTestCaseData): null

2018-11-24 11:55:51 - [TEST_STEP][PASSED] - Statement - useractionData = TestCase.getValue("UserAction", getTestCaseData): null

2018-11-24 11:55:51 - [TEST_STEP][PASSED] - Statement - If (!(empty)): null

2018-11-24 11:55:51 - [TEST_STEP][PASSED] - Statement - scenarioData = TestCase.getValue("Modules", getTestCaseData): null

2018-11-24 11:55:51 - [TEST_STEP][PASSED] - Statement - useractionData = TestCase.getValue("UserAction", getTestCaseData): null

2018-11-24 11:55:51 - [TEST_STEP][PASSED] - Statement - If (!(empty)): null

2018-11-24 11:55:51 - [TEST_STEP][PASSED] - Statement - scenarioData = TestCase.getValue("Modules", getTestCaseData): null

2018-11-24 11:55:51 - [TEST_STEP][PASSED] - Statement - useractionData = TestCase.getValue("UserAction", getTestCaseData): null

2018-11-24 11:55:51 - [TEST_STEP][PASSED] - Statement - If (!(empty)): null

2018-11-24 11:55:51 - [TEST_STEP][PASSED] - Statement - scenarioData = TestCase.getValue("Modules", getTestCaseData): null

2018-11-24 11:55:51 - [TEST_STEP][PASSED] - Statement - useractionData = TestCase.getValue("UserAction", getTestCaseData): null

2018-11-24 11:55:51 - [TEST_STEP][PASSED] - Statement - If (!(empty)): null

2018-11-24 11:55:51 - [TEST_STEP][PASSED] - Statement - scenarioData = TestCase.getValue("Modules", getTestCaseData): null

2018-11-24 11:55:51 - [TEST_STEP][PASSED] - Statement - useractionData = TestCase.getValue("UserAction", getTestCaseData): null

2018-11-24 11:55:51 - [TEST_STEP][PASSED] - Statement - If (!(empty)): null

2018-11-24 11:55:51 - [TEST_STEP][PASSED] - Statement - scenarioData = TestCase.getValue("Modules", getTestCaseData): null

2018-11-24 11:55:51 - [TEST_STEP][PASSED] - Statement - useractionData = TestCase.getValue("UserAction", getTestCaseData): null

2018-11-24 11:55:51 - [TEST_STEP][PASSED] - Statement - If (!(empty)): null

2018-11-24 11:55:51 - [TEST_STEP][PASSED] - Statement - scenarioData = TestCase.getValue("Modules", getTestCaseData): null

2018-11-24 11:55:51 - [TEST_STEP][PASSED] - Statement - useractionData = TestCase.getValue("UserAction", getTestCaseData): null

2018-11-24 11:55:51 - [TEST_STEP][PASSED] - Statement - If (!(empty)): null

2018-11-24 11:55:51 - [TEST_STEP][PASSED] - Statement - scenarioData = TestCase.getValue("Modules", getTestCaseData): null

2018-11-24 11:55:51 - [TEST_STEP][PASSED] - Statement - useractionData = TestCase.getValue("UserAction", getTestCaseData): null

2018-11-24 11:55:51 - [TEST_STEP][PASSED] - Statement - If (!(empty)): null

2018-11-24 11:55:51 - [TEST_STEP][PASSED] - Statement - scenarioData = TestCase.getValue("Modules", getTestCaseData): null

2018-11-24 11:55:51 - [TEST_STEP][PASSED] - Statement - useractionData = TestCase.getValue("UserAction", getTestCaseData): null

2018-11-24 11:55:51 - [TEST_STEP][PASSED] - Statement - If (!(empty)): null

2018-11-24 11:55:51 - [TEST_STEP][PASSED] - Statement - scenarioData = TestCase.getValue("Modules", getTestCaseData): null

2018-11-24 11:55:51 - [TEST_STEP][PASSED] - Statement - useractionData = TestCase.getValue("UserAction", getTestCaseData): null

2018-11-24 11:55:51 - [TEST_STEP][PASSED] - Statement - If (!(empty)): null

2018-11-24 11:55:51 - [TEST_STEP][PASSED] - Statement - scenarioData = TestCase.getValue("Modules", getTestCaseData): null

2018-11-24 11:55:51 - [TEST_STEP][PASSED] - Statement - useractionData = TestCase.getValue("UserAction", getTestCaseData): null

2018-11-24 11:55:51 - [TEST_STEP][PASSED] - Statement - If (!(empty)): null

2018-11-24 11:55:51 - [TEST_STEP][PASSED] - Statement - scenarioData = TestCase.getValue("Modules", getTestCaseData): null

2018-11-24 11:55:51 - [TEST_STEP][PASSED] - Statement - useractionData = TestCase.getValue("UserAction", getTestCaseData): null

2018-11-24 11:55:51 - [TEST_STEP][PASSED] - Statement - If (!(empty)): null

2018-11-24 11:55:51 - [TEST_STEP][PASSED] - Statement - scenarioData = TestCase.getValue("Modules", getTestCaseData): null

2018-11-24 11:55:51 - [TEST_STEP][PASSED] - Statement - useractionData = TestCase.getValue("UserAction", getTestCaseData): null

2018-11-24 11:55:51 - [TEST_STEP][PASSED] - Statement - If (!(empty)): null

2018-11-24 11:55:51 - [TEST_STEP][PASSED] - Statement - scenarioData = TestCase.getValue("Modules", getTestCaseData): null

2018-11-24 11:55:51 - [TEST_STEP][PASSED] - Statement - useractionData = TestCase.getValue("UserAction", getTestCaseData): null

2018-11-24 11:55:51 - [TEST_STEP][PASSED] - Statement - If (!(empty)): null

2018-11-24 11:55:51 - [TEST_STEP][PASSED] - Statement - scenarioData = TestCase.getValue("Modules", getTestCaseData): null

2018-11-24 11:55:51 - [TEST_STEP][PASSED] - Statement - useractionData = TestCase.getValue("UserAction", getTestCaseData): null

2018-11-24 11:55:51 - [TEST_STEP][PASSED] - Statement - If (!(empty)): null

2018-11-24 11:55:51 - [TEST_STEP][PASSED] - Statement - scenarioData = TestCase.getValue("Modules", getTestCaseData): null

2018-11-24 11:55:51 - [TEST_STEP][PASSED] - Statement - useractionData = TestCase.getValue("UserAction", getTestCaseData): null

2018-11-24 11:55:51 - [TEST_STEP][PASSED] - Statement - If (!(empty)): null

2018-11-24 11:55:51 - [TEST_STEP][PASSED] - Statement - hmap.put(getTestCaseData, scenarioData): null

2018-11-24 11:55:51 - [TEST_STEP][PASSED] - Statement - hmapuserAction.put(getTestCaseData, useractionData): null

2018-11-24 11:55:51 - [TEST_STEP][PASSED] - Statement - scenarioData = TestCase.getValue("Modules", getTestCaseData): null

2018-11-24 11:55:51 - [TEST_STEP][PASSED] - Statement - useractionData = TestCase.getValue("UserAction", getTestCaseData): null

2018-11-24 11:55:51 - [TEST_STEP][PASSED] - Statement - If (!(empty)): null

2018-11-24 11:55:51 - [TEST_STEP][PASSED] - Statement - scenarioData = TestCase.getValue("Modules", getTestCaseData): null

2018-11-24 11:55:51 - [TEST_STEP][PASSED] - Statement - useractionData = TestCase.getValue("UserAction", getTestCaseData): null

2018-11-24 11:55:51 - [TEST_STEP][PASSED] - Statement - If (!(empty)): null

2018-11-24 11:55:51 - [TEST_STEP][PASSED] - Statement - scenarioData = TestCase.getValue("Modules", getTestCaseData): null

2018-11-24 11:55:51 - [TEST_STEP][PASSED] - Statement - useractionData = TestCase.getValue("UserAction", getTestCaseData): null

2018-11-24 11:55:51 - [TEST_STEP][PASSED] - Statement - If (!(empty)): null

2018-11-24 11:55:51 - [TEST_STEP][PASSED] - Statement - scenarioData = TestCase.getValue("Modules", getTestCaseData): null

2018-11-24 11:55:51 - [TEST_STEP][PASSED] - Statement - useractionData = TestCase.getValue("UserAction", getTestCaseData): null

2018-11-24 11:55:51 - [TEST_STEP][PASSED] - Statement - If (!(empty)): null

2018-11-24 11:55:51 - [TEST_STEP][PASSED] - Statement - scenarioData = TestCase.getValue("Modules", getTestCaseData): null

2018-11-24 11:55:51 - [TEST_STEP][PASSED] - Statement - useractionData = TestCase.getValue("UserAction", getTestCaseData): null

2018-11-24 11:55:51 - [TEST_STEP][PASSED] - Statement - If (!(empty)): null

2018-11-24 11:55:51 - [TEST_STEP][PASSED] - Statement - scenarioData = TestCase.getValue("Modules", getTestCaseData): null

2018-11-24 11:55:51 - [TEST_STEP][PASSED] - Statement - useractionData = TestCase.getValue("UserAction", getTestCaseData): null

2018-11-24 11:55:51 - [TEST_STEP][PASSED] - Statement - If (!(empty)): null

2018-11-24 11:55:51 - [TEST_STEP][PASSED] - Statement - scenarioData = TestCase.getValue("Modules", getTestCaseData): null

2018-11-24 11:55:51 - [TEST_STEP][PASSED] - Statement - useractionData = TestCase.getValue("UserAction", getTestCaseData): null

2018-11-24 11:55:51 - [TEST_STEP][PASSED] - Statement - If (!(empty)): null

2018-11-24 11:55:51 - [TEST_STEP][PASSED] - Statement - scenarioData = TestCase.getValue("Modules", getTestCaseData): null

2018-11-24 11:55:51 - [TEST_STEP][PASSED] - Statement - useractionData = TestCase.getValue("UserAction", getTestCaseData): null

2018-11-24 11:55:51 - [TEST_STEP][PASSED] - Statement - If (!(empty)): null

2018-11-24 11:55:51 - [TEST_STEP][PASSED] - Statement - scenarioData = TestCase.getValue("Modules", getTestCaseData): null

2018-11-24 11:55:51 - [TEST_STEP][PASSED] - Statement - useractionData = TestCase.getValue("UserAction", getTestCaseData): null

2018-11-24 11:55:51 - [TEST_STEP][PASSED] - Statement - If (!(empty)): null

2018-11-24 11:55:51 - [TEST_STEP][PASSED] - Statement - scenarioData = TestCase.getValue("Modules", getTestCaseData): null

2018-11-24 11:55:51 - [TEST_STEP][PASSED] - Statement - useractionData = TestCase.getValue("UserAction", getTestCaseData): null

2018-11-24 11:55:51 - [TEST_STEP][PASSED] - Statement - If (!(empty)): null

2018-11-24 11:55:51 - [TEST_STEP][PASSED] - Statement - scenarioData = TestCase.getValue("Modules", getTestCaseData): null

2018-11-24 11:55:51 - [TEST_STEP][PASSED] - Statement - useractionData = TestCase.getValue("UserAction", getTestCaseData): null

2018-11-24 11:55:51 - [TEST_STEP][PASSED] - Statement - If (!(empty)): null

2018-11-24 11:55:51 - [TEST_STEP][PASSED] - Statement - scenarioData = TestCase.getValue("Modules", getTestCaseData): null

2018-11-24 11:55:51 - [TEST_STEP][PASSED] - Statement - useractionData = TestCase.getValue("UserAction", getTestCaseData): null

2018-11-24 11:55:51 - [TEST_STEP][PASSED] - Statement - If (!(empty)): null

2018-11-24 11:55:51 - [TEST_STEP][PASSED] - Statement - scenarioData = TestCase.getValue("Modules", getTestCaseData): null

2018-11-24 11:55:51 - [TEST_STEP][PASSED] - Statement - useractionData = TestCase.getValue("UserAction", getTestCaseData): null

2018-11-24 11:55:51 - [TEST_STEP][PASSED] - Statement - If (!(empty)): null

2018-11-24 11:55:51 - [TEST_STEP][PASSED] - Statement - scenarioData = TestCase.getValue("Modules", getTestCaseData): null

2018-11-24 11:55:51 - [TEST_STEP][PASSED] - Statement - useractionData = TestCase.getValue("UserAction", getTestCaseData): null

2018-11-24 11:55:51 - [TEST_STEP][PASSED] - Statement - If (!(empty)): null

2018-11-24 11:55:51 - [TEST_STEP][PASSED] - Statement - scenarioData = TestCase.getValue("Modules", getTestCaseData): null

2018-11-24 11:55:51 - [TEST_STEP][PASSED] - Statement - useractionData = TestCase.getValue("UserAction", getTestCaseData): null

2018-11-24 11:55:51 - [TEST_STEP][PASSED] - Statement - If (!(empty)): null

2018-11-24 11:55:51 - [TEST_STEP][PASSED] - Statement - scenarioData = TestCase.getValue("Modules", getTestCaseData): null

2018-11-24 11:55:51 - [TEST_STEP][PASSED] - Statement - useractionData = TestCase.getValue("UserAction", getTestCaseData): null

2018-11-24 11:55:51 - [TEST_STEP][PASSED] - Statement - If (!(empty)): null

2018-11-24 11:55:51 - [TEST_STEP][PASSED] - Statement - scenarioData = TestCase.getValue("Modules", getTestCaseData): null

2018-11-24 11:55:51 - [TEST_STEP][PASSED] - Statement - useractionData = TestCase.getValue("UserAction", getTestCaseData): null

2018-11-24 11:55:51 - [TEST_STEP][PASSED] - Statement - If (!(empty)): null

2018-11-24 11:55:51 - [TEST_STEP][PASSED] - Statement - scenarioData = TestCase.getValue("Modules", getTestCaseData): null

2018-11-24 11:55:51 - [TEST_STEP][PASSED] - Statement - useractionData = TestCase.getValue("UserAction", getTestCaseData): null

2018-11-24 11:55:51 - [TEST_STEP][PASSED] - Statement - If (!(empty)): null

2018-11-24 11:55:51 - [TEST_STEP][PASSED] - Statement - scenarioData = TestCase.getValue("Modules", getTestCaseData): null

2018-11-24 11:55:51 - [TEST_STEP][PASSED] - Statement - useractionData = TestCase.getValue("UserAction", getTestCaseData): null

2018-11-24 11:55:51 - [TEST_STEP][PASSED] - Statement - If (!(empty)): null

2018-11-24 11:55:51 - [TEST_STEP][PASSED] - Statement - scenarioData = TestCase.getValue("Modules", getTestCaseData): null

2018-11-24 11:55:51 - [TEST_STEP][PASSED] - Statement - useractionData = TestCase.getValue("UserAction", getTestCaseData): null

2018-11-24 11:55:51 - [TEST_STEP][PASSED] - Statement - If (!(empty)): null

2018-11-24 11:55:51 - [TEST_STEP][PASSED] - Statement - scenarioData = TestCase.getValue("Modules", getTestCaseData): null

2018-11-24 11:55:51 - [TEST_STEP][PASSED] - Statement - useractionData = TestCase.getValue("UserAction", getTestCaseData): null

2018-11-24 11:55:51 - [TEST_STEP][PASSED] - Statement - If (!(empty)): null

2018-11-24 11:55:51 - [TEST_STEP][PASSED] - Statement - scenarioData = TestCase.getValue("Modules", getTestCaseData): null

2018-11-24 11:55:51 - [TEST_STEP][PASSED] - Statement - useractionData = TestCase.getValue("UserAction", getTestCaseData): null

2018-11-24 11:55:51 - [TEST_STEP][PASSED] - Statement - If (!(empty)): null

2018-11-24 11:55:51 - [TEST_STEP][PASSED] - Statement - scenarioData = TestCase.getValue("Modules", getTestCaseData): null

2018-11-24 11:55:51 - [TEST_STEP][PASSED] - Statement - useractionData = TestCase.getValue("UserAction", getTestCaseData): null

2018-11-24 11:55:51 - [TEST_STEP][PASSED] - Statement - If (!(empty)): null

2018-11-24 11:55:51 - [TEST_STEP][PASSED] - Statement - hmap.put(getTestCaseData, scenarioData): null

2018-11-24 11:55:51 - [TEST_STEP][PASSED] - Statement - hmapuserAction.put(getTestCaseData, useractionData): null

2018-11-24 11:55:51 - [TEST_STEP][PASSED] - Statement - scenarioData = TestCase.getValue("Modules", getTestCaseData): null

2018-11-24 11:55:51 - [TEST_STEP][PASSED] - Statement - useractionData = TestCase.getValue("UserAction", getTestCaseData): null

2018-11-24 11:55:51 - [TEST_STEP][PASSED] - Statement - If (!(empty)): null

2018-11-24 11:55:51 - [TEST_STEP][PASSED] - Statement - scenarioData = TestCase.getValue("Modules", getTestCaseData): null

2018-11-24 11:55:51 - [TEST_STEP][PASSED] - Statement - useractionData = TestCase.getValue("UserAction", getTestCaseData): null

2018-11-24 11:55:51 - [TEST_STEP][PASSED] - Statement - If (!(empty)): null

2018-11-24 11:55:51 - [TEST_STEP][PASSED] - Statement - scenarioData = TestCase.getValue("Modules", getTestCaseData): null

2018-11-24 11:55:51 - [TEST_STEP][PASSED] - Statement - useractionData = TestCase.getValue("UserAction", getTestCaseData): null

2018-11-24 11:55:51 - [TEST_STEP][PASSED] - Statement - If (!(empty)): null

2018-11-24 11:55:51 - [TEST_STEP][PASSED] - Statement - scenarioData = TestCase.getValue("Modules", getTestCaseData): null

2018-11-24 11:55:51 - [TEST_STEP][PASSED] - Statement - useractionData = TestCase.getValue("UserAction", getTestCaseData): null

2018-11-24 11:55:51 - [TEST_STEP][PASSED] - Statement - If (!(empty)): null

2018-11-24 11:55:51 - [TEST_STEP][PASSED] - Statement - scenarioData = TestCase.getValue("Modules", getTestCaseData): null

2018-11-24 11:55:51 - [TEST_STEP][PASSED] - Statement - useractionData = TestCase.getValue("UserAction", getTestCaseData): null

2018-11-24 11:55:51 - [TEST_STEP][PASSED] - Statement - If (!(empty)): null

2018-11-24 11:55:51 - [TEST_STEP][PASSED] - Statement - scenarioData = TestCase.getValue("Modules", getTestCaseData): null

2018-11-24 11:55:51 - [TEST_STEP][PASSED] - Statement - useractionData = TestCase.getValue("UserAction", getTestCaseData): null

2018-11-24 11:55:51 - [TEST_STEP][PASSED] - Statement - If (!(empty)): null

2018-11-24 11:55:51 - [TEST_STEP][PASSED] - Statement - scenarioData = TestCase.getValue("Modules", getTestCaseData): null

2018-11-24 11:55:51 - [TEST_STEP][PASSED] - Statement - useractionData = TestCase.getValue("UserAction", getTestCaseData): null

2018-11-24 11:55:51 - [TEST_STEP][PASSED] - Statement - If (!(empty)): null

2018-11-24 11:55:51 - [TEST_STEP][PASSED] - Statement - scenarioData = TestCase.getValue("Modules", getTestCaseData): null

2018-11-24 11:55:51 - [TEST_STEP][PASSED] - Statement - useractionData = TestCase.getValue("UserAction", getTestCaseData): null

2018-11-24 11:55:51 - [TEST_STEP][PASSED] - Statement - If (!(empty)): null

2018-11-24 11:55:51 - [TEST_STEP][PASSED] - Statement - scenarioData = TestCase.getValue("Modules", getTestCaseData): null

2018-11-24 11:55:51 - [TEST_STEP][PASSED] - Statement - useractionData = TestCase.getValue("UserAction", getTestCaseData): null

2018-11-24 11:55:51 - [TEST_STEP][PASSED] - Statement - If (!(empty)): null

2018-11-24 11:55:51 - [TEST_STEP][PASSED] - Statement - scenarioData = TestCase.getValue("Modules", getTestCaseData): null

2018-11-24 11:55:51 - [TEST_STEP][PASSED] - Statement - useractionData = TestCase.getValue("UserAction", getTestCaseData): null

2018-11-24 11:55:51 - [TEST_STEP][PASSED] - Statement - If (!(empty)): null

2018-11-24 11:55:51 - [TEST_STEP][PASSED] - Statement - scenarioData = TestCase.getValue("Modules", getTestCaseData): null

2018-11-24 11:55:51 - [TEST_STEP][PASSED] - Statement - useractionData = TestCase.getValue("UserAction", getTestCaseData): null

2018-11-24 11:55:51 - [TEST_STEP][PASSED] - Statement - If (!(empty)): null

2018-11-24 11:55:51 - [TEST_STEP][PASSED] - Statement - scenarioData = TestCase.getValue("Modules", getTestCaseData): null

2018-11-24 11:55:51 - [TEST_STEP][PASSED] - Statement - useractionData = TestCase.getValue("UserAction", getTestCaseData): null

2018-11-24 11:55:51 - [TEST_STEP][PASSED] - Statement - If (!(empty)): null

2018-11-24 11:55:51 - [TEST_STEP][PASSED] - Statement - scenarioData = TestCase.getValue("Modules", getTestCaseData): null

2018-11-24 11:55:51 - [TEST_STEP][PASSED] - Statement - useractionData = TestCase.getValue("UserAction", getTestCaseData): null

2018-11-24 11:55:51 - [TEST_STEP][PASSED] - Statement - If (!(empty)): null

2018-11-24 11:55:51 - [TEST_STEP][PASSED] - Statement - scenarioData = TestCase.getValue("Modules", getTestCaseData): null

2018-11-24 11:55:53 - [TEST_STEP][PASSED] - Statement - useractionData = TestCase.getValue("UserAction", getTestCaseData): null

2018-11-24 11:55:53 - [TEST_STEP][PASSED] - Statement - If (!(empty)): null

2018-11-24 11:55:53 - [TEST_STEP][PASSED] - Statement - scenarioData = TestCase.getValue("Modules", getTestCaseData): null

2018-11-24 11:55:53 - [TEST_STEP][PASSED] - Statement - useractionData = TestCase.getValue("UserAction", getTestCaseData): null

2018-11-24 11:55:53 - [TEST_STEP][PASSED] - Statement - If (!(empty)): null

2018-11-24 11:55:53 - [TEST_STEP][PASSED] - Statement - scenarioData = TestCase.getValue("Modules", getTestCaseData): null

2018-11-24 11:55:53 - [TEST_STEP][PASSED] - Statement - useractionData = TestCase.getValue("UserAction", getTestCaseData): null

2018-11-24 11:55:53 - [TEST_STEP][PASSED] - Statement - If (!(empty)): null

2018-11-24 11:55:53 - [TEST_STEP][PASSED] - Statement - scenarioData = TestCase.getValue("Modules", getTestCaseData): null

2018-11-24 11:55:53 - [TEST_STEP][PASSED] - Statement - useractionData = TestCase.getValue("UserAction", getTestCaseData): null

2018-11-24 11:55:53 - [TEST_STEP][PASSED] - Statement - If (!(empty)): null

2018-11-24 11:55:53 - [TEST_STEP][PASSED] - Statement - scenarioData = TestCase.getValue("Modules", getTestCaseData): null

2018-11-24 11:55:53 - [TEST_STEP][PASSED] - Statement - useractionData = TestCase.getValue("UserAction", getTestCaseData): null

2018-11-24 11:55:53 - [TEST_STEP][PASSED] - Statement - If (!(empty)): null

2018-11-24 11:55:53 - [TEST_STEP][PASSED] - Statement - scenarioData = TestCase.getValue("Modules", getTestCaseData): null

2018-11-24 11:55:53 - [TEST_STEP][PASSED] - Statement - useractionData = TestCase.getValue("UserAction", getTestCaseData): null

2018-11-24 11:55:53 - [TEST_STEP][PASSED] - Statement - If (!(empty)): null

2018-11-24 11:55:53 - [TEST_STEP][PASSED] - Statement - scenarioData = TestCase.getValue("Modules", getTestCaseData): null

2018-11-24 11:55:53 - [TEST_STEP][PASSED] - Statement - useractionData = TestCase.getValue("UserAction", getTestCaseData): null

2018-11-24 11:55:53 - [TEST_STEP][PASSED] - Statement - If (!(empty)): null

2018-11-24 11:55:53 - [TEST_STEP][PASSED] - Statement - scenarioData = TestCase.getValue("Modules", getTestCaseData): null

2018-11-24 11:55:53 - [TEST_STEP][PASSED] - Statement - useractionData = TestCase.getValue("UserAction", getTestCaseData): null

2018-11-24 11:55:53 - [TEST_STEP][PASSED] - Statement - If (!(empty)): null

2018-11-24 11:55:53 - [TEST_STEP][PASSED] - Statement - scenarioData = TestCase.getValue("Modules", getTestCaseData): null

2018-11-24 11:55:53 - [TEST_STEP][PASSED] - Statement - useractionData = TestCase.getValue("UserAction", getTestCaseData): null

2018-11-24 11:55:53 - [TEST_STEP][PASSED] - Statement - If (!(empty)): null

2018-11-24 11:55:53 - [TEST_STEP][PASSED] - Statement - scenarioData = TestCase.getValue("Modules", getTestCaseData): null

2018-11-24 11:55:53 - [TEST_STEP][PASSED] - Statement - useractionData = TestCase.getValue("UserAction", getTestCaseData): null

2018-11-24 11:55:53 - [TEST_STEP][PASSED] - Statement - If (!(empty)): null

2018-11-24 11:55:53 - [TEST_STEP][PASSED] - Statement - scenarioData = TestCase.getValue("Modules", getTestCaseData): null

2018-11-24 11:55:53 - [TEST_STEP][PASSED] - Statement - useractionData = TestCase.getValue("UserAction", getTestCaseData): null

2018-11-24 11:55:53 - [TEST_STEP][PASSED] - Statement - If (!(empty)): null

2018-11-24 11:55:53 - [TEST_STEP][PASSED] - Statement - scenarioData = TestCase.getValue("Modules", getTestCaseData): null

2018-11-24 11:55:53 - [TEST_STEP][PASSED] - Statement - useractionData = TestCase.getValue("UserAction", getTestCaseData): null

2018-11-24 11:55:53 - [TEST_STEP][PASSED] - Statement - If (!(empty)): null

2018-11-24 11:55:53 - [TEST_STEP][PASSED] - Statement - hmap.put(getTestCaseData, scenarioData): null

2018-11-24 11:55:53 - [TEST_STEP][PASSED] - Statement - hmapuserAction.put(getTestCaseData, useractionData): null

2018-11-24 11:55:53 - [TEST_STEP][PASSED] - Statement - scenarioData = TestCase.getValue("Modules", getTestCaseData): null

2018-11-24 11:55:53 - [TEST_STEP][PASSED] - Statement - useractionData = TestCase.getValue("UserAction", getTestCaseData): null

2018-11-24 11:55:53 - [TEST_STEP][PASSED] - Statement - If (!(empty)): null

2018-11-24 11:55:53 - [TEST_STEP][PASSED] - Statement - scenarioData = TestCase.getValue("Modules", getTestCaseData): null

2018-11-24 11:55:53 - [TEST_STEP][PASSED] - Statement - useractionData = TestCase.getValue("UserAction", getTestCaseData): null

2018-11-24 11:55:53 - [TEST_STEP][PASSED] - Statement - If (!(empty)): null

2018-11-24 11:55:53 - [TEST_STEP][PASSED] - Statement - scenarioData = TestCase.getValue("Modules", getTestCaseData): null

2018-11-24 11:55:53 - [TEST_STEP][PASSED] - Statement - useractionData = TestCase.getValue("UserAction", getTestCaseData): null

2018-11-24 11:55:53 - [TEST_STEP][PASSED] - Statement - If (!(empty)): null

2018-11-24 11:55:53 - [TEST_STEP][PASSED] - Statement - scenarioData = TestCase.getValue("Modules", getTestCaseData): null

2018-11-24 11:55:53 - [TEST_STEP][PASSED] - Statement - useractionData = TestCase.getValue("UserAction", getTestCaseData): null

2018-11-24 11:55:53 - [TEST_STEP][PASSED] - Statement - If (!(empty)): null

2018-11-24 11:55:53 - [TEST_STEP][PASSED] - Statement - scenarioData = TestCase.getValue("Modules", getTestCaseData): null

2018-11-24 11:55:53 - [TEST_STEP][PASSED] - Statement - useractionData = TestCase.getValue("UserAction", getTestCaseData): null

2018-11-24 11:55:53 - [TEST_STEP][PASSED] - Statement - If (!(empty)): null

2018-11-24 11:55:53 - [TEST_STEP][PASSED] - Statement - scenarioData = TestCase.getValue("Modules", getTestCaseData): null

2018-11-24 11:55:53 - [TEST_STEP][PASSED] - Statement - useractionData = TestCase.getValue("UserAction", getTestCaseData): null

2018-11-24 11:55:53 - [TEST_STEP][PASSED] - Statement - If (!(empty)): null

2018-11-24 11:55:53 - [TEST_STEP][PASSED] - Statement - scenarioData = TestCase.getValue("Modules", getTestCaseData): null

2018-11-24 11:55:53 - [TEST_STEP][PASSED] - Statement - useractionData = TestCase.getValue("UserAction", getTestCaseData): null

2018-11-24 11:55:53 - [TEST_STEP][PASSED] - Statement - If (!(empty)): null

2018-11-24 11:55:53 - [TEST_STEP][PASSED] - Statement - scenarioData = TestCase.getValue("Modules", getTestCaseData): null

2018-11-24 11:55:53 - [TEST_STEP][PASSED] - Statement - useractionData = TestCase.getValue("UserAction", getTestCaseData): null

2018-11-24 11:55:53 - [TEST_STEP][PASSED] - Statement - If (!(empty)): null

2018-11-24 11:55:53 - [TEST_STEP][PASSED] - Statement - scenarioData = TestCase.getValue("Modules", getTestCaseData): null

2018-11-24 11:55:53 - [TEST_STEP][PASSED] - Statement - useractionData = TestCase.getValue("UserAction", getTestCaseData): null

2018-11-24 11:55:53 - [TEST_STEP][PASSED] - Statement - If (!(empty)): null

2018-11-24 11:55:53 - [TEST_STEP][PASSED] - Statement - scenarioData = TestCase.getValue("Modules", getTestCaseData): null

2018-11-24 11:55:53 - [TEST_STEP][PASSED] - Statement - useractionData = TestCase.getValue("UserAction", getTestCaseData): null

2018-11-24 11:55:53 - [TEST_STEP][PASSED] - Statement - If (!(empty)): null

2018-11-24 11:55:53 - [TEST_STEP][PASSED] - Statement - scenarioData = TestCase.getValue("Modules", getTestCaseData): null

2018-11-24 11:55:53 - [TEST_STEP][PASSED] - Statement - useractionData = TestCase.getValue("UserAction", getTestCaseData): null

2018-11-24 11:55:53 - [TEST_STEP][PASSED] - Statement - If (!(empty)): null

2018-11-24 11:55:53 - [TEST_STEP][PASSED] - Statement - scenarioData = TestCase.getValue("Modules", getTestCaseData): null

2018-11-24 11:55:53 - [TEST_STEP][PASSED] - Statement - useractionData = TestCase.getValue("UserAction", getTestCaseData): null

2018-11-24 11:55:53 - [TEST_STEP][PASSED] - Statement - If (!(empty)): null

2018-11-24 11:55:53 - [TEST_STEP][PASSED] - Statement - scenarioData = TestCase.getValue("Modules", getTestCaseData): null

2018-11-24 11:55:53 - [TEST_STEP][PASSED] - Statement - useractionData = TestCase.getValue("UserAction", getTestCaseData): null

2018-11-24 11:55:53 - [TEST_STEP][PASSED] - Statement - If (!(empty)): null

2018-11-24 11:55:53 - [TEST_STEP][PASSED] - Statement - scenarioData = TestCase.getValue("Modules", getTestCaseData): null

2018-11-24 11:55:53 - [TEST_STEP][PASSED] - Statement - useractionData = TestCase.getValue("UserAction", getTestCaseData): null

2018-11-24 11:55:53 - [TEST_STEP][PASSED] - Statement - If (!(empty)): null

2018-11-24 11:55:53 - [TEST_STEP][PASSED] - Statement - scenarioData = TestCase.getValue("Modules", getTestCaseData): null

2018-11-24 11:55:53 - [TEST_STEP][PASSED] - Statement - useractionData = TestCase.getValue("UserAction", getTestCaseData): null

2018-11-24 11:55:53 - [TEST_STEP][PASSED] - Statement - If (!(empty)): null

2018-11-24 11:55:53 - [TEST_STEP][PASSED] - Statement - scenarioData = TestCase.getValue("Modules", getTestCaseData): null

2018-11-24 11:55:53 - [TEST_STEP][PASSED] - Statement - useractionData = TestCase.getValue("UserAction", getTestCaseData): null

2018-11-24 11:55:53 - [TEST_STEP][PASSED] - Statement - If (!(empty)): null

2018-11-24 11:55:53 - [TEST_STEP][PASSED] - Statement - scenarioData = TestCase.getValue("Modules", getTestCaseData): null

2018-11-24 11:55:53 - [TEST_STEP][PASSED] - Statement - useractionData = TestCase.getValue("UserAction", getTestCaseData): null

2018-11-24 11:55:53 - [TEST_STEP][PASSED] - Statement - If (!(empty)): null

2018-11-24 11:55:53 - [TEST_STEP][PASSED] - Statement - scenarioData = TestCase.getValue("Modules", getTestCaseData): null

2018-11-24 11:55:53 - [TEST_STEP][PASSED] - Statement - useractionData = TestCase.getValue("UserAction", getTestCaseData): null

2018-11-24 11:55:53 - [TEST_STEP][PASSED] - Statement - If (!(empty)): null

2018-11-24 11:55:53 - [TEST_STEP][PASSED] - Statement - scenarioData = TestCase.getValue("Modules", getTestCaseData): null

2018-11-24 11:55:53 - [TEST_STEP][PASSED] - Statement - useractionData = TestCase.getValue("UserAction", getTestCaseData): null

2018-11-24 11:55:53 - [TEST_STEP][PASSED] - Statement - If (!(empty)): null

2018-11-24 11:55:53 - [TEST_STEP][PASSED] - Statement - scenarioData = TestCase.getValue("Modules", getTestCaseData): null

2018-11-24 11:55:53 - [TEST_STEP][PASSED] - Statement - useractionData = TestCase.getValue("UserAction", getTestCaseData): null

2018-11-24 11:55:53 - [TEST_STEP][PASSED] - Statement - If (!(empty)): null

2018-11-24 11:55:53 - [TEST_STEP][PASSED] - Statement - scenarioData = TestCase.getValue("Modules", getTestCaseData): null

2018-11-24 11:55:53 - [TEST_STEP][PASSED] - Statement - useractionData = TestCase.getValue("UserAction", getTestCaseData): null

2018-11-24 11:55:53 - [TEST_STEP][PASSED] - Statement - If (!(empty)): null

2018-11-24 11:55:53 - [TEST_STEP][PASSED] - Statement - scenarioData = TestCase.getValue("Modules", getTestCaseData): null

2018-11-24 11:55:53 - [TEST_STEP][PASSED] - Statement - useractionData = TestCase.getValue("UserAction", getTestCaseData): null

2018-11-24 11:55:53 - [TEST_STEP][PASSED] - Statement - If (!(empty)): null

2018-11-24 11:55:53 - [TEST_STEP][PASSED] - Statement - scenarioData = TestCase.getValue("Modules", getTestCaseData): null

2018-11-24 11:55:53 - [TEST_STEP][PASSED] - Statement - useractionData = TestCase.getValue("UserAction", getTestCaseData): null

2018-11-24 11:55:53 - [TEST_STEP][PASSED] - Statement - If (!(empty)): null

2018-11-24 11:55:53 - [TEST_STEP][PASSED] - Statement - scenarioData = TestCase.getValue("Modules", getTestCaseData): null

2018-11-24 11:55:53 - [TEST_STEP][PASSED] - Statement - useractionData = TestCase.getValue("UserAction", getTestCaseData): null

2018-11-24 11:55:53 - [TEST_STEP][PASSED] - Statement - If (!(empty)): null

2018-11-24 11:55:53 - [TEST_STEP][PASSED] - Statement - While (hmap.values().remove("") || hmap.values().remove(null)): null

2018-11-24 11:55:53 - [TEST_STEP][PASSED] - Statement - mappinghmap = hmap.entrySet(): null

2018-11-24 11:55:53 - [TEST_STEP][PASSED] - Statement - mappinghmapusrAct = hmapuserAction.entrySet(): null

2018-11-24 11:55:53 - [TEST_STEP][PASSED] - Statement - println(Set of Keys and Values using entrySet() : $mappinghmap): null

2018-11-24 11:55:53 - [TEST_STEP][PASSED] - Statement - For (Map$Entry<Integer, String> entries : mappinghmap): null

2018-11-24 11:55:53 - [TEST_STEP][PASSED] - Statement - println(entries$entries): null

2018-11-24 11:55:53 - [TEST_STEP][PASSED] - Statement - Testcase_numbers_values.add(entries.getValue()): null

2018-11-24 11:55:53 - [TEST_STEP][PASSED] - Statement - Testcase_numbers_index.add(entries.getKey()): null

2018-11-24 11:55:53 - [TEST_STEP][PASSED] - Statement - println(entries$entries): null

2018-11-24 11:55:53 - [TEST_STEP][PASSED] - Statement - Testcase_numbers_values.add(entries.getValue()): null

2018-11-24 11:55:53 - [TEST_STEP][PASSED] - Statement - Testcase_numbers_index.add(entries.getKey()): null

2018-11-24 11:55:53 - [TEST_STEP][PASSED] - Statement - println(entries$entries): null

2018-11-24 11:55:53 - [TEST_STEP][PASSED] - Statement - Testcase_numbers_values.add(entries.getValue()): null

2018-11-24 11:55:53 - [TEST_STEP][PASSED] - Statement - Testcase_numbers_index.add(entries.getKey()): null

2018-11-24 11:55:53 - [TEST_STEP][PASSED] - Statement - println(entries$entries): null

2018-11-24 11:55:53 - [TEST_STEP][PASSED] - Statement - Testcase_numbers_values.add(entries.getValue()): null

2018-11-24 11:55:53 - [TEST_STEP][PASSED] - Statement - Testcase_numbers_index.add(entries.getKey()): null

2018-11-24 11:55:53 - [TEST_STEP][PASSED] - Statement - println(entries$entries): null

2018-11-24 11:55:53 - [TEST_STEP][PASSED] - Statement - Testcase_numbers_values.add(entries.getValue()): null

2018-11-24 11:55:53 - [TEST_STEP][PASSED] - Statement - Testcase_numbers_index.add(entries.getKey()): null

2018-11-24 11:55:53 - [TEST_STEP][PASSED] - Statement - println(entries$entries): null

2018-11-24 11:55:53 - [TEST_STEP][PASSED] - Statement - Testcase_numbers_values.add(entries.getValue()): null

2018-11-24 11:55:53 - [TEST_STEP][PASSED] - Statement - Testcase_numbers_index.add(entries.getKey()): null

2018-11-24 11:55:53 - [TEST_STEP][PASSED] - Statement - println(entries$entries): null

2018-11-24 11:55:53 - [TEST_STEP][PASSED] - Statement - Testcase_numbers_values.add(entries.getValue()): null

2018-11-24 11:55:53 - [TEST_STEP][PASSED] - Statement - Testcase_numbers_index.add(entries.getKey()): null

2018-11-24 11:55:53 - [TEST_STEP][PASSED] - Statement - println(entries$entries): null

2018-11-24 11:55:53 - [TEST_STEP][PASSED] - Statement - Testcase_numbers_values.add(entries.getValue()): null

2018-11-24 11:55:53 - [TEST_STEP][PASSED] - Statement - Testcase_numbers_index.add(entries.getKey()): null

2018-11-24 11:55:53 - [TEST_STEP][PASSED] - Statement - println(entries$entries): null

2018-11-24 11:55:53 - [TEST_STEP][PASSED] - Statement - Testcase_numbers_values.add(entries.getValue()): null

2018-11-24 11:55:53 - [TEST_STEP][PASSED] - Statement - Testcase_numbers_index.add(entries.getKey()): null

2018-11-24 11:55:53 - [TEST_STEP][PASSED] - Statement - println(entries$entries): null

2018-11-24 11:55:53 - [TEST_STEP][PASSED] - Statement - Testcase_numbers_values.add(entries.getValue()): null

2018-11-24 11:55:53 - [TEST_STEP][PASSED] - Statement - Testcase_numbers_index.add(entries.getKey()): null

2018-11-24 11:55:53 - [TEST_STEP][PASSED] - Statement - println(entries$entries): null

2018-11-24 11:55:53 - [TEST_STEP][PASSED] - Statement - Testcase_numbers_values.add(entries.getValue()): null

2018-11-24 11:55:53 - [TEST_STEP][PASSED] - Statement - Testcase_numbers_index.add(entries.getKey()): null

2018-11-24 11:55:53 - [TEST_STEP][PASSED] - Statement - println(entries$entries): null

2018-11-24 11:55:53 - [TEST_STEP][PASSED] - Statement - Testcase_numbers_values.add(entries.getValue()): null

2018-11-24 11:55:53 - [TEST_STEP][PASSED] - Statement - Testcase_numbers_index.add(entries.getKey()): null

2018-11-24 11:55:53 - [TEST_STEP][PASSED] - Statement - println(entries$entries): null

2018-11-24 11:55:53 - [TEST_STEP][PASSED] - Statement - Testcase_numbers_values.add(entries.getValue()): null

2018-11-24 11:55:53 - [TEST_STEP][PASSED] - Statement - Testcase_numbers_index.add(entries.getKey()): null

2018-11-24 11:55:53 - [TEST_STEP][PASSED] - Statement - println(entries$entries): null

2018-11-24 11:55:53 - [TEST_STEP][PASSED] - Statement - Testcase_numbers_values.add(entries.getValue()): null

2018-11-24 11:55:53 - [TEST_STEP][PASSED] - Statement - Testcase_numbers_index.add(entries.getKey()): null

2018-11-24 11:55:53 - [TEST_STEP][PASSED] - Statement - println(entries$entries): null

2018-11-24 11:55:53 - [TEST_STEP][PASSED] - Statement - Testcase_numbers_values.add(entries.getValue()): null

2018-11-24 11:55:53 - [TEST_STEP][PASSED] - Statement - Testcase_numbers_index.add(entries.getKey()): null

2018-11-24 11:55:53 - [TEST_STEP][PASSED] - Statement - println(entries$entries): null

2018-11-24 11:55:53 - [TEST_STEP][PASSED] - Statement - Testcase_numbers_values.add(entries.getValue()): null

2018-11-24 11:55:53 - [TEST_STEP][PASSED] - Statement - Testcase_numbers_index.add(entries.getKey()): null

2018-11-24 11:55:53 - [TEST_STEP][PASSED] - Statement - println(entries$entries): null

2018-11-24 11:55:53 - [TEST_STEP][PASSED] - Statement - Testcase_numbers_values.add(entries.getValue()): null

2018-11-24 11:55:53 - [TEST_STEP][PASSED] - Statement - Testcase_numbers_index.add(entries.getKey()): null

2018-11-24 11:55:53 - [TEST_STEP][PASSED] - Statement - println(entries$entries): null

2018-11-24 11:55:53 - [TEST_STEP][PASSED] - Statement - Testcase_numbers_values.add(entries.getValue()): null

2018-11-24 11:55:53 - [TEST_STEP][PASSED] - Statement - Testcase_numbers_index.add(entries.getKey()): null

2018-11-24 11:55:53 - [TEST_STEP][PASSED] - Statement - println(entries$entries): null

2018-11-24 11:55:53 - [TEST_STEP][PASSED] - Statement - Testcase_numbers_values.add(entries.getValue()): null

2018-11-24 11:55:53 - [TEST_STEP][PASSED] - Statement - Testcase_numbers_index.add(entries.getKey()): null

2018-11-24 11:55:53 - [TEST_STEP][PASSED] - Statement - println(entries$entries): null

2018-11-24 11:55:53 - [TEST_STEP][PASSED] - Statement - Testcase_numbers_values.add(entries.getValue()): null

2018-11-24 11:55:53 - [TEST_STEP][PASSED] - Statement - Testcase_numbers_index.add(entries.getKey()): null

2018-11-24 11:55:53 - [TEST_STEP][PASSED] - Statement - println(entries$entries): null

2018-11-24 11:55:53 - [TEST_STEP][PASSED] - Statement - Testcase_numbers_values.add(entries.getValue()): null

2018-11-24 11:55:53 - [TEST_STEP][PASSED] - Statement - Testcase_numbers_index.add(entries.getKey()): null

2018-11-24 11:55:53 - [TEST_STEP][PASSED] - Statement - println(entries$entries): null

2018-11-24 11:55:53 - [TEST_STEP][PASSED] - Statement - Testcase_numbers_values.add(entries.getValue()): null

2018-11-24 11:55:53 - [TEST_STEP][PASSED] - Statement - Testcase_numbers_index.add(entries.getKey()): null

2018-11-24 11:55:53 - [TEST_STEP][PASSED] - Statement - println(entries$entries): null

2018-11-24 11:55:53 - [TEST_STEP][PASSED] - Statement - Testcase_numbers_values.add(entries.getValue()): null

2018-11-24 11:55:53 - [TEST_STEP][PASSED] - Statement - Testcase_numbers_index.add(entries.getKey()): null

2018-11-24 11:55:53 - [TEST_STEP][PASSED] - Statement - println(entries$entries): null

2018-11-24 11:55:53 - [TEST_STEP][PASSED] - Statement - Testcase_numbers_values.add(entries.getValue()): null

2018-11-24 11:55:53 - [TEST_STEP][PASSED] - Statement - Testcase_numbers_index.add(entries.getKey()): null

2018-11-24 11:55:53 - [TEST_STEP][PASSED] - Statement - println(entries$entries): null

2018-11-24 11:55:53 - [TEST_STEP][PASSED] - Statement - Testcase_numbers_values.add(entries.getValue()): null

2018-11-24 11:55:53 - [TEST_STEP][PASSED] - Statement - Testcase_numbers_index.add(entries.getKey()): null

2018-11-24 11:55:53 - [TEST_STEP][PASSED] - Statement - println(entries$entries): null

2018-11-24 11:55:53 - [TEST_STEP][PASSED] - Statement - Testcase_numbers_values.add(entries.getValue()): null

2018-11-24 11:55:53 - [TEST_STEP][PASSED] - Statement - Testcase_numbers_index.add(entries.getKey()): null

2018-11-24 11:55:53 - [TEST_STEP][PASSED] - Statement - println(entries$entries): null

2018-11-24 11:55:53 - [TEST_STEP][PASSED] - Statement - Testcase_numbers_values.add(entries.getValue()): null

2018-11-24 11:55:53 - [TEST_STEP][PASSED] - Statement - Testcase_numbers_index.add(entries.getKey()): null

2018-11-24 11:55:53 - [TEST_STEP][PASSED] - Statement - println(entries$entries): null

2018-11-24 11:55:53 - [TEST_STEP][PASSED] - Statement - Testcase_numbers_values.add(entries.getValue()): null

2018-11-24 11:55:53 - [TEST_STEP][PASSED] - Statement - Testcase_numbers_index.add(entries.getKey()): null

2018-11-24 11:55:53 - [TEST_STEP][PASSED] - Statement - println(entries$entries): null

2018-11-24 11:55:53 - [TEST_STEP][PASSED] - Statement - Testcase_numbers_values.add(entries.getValue()): null

2018-11-24 11:55:53 - [TEST_STEP][PASSED] - Statement - Testcase_numbers_index.add(entries.getKey()): null

2018-11-24 11:55:53 - [TEST_STEP][PASSED] - Statement - println(entries$entries): null

2018-11-24 11:55:53 - [TEST_STEP][PASSED] - Statement - Testcase_numbers_values.add(entries.getValue()): null

2018-11-24 11:55:53 - [TEST_STEP][PASSED] - Statement - Testcase_numbers_index.add(entries.getKey()): null

2018-11-24 11:55:53 - [TEST_STEP][PASSED] - Statement - println(entries$entries): null

2018-11-24 11:55:53 - [TEST_STEP][PASSED] - Statement - Testcase_numbers_values.add(entries.getValue()): null

2018-11-24 11:55:53 - [TEST_STEP][PASSED] - Statement - Testcase_numbers_index.add(entries.getKey()): null

2018-11-24 11:55:53 - [TEST_STEP][PASSED] - Statement - println(entries$entries): null

2018-11-24 11:55:53 - [TEST_STEP][PASSED] - Statement - Testcase_numbers_values.add(entries.getValue()): null

2018-11-24 11:55:53 - [TEST_STEP][PASSED] - Statement - Testcase_numbers_index.add(entries.getKey()): null

2018-11-24 11:55:53 - [TEST_STEP][PASSED] - Statement - println(entries$entries): null

2018-11-24 11:55:53 - [TEST_STEP][PASSED] - Statement - Testcase_numbers_values.add(entries.getValue()): null

2018-11-24 11:55:53 - [TEST_STEP][PASSED] - Statement - Testcase_numbers_index.add(entries.getKey()): null

2018-11-24 11:55:53 - [TEST_STEP][PASSED] - Statement - println(entries$entries): null

2018-11-24 11:55:53 - [TEST_STEP][PASSED] - Statement - Testcase_numbers_values.add(entries.getValue()): null

2018-11-24 11:55:53 - [TEST_STEP][PASSED] - Statement - Testcase_numbers_index.add(entries.getKey()): null

2018-11-24 11:55:53 - [TEST_STEP][PASSED] - Statement - println(entries$entries): null

2018-11-24 11:55:53 - [TEST_STEP][PASSED] - Statement - Testcase_numbers_values.add(entries.getValue()): null

2018-11-24 11:55:53 - [TEST_STEP][PASSED] - Statement - Testcase_numbers_index.add(entries.getKey()): null

2018-11-24 11:55:53 - [TEST_STEP][PASSED] - Statement - println(entries$entries): null

2018-11-24 11:55:53 - [TEST_STEP][PASSED] - Statement - Testcase_numbers_values.add(entries.getValue()): null

2018-11-24 11:55:53 - [TEST_STEP][PASSED] - Statement - Testcase_numbers_index.add(entries.getKey()): null

2018-11-24 11:55:53 - [TEST_STEP][PASSED] - Statement - println(entries$entries): null

2018-11-24 11:55:53 - [TEST_STEP][PASSED] - Statement - Testcase_numbers_values.add(entries.getValue()): null

2018-11-24 11:55:53 - [TEST_STEP][PASSED] - Statement - Testcase_numbers_index.add(entries.getKey()): null

2018-11-24 11:55:53 - [TEST_STEP][PASSED] - Statement - println(entries$entries): null

2018-11-24 11:55:53 - [TEST_STEP][PASSED] - Statement - Testcase_numbers_values.add(entries.getValue()): null

2018-11-24 11:55:53 - [TEST_STEP][PASSED] - Statement - Testcase_numbers_index.add(entries.getKey()): null

2018-11-24 11:55:53 - [TEST_STEP][PASSED] - Statement - println(entries$entries): null

2018-11-24 11:55:53 - [TEST_STEP][PASSED] - Statement - Testcase_numbers_values.add(entries.getValue()): null

2018-11-24 11:55:53 - [TEST_STEP][PASSED] - Statement - Testcase_numbers_index.add(entries.getKey()): null

2018-11-24 11:55:53 - [TEST_STEP][PASSED] - Statement - println(entries$entries): null

2018-11-24 11:55:53 - [TEST_STEP][PASSED] - Statement - Testcase_numbers_values.add(entries.getValue()): null

2018-11-24 11:55:53 - [TEST_STEP][PASSED] - Statement - Testcase_numbers_index.add(entries.getKey()): null

2018-11-24 11:55:53 - [TEST_STEP][PASSED] - Statement - println(entries$entries): null

2018-11-24 11:55:53 - [TEST_STEP][PASSED] - Statement - Testcase_numbers_values.add(entries.getValue()): null

2018-11-24 11:55:53 - [TEST_STEP][PASSED] - Statement - Testcase_numbers_index.add(entries.getKey()): null

2018-11-24 11:55:53 - [TEST_STEP][PASSED] - Statement - println(entries$entries): null

2018-11-24 11:55:53 - [TEST_STEP][PASSED] - Statement - Testcase_numbers_values.add(entries.getValue()): null

2018-11-24 11:55:53 - [TEST_STEP][PASSED] - Statement - Testcase_numbers_index.add(entries.getKey()): null

2018-11-24 11:55:53 - [TEST_STEP][PASSED] - Statement - println(entries$entries): null

2018-11-24 11:55:53 - [TEST_STEP][PASSED] - Statement - Testcase_numbers_values.add(entries.getValue()): null

2018-11-24 11:55:53 - [TEST_STEP][PASSED] - Statement - Testcase_numbers_index.add(entries.getKey()): null

2018-11-24 11:55:53 - [TEST_STEP][PASSED] - Statement - println(entries$entries): null

2018-11-24 11:55:53 - [TEST_STEP][PASSED] - Statement - Testcase_numbers_values.add(entries.getValue()): null

2018-11-24 11:55:53 - [TEST_STEP][PASSED] - Statement - Testcase_numbers_index.add(entries.getKey()): null

2018-11-24 11:55:53 - [TEST_STEP][PASSED] - Statement - println(entries$entries): null

2018-11-24 11:55:53 - [TEST_STEP][PASSED] - Statement - Testcase_numbers_values.add(entries.getValue()): null

2018-11-24 11:55:53 - [TEST_STEP][PASSED] - Statement - Testcase_numbers_index.add(entries.getKey()): null

2018-11-24 11:55:53 - [TEST_STEP][PASSED] - Statement - println(entries$entries): null

2018-11-24 11:55:53 - [TEST_STEP][PASSED] - Statement - Testcase_numbers_values.add(entries.getValue()): null

2018-11-24 11:55:53 - [TEST_STEP][PASSED] - Statement - Testcase_numbers_index.add(entries.getKey()): null

2018-11-24 11:55:53 - [TEST_STEP][PASSED] - Statement - println(entries$entries): null

2018-11-24 11:55:53 - [TEST_STEP][PASSED] - Statement - Testcase_numbers_values.add(entries.getValue()): null

2018-11-24 11:55:53 - [TEST_STEP][PASSED] - Statement - Testcase_numbers_index.add(entries.getKey()): null

2018-11-24 11:55:53 - [TEST_STEP][PASSED] - Statement - println(entries$entries): null

2018-11-24 11:55:53 - [TEST_STEP][PASSED] - Statement - Testcase_numbers_values.add(entries.getValue()): null

2018-11-24 11:55:53 - [TEST_STEP][PASSED] - Statement - Testcase_numbers_index.add(entries.getKey()): null

2018-11-24 11:55:53 - [TEST_STEP][PASSED] - Statement - println(entries$entries): null

2018-11-24 11:55:53 - [TEST_STEP][PASSED] - Statement - Testcase_numbers_values.add(entries.getValue()): null

2018-11-24 11:55:53 - [TEST_STEP][PASSED] - Statement - Testcase_numbers_index.add(entries.getKey()): null

2018-11-24 11:55:53 - [TEST_STEP][PASSED] - Statement - println(entries$entries): null

2018-11-24 11:55:53 - [TEST_STEP][PASSED] - Statement - Testcase_numbers_values.add(entries.getValue()): null

2018-11-24 11:55:53 - [TEST_STEP][PASSED] - Statement - Testcase_numbers_index.add(entries.getKey()): null

2018-11-24 11:55:53 - [TEST_STEP][PASSED] - Statement - println(entries$entries): null

2018-11-24 11:55:53 - [TEST_STEP][PASSED] - Statement - Testcase_numbers_values.add(entries.getValue()): null

2018-11-24 11:55:53 - [TEST_STEP][PASSED] - Statement - Testcase_numbers_index.add(entries.getKey()): null

2018-11-24 11:55:53 - [TEST_STEP][PASSED] - Statement - println(entries$entries): null

2018-11-24 11:55:53 - [TEST_STEP][PASSED] - Statement - Testcase_numbers_values.add(entries.getValue()): null

2018-11-24 11:55:53 - [TEST_STEP][PASSED] - Statement - Testcase_numbers_index.add(entries.getKey()): null

2018-11-24 11:55:53 - [TEST_STEP][PASSED] - Statement - println(entries$entries): null

2018-11-24 11:55:53 - [TEST_STEP][PASSED] - Statement - Testcase_numbers_values.add(entries.getValue()): null

2018-11-24 11:55:53 - [TEST_STEP][PASSED] - Statement - Testcase_numbers_index.add(entries.getKey()): null

2018-11-24 11:55:53 - [TEST_STEP][PASSED] - Statement - println(entries$entries): null

2018-11-24 11:55:53 - [TEST_STEP][PASSED] - Statement - Testcase_numbers_values.add(entries.getValue()): null

2018-11-24 11:55:53 - [TEST_STEP][PASSED] - Statement - Testcase_numbers_index.add(entries.getKey()): null

2018-11-24 11:55:53 - [TEST_STEP][PASSED] - Statement - println(entries$entries): null

2018-11-24 11:55:53 - [TEST_STEP][PASSED] - Statement - Testcase_numbers_values.add(entries.getValue()): null

2018-11-24 11:55:53 - [TEST_STEP][PASSED] - Statement - Testcase_numbers_index.add(entries.getKey()): null

2018-11-24 11:55:53 - [TEST_STEP][PASSED] - Statement - println(entries$entries): null

2018-11-24 11:55:53 - [TEST_STEP][PASSED] - Statement - Testcase_numbers_values.add(entries.getValue()): null

2018-11-24 11:55:53 - [TEST_STEP][PASSED] - Statement - Testcase_numbers_index.add(entries.getKey()): null

2018-11-24 11:55:53 - [TEST_STEP][PASSED] - Statement - println(entries$entries): null

2018-11-24 11:55:53 - [TEST_STEP][PASSED] - Statement - Testcase_numbers_values.add(entries.getValue()): null

2018-11-24 11:55:53 - [TEST_STEP][PASSED] - Statement - Testcase_numbers_index.add(entries.getKey()): null

2018-11-24 11:55:53 - [TEST_STEP][PASSED] - Statement - println(entries$entries): null

2018-11-24 11:55:53 - [TEST_STEP][PASSED] - Statement - Testcase_numbers_values.add(entries.getValue()): null

2018-11-24 11:55:53 - [TEST_STEP][PASSED] - Statement - Testcase_numbers_index.add(entries.getKey()): null

2018-11-24 11:55:53 - [TEST_STEP][PASSED] - Statement - println(entries$entries): null

2018-11-24 11:55:53 - [TEST_STEP][PASSED] - Statement - Testcase_numbers_values.add(entries.getValue()): null

2018-11-24 11:55:53 - [TEST_STEP][PASSED] - Statement - Testcase_numbers_index.add(entries.getKey()): null

2018-11-24 11:55:53 - [TEST_STEP][PASSED] - Statement - println(entries$entries): null

2018-11-24 11:55:53 - [TEST_STEP][PASSED] - Statement - Testcase_numbers_values.add(entries.getValue()): null

2018-11-24 11:55:53 - [TEST_STEP][PASSED] - Statement - Testcase_numbers_index.add(entries.getKey()): null

2018-11-24 11:55:53 - [TEST_STEP][PASSED] - Statement - println(entries$entries): null

2018-11-24 11:55:53 - [TEST_STEP][PASSED] - Statement - Testcase_numbers_values.add(entries.getValue()): null

2018-11-24 11:55:53 - [TEST_STEP][PASSED] - Statement - Testcase_numbers_index.add(entries.getKey()): null

2018-11-24 11:55:53 - [TEST_STEP][PASSED] - Statement - println(entries$entries): null

2018-11-24 11:55:53 - [TEST_STEP][PASSED] - Statement - Testcase_numbers_values.add(entries.getValue()): null

2018-11-24 11:55:53 - [TEST_STEP][PASSED] - Statement - Testcase_numbers_index.add(entries.getKey()): null

2018-11-24 11:55:53 - [TEST_STEP][PASSED] - Statement - println(entries$entries): null

2018-11-24 11:55:53 - [TEST_STEP][PASSED] - Statement - Testcase_numbers_values.add(entries.getValue()): null

2018-11-24 11:55:53 - [TEST_STEP][PASSED] - Statement - Testcase_numbers_index.add(entries.getKey()): null

2018-11-24 11:55:53 - [TEST_STEP][PASSED] - Statement - println(entries$entries): null

2018-11-24 11:55:53 - [TEST_STEP][PASSED] - Statement - Testcase_numbers_values.add(entries.getValue()): null

2018-11-24 11:55:53 - [TEST_STEP][PASSED] - Statement - Testcase_numbers_index.add(entries.getKey()): null

2018-11-24 11:55:53 - [TEST_STEP][PASSED] - Statement - println(entries$entries): null

2018-11-24 11:55:53 - [TEST_STEP][PASSED] - Statement - Testcase_numbers_values.add(entries.getValue()): null

2018-11-24 11:55:53 - [TEST_STEP][PASSED] - Statement - Testcase_numbers_index.add(entries.getKey()): null

2018-11-24 11:55:53 - [TEST_STEP][PASSED] - Statement - For (Map$Entry<Integer, String> entriesuseract : mappinghmapusrAct): null

2018-11-24 11:55:53 - [TEST_STEP][PASSED] - Statement - println(entries$entriesuseract): null

2018-11-24 11:55:53 - [TEST_STEP][PASSED] - Statement - testcase_value.add(entriesuseract.getValue()): null

2018-11-24 11:55:53 - [TEST_STEP][PASSED] - Statement - testcase_index.add(entriesuseract.getKey()): null

2018-11-24 11:55:53 - [TEST_STEP][PASSED] - Statement - println(entries$entriesuseract): null

2018-11-24 11:55:53 - [TEST_STEP][PASSED] - Statement - testcase_value.add(entriesuseract.getValue()): null

2018-11-24 11:55:53 - [TEST_STEP][PASSED] - Statement - testcase_index.add(entriesuseract.getKey()): null

2018-11-24 11:55:53 - [TEST_STEP][PASSED] - Statement - println(entries$entriesuseract): null

2018-11-24 11:55:53 - [TEST_STEP][PASSED] - Statement - testcase_value.add(entriesuseract.getValue()): null

2018-11-24 11:55:53 - [TEST_STEP][PASSED] - Statement - testcase_index.add(entriesuseract.getKey()): null

2018-11-24 11:55:53 - [TEST_STEP][PASSED] - Statement - println(entries$entriesuseract): null

2018-11-24 11:55:53 - [TEST_STEP][PASSED] - Statement - testcase_value.add(entriesuseract.getValue()): null

2018-11-24 11:55:53 - [TEST_STEP][PASSED] - Statement - testcase_index.add(entriesuseract.getKey()): null

2018-11-24 11:55:53 - [TEST_STEP][PASSED] - Statement - println(entries$entriesuseract): null

2018-11-24 11:55:53 - [TEST_STEP][PASSED] - Statement - testcase_value.add(entriesuseract.getValue()): null

2018-11-24 11:55:53 - [TEST_STEP][PASSED] - Statement - testcase_index.add(entriesuseract.getKey()): null

2018-11-24 11:55:53 - [TEST_STEP][PASSED] - Statement - println(entries$entriesuseract): null

2018-11-24 11:55:53 - [TEST_STEP][PASSED] - Statement - testcase_value.add(entriesuseract.getValue()): null

2018-11-24 11:55:53 - [TEST_STEP][PASSED] - Statement - testcase_index.add(entriesuseract.getKey()): null

2018-11-24 11:55:53 - [TEST_STEP][PASSED] - Statement - println(entries$entriesuseract): null

2018-11-24 11:55:53 - [TEST_STEP][PASSED] - Statement - testcase_value.add(entriesuseract.getValue()): null

2018-11-24 11:55:53 - [TEST_STEP][PASSED] - Statement - testcase_index.add(entriesuseract.getKey()): null

2018-11-24 11:55:53 - [TEST_STEP][PASSED] - Statement - println(entries$entriesuseract): null

2018-11-24 11:55:53 - [TEST_STEP][PASSED] - Statement - testcase_value.add(entriesuseract.getValue()): null

2018-11-24 11:55:53 - [TEST_STEP][PASSED] - Statement - testcase_index.add(entriesuseract.getKey()): null

2018-11-24 11:55:53 - [TEST_STEP][PASSED] - Statement - println(entries$entriesuseract): null

2018-11-24 11:55:53 - [TEST_STEP][PASSED] - Statement - testcase_value.add(entriesuseract.getValue()): null

2018-11-24 11:55:53 - [TEST_STEP][PASSED] - Statement - testcase_index.add(entriesuseract.getKey()): null

2018-11-24 11:55:53 - [TEST_STEP][PASSED] - Statement - println(entries$entriesuseract): null

2018-11-24 11:55:53 - [TEST_STEP][PASSED] - Statement - testcase_value.add(entriesuseract.getValue()): null

2018-11-24 11:55:53 - [TEST_STEP][PASSED] - Statement - testcase_index.add(entriesuseract.getKey()): null

2018-11-24 11:55:53 - [TEST_STEP][PASSED] - Statement - println(entries$entriesuseract): null

2018-11-24 11:55:53 - [TEST_STEP][PASSED] - Statement - testcase_value.add(entriesuseract.getValue()): null

2018-11-24 11:55:53 - [TEST_STEP][PASSED] - Statement - testcase_index.add(entriesuseract.getKey()): null

2018-11-24 11:55:53 - [TEST_STEP][PASSED] - Statement - println(entries$entriesuseract): null

2018-11-24 11:55:53 - [TEST_STEP][PASSED] - Statement - testcase_value.add(entriesuseract.getValue()): null

2018-11-24 11:55:53 - [TEST_STEP][PASSED] - Statement - testcase_index.add(entriesuseract.getKey()): null

2018-11-24 11:55:53 - [TEST_STEP][PASSED] - Statement - println(entries$entriesuseract): null

2018-11-24 11:55:53 - [TEST_STEP][PASSED] - Statement - testcase_value.add(entriesuseract.getValue()): null

2018-11-24 11:55:53 - [TEST_STEP][PASSED] - Statement - testcase_index.add(entriesuseract.getKey()): null

2018-11-24 11:55:53 - [TEST_STEP][PASSED] - Statement - println(entries$entriesuseract): null

2018-11-24 11:55:53 - [TEST_STEP][PASSED] - Statement - testcase_value.add(entriesuseract.getValue()): null

2018-11-24 11:55:53 - [TEST_STEP][PASSED] - Statement - testcase_index.add(entriesuseract.getKey()): null

2018-11-24 11:55:53 - [TEST_STEP][PASSED] - Statement - println(entries$entriesuseract): null

2018-11-24 11:55:53 - [TEST_STEP][PASSED] - Statement - testcase_value.add(entriesuseract.getValue()): null

2018-11-24 11:55:53 - [TEST_STEP][PASSED] - Statement - testcase_index.add(entriesuseract.getKey()): null

2018-11-24 11:55:53 - [TEST_STEP][PASSED] - Statement - println(entries$entriesuseract): null

2018-11-24 11:55:53 - [TEST_STEP][PASSED] - Statement - testcase_value.add(entriesuseract.getValue()): null

2018-11-24 11:55:53 - [TEST_STEP][PASSED] - Statement - testcase_index.add(entriesuseract.getKey()): null

2018-11-24 11:55:53 - [TEST_STEP][PASSED] - Statement - println(entries$entriesuseract): null

2018-11-24 11:55:53 - [TEST_STEP][PASSED] - Statement - testcase_value.add(entriesuseract.getValue()): null

2018-11-24 11:55:53 - [TEST_STEP][PASSED] - Statement - testcase_index.add(entriesuseract.getKey()): null

2018-11-24 11:55:53 - [TEST_STEP][PASSED] - Statement - println(entries$entriesuseract): null

2018-11-24 11:55:53 - [TEST_STEP][PASSED] - Statement - testcase_value.add(entriesuseract.getValue()): null

2018-11-24 11:55:53 - [TEST_STEP][PASSED] - Statement - testcase_index.add(entriesuseract.getKey()): null

2018-11-24 11:55:53 - [TEST_STEP][PASSED] - Statement - println(entries$entriesuseract): null

2018-11-24 11:55:53 - [TEST_STEP][PASSED] - Statement - testcase_value.add(entriesuseract.getValue()): null

2018-11-24 11:55:53 - [TEST_STEP][PASSED] - Statement - testcase_index.add(entriesuseract.getKey()): null

2018-11-24 11:55:53 - [TEST_STEP][PASSED] - Statement - println(entries$entriesuseract): null

2018-11-24 11:55:53 - [TEST_STEP][PASSED] - Statement - testcase_value.add(entriesuseract.getValue()): null

2018-11-24 11:55:53 - [TEST_STEP][PASSED] - Statement - testcase_index.add(entriesuseract.getKey()): null

2018-11-24 11:55:53 - [TEST_STEP][PASSED] - Statement - println(entries$entriesuseract): null

2018-11-24 11:55:53 - [TEST_STEP][PASSED] - Statement - testcase_value.add(entriesuseract.getValue()): null

2018-11-24 11:55:53 - [TEST_STEP][PASSED] - Statement - testcase_index.add(entriesuseract.getKey()): null

2018-11-24 11:55:53 - [TEST_STEP][PASSED] - Statement - println(entries$entriesuseract): null

2018-11-24 11:55:53 - [TEST_STEP][PASSED] - Statement - testcase_value.add(entriesuseract.getValue()): null

2018-11-24 11:55:53 - [TEST_STEP][PASSED] - Statement - testcase_index.add(entriesuseract.getKey()): null

2018-11-24 11:55:53 - [TEST_STEP][PASSED] - Statement - println(entries$entriesuseract): null

2018-11-24 11:55:53 - [TEST_STEP][PASSED] - Statement - testcase_value.add(entriesuseract.getValue()): null

2018-11-24 11:55:53 - [TEST_STEP][PASSED] - Statement - testcase_index.add(entriesuseract.getKey()): null

2018-11-24 11:55:53 - [TEST_STEP][PASSED] - Statement - println(entries$entriesuseract): null

2018-11-24 11:55:53 - [TEST_STEP][PASSED] - Statement - testcase_value.add(entriesuseract.getValue()): null

2018-11-24 11:55:53 - [TEST_STEP][PASSED] - Statement - testcase_index.add(entriesuseract.getKey()): null

2018-11-24 11:55:53 - [TEST_STEP][PASSED] - Statement - println(entries$entriesuseract): null

2018-11-24 11:55:53 - [TEST_STEP][PASSED] - Statement - testcase_value.add(entriesuseract.getValue()): null

2018-11-24 11:55:53 - [TEST_STEP][PASSED] - Statement - testcase_index.add(entriesuseract.getKey()): null

2018-11-24 11:55:53 - [TEST_STEP][PASSED] - Statement - println(entries$entriesuseract): null

2018-11-24 11:55:53 - [TEST_STEP][PASSED] - Statement - testcase_value.add(entriesuseract.getValue()): null

2018-11-24 11:55:53 - [TEST_STEP][PASSED] - Statement - testcase_index.add(entriesuseract.getKey()): null

2018-11-24 11:55:53 - [TEST_STEP][PASSED] - Statement - println(entries$entriesuseract): null

2018-11-24 11:55:53 - [TEST_STEP][PASSED] - Statement - testcase_value.add(entriesuseract.getValue()): null

2018-11-24 11:55:53 - [TEST_STEP][PASSED] - Statement - testcase_index.add(entriesuseract.getKey()): null

2018-11-24 11:55:53 - [TEST_STEP][PASSED] - Statement - println(entries$entriesuseract): null

2018-11-24 11:55:53 - [TEST_STEP][PASSED] - Statement - testcase_value.add(entriesuseract.getValue()): null

2018-11-24 11:55:53 - [TEST_STEP][PASSED] - Statement - testcase_index.add(entriesuseract.getKey()): null

2018-11-24 11:55:53 - [TEST_STEP][PASSED] - Statement - println(entries$entriesuseract): null

2018-11-24 11:55:53 - [TEST_STEP][PASSED] - Statement - testcase_value.add(entriesuseract.getValue()): null

2018-11-24 11:55:53 - [TEST_STEP][PASSED] - Statement - testcase_index.add(entriesuseract.getKey()): null

2018-11-24 11:55:53 - [TEST_STEP][PASSED] - Statement - println(entries$entriesuseract): null

2018-11-24 11:55:53 - [TEST_STEP][PASSED] - Statement - testcase_value.add(entriesuseract.getValue()): null

2018-11-24 11:55:53 - [TEST_STEP][PASSED] - Statement - testcase_index.add(entriesuseract.getKey()): null

2018-11-24 11:55:53 - [TEST_STEP][PASSED] - Statement - println(entries$entriesuseract): null

2018-11-24 11:55:53 - [TEST_STEP][PASSED] - Statement - testcase_value.add(entriesuseract.getValue()): null

2018-11-24 11:55:53 - [TEST_STEP][PASSED] - Statement - testcase_index.add(entriesuseract.getKey()): null

2018-11-24 11:55:53 - [TEST_STEP][PASSED] - Statement - println(entries$entriesuseract): null

2018-11-24 11:55:53 - [TEST_STEP][PASSED] - Statement - testcase_value.add(entriesuseract.getValue()): null

2018-11-24 11:55:53 - [TEST_STEP][PASSED] - Statement - testcase_index.add(entriesuseract.getKey()): null

2018-11-24 11:55:53 - [TEST_STEP][PASSED] - Statement - println(entries$entriesuseract): null

2018-11-24 11:55:53 - [TEST_STEP][PASSED] - Statement - testcase_value.add(entriesuseract.getValue()): null

2018-11-24 11:55:53 - [TEST_STEP][PASSED] - Statement - testcase_index.add(entriesuseract.getKey()): null

2018-11-24 11:55:53 - [TEST_STEP][PASSED] - Statement - println(entries$entriesuseract): null

2018-11-24 11:55:53 - [TEST_STEP][PASSED] - Statement - testcase_value.add(entriesuseract.getValue()): null

2018-11-24 11:55:53 - [TEST_STEP][PASSED] - Statement - testcase_index.add(entriesuseract.getKey()): null

2018-11-24 11:55:53 - [TEST_STEP][PASSED] - Statement - println(entries$entriesuseract): null

2018-11-24 11:55:53 - [TEST_STEP][PASSED] - Statement - testcase_value.add(entriesuseract.getValue()): null

2018-11-24 11:55:53 - [TEST_STEP][PASSED] - Statement - testcase_index.add(entriesuseract.getKey()): null

2018-11-24 11:55:53 - [TEST_STEP][PASSED] - Statement - println(entries$entriesuseract): null

2018-11-24 11:55:53 - [TEST_STEP][PASSED] - Statement - testcase_value.add(entriesuseract.getValue()): null

2018-11-24 11:55:53 - [TEST_STEP][PASSED] - Statement - testcase_index.add(entriesuseract.getKey()): null

2018-11-24 11:55:53 - [TEST_STEP][PASSED] - Statement - println(entries$entriesuseract): null

2018-11-24 11:55:53 - [TEST_STEP][PASSED] - Statement - testcase_value.add(entriesuseract.getValue()): null

2018-11-24 11:55:53 - [TEST_STEP][PASSED] - Statement - testcase_index.add(entriesuseract.getKey()): null

2018-11-24 11:55:53 - [TEST_STEP][PASSED] - Statement - println(entries$entriesuseract): null

2018-11-24 11:55:53 - [TEST_STEP][PASSED] - Statement - testcase_value.add(entriesuseract.getValue()): null

2018-11-24 11:55:53 - [TEST_STEP][PASSED] - Statement - testcase_index.add(entriesuseract.getKey()): null

2018-11-24 11:55:53 - [TEST_STEP][PASSED] - Statement - println(entries$entriesuseract): null

2018-11-24 11:55:53 - [TEST_STEP][PASSED] - Statement - testcase_value.add(entriesuseract.getValue()): null

2018-11-24 11:55:53 - [TEST_STEP][PASSED] - Statement - testcase_index.add(entriesuseract.getKey()): null

2018-11-24 11:55:53 - [TEST_STEP][PASSED] - Statement - println(entries$entriesuseract): null

2018-11-24 11:55:53 - [TEST_STEP][PASSED] - Statement - testcase_value.add(entriesuseract.getValue()): null

2018-11-24 11:55:53 - [TEST_STEP][PASSED] - Statement - testcase_index.add(entriesuseract.getKey()): null

2018-11-24 11:55:53 - [TEST_STEP][PASSED] - Statement - println(entries$entriesuseract): null

2018-11-24 11:55:53 - [TEST_STEP][PASSED] - Statement - testcase_value.add(entriesuseract.getValue()): null

2018-11-24 11:55:53 - [TEST_STEP][PASSED] - Statement - testcase_index.add(entriesuseract.getKey()): null

2018-11-24 11:55:53 - [TEST_STEP][PASSED] - Statement - println(entries$entriesuseract): null

2018-11-24 11:55:53 - [TEST_STEP][PASSED] - Statement - testcase_value.add(entriesuseract.getValue()): null

2018-11-24 11:55:53 - [TEST_STEP][PASSED] - Statement - testcase_index.add(entriesuseract.getKey()): null

2018-11-24 11:55:53 - [TEST_STEP][PASSED] - Statement - println(entries$entriesuseract): null

2018-11-24 11:55:53 - [TEST_STEP][PASSED] - Statement - testcase_value.add(entriesuseract.getValue()): null

2018-11-24 11:55:53 - [TEST_STEP][PASSED] - Statement - testcase_index.add(entriesuseract.getKey()): null

2018-11-24 11:55:53 - [TEST_STEP][PASSED] - Statement - println(entries$entriesuseract): null

2018-11-24 11:55:53 - [TEST_STEP][PASSED] - Statement - testcase_value.add(entriesuseract.getValue()): null

2018-11-24 11:55:53 - [TEST_STEP][PASSED] - Statement - testcase_index.add(entriesuseract.getKey()): null

2018-11-24 11:55:53 - [TEST_STEP][PASSED] - Statement - println(entries$entriesuseract): null

2018-11-24 11:55:53 - [TEST_STEP][PASSED] - Statement - testcase_value.add(entriesuseract.getValue()): null

2018-11-24 11:55:53 - [TEST_STEP][PASSED] - Statement - testcase_index.add(entriesuseract.getKey()): null

2018-11-24 11:55:53 - [TEST_STEP][PASSED] - Statement - println(entries$entriesuseract): null

2018-11-24 11:55:53 - [TEST_STEP][PASSED] - Statement - testcase_value.add(entriesuseract.getValue()): null

2018-11-24 11:55:53 - [TEST_STEP][PASSED] - Statement - testcase_index.add(entriesuseract.getKey()): null

2018-11-24 11:55:53 - [TEST_STEP][PASSED] - Statement - println(entries$entriesuseract): null

2018-11-24 11:55:53 - [TEST_STEP][PASSED] - Statement - testcase_value.add(entriesuseract.getValue()): null

2018-11-24 11:55:53 - [TEST_STEP][PASSED] - Statement - testcase_index.add(entriesuseract.getKey()): null

2018-11-24 11:55:53 - [TEST_STEP][PASSED] - Statement - println(entries$entriesuseract): null

2018-11-24 11:55:53 - [TEST_STEP][PASSED] - Statement - testcase_value.add(entriesuseract.getValue()): null

2018-11-24 11:55:53 - [TEST_STEP][PASSED] - Statement - testcase_index.add(entriesuseract.getKey()): null

2018-11-24 11:55:53 - [TEST_STEP][PASSED] - Statement - println(entries$entriesuseract): null

2018-11-24 11:55:53 - [TEST_STEP][PASSED] - Statement - testcase_value.add(entriesuseract.getValue()): null

2018-11-24 11:55:53 - [TEST_STEP][PASSED] - Statement - testcase_index.add(entriesuseract.getKey()): null

2018-11-24 11:55:53 - [TEST_STEP][PASSED] - Statement - println(entries$entriesuseract): null

2018-11-24 11:55:53 - [TEST_STEP][PASSED] - Statement - testcase_value.add(entriesuseract.getValue()): null

2018-11-24 11:55:53 - [TEST_STEP][PASSED] - Statement - testcase_index.add(entriesuseract.getKey()): null

2018-11-24 11:55:53 - [TEST_STEP][PASSED] - Statement - println(entries$entriesuseract): null

2018-11-24 11:55:53 - [TEST_STEP][PASSED] - Statement - testcase_value.add(entriesuseract.getValue()): null

2018-11-24 11:55:53 - [TEST_STEP][PASSED] - Statement - testcase_index.add(entriesuseract.getKey()): null

2018-11-24 11:55:53 - [TEST_STEP][PASSED] - Statement - println(entries$entriesuseract): null

2018-11-24 11:55:53 - [TEST_STEP][PASSED] - Statement - testcase_value.add(entriesuseract.getValue()): null

2018-11-24 11:55:53 - [TEST_STEP][PASSED] - Statement - testcase_index.add(entriesuseract.getKey()): null

2018-11-24 11:55:53 - [TEST_STEP][PASSED] - Statement - println(entries$entriesuseract): null

2018-11-24 11:55:53 - [TEST_STEP][PASSED] - Statement - testcase_value.add(entriesuseract.getValue()): null

2018-11-24 11:55:53 - [TEST_STEP][PASSED] - Statement - testcase_index.add(entriesuseract.getKey()): null

2018-11-24 11:55:53 - [TEST_STEP][PASSED] - Statement - println(entries$entriesuseract): null

2018-11-24 11:55:53 - [TEST_STEP][PASSED] - Statement - testcase_value.add(entriesuseract.getValue()): null

2018-11-24 11:55:53 - [TEST_STEP][PASSED] - Statement - testcase_index.add(entriesuseract.getKey()): null

2018-11-24 11:55:53 - [TEST_STEP][PASSED] - Statement - println(entries$entriesuseract): null

2018-11-24 11:55:53 - [TEST_STEP][PASSED] - Statement - testcase_value.add(entriesuseract.getValue()): null

2018-11-24 11:55:53 - [TEST_STEP][PASSED] - Statement - testcase_index.add(entriesuseract.getKey()): null

2018-11-24 11:55:53 - [TEST_STEP][PASSED] - Statement - println(entries$entriesuseract): null

2018-11-24 11:55:53 - [TEST_STEP][PASSED] - Statement - testcase_value.add(entriesuseract.getValue()): null

2018-11-24 11:55:53 - [TEST_STEP][PASSED] - Statement - testcase_index.add(entriesuseract.getKey()): null

2018-11-24 11:55:53 - [TEST_STEP][PASSED] - Statement - println(entries$entriesuseract): null

2018-11-24 11:55:53 - [TEST_STEP][PASSED] - Statement - testcase_value.add(entriesuseract.getValue()): null

2018-11-24 11:55:53 - [TEST_STEP][PASSED] - Statement - testcase_index.add(entriesuseract.getKey()): null

2018-11-24 11:55:53 - [TEST_STEP][PASSED] - Statement - println(entries$entriesuseract): null

2018-11-24 11:55:53 - [TEST_STEP][PASSED] - Statement - testcase_value.add(entriesuseract.getValue()): null

2018-11-24 11:55:53 - [TEST_STEP][PASSED] - Statement - testcase_index.add(entriesuseract.getKey()): null

2018-11-24 11:55:53 - [TEST_STEP][PASSED] - Statement - println(entries$entriesuseract): null

2018-11-24 11:55:53 - [TEST_STEP][PASSED] - Statement - testcase_value.add(entriesuseract.getValue()): null

2018-11-24 11:55:53 - [TEST_STEP][PASSED] - Statement - testcase_index.add(entriesuseract.getKey()): null

2018-11-24 11:55:53 - [TEST_STEP][PASSED] - Statement - println(entries$entriesuseract): null

2018-11-24 11:55:53 - [TEST_STEP][PASSED] - Statement - testcase_value.add(entriesuseract.getValue()): null

2018-11-24 11:55:53 - [TEST_STEP][PASSED] - Statement - testcase_index.add(entriesuseract.getKey()): null

2018-11-24 11:55:53 - [TEST_STEP][PASSED] - Statement - println(entries$entriesuseract): null

2018-11-24 11:55:53 - [TEST_STEP][PASSED] - Statement - testcase_value.add(entriesuseract.getValue()): null

2018-11-24 11:55:53 - [TEST_STEP][PASSED] - Statement - testcase_index.add(entriesuseract.getKey()): null

2018-11-24 11:55:53 - [TEST_STEP][PASSED] - Statement - println(entries$entriesuseract): null

2018-11-24 11:55:53 - [TEST_STEP][PASSED] - Statement - testcase_value.add(entriesuseract.getValue()): null

2018-11-24 11:55:53 - [TEST_STEP][PASSED] - Statement - testcase_index.add(entriesuseract.getKey()): null

2018-11-24 11:55:53 - [TEST_STEP][PASSED] - Statement - println(entries$entriesuseract): null

2018-11-24 11:55:53 - [TEST_STEP][PASSED] - Statement - testcase_value.add(entriesuseract.getValue()): null

2018-11-24 11:55:53 - [TEST_STEP][PASSED] - Statement - testcase_index.add(entriesuseract.getKey()): null

2018-11-24 11:55:53 - [TEST_STEP][PASSED] - Statement - println(entries$entriesuseract): null

2018-11-24 11:55:53 - [TEST_STEP][PASSED] - Statement - testcase_value.add(entriesuseract.getValue()): null

2018-11-24 11:55:53 - [TEST_STEP][PASSED] - Statement - testcase_index.add(entriesuseract.getKey()): null

2018-11-24 11:55:53 - [TEST_STEP][PASSED] - Statement - println(entries$entriesuseract): null

2018-11-24 11:55:53 - [TEST_STEP][PASSED] - Statement - testcase_value.add(entriesuseract.getValue()): null

2018-11-24 11:55:53 - [TEST_STEP][PASSED] - Statement - testcase_index.add(entriesuseract.getKey()): null

2018-11-24 11:55:53 - [TEST_STEP][PASSED] - Statement - out.println("Last numbers_values : " + Testcase_numbers_values): null

2018-11-24 11:55:53 - [TEST_STEP][PASSED] - Statement - out.println("Last numbers_index : " + Testcase_numbers_index): null

2018-11-24 11:55:53 - [TEST_STEP][PASSED] - Statement - out.println("Last numbers_values : " + testcase_value): null

2018-11-24 11:55:53 - [TEST_STEP][PASSED] - Statement - out.println("Last numbers_index : " + testcase_index): null

2018-11-24 11:55:53 - [TEST_STEP][PASSED] - Statement - out.println("hmap : " + hmap): null

2018-11-24 11:55:53 - [TEST_STEP][PASSED] - Statement - out.println("hmapuserAction : " + hmapuserAction): null

2018-11-24 11:55:53 - [TEST_STEP][PASSED] - Statement - sizeCountValue = Testcase_numbers_values.size(): null

2018-11-24 11:55:53 - [TEST_STEP][PASSED] - Statement - sizeCountIndex = Testcase_numbers_index.size(): null

2018-11-24 11:55:53 - [TEST_STEP][PASSED] - Statement - testcasesizeCountValue = testcase_value.size(): null

2018-11-24 11:55:53 - [TEST_STEP][PASSED] - Statement - testcasesizeCountIndex = testcase_index.size(): null

2018-11-24 11:55:53 - [TEST_STEP][PASSED] - Statement - println(sizeCountValue :$sizeCountValue): null

2018-11-24 11:55:53 - [TEST_STEP][PASSED] - Statement - println(sizeCountIndex :$sizeCountIndex): null

2018-11-24 11:55:53 - [TEST_STEP][PASSED] - Statement - println(testcasesizeCountValue :$testcasesizeCountValue): null

2018-11-24 11:55:53 - [TEST_STEP][PASSED] - Statement - println(testcasesizeCountIndex :$testcasesizeCountIndex): null

2018-11-24 11:55:53 - [TEST_STEP][PASSED] - Statement - hmapconfig = new java.util.TreeMap(): null

2018-11-24 11:55:53 - [TEST_STEP][PASSED] - Statement - hmapconfiguserAction = new java.util.TreeMap(): null

2018-11-24 11:55:53 - [TEST_STEP][PASSED] - Statement - For ([getConfigData = 1, getConfigData <= Configuration.getRowNumbers(), (getConfigData++)]): null

2018-11-24 11:55:53 - [TEST_STEP][PASSED] - Statement - scenarioData = Configuration.getValue("Module_Name", getConfigData): null

2018-11-24 11:55:53 - [TEST_STEP][PASSED] - Statement - println(scenarioData:$scenarioData): null

2018-11-24 11:55:53 - [TEST_STEP][PASSED] - Statement - UserActionData = Configuration.getValue("UserAction", getConfigData): null

2018-11-24 11:55:53 - [TEST_STEP][PASSED] - Statement - println(UserActionData:$UserActionData): null

2018-11-24 11:55:53 - [TEST_STEP][PASSED] - Statement - executionStatus = Configuration.getValue("ExecutionStatus", getConfigData): null

2018-11-24 11:55:53 - [TEST_STEP][PASSED] - Statement - If (executionStatus.equals("YES")): null

2018-11-24 11:55:53 - [TEST_STEP][PASSED] - Statement - hmapconfig.put(getConfigData, scenarioData): null

2018-11-24 11:55:53 - [TEST_STEP][PASSED] - Statement - hmapconfiguserAction.put(getConfigData, UserActionData): null

2018-11-24 11:55:53 - [TEST_STEP][PASSED] - Statement - scenarioData = Configuration.getValue("Module_Name", getConfigData): null

2018-11-24 11:55:53 - [TEST_STEP][PASSED] - Statement - println(scenarioData:$scenarioData): null

2018-11-24 11:55:53 - [TEST_STEP][PASSED] - Statement - UserActionData = Configuration.getValue("UserAction", getConfigData): null

2018-11-24 11:55:53 - [TEST_STEP][PASSED] - Statement - println(UserActionData:$UserActionData): null

2018-11-24 11:55:53 - [TEST_STEP][PASSED] - Statement - executionStatus = Configuration.getValue("ExecutionStatus", getConfigData): null

2018-11-24 11:55:53 - [TEST_STEP][PASSED] - Statement - If (executionStatus.equals("YES")): null

2018-11-24 11:55:53 - [TEST_STEP][PASSED] - Statement - Else If (executionStatus.equals("NO")): null

2018-11-24 11:55:53 - [TEST_STEP][PASSED] - function.CheckPoints.WriteToExcelFail: function.CheckPoints.WriteToExcelFail is PASSED

2018-11-24 11:55:54 - [MESSAGE][PASSED] - function.CheckPoints.WriteToExcelFail is PASSED

2018-11-24 11:55:54 - [TEST_STEP][PASSED] - Statement - println(executionStatus contains of 'NO' $executionStatus): null

2018-11-24 11:55:54 - [TEST_STEP][PASSED] - Statement - scenarioData = Configuration.getValue("Module_Name", getConfigData): null

2018-11-24 11:55:54 - [TEST_STEP][PASSED] - Statement - println(scenarioData:$scenarioData): null

2018-11-24 11:55:54 - [TEST_STEP][PASSED] - Statement - UserActionData = Configuration.getValue("UserAction", getConfigData): null

2018-11-24 11:55:54 - [TEST_STEP][PASSED] - Statement - println(UserActionData:$UserActionData): null

2018-11-24 11:55:54 - [TEST_STEP][PASSED] - Statement - executionStatus = Configuration.getValue("ExecutionStatus", getConfigData): null

2018-11-24 11:55:54 - [TEST_STEP][PASSED] - Statement - If (executionStatus.equals("YES")): null

2018-11-24 11:55:54 - [TEST_STEP][PASSED] - Statement - Else If (executionStatus.equals("NO")): null

2018-11-24 11:55:54 - [TEST_STEP][PASSED] - function.CheckPoints.WriteToExcelFail: function.CheckPoints.WriteToExcelFail is PASSED

2018-11-24 11:55:54 - [MESSAGE][PASSED] - function.CheckPoints.WriteToExcelFail is PASSED

2018-11-24 11:55:54 - [TEST_STEP][PASSED] - Statement - println(executionStatus contains of 'NO' $executionStatus): null

2018-11-24 11:55:54 - [TEST_STEP][PASSED] - Statement - scenarioData = Configuration.getValue("Module_Name", getConfigData): null

2018-11-24 11:55:54 - [TEST_STEP][PASSED] - Statement - println(scenarioData:$scenarioData): null

2018-11-24 11:55:54 - [TEST_STEP][PASSED] - Statement - UserActionData = Configuration.getValue("UserAction", getConfigData): null

2018-11-24 11:55:54 - [TEST_STEP][PASSED] - Statement - println(UserActionData:$UserActionData): null

2018-11-24 11:55:54 - [TEST_STEP][PASSED] - Statement - executionStatus = Configuration.getValue("ExecutionStatus", getConfigData): null

2018-11-24 11:55:54 - [TEST_STEP][PASSED] - Statement - If (executionStatus.equals("YES")): null

2018-11-24 11:55:54 - [TEST_STEP][PASSED] - Statement - Else If (executionStatus.equals("NO")): null

2018-11-24 11:55:54 - [TEST_STEP][PASSED] - function.CheckPoints.WriteToExcelFail: function.CheckPoints.WriteToExcelFail is PASSED

2018-11-24 11:55:54 - [MESSAGE][PASSED] - function.CheckPoints.WriteToExcelFail is PASSED

2018-11-24 11:55:54 - [TEST_STEP][PASSED] - Statement - println(executionStatus contains of 'NO' $executionStatus): null

2018-11-24 11:55:54 - [TEST_STEP][PASSED] - Statement - scenarioData = Configuration.getValue("Module_Name", getConfigData): null

2018-11-24 11:55:54 - [TEST_STEP][PASSED] - Statement - println(scenarioData:$scenarioData): null

2018-11-24 11:55:54 - [TEST_STEP][PASSED] - Statement - UserActionData = Configuration.getValue("UserAction", getConfigData): null

2018-11-24 11:55:54 - [TEST_STEP][PASSED] - Statement - println(UserActionData:$UserActionData): null

2018-11-24 11:55:54 - [TEST_STEP][PASSED] - Statement - executionStatus = Configuration.getValue("ExecutionStatus", getConfigData): null

2018-11-24 11:55:54 - [TEST_STEP][PASSED] - Statement - If (executionStatus.equals("YES")): null

2018-11-24 11:55:54 - [TEST_STEP][PASSED] - Statement - Else If (executionStatus.equals("NO")): null

2018-11-24 11:55:54 - [TEST_STEP][PASSED] - function.CheckPoints.WriteToExcelFail: function.CheckPoints.WriteToExcelFail is PASSED

2018-11-24 11:55:55 - [MESSAGE][PASSED] - function.CheckPoints.WriteToExcelFail is PASSED

2018-11-24 11:55:55 - [TEST_STEP][PASSED] - Statement - println(executionStatus contains of 'NO' $executionStatus): null

2018-11-24 11:55:55 - [TEST_STEP][PASSED] - Statement - scenarioData = Configuration.getValue("Module_Name", getConfigData): null

2018-11-24 11:55:55 - [TEST_STEP][PASSED] - Statement - println(scenarioData:$scenarioData): null

2018-11-24 11:55:55 - [TEST_STEP][PASSED] - Statement - UserActionData = Configuration.getValue("UserAction", getConfigData): null

2018-11-24 11:55:55 - [TEST_STEP][PASSED] - Statement - println(UserActionData:$UserActionData): null

2018-11-24 11:55:55 - [TEST_STEP][PASSED] - Statement - executionStatus = Configuration.getValue("ExecutionStatus", getConfigData): null

2018-11-24 11:55:55 - [TEST_STEP][PASSED] - Statement - If (executionStatus.equals("YES")): null

2018-11-24 11:55:55 - [TEST_STEP][PASSED] - Statement - Else If (executionStatus.equals("NO")): null

2018-11-24 11:55:55 - [TEST_STEP][PASSED] - function.CheckPoints.WriteToExcelFail: function.CheckPoints.WriteToExcelFail is PASSED

2018-11-24 11:55:55 - [MESSAGE][PASSED] - function.CheckPoints.WriteToExcelFail is PASSED

2018-11-24 11:55:55 - [TEST_STEP][PASSED] - Statement - println(executionStatus contains of 'NO' $executionStatus): null

2018-11-24 11:55:55 - [TEST_STEP][PASSED] - Statement - scenarioData = Configuration.getValue("Module_Name", getConfigData): null

2018-11-24 11:55:55 - [TEST_STEP][PASSED] - Statement - println(scenarioData:$scenarioData): null

2018-11-24 11:55:55 - [TEST_STEP][PASSED] - Statement - UserActionData = Configuration.getValue("UserAction", getConfigData): null

2018-11-24 11:55:55 - [TEST_STEP][PASSED] - Statement - println(UserActionData:$UserActionData): null

2018-11-24 11:55:55 - [TEST_STEP][PASSED] - Statement - executionStatus = Configuration.getValue("ExecutionStatus", getConfigData): null

2018-11-24 11:55:55 - [TEST_STEP][PASSED] - Statement - If (executionStatus.equals("YES")): null

2018-11-24 11:55:55 - [TEST_STEP][PASSED] - Statement - Else If (executionStatus.equals("NO")): null

2018-11-24 11:55:55 - [TEST_STEP][PASSED] - function.CheckPoints.WriteToExcelFail: function.CheckPoints.WriteToExcelFail is PASSED

2018-11-24 11:55:55 - [MESSAGE][PASSED] - function.CheckPoints.WriteToExcelFail is PASSED

2018-11-24 11:55:55 - [TEST_STEP][PASSED] - Statement - println(executionStatus contains of 'NO' $executionStatus): null

2018-11-24 11:55:55 - [TEST_STEP][PASSED] - Statement - scenarioData = Configuration.getValue("Module_Name", getConfigData): null

2018-11-24 11:55:55 - [TEST_STEP][PASSED] - Statement - println(scenarioData:$scenarioData): null

2018-11-24 11:55:55 - [TEST_STEP][PASSED] - Statement - UserActionData = Configuration.getValue("UserAction", getConfigData): null

2018-11-24 11:55:55 - [TEST_STEP][PASSED] - Statement - println(UserActionData:$UserActionData): null

2018-11-24 11:55:55 - [TEST_STEP][PASSED] - Statement - executionStatus = Configuration.getValue("ExecutionStatus", getConfigData): null

2018-11-24 11:55:55 - [TEST_STEP][PASSED] - Statement - If (executionStatus.equals("YES")): null

2018-11-24 11:55:55 - [TEST_STEP][PASSED] - Statement - Else If (executionStatus.equals("NO")): null

2018-11-24 11:55:55 - [TEST_STEP][PASSED] - function.CheckPoints.WriteToExcelFail: function.CheckPoints.WriteToExcelFail is PASSED

2018-11-24 11:55:55 - [MESSAGE][PASSED] - function.CheckPoints.WriteToExcelFail is PASSED

2018-11-24 11:55:55 - [TEST_STEP][PASSED] - Statement - println(executionStatus contains of 'NO' $executionStatus): null

2018-11-24 11:55:55 - [TEST_STEP][PASSED] - Statement - scenarioData = Configuration.getValue("Module_Name", getConfigData): null

2018-11-24 11:55:55 - [TEST_STEP][PASSED] - Statement - println(scenarioData:$scenarioData): null

2018-11-24 11:55:55 - [TEST_STEP][PASSED] - Statement - UserActionData = Configuration.getValue("UserAction", getConfigData): null

2018-11-24 11:55:55 - [TEST_STEP][PASSED] - Statement - println(UserActionData:$UserActionData): null

2018-11-24 11:55:55 - [TEST_STEP][PASSED] - Statement - executionStatus = Configuration.getValue("ExecutionStatus", getConfigData): null

2018-11-24 11:55:55 - [TEST_STEP][PASSED] - Statement - If (executionStatus.equals("YES")): null

2018-11-24 11:55:55 - [TEST_STEP][PASSED] - Statement - Else If (executionStatus.equals("NO")): null

2018-11-24 11:55:55 - [TEST_STEP][PASSED] - function.CheckPoints.WriteToExcelFail: function.CheckPoints.WriteToExcelFail is PASSED

2018-11-24 11:55:56 - [MESSAGE][PASSED] - function.CheckPoints.WriteToExcelFail is PASSED

2018-11-24 11:55:56 - [TEST_STEP][PASSED] - Statement - println(executionStatus contains of 'NO' $executionStatus): null

2018-11-24 11:55:56 - [TEST_STEP][PASSED] - Statement - scenarioData = Configuration.getValue("Module_Name", getConfigData): null

2018-11-24 11:55:56 - [TEST_STEP][PASSED] - Statement - println(scenarioData:$scenarioData): null

2018-11-24 11:55:56 - [TEST_STEP][PASSED] - Statement - UserActionData = Configuration.getValue("UserAction", getConfigData): null

2018-11-24 11:55:56 - [TEST_STEP][PASSED] - Statement - println(UserActionData:$UserActionData): null

2018-11-24 11:55:56 - [TEST_STEP][PASSED] - Statement - executionStatus = Configuration.getValue("ExecutionStatus", getConfigData): null

2018-11-24 11:55:56 - [TEST_STEP][PASSED] - Statement - If (executionStatus.equals("YES")): null

2018-11-24 11:55:56 - [TEST_STEP][PASSED] - Statement - Else If (executionStatus.equals("NO")): null

2018-11-24 11:55:56 - [TEST_STEP][PASSED] - function.CheckPoints.WriteToExcelFail: function.CheckPoints.WriteToExcelFail is PASSED

2018-11-24 11:55:56 - [MESSAGE][PASSED] - function.CheckPoints.WriteToExcelFail is PASSED

2018-11-24 11:55:56 - [TEST_STEP][PASSED] - Statement - println(executionStatus contains of 'NO' $executionStatus): null

2018-11-24 11:55:56 - [TEST_STEP][PASSED] - Statement - scenarioData = Configuration.getValue("Module_Name", getConfigData): null

2018-11-24 11:55:56 - [TEST_STEP][PASSED] - Statement - println(scenarioData:$scenarioData): null

2018-11-24 11:55:56 - [TEST_STEP][PASSED] - Statement - UserActionData = Configuration.getValue("UserAction", getConfigData): null

2018-11-24 11:55:56 - [TEST_STEP][PASSED] - Statement - println(UserActionData:$UserActionData): null

2018-11-24 11:55:56 - [TEST_STEP][PASSED] - Statement - executionStatus = Configuration.getValue("ExecutionStatus", getConfigData): null

2018-11-24 11:55:56 - [TEST_STEP][PASSED] - Statement - If (executionStatus.equals("YES")): null

2018-11-24 11:55:56 - [TEST_STEP][PASSED] - Statement - Else If (executionStatus.equals("NO")): null

2018-11-24 11:55:56 - [TEST_STEP][PASSED] - function.CheckPoints.WriteToExcelFail: function.CheckPoints.WriteToExcelFail is PASSED

2018-11-24 11:55:56 - [MESSAGE][PASSED] - function.CheckPoints.WriteToExcelFail is PASSED

2018-11-24 11:55:56 - [TEST_STEP][PASSED] - Statement - println(executionStatus contains of 'NO' $executionStatus): null

2018-11-24 11:55:56 - [TEST_STEP][PASSED] - Statement - scenarioData = Configuration.getValue("Module_Name", getConfigData): null

2018-11-24 11:55:56 - [TEST_STEP][PASSED] - Statement - println(scenarioData:$scenarioData): null

2018-11-24 11:55:56 - [TEST_STEP][PASSED] - Statement - UserActionData = Configuration.getValue("UserAction", getConfigData): null

2018-11-24 11:55:56 - [TEST_STEP][PASSED] - Statement - println(UserActionData:$UserActionData): null

2018-11-24 11:55:56 - [TEST_STEP][PASSED] - Statement - executionStatus = Configuration.getValue("ExecutionStatus", getConfigData): null

2018-11-24 11:55:56 - [TEST_STEP][PASSED] - Statement - If (executionStatus.equals("YES")): null

2018-11-24 11:55:56 - [TEST_STEP][PASSED] - Statement - Else If (executionStatus.equals("NO")): null

2018-11-24 11:55:56 - [TEST_STEP][PASSED] - function.CheckPoints.WriteToExcelFail: function.CheckPoints.WriteToExcelFail is PASSED

2018-11-24 11:55:56 - [MESSAGE][PASSED] - function.CheckPoints.WriteToExcelFail is PASSED

2018-11-24 11:55:56 - [TEST_STEP][PASSED] - Statement - println(executionStatus contains of 'NO' $executionStatus): null

2018-11-24 11:55:56 - [TEST_STEP][PASSED] - Statement - scenarioData = Configuration.getValue("Module_Name", getConfigData): null

2018-11-24 11:55:56 - [TEST_STEP][PASSED] - Statement - println(scenarioData:$scenarioData): null

2018-11-24 11:55:56 - [TEST_STEP][PASSED] - Statement - UserActionData = Configuration.getValue("UserAction", getConfigData): null

2018-11-24 11:55:56 - [TEST_STEP][PASSED] - Statement - println(UserActionData:$UserActionData): null

2018-11-24 11:55:56 - [TEST_STEP][PASSED] - Statement - executionStatus = Configuration.getValue("ExecutionStatus", getConfigData): null

2018-11-24 11:55:56 - [TEST_STEP][PASSED] - Statement - If (executionStatus.equals("YES")): null

2018-11-24 11:55:56 - [TEST_STEP][PASSED] - Statement - Else If (executionStatus.equals("NO")): null

2018-11-24 11:55:56 - [TEST_STEP][PASSED] - function.CheckPoints.WriteToExcelFail: function.CheckPoints.WriteToExcelFail is PASSED

2018-11-24 11:55:56 - [MESSAGE][PASSED] - function.CheckPoints.WriteToExcelFail is PASSED

2018-11-24 11:55:56 - [TEST_STEP][PASSED] - Statement - println(executionStatus contains of 'NO' $executionStatus): null

2018-11-24 11:55:56 - [TEST_STEP][PASSED] - Statement - scenarioData = Configuration.getValue("Module_Name", getConfigData): null

2018-11-24 11:55:56 - [TEST_STEP][PASSED] - Statement - println(scenarioData:$scenarioData): null

2018-11-24 11:55:56 - [TEST_STEP][PASSED] - Statement - UserActionData = Configuration.getValue("UserAction", getConfigData): null

2018-11-24 11:55:56 - [TEST_STEP][PASSED] - Statement - println(UserActionData:$UserActionData): null

2018-11-24 11:55:56 - [TEST_STEP][PASSED] - Statement - executionStatus = Configuration.getValue("ExecutionStatus", getConfigData): null

2018-11-24 11:55:56 - [TEST_STEP][PASSED] - Statement - If (executionStatus.equals("YES")): null

2018-11-24 11:55:56 - [TEST_STEP][PASSED] - Statement - Else If (executionStatus.equals("NO")): null

2018-11-24 11:55:56 - [TEST_STEP][PASSED] - function.CheckPoints.WriteToExcelFail: function.CheckPoints.WriteToExcelFail is PASSED

2018-11-24 11:55:56 - [MESSAGE][PASSED] - function.CheckPoints.WriteToExcelFail is PASSED

2018-11-24 11:55:56 - [TEST_STEP][PASSED] - Statement - println(executionStatus contains of 'NO' $executionStatus): null

2018-11-24 11:55:56 - [TEST_STEP][PASSED] - Statement - scenarioData = Configuration.getValue("Module_Name", getConfigData): null

2018-11-24 11:55:56 - [TEST_STEP][PASSED] - Statement - println(scenarioData:$scenarioData): null

2018-11-24 11:55:56 - [TEST_STEP][PASSED] - Statement - UserActionData = Configuration.getValue("UserAction", getConfigData): null

2018-11-24 11:55:56 - [TEST_STEP][PASSED] - Statement - println(UserActionData:$UserActionData): null

2018-11-24 11:55:56 - [TEST_STEP][PASSED] - Statement - executionStatus = Configuration.getValue("ExecutionStatus", getConfigData): null

2018-11-24 11:55:56 - [TEST_STEP][PASSED] - Statement - If (executionStatus.equals("YES")): null

2018-11-24 11:55:56 - [TEST_STEP][PASSED] - Statement - Else If (executionStatus.equals("NO")): null

2018-11-24 11:55:56 - [TEST_STEP][PASSED] - function.CheckPoints.WriteToExcelFail: function.CheckPoints.WriteToExcelFail is PASSED

2018-11-24 11:55:57 - [MESSAGE][PASSED] - function.CheckPoints.WriteToExcelFail is PASSED

2018-11-24 11:55:57 - [TEST_STEP][PASSED] - Statement - println(executionStatus contains of 'NO' $executionStatus): null

2018-11-24 11:55:57 - [TEST_STEP][PASSED] - Statement - scenarioData = Configuration.getValue("Module_Name", getConfigData): null

2018-11-24 11:55:57 - [TEST_STEP][PASSED] - Statement - println(scenarioData:$scenarioData): null

2018-11-24 11:55:57 - [TEST_STEP][PASSED] - Statement - UserActionData = Configuration.getValue("UserAction", getConfigData): null

2018-11-24 11:55:57 - [TEST_STEP][PASSED] - Statement - println(UserActionData:$UserActionData): null

2018-11-24 11:55:57 - [TEST_STEP][PASSED] - Statement - executionStatus = Configuration.getValue("ExecutionStatus", getConfigData): null

2018-11-24 11:55:57 - [TEST_STEP][PASSED] - Statement - If (executionStatus.equals("YES")): null

2018-11-24 11:55:57 - [TEST_STEP][PASSED] - Statement - Else If (executionStatus.equals("NO")): null

2018-11-24 11:55:57 - [TEST_STEP][PASSED] - function.CheckPoints.WriteToExcelFail: function.CheckPoints.WriteToExcelFail is PASSED

2018-11-24 11:55:57 - [MESSAGE][PASSED] - function.CheckPoints.WriteToExcelFail is PASSED

2018-11-24 11:55:57 - [TEST_STEP][PASSED] - Statement - println(executionStatus contains of 'NO' $executionStatus): null

2018-11-24 11:55:57 - [TEST_STEP][PASSED] - Statement - scenarioData = Configuration.getValue("Module_Name", getConfigData): null

2018-11-24 11:55:57 - [TEST_STEP][PASSED] - Statement - println(scenarioData:$scenarioData): null

2018-11-24 11:55:57 - [TEST_STEP][PASSED] - Statement - UserActionData = Configuration.getValue("UserAction", getConfigData): null

2018-11-24 11:55:57 - [TEST_STEP][PASSED] - Statement - println(UserActionData:$UserActionData): null

2018-11-24 11:55:57 - [TEST_STEP][PASSED] - Statement - executionStatus = Configuration.getValue("ExecutionStatus", getConfigData): null

2018-11-24 11:55:57 - [TEST_STEP][PASSED] - Statement - If (executionStatus.equals("YES")): null

2018-11-24 11:55:57 - [TEST_STEP][PASSED] - Statement - Else If (executionStatus.equals("NO")): null

2018-11-24 11:55:57 - [TEST_STEP][PASSED] - function.CheckPoints.WriteToExcelFail: function.CheckPoints.WriteToExcelFail is PASSED

2018-11-24 11:55:57 - [MESSAGE][PASSED] - function.CheckPoints.WriteToExcelFail is PASSED

2018-11-24 11:55:57 - [TEST_STEP][PASSED] - Statement - println(executionStatus contains of 'NO' $executionStatus): null

2018-11-24 11:55:57 - [TEST_STEP][PASSED] - Statement - scenarioData = Configuration.getValue("Module_Name", getConfigData): null

2018-11-24 11:55:57 - [TEST_STEP][PASSED] - Statement - println(scenarioData:$scenarioData): null

2018-11-24 11:55:57 - [TEST_STEP][PASSED] - Statement - UserActionData = Configuration.getValue("UserAction", getConfigData): null

2018-11-24 11:55:57 - [TEST_STEP][PASSED] - Statement - println(UserActionData:$UserActionData): null

2018-11-24 11:55:57 - [TEST_STEP][PASSED] - Statement - executionStatus = Configuration.getValue("ExecutionStatus", getConfigData): null

2018-11-24 11:55:57 - [TEST_STEP][PASSED] - Statement - If (executionStatus.equals("YES")): null

2018-11-24 11:55:57 - [TEST_STEP][PASSED] - Statement - Else If (executionStatus.equals("NO")): null

2018-11-24 11:55:57 - [TEST_STEP][PASSED] - function.CheckPoints.WriteToExcelFail: function.CheckPoints.WriteToExcelFail is PASSED

2018-11-24 11:55:57 - [MESSAGE][PASSED] - function.CheckPoints.WriteToExcelFail is PASSED

2018-11-24 11:55:57 - [TEST_STEP][PASSED] - Statement - println(executionStatus contains of 'NO' $executionStatus): null

2018-11-24 11:55:57 - [TEST_STEP][PASSED] - Statement - scenarioData = Configuration.getValue("Module_Name", getConfigData): null

2018-11-24 11:55:57 - [TEST_STEP][PASSED] - Statement - println(scenarioData:$scenarioData): null

2018-11-24 11:55:57 - [TEST_STEP][PASSED] - Statement - UserActionData = Configuration.getValue("UserAction", getConfigData): null

2018-11-24 11:55:57 - [TEST_STEP][PASSED] - Statement - println(UserActionData:$UserActionData): null

2018-11-24 11:55:57 - [TEST_STEP][PASSED] - Statement - executionStatus = Configuration.getValue("ExecutionStatus", getConfigData): null

2018-11-24 11:55:57 - [TEST_STEP][PASSED] - Statement - If (executionStatus.equals("YES")): null

2018-11-24 11:55:57 - [TEST_STEP][PASSED] - Statement - Else If (executionStatus.equals("NO")): null

2018-11-24 11:55:57 - [TEST_STEP][PASSED] - function.CheckPoints.WriteToExcelFail: function.CheckPoints.WriteToExcelFail is PASSED

2018-11-24 11:55:57 - [MESSAGE][PASSED] - function.CheckPoints.WriteToExcelFail is PASSED

2018-11-24 11:55:57 - [TEST_STEP][PASSED] - Statement - println(executionStatus contains of 'NO' $executionStatus): null

2018-11-24 11:55:57 - [TEST_STEP][PASSED] - Statement - scenarioData = Configuration.getValue("Module_Name", getConfigData): null

2018-11-24 11:55:57 - [TEST_STEP][PASSED] - Statement - println(scenarioData:$scenarioData): null

2018-11-24 11:55:57 - [TEST_STEP][PASSED] - Statement - UserActionData = Configuration.getValue("UserAction", getConfigData): null

2018-11-24 11:55:57 - [TEST_STEP][PASSED] - Statement - println(UserActionData:$UserActionData): null

2018-11-24 11:55:57 - [TEST_STEP][PASSED] - Statement - executionStatus = Configuration.getValue("ExecutionStatus", getConfigData): null

2018-11-24 11:55:57 - [TEST_STEP][PASSED] - Statement - If (executionStatus.equals("YES")): null

2018-11-24 11:55:57 - [TEST_STEP][PASSED] - Statement - Else If (executionStatus.equals("NO")): null

2018-11-24 11:55:57 - [TEST_STEP][PASSED] - function.CheckPoints.WriteToExcelFail: function.CheckPoints.WriteToExcelFail is PASSED

2018-11-24 11:55:57 - [MESSAGE][PASSED] - function.CheckPoints.WriteToExcelFail is PASSED

2018-11-24 11:55:57 - [TEST_STEP][PASSED] - Statement - println(executionStatus contains of 'NO' $executionStatus): null

2018-11-24 11:55:57 - [TEST_STEP][PASSED] - Statement - scenarioData = Configuration.getValue("Module_Name", getConfigData): null

2018-11-24 11:55:57 - [TEST_STEP][PASSED] - Statement - println(scenarioData:$scenarioData): null

2018-11-24 11:55:57 - [TEST_STEP][PASSED] - Statement - UserActionData = Configuration.getValue("UserAction", getConfigData): null

2018-11-24 11:55:57 - [TEST_STEP][PASSED] - Statement - println(UserActionData:$UserActionData): null

2018-11-24 11:55:57 - [TEST_STEP][PASSED] - Statement - executionStatus = Configuration.getValue("ExecutionStatus", getConfigData): null

2018-11-24 11:55:57 - [TEST_STEP][PASSED] - Statement - If (executionStatus.equals("YES")): null

2018-11-24 11:55:57 - [TEST_STEP][PASSED] - Statement - Else If (executionStatus.equals("NO")): null

2018-11-24 11:55:57 - [TEST_STEP][PASSED] - function.CheckPoints.WriteToExcelFail: function.CheckPoints.WriteToExcelFail is PASSED

2018-11-24 11:55:57 - [MESSAGE][PASSED] - function.CheckPoints.WriteToExcelFail is PASSED

2018-11-24 11:55:57 - [TEST_STEP][PASSED] - Statement - println(executionStatus contains of 'NO' $executionStatus): null

2018-11-24 11:55:57 - [TEST_STEP][PASSED] - Statement - scenarioData = Configuration.getValue("Module_Name", getConfigData): null

2018-11-24 11:55:57 - [TEST_STEP][PASSED] - Statement - println(scenarioData:$scenarioData): null

2018-11-24 11:55:57 - [TEST_STEP][PASSED] - Statement - UserActionData = Configuration.getValue("UserAction", getConfigData): null

2018-11-24 11:55:57 - [TEST_STEP][PASSED] - Statement - println(UserActionData:$UserActionData): null

2018-11-24 11:55:57 - [TEST_STEP][PASSED] - Statement - executionStatus = Configuration.getValue("ExecutionStatus", getConfigData): null

2018-11-24 11:55:57 - [TEST_STEP][PASSED] - Statement - If (executionStatus.equals("YES")): null

2018-11-24 11:55:57 - [TEST_STEP][PASSED] - Statement - Else If (executionStatus.equals("NO")): null

2018-11-24 11:55:57 - [TEST_STEP][PASSED] - function.CheckPoints.WriteToExcelFail: function.CheckPoints.WriteToExcelFail is PASSED

2018-11-24 11:55:58 - [MESSAGE][PASSED] - function.CheckPoints.WriteToExcelFail is PASSED

2018-11-24 11:55:58 - [TEST_STEP][PASSED] - Statement - println(executionStatus contains of 'NO' $executionStatus): null

2018-11-24 11:55:58 - [TEST_STEP][PASSED] - Statement - scenarioData = Configuration.getValue("Module_Name", getConfigData): null

2018-11-24 11:55:58 - [TEST_STEP][PASSED] - Statement - println(scenarioData:$scenarioData): null

2018-11-24 11:55:58 - [TEST_STEP][PASSED] - Statement - UserActionData = Configuration.getValue("UserAction", getConfigData): null

2018-11-24 11:55:58 - [TEST_STEP][PASSED] - Statement - println(UserActionData:$UserActionData): null

2018-11-24 11:55:58 - [TEST_STEP][PASSED] - Statement - executionStatus = Configuration.getValue("ExecutionStatus", getConfigData): null

2018-11-24 11:55:58 - [TEST_STEP][PASSED] - Statement - If (executionStatus.equals("YES")): null

2018-11-24 11:55:58 - [TEST_STEP][PASSED] - Statement - Else If (executionStatus.equals("NO")): null

2018-11-24 11:55:58 - [TEST_STEP][PASSED] - function.CheckPoints.WriteToExcelFail: function.CheckPoints.WriteToExcelFail is PASSED

2018-11-24 11:55:58 - [MESSAGE][PASSED] - function.CheckPoints.WriteToExcelFail is PASSED

2018-11-24 11:55:58 - [TEST_STEP][PASSED] - Statement - println(executionStatus contains of 'NO' $executionStatus): null

2018-11-24 11:55:58 - [TEST_STEP][PASSED] - Statement - scenarioData = Configuration.getValue("Module_Name", getConfigData): null

2018-11-24 11:55:58 - [TEST_STEP][PASSED] - Statement - println(scenarioData:$scenarioData): null

2018-11-24 11:55:58 - [TEST_STEP][PASSED] - Statement - UserActionData = Configuration.getValue("UserAction", getConfigData): null

2018-11-24 11:55:58 - [TEST_STEP][PASSED] - Statement - println(UserActionData:$UserActionData): null

2018-11-24 11:55:58 - [TEST_STEP][PASSED] - Statement - executionStatus = Configuration.getValue("ExecutionStatus", getConfigData): null

2018-11-24 11:55:58 - [TEST_STEP][PASSED] - Statement - If (executionStatus.equals("YES")): null

2018-11-24 11:55:58 - [TEST_STEP][PASSED] - Statement - Else If (executionStatus.equals("NO")): null

2018-11-24 11:55:58 - [TEST_STEP][PASSED] - function.CheckPoints.WriteToExcelFail: function.CheckPoints.WriteToExcelFail is PASSED

2018-11-24 11:55:58 - [MESSAGE][PASSED] - function.CheckPoints.WriteToExcelFail is PASSED

2018-11-24 11:55:58 - [TEST_STEP][PASSED] - Statement - println(executionStatus contains of 'NO' $executionStatus): null

2018-11-24 11:55:58 - [TEST_STEP][PASSED] - Statement - scenarioData = Configuration.getValue("Module_Name", getConfigData): null

2018-11-24 11:55:58 - [TEST_STEP][PASSED] - Statement - println(scenarioData:$scenarioData): null

2018-11-24 11:55:58 - [TEST_STEP][PASSED] - Statement - UserActionData = Configuration.getValue("UserAction", getConfigData): null

2018-11-24 11:55:58 - [TEST_STEP][PASSED] - Statement - println(UserActionData:$UserActionData): null

2018-11-24 11:55:58 - [TEST_STEP][PASSED] - Statement - executionStatus = Configuration.getValue("ExecutionStatus", getConfigData): null

2018-11-24 11:55:58 - [TEST_STEP][PASSED] - Statement - If (executionStatus.equals("YES")): null

2018-11-24 11:55:58 - [TEST_STEP][PASSED] - Statement - Else If (executionStatus.equals("NO")): null

2018-11-24 11:55:58 - [TEST_STEP][PASSED] - function.CheckPoints.WriteToExcelFail: function.CheckPoints.WriteToExcelFail is PASSED

2018-11-24 11:55:58 - [MESSAGE][PASSED] - function.CheckPoints.WriteToExcelFail is PASSED

2018-11-24 11:55:58 - [TEST_STEP][PASSED] - Statement - println(executionStatus contains of 'NO' $executionStatus): null

2018-11-24 11:55:58 - [TEST_STEP][PASSED] - Statement - scenarioData = Configuration.getValue("Module_Name", getConfigData): null

2018-11-24 11:55:58 - [TEST_STEP][PASSED] - Statement - println(scenarioData:$scenarioData): null

2018-11-24 11:55:58 - [TEST_STEP][PASSED] - Statement - UserActionData = Configuration.getValue("UserAction", getConfigData): null

2018-11-24 11:55:58 - [TEST_STEP][PASSED] - Statement - println(UserActionData:$UserActionData): null

2018-11-24 11:55:58 - [TEST_STEP][PASSED] - Statement - executionStatus = Configuration.getValue("ExecutionStatus", getConfigData): null

2018-11-24 11:55:58 - [TEST_STEP][PASSED] - Statement - If (executionStatus.equals("YES")): null

2018-11-24 11:55:58 - [TEST_STEP][PASSED] - Statement - Else If (executionStatus.equals("NO")): null

2018-11-24 11:55:58 - [TEST_STEP][PASSED] - function.CheckPoints.WriteToExcelFail: function.CheckPoints.WriteToExcelFail is PASSED

2018-11-24 11:55:58 - [MESSAGE][PASSED] - function.CheckPoints.WriteToExcelFail is PASSED

2018-11-24 11:55:58 - [TEST_STEP][PASSED] - Statement - println(executionStatus contains of 'NO' $executionStatus): null

2018-11-24 11:55:58 - [TEST_STEP][PASSED] - Statement - scenarioData = Configuration.getValue("Module_Name", getConfigData): null

2018-11-24 11:55:58 - [TEST_STEP][PASSED] - Statement - println(scenarioData:$scenarioData): null

2018-11-24 11:55:58 - [TEST_STEP][PASSED] - Statement - UserActionData = Configuration.getValue("UserAction", getConfigData): null

2018-11-24 11:55:58 - [TEST_STEP][PASSED] - Statement - println(UserActionData:$UserActionData): null

2018-11-24 11:55:58 - [TEST_STEP][PASSED] - Statement - executionStatus = Configuration.getValue("ExecutionStatus", getConfigData): null

2018-11-24 11:55:58 - [TEST_STEP][PASSED] - Statement - If (executionStatus.equals("YES")): null

2018-11-24 11:55:58 - [TEST_STEP][PASSED] - Statement - Else If (executionStatus.equals("NO")): null

2018-11-24 11:55:58 - [TEST_STEP][PASSED] - function.CheckPoints.WriteToExcelFail: function.CheckPoints.WriteToExcelFail is PASSED

2018-11-24 11:55:58 - [MESSAGE][PASSED] - function.CheckPoints.WriteToExcelFail is PASSED

2018-11-24 11:55:58 - [TEST_STEP][PASSED] - Statement - println(executionStatus contains of 'NO' $executionStatus): null

2018-11-24 11:55:58 - [TEST_STEP][PASSED] - Statement - scenarioData = Configuration.getValue("Module_Name", getConfigData): null

2018-11-24 11:55:58 - [TEST_STEP][PASSED] - Statement - println(scenarioData:$scenarioData): null

2018-11-24 11:55:58 - [TEST_STEP][PASSED] - Statement - UserActionData = Configuration.getValue("UserAction", getConfigData): null

2018-11-24 11:55:58 - [TEST_STEP][PASSED] - Statement - println(UserActionData:$UserActionData): null

2018-11-24 11:55:58 - [TEST_STEP][PASSED] - Statement - executionStatus = Configuration.getValue("ExecutionStatus", getConfigData): null

2018-11-24 11:55:58 - [TEST_STEP][PASSED] - Statement - If (executionStatus.equals("YES")): null

2018-11-24 11:55:58 - [TEST_STEP][PASSED] - Statement - hmapconfig.put(getConfigData, scenarioData): null

2018-11-24 11:55:58 - [TEST_STEP][PASSED] - Statement - hmapconfiguserAction.put(getConfigData, UserActionData): null

2018-11-24 11:55:58 - [TEST_STEP][PASSED] - Statement - scenarioData = Configuration.getValue("Module_Name", getConfigData): null

2018-11-24 11:55:58 - [TEST_STEP][PASSED] - Statement - println(scenarioData:$scenarioData): null

2018-11-24 11:55:58 - [TEST_STEP][PASSED] - Statement - UserActionData = Configuration.getValue("UserAction", getConfigData): null

2018-11-24 11:55:58 - [TEST_STEP][PASSED] - Statement - println(UserActionData:$UserActionData): null

2018-11-24 11:55:58 - [TEST_STEP][PASSED] - Statement - executionStatus = Configuration.getValue("ExecutionStatus", getConfigData): null

2018-11-24 11:55:58 - [TEST_STEP][PASSED] - Statement - If (executionStatus.equals("YES")): null

2018-11-24 11:55:58 - [TEST_STEP][PASSED] - Statement - Else If (executionStatus.equals("NO")): null

2018-11-24 11:55:58 - [TEST_STEP][PASSED] - function.CheckPoints.WriteToExcelFail: function.CheckPoints.WriteToExcelFail is PASSED

2018-11-24 11:55:58 - [MESSAGE][PASSED] - function.CheckPoints.WriteToExcelFail is PASSED

2018-11-24 11:55:58 - [TEST_STEP][PASSED] - Statement - println(executionStatus contains of 'NO' $executionStatus): null

2018-11-24 11:55:58 - [TEST_STEP][PASSED] - Statement - scenarioData = Configuration.getValue("Module_Name", getConfigData): null

2018-11-24 11:55:58 - [TEST_STEP][PASSED] - Statement - println(scenarioData:$scenarioData): null

2018-11-24 11:55:58 - [TEST_STEP][PASSED] - Statement - UserActionData = Configuration.getValue("UserAction", getConfigData): null

2018-11-24 11:55:58 - [TEST_STEP][PASSED] - Statement - println(UserActionData:$UserActionData): null

2018-11-24 11:55:58 - [TEST_STEP][PASSED] - Statement - executionStatus = Configuration.getValue("ExecutionStatus", getConfigData): null

2018-11-24 11:55:58 - [TEST_STEP][PASSED] - Statement - If (executionStatus.equals("YES")): null

2018-11-24 11:55:58 - [TEST_STEP][PASSED] - Statement - Else If (executionStatus.equals("NO")): null

2018-11-24 11:55:58 - [TEST_STEP][PASSED] - function.CheckPoints.WriteToExcelFail: function.CheckPoints.WriteToExcelFail is PASSED

2018-11-24 11:55:59 - [MESSAGE][PASSED] - function.CheckPoints.WriteToExcelFail is PASSED

2018-11-24 11:55:59 - [TEST_STEP][PASSED] - Statement - println(executionStatus contains of 'NO' $executionStatus): null

2018-11-24 11:55:59 - [TEST_STEP][PASSED] - Statement - scenarioData = Configuration.getValue("Module_Name", getConfigData): null

2018-11-24 11:55:59 - [TEST_STEP][PASSED] - Statement - println(scenarioData:$scenarioData): null

2018-11-24 11:55:59 - [TEST_STEP][PASSED] - Statement - UserActionData = Configuration.getValue("UserAction", getConfigData): null

2018-11-24 11:55:59 - [TEST_STEP][PASSED] - Statement - println(UserActionData:$UserActionData): null

2018-11-24 11:55:59 - [TEST_STEP][PASSED] - Statement - executionStatus = Configuration.getValue("ExecutionStatus", getConfigData): null

2018-11-24 11:55:59 - [TEST_STEP][PASSED] - Statement - If (executionStatus.equals("YES")): null

2018-11-24 11:55:59 - [TEST_STEP][PASSED] - Statement - Else If (executionStatus.equals("NO")): null

2018-11-24 11:55:59 - [TEST_STEP][PASSED] - function.CheckPoints.WriteToExcelFail: function.CheckPoints.WriteToExcelFail is PASSED

2018-11-24 11:55:59 - [MESSAGE][PASSED] - function.CheckPoints.WriteToExcelFail is PASSED

2018-11-24 11:55:59 - [TEST_STEP][PASSED] - Statement - println(executionStatus contains of 'NO' $executionStatus): null

2018-11-24 11:55:59 - [TEST_STEP][PASSED] - Statement - scenarioData = Configuration.getValue("Module_Name", getConfigData): null

2018-11-24 11:55:59 - [TEST_STEP][PASSED] - Statement - println(scenarioData:$scenarioData): null

2018-11-24 11:55:59 - [TEST_STEP][PASSED] - Statement - UserActionData = Configuration.getValue("UserAction", getConfigData): null

2018-11-24 11:55:59 - [TEST_STEP][PASSED] - Statement - println(UserActionData:$UserActionData): null

2018-11-24 11:55:59 - [TEST_STEP][PASSED] - Statement - executionStatus = Configuration.getValue("ExecutionStatus", getConfigData): null

2018-11-24 11:55:59 - [TEST_STEP][PASSED] - Statement - If (executionStatus.equals("YES")): null

2018-11-24 11:55:59 - [TEST_STEP][PASSED] - Statement - Else If (executionStatus.equals("NO")): null

2018-11-24 11:55:59 - [TEST_STEP][PASSED] - function.CheckPoints.WriteToExcelFail: function.CheckPoints.WriteToExcelFail is PASSED

2018-11-24 11:55:59 - [MESSAGE][PASSED] - function.CheckPoints.WriteToExcelFail is PASSED

2018-11-24 11:55:59 - [TEST_STEP][PASSED] - Statement - println(executionStatus contains of 'NO' $executionStatus): null

2018-11-24 11:55:59 - [TEST_STEP][PASSED] - Statement - scenarioData = Configuration.getValue("Module_Name", getConfigData): null

2018-11-24 11:55:59 - [TEST_STEP][PASSED] - Statement - println(scenarioData:$scenarioData): null

2018-11-24 11:55:59 - [TEST_STEP][PASSED] - Statement - UserActionData = Configuration.getValue("UserAction", getConfigData): null

2018-11-24 11:55:59 - [TEST_STEP][PASSED] - Statement - println(UserActionData:$UserActionData): null

2018-11-24 11:55:59 - [TEST_STEP][PASSED] - Statement - executionStatus = Configuration.getValue("ExecutionStatus", getConfigData): null

2018-11-24 11:55:59 - [TEST_STEP][PASSED] - Statement - If (executionStatus.equals("YES")): null

2018-11-24 11:55:59 - [TEST_STEP][PASSED] - Statement - Else If (executionStatus.equals("NO")): null

2018-11-24 11:55:59 - [TEST_STEP][PASSED] - function.CheckPoints.WriteToExcelFail: function.CheckPoints.WriteToExcelFail is PASSED

2018-11-24 11:55:59 - [MESSAGE][PASSED] - function.CheckPoints.WriteToExcelFail is PASSED

2018-11-24 11:55:59 - [TEST_STEP][PASSED] - Statement - println(executionStatus contains of 'NO' $executionStatus): null

2018-11-24 11:55:59 - [TEST_STEP][PASSED] - Statement - scenarioData = Configuration.getValue("Module_Name", getConfigData): null

2018-11-24 11:55:59 - [TEST_STEP][PASSED] - Statement - println(scenarioData:$scenarioData): null

2018-11-24 11:55:59 - [TEST_STEP][PASSED] - Statement - UserActionData = Configuration.getValue("UserAction", getConfigData): null

2018-11-24 11:55:59 - [TEST_STEP][PASSED] - Statement - println(UserActionData:$UserActionData): null

2018-11-24 11:55:59 - [TEST_STEP][PASSED] - Statement - executionStatus = Configuration.getValue("ExecutionStatus", getConfigData): null

2018-11-24 11:55:59 - [TEST_STEP][PASSED] - Statement - If (executionStatus.equals("YES")): null

2018-11-24 11:55:59 - [TEST_STEP][PASSED] - Statement - Else If (executionStatus.equals("NO")): null

2018-11-24 11:55:59 - [TEST_STEP][PASSED] - function.CheckPoints.WriteToExcelFail: function.CheckPoints.WriteToExcelFail is PASSED

2018-11-24 11:55:59 - [MESSAGE][PASSED] - function.CheckPoints.WriteToExcelFail is PASSED

2018-11-24 11:55:59 - [TEST_STEP][PASSED] - Statement - println(executionStatus contains of 'NO' $executionStatus): null

2018-11-24 11:55:59 - [TEST_STEP][PASSED] - Statement - scenarioData = Configuration.getValue("Module_Name", getConfigData): null

2018-11-24 11:55:59 - [TEST_STEP][PASSED] - Statement - println(scenarioData:$scenarioData): null

2018-11-24 11:55:59 - [TEST_STEP][PASSED] - Statement - UserActionData = Configuration.getValue("UserAction", getConfigData): null

2018-11-24 11:55:59 - [TEST_STEP][PASSED] - Statement - println(UserActionData:$UserActionData): null

2018-11-24 11:55:59 - [TEST_STEP][PASSED] - Statement - executionStatus = Configuration.getValue("ExecutionStatus", getConfigData): null

2018-11-24 11:55:59 - [TEST_STEP][PASSED] - Statement - If (executionStatus.equals("YES")): null

2018-11-24 11:55:59 - [TEST_STEP][PASSED] - Statement - Else If (executionStatus.equals("NO")): null

2018-11-24 11:55:59 - [TEST_STEP][PASSED] - function.CheckPoints.WriteToExcelFail: function.CheckPoints.WriteToExcelFail is PASSED

2018-11-24 11:55:59 - [MESSAGE][PASSED] - function.CheckPoints.WriteToExcelFail is PASSED

2018-11-24 11:55:59 - [TEST_STEP][PASSED] - Statement - println(executionStatus contains of 'NO' $executionStatus): null

2018-11-24 11:55:59 - [TEST_STEP][PASSED] - Statement - scenarioData = Configuration.getValue("Module_Name", getConfigData): null

2018-11-24 11:55:59 - [TEST_STEP][PASSED] - Statement - println(scenarioData:$scenarioData): null

2018-11-24 11:55:59 - [TEST_STEP][PASSED] - Statement - UserActionData = Configuration.getValue("UserAction", getConfigData): null

2018-11-24 11:55:59 - [TEST_STEP][PASSED] - Statement - println(UserActionData:$UserActionData): null

2018-11-24 11:55:59 - [TEST_STEP][PASSED] - Statement - executionStatus = Configuration.getValue("ExecutionStatus", getConfigData): null

2018-11-24 11:55:59 - [TEST_STEP][PASSED] - Statement - If (executionStatus.equals("YES")): null

2018-11-24 11:55:59 - [TEST_STEP][PASSED] - Statement - Else If (executionStatus.equals("NO")): null

2018-11-24 11:55:59 - [TEST_STEP][PASSED] - function.CheckPoints.WriteToExcelFail: function.CheckPoints.WriteToExcelFail is PASSED

2018-11-24 11:55:59 - [MESSAGE][PASSED] - function.CheckPoints.WriteToExcelFail is PASSED

2018-11-24 11:55:59 - [TEST_STEP][PASSED] - Statement - println(executionStatus contains of 'NO' $executionStatus): null

2018-11-24 11:55:59 - [TEST_STEP][PASSED] - Statement - scenarioData = Configuration.getValue("Module_Name", getConfigData): null

2018-11-24 11:55:59 - [TEST_STEP][PASSED] - Statement - println(scenarioData:$scenarioData): null

2018-11-24 11:55:59 - [TEST_STEP][PASSED] - Statement - UserActionData = Configuration.getValue("UserAction", getConfigData): null

2018-11-24 11:55:59 - [TEST_STEP][PASSED] - Statement - println(UserActionData:$UserActionData): null

2018-11-24 11:55:59 - [TEST_STEP][PASSED] - Statement - executionStatus = Configuration.getValue("ExecutionStatus", getConfigData): null

2018-11-24 11:55:59 - [TEST_STEP][PASSED] - Statement - If (executionStatus.equals("YES")): null

2018-11-24 11:55:59 - [TEST_STEP][PASSED] - Statement - Else If (executionStatus.equals("NO")): null

2018-11-24 11:55:59 - [TEST_STEP][PASSED] - function.CheckPoints.WriteToExcelFail: function.CheckPoints.WriteToExcelFail is PASSED

2018-11-24 11:56:00 - [MESSAGE][PASSED] - function.CheckPoints.WriteToExcelFail is PASSED

2018-11-24 11:56:00 - [TEST_STEP][PASSED] - Statement - println(executionStatus contains of 'NO' $executionStatus): null

2018-11-24 11:56:00 - [TEST_STEP][PASSED] - Statement - scenarioData = Configuration.getValue("Module_Name", getConfigData): null

2018-11-24 11:56:00 - [TEST_STEP][PASSED] - Statement - println(scenarioData:$scenarioData): null

2018-11-24 11:56:00 - [TEST_STEP][PASSED] - Statement - UserActionData = Configuration.getValue("UserAction", getConfigData): null

2018-11-24 11:56:00 - [TEST_STEP][PASSED] - Statement - println(UserActionData:$UserActionData): null

2018-11-24 11:56:00 - [TEST_STEP][PASSED] - Statement - executionStatus = Configuration.getValue("ExecutionStatus", getConfigData): null

2018-11-24 11:56:00 - [TEST_STEP][PASSED] - Statement - If (executionStatus.equals("YES")): null

2018-11-24 11:56:00 - [TEST_STEP][PASSED] - Statement - Else If (executionStatus.equals("NO")): null

2018-11-24 11:56:00 - [TEST_STEP][PASSED] - function.CheckPoints.WriteToExcelFail: function.CheckPoints.WriteToExcelFail is PASSED

2018-11-24 11:56:00 - [MESSAGE][PASSED] - function.CheckPoints.WriteToExcelFail is PASSED

2018-11-24 11:56:00 - [TEST_STEP][PASSED] - Statement - println(executionStatus contains of 'NO' $executionStatus): null

2018-11-24 11:56:00 - [TEST_STEP][PASSED] - Statement - scenarioData = Configuration.getValue("Module_Name", getConfigData): null

2018-11-24 11:56:00 - [TEST_STEP][PASSED] - Statement - println(scenarioData:$scenarioData): null

2018-11-24 11:56:00 - [TEST_STEP][PASSED] - Statement - UserActionData = Configuration.getValue("UserAction", getConfigData): null

2018-11-24 11:56:00 - [TEST_STEP][PASSED] - Statement - println(UserActionData:$UserActionData): null

2018-11-24 11:56:00 - [TEST_STEP][PASSED] - Statement - executionStatus = Configuration.getValue("ExecutionStatus", getConfigData): null

2018-11-24 11:56:00 - [TEST_STEP][PASSED] - Statement - If (executionStatus.equals("YES")): null

2018-11-24 11:56:00 - [TEST_STEP][PASSED] - Statement - Else If (executionStatus.equals("NO")): null

2018-11-24 11:56:00 - [TEST_STEP][PASSED] - function.CheckPoints.WriteToExcelFail: function.CheckPoints.WriteToExcelFail is PASSED

2018-11-24 11:56:00 - [MESSAGE][PASSED] - function.CheckPoints.WriteToExcelFail is PASSED

2018-11-24 11:56:00 - [TEST_STEP][PASSED] - Statement - println(executionStatus contains of 'NO' $executionStatus): null

2018-11-24 11:56:00 - [TEST_STEP][PASSED] - Statement - scenarioData = Configuration.getValue("Module_Name", getConfigData): null

2018-11-24 11:56:00 - [TEST_STEP][PASSED] - Statement - println(scenarioData:$scenarioData): null

2018-11-24 11:56:00 - [TEST_STEP][PASSED] - Statement - UserActionData = Configuration.getValue("UserAction", getConfigData): null

2018-11-24 11:56:00 - [TEST_STEP][PASSED] - Statement - println(UserActionData:$UserActionData): null

2018-11-24 11:56:00 - [TEST_STEP][PASSED] - Statement - executionStatus = Configuration.getValue("ExecutionStatus", getConfigData): null

2018-11-24 11:56:00 - [TEST_STEP][PASSED] - Statement - If (executionStatus.equals("YES")): null

2018-11-24 11:56:00 - [TEST_STEP][PASSED] - Statement - Else If (executionStatus.equals("NO")): null

2018-11-24 11:56:00 - [TEST_STEP][PASSED] - function.CheckPoints.WriteToExcelFail: function.CheckPoints.WriteToExcelFail is PASSED

2018-11-24 11:56:00 - [MESSAGE][PASSED] - function.CheckPoints.WriteToExcelFail is PASSED

2018-11-24 11:56:00 - [TEST_STEP][PASSED] - Statement - println(executionStatus contains of 'NO' $executionStatus): null

2018-11-24 11:56:00 - [TEST_STEP][PASSED] - Statement - scenarioData = Configuration.getValue("Module_Name", getConfigData): null

2018-11-24 11:56:00 - [TEST_STEP][PASSED] - Statement - println(scenarioData:$scenarioData): null

2018-11-24 11:56:00 - [TEST_STEP][PASSED] - Statement - UserActionData = Configuration.getValue("UserAction", getConfigData): null

2018-11-24 11:56:00 - [TEST_STEP][PASSED] - Statement - println(UserActionData:$UserActionData): null

2018-11-24 11:56:00 - [TEST_STEP][PASSED] - Statement - executionStatus = Configuration.getValue("ExecutionStatus", getConfigData): null

2018-11-24 11:56:00 - [TEST_STEP][PASSED] - Statement - If (executionStatus.equals("YES")): null

2018-11-24 11:56:00 - [TEST_STEP][PASSED] - Statement - Else If (executionStatus.equals("NO")): null

2018-11-24 11:56:00 - [TEST_STEP][PASSED] - function.CheckPoints.WriteToExcelFail: function.CheckPoints.WriteToExcelFail is PASSED

2018-11-24 11:56:00 - [MESSAGE][PASSED] - function.CheckPoints.WriteToExcelFail is PASSED

2018-11-24 11:56:00 - [TEST_STEP][PASSED] - Statement - println(executionStatus contains of 'NO' $executionStatus): null

2018-11-24 11:56:00 - [TEST_STEP][PASSED] - Statement - scenarioData = Configuration.getValue("Module_Name", getConfigData): null

2018-11-24 11:56:00 - [TEST_STEP][PASSED] - Statement - println(scenarioData:$scenarioData): null

2018-11-24 11:56:00 - [TEST_STEP][PASSED] - Statement - UserActionData = Configuration.getValue("UserAction", getConfigData): null

2018-11-24 11:56:00 - [TEST_STEP][PASSED] - Statement - println(UserActionData:$UserActionData): null

2018-11-24 11:56:00 - [TEST_STEP][PASSED] - Statement - executionStatus = Configuration.getValue("ExecutionStatus", getConfigData): null

2018-11-24 11:56:00 - [TEST_STEP][PASSED] - Statement - If (executionStatus.equals("YES")): null

2018-11-24 11:56:00 - [TEST_STEP][PASSED] - Statement - Else If (executionStatus.equals("NO")): null

2018-11-24 11:56:00 - [TEST_STEP][PASSED] - function.CheckPoints.WriteToExcelFail: function.CheckPoints.WriteToExcelFail is PASSED

2018-11-24 11:56:00 - [MESSAGE][PASSED] - function.CheckPoints.WriteToExcelFail is PASSED

2018-11-24 11:56:00 - [TEST_STEP][PASSED] - Statement - println(executionStatus contains of 'NO' $executionStatus): null

2018-11-24 11:56:00 - [TEST_STEP][PASSED] - Statement - scenarioData = Configuration.getValue("Module_Name", getConfigData): null

2018-11-24 11:56:00 - [TEST_STEP][PASSED] - Statement - println(scenarioData:$scenarioData): null

2018-11-24 11:56:00 - [TEST_STEP][PASSED] - Statement - UserActionData = Configuration.getValue("UserAction", getConfigData): null

2018-11-24 11:56:00 - [TEST_STEP][PASSED] - Statement - println(UserActionData:$UserActionData): null

2018-11-24 11:56:00 - [TEST_STEP][PASSED] - Statement - executionStatus = Configuration.getValue("ExecutionStatus", getConfigData): null

2018-11-24 11:56:00 - [TEST_STEP][PASSED] - Statement - If (executionStatus.equals("YES")): null

2018-11-24 11:56:00 - [TEST_STEP][PASSED] - Statement - Else If (executionStatus.equals("NO")): null

2018-11-24 11:56:00 - [TEST_STEP][PASSED] - function.CheckPoints.WriteToExcelFail: function.CheckPoints.WriteToExcelFail is PASSED

2018-11-24 11:56:01 - [MESSAGE][PASSED] - function.CheckPoints.WriteToExcelFail is PASSED

2018-11-24 11:56:01 - [TEST_STEP][PASSED] - Statement - println(executionStatus contains of 'NO' $executionStatus): null

2018-11-24 11:56:01 - [TEST_STEP][PASSED] - Statement - scenarioData = Configuration.getValue("Module_Name", getConfigData): null

2018-11-24 11:56:01 - [TEST_STEP][PASSED] - Statement - println(scenarioData:$scenarioData): null

2018-11-24 11:56:01 - [TEST_STEP][PASSED] - Statement - UserActionData = Configuration.getValue("UserAction", getConfigData): null

2018-11-24 11:56:01 - [TEST_STEP][PASSED] - Statement - println(UserActionData:$UserActionData): null

2018-11-24 11:56:01 - [TEST_STEP][PASSED] - Statement - executionStatus = Configuration.getValue("ExecutionStatus", getConfigData): null

2018-11-24 11:56:01 - [TEST_STEP][PASSED] - Statement - If (executionStatus.equals("YES")): null

2018-11-24 11:56:01 - [TEST_STEP][PASSED] - Statement - Else If (executionStatus.equals("NO")): null

2018-11-24 11:56:01 - [TEST_STEP][PASSED] - function.CheckPoints.WriteToExcelFail: function.CheckPoints.WriteToExcelFail is PASSED

2018-11-24 11:56:01 - [MESSAGE][PASSED] - function.CheckPoints.WriteToExcelFail is PASSED

2018-11-24 11:56:01 - [TEST_STEP][PASSED] - Statement - println(executionStatus contains of 'NO' $executionStatus): null

2018-11-24 11:56:01 - [TEST_STEP][PASSED] - Statement - scenarioData = Configuration.getValue("Module_Name", getConfigData): null

2018-11-24 11:56:01 - [TEST_STEP][PASSED] - Statement - println(scenarioData:$scenarioData): null

2018-11-24 11:56:01 - [TEST_STEP][PASSED] - Statement - UserActionData = Configuration.getValue("UserAction", getConfigData): null

2018-11-24 11:56:01 - [TEST_STEP][PASSED] - Statement - println(UserActionData:$UserActionData): null

2018-11-24 11:56:01 - [TEST_STEP][PASSED] - Statement - executionStatus = Configuration.getValue("ExecutionStatus", getConfigData): null

2018-11-24 11:56:01 - [TEST_STEP][PASSED] - Statement - If (executionStatus.equals("YES")): null

2018-11-24 11:56:01 - [TEST_STEP][PASSED] - Statement - Else If (executionStatus.equals("NO")): null

2018-11-24 11:56:01 - [TEST_STEP][PASSED] - function.CheckPoints.WriteToExcelFail: function.CheckPoints.WriteToExcelFail is PASSED

2018-11-24 11:56:01 - [MESSAGE][PASSED] - function.CheckPoints.WriteToExcelFail is PASSED

2018-11-24 11:56:01 - [TEST_STEP][PASSED] - Statement - println(executionStatus contains of 'NO' $executionStatus): null

2018-11-24 11:56:01 - [TEST_STEP][PASSED] - Statement - scenarioData = Configuration.getValue("Module_Name", getConfigData): null

2018-11-24 11:56:01 - [TEST_STEP][PASSED] - Statement - println(scenarioData:$scenarioData): null

2018-11-24 11:56:01 - [TEST_STEP][PASSED] - Statement - UserActionData = Configuration.getValue("UserAction", getConfigData): null

2018-11-24 11:56:01 - [TEST_STEP][PASSED] - Statement - println(UserActionData:$UserActionData): null

2018-11-24 11:56:01 - [TEST_STEP][PASSED] - Statement - executionStatus = Configuration.getValue("ExecutionStatus", getConfigData): null

2018-11-24 11:56:01 - [TEST_STEP][PASSED] - Statement - If (executionStatus.equals("YES")): null

2018-11-24 11:56:01 - [TEST_STEP][PASSED] - Statement - Else If (executionStatus.equals("NO")): null

2018-11-24 11:56:01 - [TEST_STEP][PASSED] - function.CheckPoints.WriteToExcelFail: function.CheckPoints.WriteToExcelFail is PASSED

2018-11-24 11:56:01 - [MESSAGE][PASSED] - function.CheckPoints.WriteToExcelFail is PASSED

2018-11-24 11:56:01 - [TEST_STEP][PASSED] - Statement - println(executionStatus contains of 'NO' $executionStatus): null

2018-11-24 11:56:01 - [TEST_STEP][PASSED] - Statement - scenarioData = Configuration.getValue("Module_Name", getConfigData): null

2018-11-24 11:56:01 - [TEST_STEP][PASSED] - Statement - println(scenarioData:$scenarioData): null

2018-11-24 11:56:01 - [TEST_STEP][PASSED] - Statement - UserActionData = Configuration.getValue("UserAction", getConfigData): null

2018-11-24 11:56:01 - [TEST_STEP][PASSED] - Statement - println(UserActionData:$UserActionData): null

2018-11-24 11:56:01 - [TEST_STEP][PASSED] - Statement - executionStatus = Configuration.getValue("ExecutionStatus", getConfigData): null

2018-11-24 11:56:01 - [TEST_STEP][PASSED] - Statement - If (executionStatus.equals("YES")): null

2018-11-24 11:56:01 - [TEST_STEP][PASSED] - Statement - Else If (executionStatus.equals("NO")): null

2018-11-24 11:56:01 - [TEST_STEP][PASSED] - function.CheckPoints.WriteToExcelFail: function.CheckPoints.WriteToExcelFail is PASSED

2018-11-24 11:56:01 - [MESSAGE][PASSED] - function.CheckPoints.WriteToExcelFail is PASSED

2018-11-24 11:56:01 - [TEST_STEP][PASSED] - Statement - println(executionStatus contains of 'NO' $executionStatus): null

2018-11-24 11:56:01 - [TEST_STEP][PASSED] - Statement - scenarioData = Configuration.getValue("Module_Name", getConfigData): null

2018-11-24 11:56:01 - [TEST_STEP][PASSED] - Statement - println(scenarioData:$scenarioData): null

2018-11-24 11:56:01 - [TEST_STEP][PASSED] - Statement - UserActionData = Configuration.getValue("UserAction", getConfigData): null

2018-11-24 11:56:01 - [TEST_STEP][PASSED] - Statement - println(UserActionData:$UserActionData): null

2018-11-24 11:56:01 - [TEST_STEP][PASSED] - Statement - executionStatus = Configuration.getValue("ExecutionStatus", getConfigData): null

2018-11-24 11:56:01 - [TEST_STEP][PASSED] - Statement - If (executionStatus.equals("YES")): null

2018-11-24 11:56:01 - [TEST_STEP][PASSED] - Statement - Else If (executionStatus.equals("NO")): null

2018-11-24 11:56:01 - [TEST_STEP][PASSED] - function.CheckPoints.WriteToExcelFail: function.CheckPoints.WriteToExcelFail is PASSED

2018-11-24 11:56:01 - [MESSAGE][PASSED] - function.CheckPoints.WriteToExcelFail is PASSED

2018-11-24 11:56:01 - [TEST_STEP][PASSED] - Statement - println(executionStatus contains of 'NO' $executionStatus): null

2018-11-24 11:56:01 - [TEST_STEP][PASSED] - Statement - While (hmapconfig.values().remove("") || hmapconfig.values().remove(null)): null

2018-11-24 11:56:01 - [TEST_STEP][PASSED] - Statement - mappingconfighmap = hmapconfig.entrySet(): null

2018-11-24 11:56:01 - [TEST_STEP][PASSED] - Statement - mappingconfusracthmap = hmapconfiguserAction.entrySet(): null

2018-11-24 11:56:01 - [TEST_STEP][PASSED] - Statement - println(Set of Keys and Values using entrySet() : $mappingconfighmap): null

2018-11-24 11:56:01 - [TEST_STEP][PASSED] - Statement - For (Map$Entry<Integer, String> mappingentries : mappingconfighmap): null

2018-11-24 11:56:01 - [TEST_STEP][PASSED] - Statement - println(entries$mappingentries): null

2018-11-24 11:56:01 - [TEST_STEP][PASSED] - Statement - config_numbers_values.add(mappingentries.getValue()): null

2018-11-24 11:56:01 - [TEST_STEP][PASSED] - Statement - config_numbers_index.add(mappingentries.getKey()): null

2018-11-24 11:56:01 - [TEST_STEP][PASSED] - Statement - println(entries$mappingentries): null

2018-11-24 11:56:01 - [TEST_STEP][PASSED] - Statement - config_numbers_values.add(mappingentries.getValue()): null

2018-11-24 11:56:01 - [TEST_STEP][PASSED] - Statement - config_numbers_index.add(mappingentries.getKey()): null

2018-11-24 11:56:02 - [TEST_STEP][PASSED] - Statement - For (Map$Entry<Integer, String> mappingusractentries : mappingconfusracthmap): null

2018-11-24 11:56:02 - [TEST_STEP][PASSED] - Statement - println(entries$mappingusractentries): null

2018-11-24 11:56:02 - [TEST_STEP][PASSED] - Statement - config_useraction_values.add(mappingusractentries.getValue()): null

2018-11-24 11:56:02 - [TEST_STEP][PASSED] - Statement - config_useraction_index.add(mappingusractentries.getKey()): null

2018-11-24 11:56:02 - [TEST_STEP][PASSED] - Statement - println(entries$mappingusractentries): null

2018-11-24 11:56:02 - [TEST_STEP][PASSED] - Statement - config_useraction_values.add(mappingusractentries.getValue()): null

2018-11-24 11:56:02 - [TEST_STEP][PASSED] - Statement - config_useraction_index.add(mappingusractentries.getKey()): null

2018-11-24 11:56:02 - [TEST_STEP][PASSED] - Statement - out.println("GlobalVariable.config_numbers_value : " + config_numbers_values): null

2018-11-24 11:56:02 - [TEST_STEP][PASSED] - Statement - out.println("config_numbers_index : " + config_numbers_index): null

2018-11-24 11:56:02 - [TEST_STEP][PASSED] - Statement - out.println("config_useraction_values : " + config_useraction_values): null

2018-11-24 11:56:02 - [TEST_STEP][PASSED] - Statement - out.println("config_useraction_index : " + config_useraction_index): null

2018-11-24 11:56:02 - [TEST_STEP][PASSED] - Statement - out.println("hmapconfig : " + hmapconfig): null

2018-11-24 11:56:02 - [TEST_STEP][PASSED] - Statement - out.println("hmapconfiguserAction : " + hmapconfiguserAction): null

2018-11-24 11:56:02 - [TEST_STEP][PASSED] - Statement - configsizeCountValue = config_numbers_values.size(): null

2018-11-24 11:56:02 - [TEST_STEP][PASSED] - Statement - configsizeCountIndex = config_numbers_index.size(): null

2018-11-24 11:56:02 - [TEST_STEP][PASSED] - Statement - useractionconfigsizeCountValue = config_useraction_values.size(): null

2018-11-24 11:56:02 - [TEST_STEP][PASSED] - Statement - useractionconfigsizeCountIndex = config_useraction_index.size(): null

2018-11-24 11:56:02 - [TEST_STEP][PASSED] - Statement - println(configsizeCountValue :$configsizeCountValue): null

2018-11-24 11:56:02 - [TEST_STEP][PASSED] - Statement - println(configsizeCountIndex :$configsizeCountIndex): null

2018-11-24 11:56:02 - [TEST_STEP][PASSED] - Statement - println(useractionconfigsizeCountValue :$useractionconfigsizeCountValue): null

2018-11-24 11:56:02 - [TEST_STEP][PASSED] - Statement - println(useractionconfigsizeCountIndex :$useractionconfigsizeCountIndex): null

2018-11-24 11:56:02 - [TEST_STEP][PASSED] - Statement - For ([i = 0, i < configsizeCountValue, (i++)]): null

2018-11-24 11:56:02 - [TEST_STEP][PASSED] - Statement - For ([j = 0, j < sizeCountValue, (j++)]): null

2018-11-24 11:56:02 - [TEST_STEP][PASSED] - Statement - If (config_numbers_values.get(i).equals(Testcase_numbers_values.get(j))): null

2018-11-24 11:56:02 - [TEST_STEP][PASSED] - Statement - If (config_useraction_values.get(i).equals(testcase_value.get(j))): null

2018-11-24 11:56:02 - [TEST_STEP][PASSED] - Statement - ActualTCindex.add(Testcase_numbers_index.get(j)): null

2018-11-24 11:56:02 - [TEST_STEP][PASSED] - Statement - ActualTCmodulevalues.add(Testcase_numbers_values.get(j)): null

2018-11-24 11:56:02 - [TEST_STEP][PASSED] - Statement - ActualTCuseractvalues.add(testcase_value.get(j)): null

2018-11-24 11:56:02 - [TEST_STEP][PASSED] - Statement - ActualConfigindex.add(config_numbers_index.get(i)): null

2018-11-24 11:56:02 - [TEST_STEP][PASSED] - Statement - ActualConfigmodulevalues.add(config_numbers_values.get(i)): null

2018-11-24 11:56:02 - [TEST_STEP][PASSED] - Statement - ActualConfiguseractvalues.add(config_useraction_values.get(i)): null

2018-11-24 11:56:02 - [TEST_STEP][PASSED] - Statement - If (config_numbers_values.get(i).equals(Testcase_numbers_values.get(j))): null

2018-11-24 11:56:02 - [TEST_STEP][PASSED] - Statement - If (config_numbers_values.get(i).equals(Testcase_numbers_values.get(j))): null

2018-11-24 11:56:02 - [TEST_STEP][PASSED] - Statement - If (config_numbers_values.get(i).equals(Testcase_numbers_values.get(j))): null

2018-11-24 11:56:02 - [TEST_STEP][PASSED] - Statement - If (config_numbers_values.get(i).equals(Testcase_numbers_values.get(j))): null

2018-11-24 11:56:02 - [TEST_STEP][PASSED] - Statement - If (config_numbers_values.get(i).equals(Testcase_numbers_values.get(j))): null

2018-11-24 11:56:02 - [TEST_STEP][PASSED] - Statement - If (config_numbers_values.get(i).equals(Testcase_numbers_values.get(j))): null

2018-11-24 11:56:02 - [TEST_STEP][PASSED] - Statement - If (config_numbers_values.get(i).equals(Testcase_numbers_values.get(j))): null

2018-11-24 11:56:02 - [TEST_STEP][PASSED] - Statement - If (config_numbers_values.get(i).equals(Testcase_numbers_values.get(j))): null

2018-11-24 11:56:02 - [TEST_STEP][PASSED] - Statement - If (config_numbers_values.get(i).equals(Testcase_numbers_values.get(j))): null

2018-11-24 11:56:02 - [TEST_STEP][PASSED] - Statement - If (config_numbers_values.get(i).equals(Testcase_numbers_values.get(j))): null

2018-11-24 11:56:02 - [TEST_STEP][PASSED] - Statement - If (config_numbers_values.get(i).equals(Testcase_numbers_values.get(j))): null

2018-11-24 11:56:02 - [TEST_STEP][PASSED] - Statement - If (config_numbers_values.get(i).equals(Testcase_numbers_values.get(j))): null

2018-11-24 11:56:02 - [TEST_STEP][PASSED] - Statement - If (config_numbers_values.get(i).equals(Testcase_numbers_values.get(j))): null

2018-11-24 11:56:02 - [TEST_STEP][PASSED] - Statement - If (config_numbers_values.get(i).equals(Testcase_numbers_values.get(j))): null

2018-11-24 11:56:02 - [TEST_STEP][PASSED] - Statement - If (config_numbers_values.get(i).equals(Testcase_numbers_values.get(j))): null

2018-11-24 11:56:02 - [TEST_STEP][PASSED] - Statement - If (config_numbers_values.get(i).equals(Testcase_numbers_values.get(j))): null

2018-11-24 11:56:02 - [TEST_STEP][PASSED] - Statement - If (config_numbers_values.get(i).equals(Testcase_numbers_values.get(j))): null

2018-11-24 11:56:02 - [TEST_STEP][PASSED] - Statement - If (config_numbers_values.get(i).equals(Testcase_numbers_values.get(j))): null

2018-11-24 11:56:02 - [TEST_STEP][PASSED] - Statement - If (config_numbers_values.get(i).equals(Testcase_numbers_values.get(j))): null

2018-11-24 11:56:02 - [TEST_STEP][PASSED] - Statement - If (config_numbers_values.get(i).equals(Testcase_numbers_values.get(j))): null

2018-11-24 11:56:02 - [TEST_STEP][PASSED] - Statement - If (config_numbers_values.get(i).equals(Testcase_numbers_values.get(j))): null

2018-11-24 11:56:02 - [TEST_STEP][PASSED] - Statement - If (config_numbers_values.get(i).equals(Testcase_numbers_values.get(j))): null

2018-11-24 11:56:02 - [TEST_STEP][PASSED] - Statement - If (config_numbers_values.get(i).equals(Testcase_numbers_values.get(j))): null

2018-11-24 11:56:02 - [TEST_STEP][PASSED] - Statement - If (config_numbers_values.get(i).equals(Testcase_numbers_values.get(j))): null

2018-11-24 11:56:02 - [TEST_STEP][PASSED] - Statement - If (config_numbers_values.get(i).equals(Testcase_numbers_values.get(j))): null

2018-11-24 11:56:02 - [TEST_STEP][PASSED] - Statement - If (config_numbers_values.get(i).equals(Testcase_numbers_values.get(j))): null

2018-11-24 11:56:02 - [TEST_STEP][PASSED] - Statement - If (config_numbers_values.get(i).equals(Testcase_numbers_values.get(j))): null

2018-11-24 11:56:02 - [TEST_STEP][PASSED] - Statement - If (config_numbers_values.get(i).equals(Testcase_numbers_values.get(j))): null

2018-11-24 11:56:02 - [TEST_STEP][PASSED] - Statement - If (config_numbers_values.get(i).equals(Testcase_numbers_values.get(j))): null

2018-11-24 11:56:02 - [TEST_STEP][PASSED] - Statement - If (config_numbers_values.get(i).equals(Testcase_numbers_values.get(j))): null

2018-11-24 11:56:02 - [TEST_STEP][PASSED] - Statement - If (config_numbers_values.get(i).equals(Testcase_numbers_values.get(j))): null

2018-11-24 11:56:02 - [TEST_STEP][PASSED] - Statement - If (config_numbers_values.get(i).equals(Testcase_numbers_values.get(j))): null

2018-11-24 11:56:02 - [TEST_STEP][PASSED] - Statement - If (config_numbers_values.get(i).equals(Testcase_numbers_values.get(j))): null

2018-11-24 11:56:02 - [TEST_STEP][PASSED] - Statement - If (config_numbers_values.get(i).equals(Testcase_numbers_values.get(j))): null

2018-11-24 11:56:02 - [TEST_STEP][PASSED] - Statement - If (config_numbers_values.get(i).equals(Testcase_numbers_values.get(j))): null

2018-11-24 11:56:02 - [TEST_STEP][PASSED] - Statement - If (config_numbers_values.get(i).equals(Testcase_numbers_values.get(j))): null

2018-11-24 11:56:02 - [TEST_STEP][PASSED] - Statement - If (config_numbers_values.get(i).equals(Testcase_numbers_values.get(j))): null

2018-11-24 11:56:02 - [TEST_STEP][PASSED] - Statement - If (config_numbers_values.get(i).equals(Testcase_numbers_values.get(j))): null

2018-11-24 11:56:02 - [TEST_STEP][PASSED] - Statement - If (config_numbers_values.get(i).equals(Testcase_numbers_values.get(j))): null

2018-11-24 11:56:02 - [TEST_STEP][PASSED] - Statement - If (config_numbers_values.get(i).equals(Testcase_numbers_values.get(j))): null

2018-11-24 11:56:02 - [TEST_STEP][PASSED] - Statement - If (config_numbers_values.get(i).equals(Testcase_numbers_values.get(j))): null

2018-11-24 11:56:02 - [TEST_STEP][PASSED] - Statement - If (config_numbers_values.get(i).equals(Testcase_numbers_values.get(j))): null

2018-11-24 11:56:02 - [TEST_STEP][PASSED] - Statement - If (config_numbers_values.get(i).equals(Testcase_numbers_values.get(j))): null

2018-11-24 11:56:02 - [TEST_STEP][PASSED] - Statement - If (config_numbers_values.get(i).equals(Testcase_numbers_values.get(j))): null

2018-11-24 11:56:02 - [TEST_STEP][PASSED] - Statement - If (config_numbers_values.get(i).equals(Testcase_numbers_values.get(j))): null

2018-11-24 11:56:02 - [TEST_STEP][PASSED] - Statement - If (config_numbers_values.get(i).equals(Testcase_numbers_values.get(j))): null

2018-11-24 11:56:02 - [TEST_STEP][PASSED] - Statement - If (config_numbers_values.get(i).equals(Testcase_numbers_values.get(j))): null

2018-11-24 11:56:02 - [TEST_STEP][PASSED] - Statement - If (config_numbers_values.get(i).equals(Testcase_numbers_values.get(j))): null

2018-11-24 11:56:02 - [TEST_STEP][PASSED] - Statement - If (config_numbers_values.get(i).equals(Testcase_numbers_values.get(j))): null

2018-11-24 11:56:02 - [TEST_STEP][PASSED] - Statement - If (config_numbers_values.get(i).equals(Testcase_numbers_values.get(j))): null

2018-11-24 11:56:02 - [TEST_STEP][PASSED] - Statement - If (config_numbers_values.get(i).equals(Testcase_numbers_values.get(j))): null

2018-11-24 11:56:02 - [TEST_STEP][PASSED] - Statement - If (config_numbers_values.get(i).equals(Testcase_numbers_values.get(j))): null

2018-11-24 11:56:02 - [TEST_STEP][PASSED] - Statement - If (config_numbers_values.get(i).equals(Testcase_numbers_values.get(j))): null

2018-11-24 11:56:02 - [TEST_STEP][PASSED] - Statement - If (config_numbers_values.get(i).equals(Testcase_numbers_values.get(j))): null

2018-11-24 11:56:02 - [TEST_STEP][PASSED] - Statement - If (config_numbers_values.get(i).equals(Testcase_numbers_values.get(j))): null

2018-11-24 11:56:02 - [TEST_STEP][PASSED] - Statement - If (config_numbers_values.get(i).equals(Testcase_numbers_values.get(j))): null

2018-11-24 11:56:02 - [TEST_STEP][PASSED] - Statement - If (config_numbers_values.get(i).equals(Testcase_numbers_values.get(j))): null

2018-11-24 11:56:02 - [TEST_STEP][PASSED] - Statement - If (config_numbers_values.get(i).equals(Testcase_numbers_values.get(j))): null

2018-11-24 11:56:02 - [TEST_STEP][PASSED] - Statement - If (config_numbers_values.get(i).equals(Testcase_numbers_values.get(j))): null

2018-11-24 11:56:02 - [TEST_STEP][PASSED] - Statement - If (config_numbers_values.get(i).equals(Testcase_numbers_values.get(j))): null

2018-11-24 11:56:02 - [TEST_STEP][PASSED] - Statement - If (config_numbers_values.get(i).equals(Testcase_numbers_values.get(j))): null

2018-11-24 11:56:02 - [TEST_STEP][PASSED] - Statement - If (config_numbers_values.get(i).equals(Testcase_numbers_values.get(j))): null

2018-11-24 11:56:02 - [TEST_STEP][PASSED] - Statement - If (config_numbers_values.get(i).equals(Testcase_numbers_values.get(j))): null

2018-11-24 11:56:02 - [TEST_STEP][PASSED] - Statement - If (config_numbers_values.get(i).equals(Testcase_numbers_values.get(j))): null

2018-11-24 11:56:02 - [TEST_STEP][PASSED] - Statement - For ([j = 0, j < sizeCountValue, (j++)]): null

2018-11-24 11:56:02 - [TEST_STEP][PASSED] - Statement - If (config_numbers_values.get(i).equals(Testcase_numbers_values.get(j))): null

2018-11-24 11:56:02 - [TEST_STEP][PASSED] - Statement - If (config_numbers_values.get(i).equals(Testcase_numbers_values.get(j))): null

2018-11-24 11:56:02 - [TEST_STEP][PASSED] - Statement - If (config_numbers_values.get(i).equals(Testcase_numbers_values.get(j))): null

2018-11-24 11:56:02 - [TEST_STEP][PASSED] - Statement - If (config_numbers_values.get(i).equals(Testcase_numbers_values.get(j))): null

2018-11-24 11:56:02 - [TEST_STEP][PASSED] - Statement - If (config_numbers_values.get(i).equals(Testcase_numbers_values.get(j))): null

2018-11-24 11:56:02 - [TEST_STEP][PASSED] - Statement - If (config_numbers_values.get(i).equals(Testcase_numbers_values.get(j))): null

2018-11-24 11:56:02 - [TEST_STEP][PASSED] - Statement - If (config_numbers_values.get(i).equals(Testcase_numbers_values.get(j))): null

2018-11-24 11:56:02 - [TEST_STEP][PASSED] - Statement - If (config_numbers_values.get(i).equals(Testcase_numbers_values.get(j))): null

2018-11-24 11:56:02 - [TEST_STEP][PASSED] - Statement - If (config_numbers_values.get(i).equals(Testcase_numbers_values.get(j))): null

2018-11-24 11:56:02 - [TEST_STEP][PASSED] - Statement - If (config_numbers_values.get(i).equals(Testcase_numbers_values.get(j))): null

2018-11-24 11:56:02 - [TEST_STEP][PASSED] - Statement - If (config_numbers_values.get(i).equals(Testcase_numbers_values.get(j))): null

2018-11-24 11:56:02 - [TEST_STEP][PASSED] - Statement - If (config_numbers_values.get(i).equals(Testcase_numbers_values.get(j))): null

2018-11-24 11:56:02 - [TEST_STEP][PASSED] - Statement - If (config_numbers_values.get(i).equals(Testcase_numbers_values.get(j))): null

2018-11-24 11:56:02 - [TEST_STEP][PASSED] - Statement - If (config_numbers_values.get(i).equals(Testcase_numbers_values.get(j))): null

2018-11-24 11:56:02 - [TEST_STEP][PASSED] - Statement - If (config_numbers_values.get(i).equals(Testcase_numbers_values.get(j))): null

2018-11-24 11:56:02 - [TEST_STEP][PASSED] - Statement - If (config_numbers_values.get(i).equals(Testcase_numbers_values.get(j))): null

2018-11-24 11:56:02 - [TEST_STEP][PASSED] - Statement - If (config_numbers_values.get(i).equals(Testcase_numbers_values.get(j))): null

2018-11-24 11:56:02 - [TEST_STEP][PASSED] - Statement - If (config_numbers_values.get(i).equals(Testcase_numbers_values.get(j))): null

2018-11-24 11:56:02 - [TEST_STEP][PASSED] - Statement - If (config_numbers_values.get(i).equals(Testcase_numbers_values.get(j))): null

2018-11-24 11:56:02 - [TEST_STEP][PASSED] - Statement - If (config_numbers_values.get(i).equals(Testcase_numbers_values.get(j))): null

2018-11-24 11:56:02 - [TEST_STEP][PASSED] - Statement - If (config_numbers_values.get(i).equals(Testcase_numbers_values.get(j))): null

2018-11-24 11:56:02 - [TEST_STEP][PASSED] - Statement - If (config_numbers_values.get(i).equals(Testcase_numbers_values.get(j))): null

2018-11-24 11:56:02 - [TEST_STEP][PASSED] - Statement - If (config_numbers_values.get(i).equals(Testcase_numbers_values.get(j))): null

2018-11-24 11:56:02 - [TEST_STEP][PASSED] - Statement - If (config_numbers_values.get(i).equals(Testcase_numbers_values.get(j))): null

2018-11-24 11:56:02 - [TEST_STEP][PASSED] - Statement - If (config_numbers_values.get(i).equals(Testcase_numbers_values.get(j))): null

2018-11-24 11:56:02 - [TEST_STEP][PASSED] - Statement - If (config_useraction_values.get(i).equals(testcase_value.get(j))): null

2018-11-24 11:56:02 - [TEST_STEP][PASSED] - Statement - ActualTCindex.add(Testcase_numbers_index.get(j)): null

2018-11-24 11:56:02 - [TEST_STEP][PASSED] - Statement - ActualTCmodulevalues.add(Testcase_numbers_values.get(j)): null

2018-11-24 11:56:02 - [TEST_STEP][PASSED] - Statement - ActualTCuseractvalues.add(testcase_value.get(j)): null

2018-11-24 11:56:02 - [TEST_STEP][PASSED] - Statement - ActualConfigindex.add(config_numbers_index.get(i)): null

2018-11-24 11:56:02 - [TEST_STEP][PASSED] - Statement - ActualConfigmodulevalues.add(config_numbers_values.get(i)): null

2018-11-24 11:56:02 - [TEST_STEP][PASSED] - Statement - ActualConfiguseractvalues.add(config_useraction_values.get(i)): null

2018-11-24 11:56:02 - [TEST_STEP][PASSED] - Statement - If (config_numbers_values.get(i).equals(Testcase_numbers_values.get(j))): null

2018-11-24 11:56:02 - [TEST_STEP][PASSED] - Statement - If (config_useraction_values.get(i).equals(testcase_value.get(j))): null

2018-11-24 11:56:02 - [TEST_STEP][PASSED] - Statement - If (config_numbers_values.get(i).equals(Testcase_numbers_values.get(j))): null

2018-11-24 11:56:02 - [TEST_STEP][PASSED] - Statement - If (config_useraction_values.get(i).equals(testcase_value.get(j))): null

2018-11-24 11:56:02 - [TEST_STEP][PASSED] - Statement - If (config_numbers_values.get(i).equals(Testcase_numbers_values.get(j))): null

2018-11-24 11:56:02 - [TEST_STEP][PASSED] - Statement - If (config_numbers_values.get(i).equals(Testcase_numbers_values.get(j))): null

2018-11-24 11:56:02 - [TEST_STEP][PASSED] - Statement - If (config_numbers_values.get(i).equals(Testcase_numbers_values.get(j))): null

2018-11-24 11:56:02 - [TEST_STEP][PASSED] - Statement - If (config_numbers_values.get(i).equals(Testcase_numbers_values.get(j))): null

2018-11-24 11:56:02 - [TEST_STEP][PASSED] - Statement - If (config_numbers_values.get(i).equals(Testcase_numbers_values.get(j))): null

2018-11-24 11:56:02 - [TEST_STEP][PASSED] - Statement - If (config_numbers_values.get(i).equals(Testcase_numbers_values.get(j))): null

2018-11-24 11:56:02 - [TEST_STEP][PASSED] - Statement - If (config_numbers_values.get(i).equals(Testcase_numbers_values.get(j))): null

2018-11-24 11:56:02 - [TEST_STEP][PASSED] - Statement - If (config_numbers_values.get(i).equals(Testcase_numbers_values.get(j))): null

2018-11-24 11:56:02 - [TEST_STEP][PASSED] - Statement - If (config_numbers_values.get(i).equals(Testcase_numbers_values.get(j))): null

2018-11-24 11:56:02 - [TEST_STEP][PASSED] - Statement - If (config_numbers_values.get(i).equals(Testcase_numbers_values.get(j))): null

2018-11-24 11:56:02 - [TEST_STEP][PASSED] - Statement - If (config_numbers_values.get(i).equals(Testcase_numbers_values.get(j))): null

2018-11-24 11:56:02 - [TEST_STEP][PASSED] - Statement - If (config_numbers_values.get(i).equals(Testcase_numbers_values.get(j))): null

2018-11-24 11:56:02 - [TEST_STEP][PASSED] - Statement - If (config_numbers_values.get(i).equals(Testcase_numbers_values.get(j))): null

2018-11-24 11:56:02 - [TEST_STEP][PASSED] - Statement - If (config_numbers_values.get(i).equals(Testcase_numbers_values.get(j))): null

2018-11-24 11:56:02 - [TEST_STEP][PASSED] - Statement - If (config_numbers_values.get(i).equals(Testcase_numbers_values.get(j))): null

2018-11-24 11:56:02 - [TEST_STEP][PASSED] - Statement - If (config_numbers_values.get(i).equals(Testcase_numbers_values.get(j))): null

2018-11-24 11:56:02 - [TEST_STEP][PASSED] - Statement - If (config_numbers_values.get(i).equals(Testcase_numbers_values.get(j))): null

2018-11-24 11:56:02 - [TEST_STEP][PASSED] - Statement - If (config_numbers_values.get(i).equals(Testcase_numbers_values.get(j))): null

2018-11-24 11:56:02 - [TEST_STEP][PASSED] - Statement - If (config_numbers_values.get(i).equals(Testcase_numbers_values.get(j))): null

2018-11-24 11:56:02 - [TEST_STEP][PASSED] - Statement - If (config_numbers_values.get(i).equals(Testcase_numbers_values.get(j))): null

2018-11-24 11:56:02 - [TEST_STEP][PASSED] - Statement - If (config_numbers_values.get(i).equals(Testcase_numbers_values.get(j))): null

2018-11-24 11:56:02 - [TEST_STEP][PASSED] - Statement - If (config_numbers_values.get(i).equals(Testcase_numbers_values.get(j))): null

2018-11-24 11:56:02 - [TEST_STEP][PASSED] - Statement - If (config_numbers_values.get(i).equals(Testcase_numbers_values.get(j))): null

2018-11-24 11:56:02 - [TEST_STEP][PASSED] - Statement - If (config_numbers_values.get(i).equals(Testcase_numbers_values.get(j))): null

2018-11-24 11:56:02 - [TEST_STEP][PASSED] - Statement - If (config_numbers_values.get(i).equals(Testcase_numbers_values.get(j))): null

2018-11-24 11:56:02 - [TEST_STEP][PASSED] - Statement - If (config_numbers_values.get(i).equals(Testcase_numbers_values.get(j))): null

2018-11-24 11:56:02 - [TEST_STEP][PASSED] - Statement - If (config_numbers_values.get(i).equals(Testcase_numbers_values.get(j))): null

2018-11-24 11:56:02 - [TEST_STEP][PASSED] - Statement - If (config_numbers_values.get(i).equals(Testcase_numbers_values.get(j))): null

2018-11-24 11:56:02 - [TEST_STEP][PASSED] - Statement - If (config_numbers_values.get(i).equals(Testcase_numbers_values.get(j))): null

2018-11-24 11:56:02 - [TEST_STEP][PASSED] - Statement - If (config_numbers_values.get(i).equals(Testcase_numbers_values.get(j))): null

2018-11-24 11:56:02 - [TEST_STEP][PASSED] - Statement - If (config_numbers_values.get(i).equals(Testcase_numbers_values.get(j))): null

2018-11-24 11:56:02 - [TEST_STEP][PASSED] - Statement - If (config_numbers_values.get(i).equals(Testcase_numbers_values.get(j))): null

2018-11-24 11:56:02 - [TEST_STEP][PASSED] - Statement - If (config_numbers_values.get(i).equals(Testcase_numbers_values.get(j))): null

2018-11-24 11:56:02 - [TEST_STEP][PASSED] - Statement - If (config_numbers_values.get(i).equals(Testcase_numbers_values.get(j))): null

2018-11-24 11:56:02 - [TEST_STEP][PASSED] - Statement - If (config_numbers_values.get(i).equals(Testcase_numbers_values.get(j))): null

2018-11-24 11:56:02 - [TEST_STEP][PASSED] - Statement - If (config_numbers_values.get(i).equals(Testcase_numbers_values.get(j))): null

2018-11-24 11:56:02 - [TEST_STEP][PASSED] - Statement - If (config_numbers_values.get(i).equals(Testcase_numbers_values.get(j))): null

2018-11-24 11:56:02 - [TEST_STEP][PASSED] - Statement - If (config_numbers_values.get(i).equals(Testcase_numbers_values.get(j))): null

2018-11-24 11:56:02 - [TEST_STEP][PASSED] - Statement - println(GlobalVariable.ActualTCindex:$GlobalVariable.ActualTCindex): null

2018-11-24 11:56:02 - [TEST_STEP][PASSED] - Statement - println(GlobalVariable.ActualTCmodulevalues:$GlobalVariable.ActualTCmodulevalues): null

2018-11-24 11:56:02 - [TEST_STEP][PASSED] - Statement - println(GlobalVariable.ActualTCuseractvalues:$GlobalVariable.ActualTCuseractvalues): null

2018-11-24 11:56:02 - [TEST_STEP][PASSED] - Statement - println(GlobalVariable.ActualConfigindex:$GlobalVariable.ActualConfigindex): null

2018-11-24 11:56:02 - [TEST_STEP][PASSED] - Statement - println(GlobalVariable.ActualConfigmodulevalues:$GlobalVariable.ActualConfigmodulevalues): null

2018-11-24 11:56:02 - [TEST_STEP][PASSED] - Statement - println(GlobalVariable.ActualConfiguseractvalues:$GlobalVariable.ActualConfiguseractvalues): null

2018-11-24 11:56:02 - [TEST_STEP][PASSED] - Statement - ActualindexCount = ActualTCindex.size(): null

2018-11-24 11:56:02 - [TEST_STEP][PASSED] - Statement - ActualmodulevalueCount = ActualTCmodulevalues.size(): null

2018-11-24 11:56:02 - [TEST_STEP][PASSED] - Statement - ActualuseractvalueCount = ActualTCuseractvalues.size(): null

2018-11-24 11:56:02 - [TEST_STEP][PASSED] - Statement - println(ActualindexCount :$ActualindexCount): null

2018-11-24 11:56:02 - [TEST_STEP][PASSED] - Statement - println(ActualmodulevalueCount :$ActualmodulevalueCount): null

2018-11-24 11:56:02 - [TEST_STEP][PASSED] - Statement - println(ActualuseractvalueCount :$ActualuseractvalueCount): null]]></system-out>
         <system-err><![CDATA[]]></system-err>
      </testcase>
      <testcase name="Test Cases/Framework/Framing" classname="Test Cases/Framework/Framing" status="PASSED">
         <system-out><![CDATA[2018-11-24 11:56:02 - [TEST_CASE][PASSED] - Test Cases/Framework/Framing: Test Cases/Framework/Framing

2018-11-24 11:56:02 - [TEST_STEP][PASSED] - openBrowser: Browser is opened with url: ''

2018-11-24 11:56:06 - [MESSAGE][PASSED] - Browser is opened with url: ''

2018-11-24 11:56:06 - [TEST_STEP][PASSED] - Statement - loginData = com.kms.katalon.core.testdata.TestDataFactory.findTestData(Data Files/Framework/Configuration): Reading excel file with source file 'E:\Rajesh\Showtime_Automation\SolutionFramework-2.O\Frame.xlsx' and sheet name 'Configuration'

2018-11-24 11:56:06 - [TEST_STEP][PASSED] - Statement - url = loginData.getValue("URL", 1): null

2018-11-24 11:56:06 - [TEST_STEP][PASSED] - Statement - If (!(url.isEmpty())): null

2018-11-24 11:56:06 - [TEST_STEP][PASSED] - navigateToUrl: Navigate to 'http://192.168.0.13/showtime_Fixing/admin_live/club_service_type_master.php?sid=14' successfully

2018-11-24 11:56:07 - [MESSAGE][PASSED] - Navigate to 'http://192.168.0.13/showtime_Fixing/admin_live/club_service_type_master.php?sid=14' successfully

2018-11-24 11:56:07 - [TEST_STEP][PASSED] - Statement - driver = com.kms.katalon.core.webui.driver.DriverFactory.getWebDriver(): null

2018-11-24 11:56:07 - [TEST_STEP][PASSED] - Statement - driver.manage().window().maximize(): null

2018-11-24 11:56:08 - [TEST_STEP][PASSED] - Statement - Configuration = com.kms.katalon.core.testdata.TestDataFactory.findTestData(Data Files/Framework/Configuration): Reading excel file with source file 'E:\Rajesh\Showtime_Automation\SolutionFramework-2.O\Frame.xlsx' and sheet name 'Configuration'

2018-11-24 11:56:08 - [TEST_STEP][PASSED] - Statement - Testcases = com.kms.katalon.core.testdata.TestDataFactory.findTestData(Data Files/Framework/TestCase): Reading excel file with source file 'E:\Rajesh\Showtime_Automation\SolutionFramework-2.O\Frame.xlsx' and sheet name 'Testcases'

2018-11-24 11:56:08 - [TEST_STEP][PASSED] - Statement - Testcaseindex = <not implemented yet for class: org.codehaus.groovy.ast.expr.EmptyExpression>: null

2018-11-24 11:56:08 - [TEST_STEP][PASSED] - Statement - endPoint = "Start": null

2018-11-24 11:56:08 - [TEST_STEP][PASSED] - Statement - moduleName = <not implemented yet for class: org.codehaus.groovy.ast.expr.EmptyExpression>: null

2018-11-24 11:56:08 - [TEST_STEP][PASSED] - Statement - getTestColumn = new java.util.ArrayList(): null

2018-11-24 11:56:08 - [TEST_STEP][PASSED] - Statement - getSplitData = new java.util.ArrayList(): null

2018-11-24 11:56:08 - [TEST_STEP][PASSED] - Statement - noOfTabs = <not implemented yet for class: org.codehaus.groovy.ast.expr.EmptyExpression>: null

2018-11-24 11:56:08 - [TEST_STEP][PASSED] - Statement - println(Configuration.getRowNumbers(),$Configuration.getRowNumbers()): null

2018-11-24 11:56:08 - [TEST_STEP][PASSED] - Statement - setData = 0: null

2018-11-24 11:56:08 - [TEST_STEP][PASSED] - Statement - sizeOfData = ActualConfigindex.size(): null

2018-11-24 11:56:08 - [TEST_STEP][PASSED] - Statement - For ([setData, setData < sizeOfData, (setData++)]): null

2018-11-24 11:56:08 - [TEST_STEP][PASSED] - Statement - configIndex = ActualConfigindex[setData]: null

2018-11-24 11:56:08 - [TEST_STEP][PASSED] - Statement - tcIndex = ActualTCindex[setData]: null

2018-11-24 11:56:08 - [TEST_STEP][PASSED] - Statement - getConfigData = configIndex: null

2018-11-24 11:56:08 - [TEST_STEP][PASSED] - Statement - println(getConfigData:$getConfigData): null

2018-11-24 11:56:08 - [TEST_STEP][PASSED] - Statement - println(Configuration.getRowNumbers(),$Configuration.getRowNumbers()): null

2018-11-24 11:56:08 - [TEST_STEP][PASSED] - Statement - scenarioData = Configuration.getValue("Module_Name", getConfigData): null

2018-11-24 11:56:08 - [TEST_STEP][PASSED] - Statement - println(scenarioData:$scenarioData): null

2018-11-24 11:56:08 - [TEST_STEP][PASSED] - Statement - UserActionData = Configuration.getValue("UserAction", getConfigData): null

2018-11-24 11:56:08 - [TEST_STEP][PASSED] - Statement - println(UserActionData:$UserActionData): null

2018-11-24 11:56:08 - [TEST_STEP][PASSED] - Statement - executionStatus = Configuration.getValue("ExecutionStatus", getConfigData): null

2018-11-24 11:56:08 - [TEST_STEP][PASSED] - Statement - Testcaseindex = tcIndex: null

2018-11-24 11:56:08 - [TEST_STEP][PASSED] - Statement - println(getConfigData_inside:$getConfigData): null

2018-11-24 11:56:08 - [TEST_STEP][PASSED] - Statement - println(Testcases.getRowNumbers():$Testcases.getRowNumbers()): null

2018-11-24 11:56:08 - [TEST_STEP][PASSED] - Statement - Scenario = Testcases.getValue("Modules", Testcaseindex): null

2018-11-24 11:56:08 - [TEST_STEP][PASSED] - Statement - If (!(empty)): null

2018-11-24 11:56:08 - [TEST_STEP][PASSED] - Statement - getTestColumn.addAll(Scenario): null

2018-11-24 11:56:08 - [TEST_STEP][PASSED] - Statement - moduleName = getTestColumn.get(getTestColumn.size() - 1): null

2018-11-24 11:56:08 - [TEST_STEP][PASSED] - Statement - println(TestcaseindexNumber:$Testcaseindex): null

2018-11-24 11:56:08 - [TEST_STEP][PASSED] - Statement - println(columntest:$getTestColumn): null

2018-11-24 11:56:08 - [TEST_STEP][PASSED] - Statement - println(testtest:$moduleName): null

2018-11-24 11:56:08 - [TEST_STEP][PASSED] - Statement - UserAction = Testcases.getValue("UserAction", Testcaseindex): null

2018-11-24 11:56:08 - [TEST_STEP][PASSED] - Statement - println(Scenario:$Scenario): null

2018-11-24 11:56:08 - [TEST_STEP][PASSED] - Statement - println(UserAction:$UserAction): null

2018-11-24 11:56:08 - [TEST_STEP][PASSED] - Statement - Try: null

2018-11-24 11:56:08 - [TEST_STEP][PASSED] - Statement - If (scenarioData.equalsIgnoreCase(moduleName) && UserActionData.equalsIgnoreCase(UserAction) && executionStatus.equals("YES")): null

2018-11-24 11:56:08 - [TEST_STEP][PASSED] - Statement - If (moduleName.equalsIgnoreCase("Login") && UserAction.equals("SecondWindow")): null

2018-11-24 11:56:08 - [TEST_STEP][PASSED] - Statement - Else If (moduleName.equalsIgnoreCase("Login") && UserAction.equals("ThirdWindow")): null

2018-11-24 11:56:08 - [TEST_STEP][PASSED] - Statement - Else If (UserAction.equals("SecondWindow")): null

2018-11-24 11:56:08 - [TEST_STEP][PASSED] - Statement - Else If (UserAction.equals("ThirdWindow")): null

2018-11-24 11:56:08 - [TEST_STEP][PASSED] - Statement - Else: null

2018-11-24 11:56:08 - [TEST_STEP][PASSED] - Statement - DataLength = 0: null

2018-11-24 11:56:08 - [TEST_STEP][PASSED] - Statement - dataValues = CustomKeywords.function.CheckPoints.splitData(Testcaseindex, DataLength): function.CheckPoints.splitData is PASSED

2018-11-24 11:56:08 - [MESSAGE][PASSED] - function.CheckPoints.splitData is PASSED

2018-11-24 11:56:08 - [TEST_STEP][PASSED] - Statement - println(DATA:$dataValues): null

2018-11-24 11:56:08 - [TEST_STEP][PASSED] - Statement - For ([getSplitedData = 0, getSplitedData < dataValues, (getSplitedData++)]): null

2018-11-24 11:56:08 - [TEST_STEP][PASSED] - Statement - endPoint = "continue": null

2018-11-24 11:56:08 - [TEST_STEP][PASSED] - Statement - println(getSplitedData:$getSplitedData): null

2018-11-24 11:56:08 - [TEST_STEP][PASSED] - Statement - index = Testcaseindex: null

2018-11-24 11:56:08 - [TEST_STEP][PASSED] - Statement - For ([index, endPoint != "BreakNow", (index++)]): null

2018-11-24 11:56:08 - [TEST_STEP][PASSED] - Statement - println(index:$index): null

2018-11-24 11:56:08 - [TEST_STEP][PASSED] - Statement - testDatas = index + 1: null

2018-11-24 11:56:08 - [TEST_STEP][PASSED] - Statement - println(testDatas:$testDatas): null

2018-11-24 11:56:08 - [TEST_STEP][PASSED] - Statement - UserActions = Testcases.getValue("UserAction", testDatas): null

2018-11-24 11:56:08 - [TEST_STEP][PASSED] - Statement - fieldType = Testcases.getValue("FieldType", testDatas): null

2018-11-24 11:56:08 - [TEST_STEP][PASSED] - Statement - println(fieldType:$fieldType): null

2018-11-24 11:56:08 - [TEST_STEP][PASSED] - Statement - locatorType = Testcases.getValue("LocatorType", testDatas): null

2018-11-24 11:56:08 - [TEST_STEP][PASSED] - Statement - println(LocatorType:$locatorType): null

2018-11-24 11:56:08 - [TEST_STEP][PASSED] - Statement - attributeValue = Testcases.getValue("AttributeValue", testDatas): null

2018-11-24 11:56:08 - [TEST_STEP][PASSED] - Statement - locatorValue = Testcases.getValue("LocatorValue", testDatas): null

2018-11-24 11:56:08 - [TEST_STEP][PASSED] - Statement - println(LocatorValue:$locatorValue): null

2018-11-24 11:56:08 - [TEST_STEP][PASSED] - Statement - TestData = Testcases.getValue("TestData", testDatas): null

2018-11-24 11:56:08 - [TEST_STEP][PASSED] - Statement - println(TestData:$TestData): null

2018-11-24 11:56:08 - [TEST_STEP][PASSED] - Statement - validationData = Testcases.getValue("validationInput", testDatas): null

2018-11-24 11:56:08 - [TEST_STEP][PASSED] - Statement - println(validationData:$validationData): null

2018-11-24 11:56:08 - [TEST_STEP][PASSED] - Statement - result = <not implemented yet for class: org.codehaus.groovy.ast.expr.EmptyExpression>: null

2018-11-24 11:56:08 - [TEST_STEP][PASSED] - Statement - println(getSplitedDatainside:$getSplitedData): null

2018-11-24 11:56:08 - [TEST_STEP][PASSED] - Statement - TestDataSplited = TestData.split(";"): null

2018-11-24 11:56:08 - [TEST_STEP][PASSED] - Statement - assignValue = <not implemented yet for class: org.codehaus.groovy.ast.expr.EmptyExpression>: null

2018-11-24 11:56:08 - [TEST_STEP][PASSED] - Statement - validationDataSplited = validationData.split(";"): null

2018-11-24 11:56:08 - [TEST_STEP][PASSED] - Statement - validateValue = <not implemented yet for class: org.codehaus.groovy.ast.expr.EmptyExpression>: null

2018-11-24 11:56:08 - [TEST_STEP][PASSED] - Statement - If (getSplitedData < TestDataSplited.size()): null

2018-11-24 11:56:08 - [TEST_STEP][PASSED] - Statement - assignValue = TestDataSplited[getSplitedData]: null

2018-11-24 11:56:08 - [TEST_STEP][PASSED] - Statement - println(assignValue:$assignValue): null

2018-11-24 11:56:08 - [TEST_STEP][PASSED] - Statement - If (getSplitedData < validationDataSplited.size()): null

2018-11-24 11:56:08 - [TEST_STEP][PASSED] - Statement - validateValue = validationDataSplited[getSplitedData]: null

2018-11-24 11:56:08 - [TEST_STEP][PASSED] - Statement - println(validateValue:$validateValue): null

2018-11-24 11:56:08 - [TEST_STEP][PASSED] - Statement - switch (UserActions): null

2018-11-24 11:56:08 - [TEST_STEP][PASSED] - Statement - case "Text":: null

2018-11-24 11:56:08 - [TEST_STEP][PASSED] - Statement - switchtext(driver, fieldType, locatorType, locatorValue, assignValue, result, testDatas, getSplitedData, attributeValue, validateValue): null

2018-11-24 11:56:08 - [TEST_STEP][PASSED] - Statement - switch (fieldType): null

2018-11-24 11:56:08 - [TEST_STEP][PASSED] - Statement - case "TextBox":: null

2018-11-24 11:56:08 - [TEST_STEP][PASSED] - Statement - Try: function.CheckPoints.WriteToExcelPass is PASSED

2018-11-24 11:56:08 - [TEST_STEP][PASSED] - Statement - java.lang.Thread.sleep(1000): null

2018-11-24 11:56:09 - [TEST_STEP][PASSED] - Statement - titletxtBox = CustomKeywords.function.CheckPoints.getLocator(driver, locatorType, locatorValue): function.CheckPoints.getLocator is PASSED

2018-11-24 11:56:09 - [MESSAGE][PASSED] - function.CheckPoints.getLocator is PASSED

2018-11-24 11:56:09 - [TEST_STEP][PASSED] - Statement - If (CustomKeywords.function.CheckPoints.Textbox(driver, titletxtBox, assignValue, result).booleanValue() == true): function.CheckPoints.WriteToExcelPass is PASSED

2018-11-24 11:56:10 - [MESSAGE][PASSED] - function.CheckPoints.Textbox is PASSED

2018-11-24 11:56:10 - [TEST_STEP][PASSED] - Statement - println("TextBox pass"): null

2018-11-24 11:56:10 - [TEST_STEP][PASSED] - function.CheckPoints.WriteToExcelPass: function.CheckPoints.WriteToExcelPass is PASSED

2018-11-24 11:56:10 - [MESSAGE][PASSED] - function.CheckPoints.WriteToExcelPass is PASSED

2018-11-24 11:56:10 - [TEST_STEP][PASSED] - Statement - Break: null

2018-11-24 11:56:10 - [TEST_STEP][PASSED] - Statement - Break: null

2018-11-24 11:56:10 - [TEST_STEP][PASSED] - Statement - If (UserActions.equals("End") && getSplitedData == dataValues - 1): null

2018-11-24 11:56:10 - [TEST_STEP][PASSED] - Statement - println(index:$index): null

2018-11-24 11:56:10 - [TEST_STEP][PASSED] - Statement - println(Testcases.getRowNumbers() :$Testcases.getRowNumbers()): null

2018-11-24 11:56:10 - [TEST_STEP][PASSED] - Statement - validate = Testcases.getRowNumbers(): null

2018-11-24 11:56:10 - [TEST_STEP][PASSED] - Statement - println(testDatastestDatas:$testDatas): null

2018-11-24 11:56:10 - [TEST_STEP][PASSED] - Statement - If (testDatas == validate): null

2018-11-24 11:56:10 - [TEST_STEP][PASSED] - Statement - println(index:$index): null

2018-11-24 11:56:10 - [TEST_STEP][PASSED] - Statement - testDatas = index + 1: null

2018-11-24 11:56:10 - [TEST_STEP][PASSED] - Statement - println(testDatas:$testDatas): null

2018-11-24 11:56:10 - [TEST_STEP][PASSED] - Statement - UserActions = Testcases.getValue("UserAction", testDatas): null

2018-11-24 11:56:10 - [TEST_STEP][PASSED] - Statement - fieldType = Testcases.getValue("FieldType", testDatas): null

2018-11-24 11:56:10 - [TEST_STEP][PASSED] - Statement - println(fieldType:$fieldType): null

2018-11-24 11:56:10 - [TEST_STEP][PASSED] - Statement - locatorType = Testcases.getValue("LocatorType", testDatas): null

2018-11-24 11:56:10 - [TEST_STEP][PASSED] - Statement - println(LocatorType:$locatorType): null

2018-11-24 11:56:10 - [TEST_STEP][PASSED] - Statement - attributeValue = Testcases.getValue("AttributeValue", testDatas): null

2018-11-24 11:56:10 - [TEST_STEP][PASSED] - Statement - locatorValue = Testcases.getValue("LocatorValue", testDatas): null

2018-11-24 11:56:10 - [TEST_STEP][PASSED] - Statement - println(LocatorValue:$locatorValue): null

2018-11-24 11:56:10 - [TEST_STEP][PASSED] - Statement - TestData = Testcases.getValue("TestData", testDatas): null

2018-11-24 11:56:10 - [TEST_STEP][PASSED] - Statement - println(TestData:$TestData): null

2018-11-24 11:56:10 - [TEST_STEP][PASSED] - Statement - validationData = Testcases.getValue("validationInput", testDatas): null

2018-11-24 11:56:10 - [TEST_STEP][PASSED] - Statement - println(validationData:$validationData): null

2018-11-24 11:56:10 - [TEST_STEP][PASSED] - Statement - result = <not implemented yet for class: org.codehaus.groovy.ast.expr.EmptyExpression>: null

2018-11-24 11:56:10 - [TEST_STEP][PASSED] - Statement - println(getSplitedDatainside:$getSplitedData): null

2018-11-24 11:56:10 - [TEST_STEP][PASSED] - Statement - TestDataSplited = TestData.split(";"): null

2018-11-24 11:56:10 - [TEST_STEP][PASSED] - Statement - assignValue = <not implemented yet for class: org.codehaus.groovy.ast.expr.EmptyExpression>: null

2018-11-24 11:56:10 - [TEST_STEP][PASSED] - Statement - validationDataSplited = validationData.split(";"): null

2018-11-24 11:56:10 - [TEST_STEP][PASSED] - Statement - validateValue = <not implemented yet for class: org.codehaus.groovy.ast.expr.EmptyExpression>: null

2018-11-24 11:56:10 - [TEST_STEP][PASSED] - Statement - If (getSplitedData < TestDataSplited.size()): null

2018-11-24 11:56:10 - [TEST_STEP][PASSED] - Statement - assignValue = TestDataSplited[getSplitedData]: null

2018-11-24 11:56:10 - [TEST_STEP][PASSED] - Statement - println(assignValue:$assignValue): null

2018-11-24 11:56:10 - [TEST_STEP][PASSED] - Statement - If (getSplitedData < validationDataSplited.size()): null

2018-11-24 11:56:10 - [TEST_STEP][PASSED] - Statement - validateValue = validationDataSplited[getSplitedData]: null

2018-11-24 11:56:10 - [TEST_STEP][PASSED] - Statement - println(validateValue:$validateValue): null

2018-11-24 11:56:10 - [TEST_STEP][PASSED] - Statement - switch (UserActions): null

2018-11-24 11:56:10 - [TEST_STEP][PASSED] - Statement - case "Text":: null

2018-11-24 11:56:10 - [TEST_STEP][PASSED] - Statement - switchtext(driver, fieldType, locatorType, locatorValue, assignValue, result, testDatas, getSplitedData, attributeValue, validateValue): null

2018-11-24 11:56:10 - [TEST_STEP][PASSED] - Statement - switch (fieldType): null

2018-11-24 11:56:10 - [TEST_STEP][PASSED] - Statement - case "TextBox":: null

2018-11-24 11:56:10 - [TEST_STEP][PASSED] - Statement - Try: function.CheckPoints.WriteToExcelPass is PASSED

2018-11-24 11:56:10 - [TEST_STEP][PASSED] - Statement - java.lang.Thread.sleep(1000): null

2018-11-24 11:56:11 - [TEST_STEP][PASSED] - Statement - titletxtBox = CustomKeywords.function.CheckPoints.getLocator(driver, locatorType, locatorValue): function.CheckPoints.getLocator is PASSED

2018-11-24 11:56:11 - [MESSAGE][PASSED] - function.CheckPoints.getLocator is PASSED

2018-11-24 11:56:11 - [TEST_STEP][PASSED] - Statement - If (CustomKeywords.function.CheckPoints.Textbox(driver, titletxtBox, assignValue, result).booleanValue() == true): function.CheckPoints.WriteToExcelPass is PASSED

2018-11-24 11:56:11 - [MESSAGE][PASSED] - function.CheckPoints.Textbox is PASSED

2018-11-24 11:56:11 - [TEST_STEP][PASSED] - Statement - println("TextBox pass"): null

2018-11-24 11:56:11 - [TEST_STEP][PASSED] - function.CheckPoints.WriteToExcelPass: function.CheckPoints.WriteToExcelPass is PASSED

2018-11-24 11:56:11 - [MESSAGE][PASSED] - function.CheckPoints.WriteToExcelPass is PASSED

2018-11-24 11:56:11 - [TEST_STEP][PASSED] - Statement - Break: null

2018-11-24 11:56:11 - [TEST_STEP][PASSED] - Statement - Break: null

2018-11-24 11:56:11 - [TEST_STEP][PASSED] - Statement - If (UserActions.equals("End") && getSplitedData == dataValues - 1): null

2018-11-24 11:56:11 - [TEST_STEP][PASSED] - Statement - println(index:$index): null

2018-11-24 11:56:11 - [TEST_STEP][PASSED] - Statement - println(Testcases.getRowNumbers() :$Testcases.getRowNumbers()): null

2018-11-24 11:56:11 - [TEST_STEP][PASSED] - Statement - validate = Testcases.getRowNumbers(): null

2018-11-24 11:56:11 - [TEST_STEP][PASSED] - Statement - println(testDatastestDatas:$testDatas): null

2018-11-24 11:56:11 - [TEST_STEP][PASSED] - Statement - If (testDatas == validate): null

2018-11-24 11:56:11 - [TEST_STEP][PASSED] - Statement - println(index:$index): null

2018-11-24 11:56:11 - [TEST_STEP][PASSED] - Statement - testDatas = index + 1: null

2018-11-24 11:56:11 - [TEST_STEP][PASSED] - Statement - println(testDatas:$testDatas): null

2018-11-24 11:56:11 - [TEST_STEP][PASSED] - Statement - UserActions = Testcases.getValue("UserAction", testDatas): null

2018-11-24 11:56:11 - [TEST_STEP][PASSED] - Statement - fieldType = Testcases.getValue("FieldType", testDatas): null

2018-11-24 11:56:11 - [TEST_STEP][PASSED] - Statement - println(fieldType:$fieldType): null

2018-11-24 11:56:11 - [TEST_STEP][PASSED] - Statement - locatorType = Testcases.getValue("LocatorType", testDatas): null

2018-11-24 11:56:11 - [TEST_STEP][PASSED] - Statement - println(LocatorType:$locatorType): null

2018-11-24 11:56:11 - [TEST_STEP][PASSED] - Statement - attributeValue = Testcases.getValue("AttributeValue", testDatas): null

2018-11-24 11:56:11 - [TEST_STEP][PASSED] - Statement - locatorValue = Testcases.getValue("LocatorValue", testDatas): null

2018-11-24 11:56:11 - [TEST_STEP][PASSED] - Statement - println(LocatorValue:$locatorValue): null

2018-11-24 11:56:11 - [TEST_STEP][PASSED] - Statement - TestData = Testcases.getValue("TestData", testDatas): null

2018-11-24 11:56:11 - [TEST_STEP][PASSED] - Statement - println(TestData:$TestData): null

2018-11-24 11:56:11 - [TEST_STEP][PASSED] - Statement - validationData = Testcases.getValue("validationInput", testDatas): null

2018-11-24 11:56:11 - [TEST_STEP][PASSED] - Statement - println(validationData:$validationData): null

2018-11-24 11:56:11 - [TEST_STEP][PASSED] - Statement - result = <not implemented yet for class: org.codehaus.groovy.ast.expr.EmptyExpression>: null

2018-11-24 11:56:11 - [TEST_STEP][PASSED] - Statement - println(getSplitedDatainside:$getSplitedData): null

2018-11-24 11:56:11 - [TEST_STEP][PASSED] - Statement - TestDataSplited = TestData.split(";"): null

2018-11-24 11:56:11 - [TEST_STEP][PASSED] - Statement - assignValue = <not implemented yet for class: org.codehaus.groovy.ast.expr.EmptyExpression>: null

2018-11-24 11:56:11 - [TEST_STEP][PASSED] - Statement - validationDataSplited = validationData.split(";"): null

2018-11-24 11:56:11 - [TEST_STEP][PASSED] - Statement - validateValue = <not implemented yet for class: org.codehaus.groovy.ast.expr.EmptyExpression>: null

2018-11-24 11:56:11 - [TEST_STEP][PASSED] - Statement - If (getSplitedData < TestDataSplited.size()): null

2018-11-24 11:56:11 - [TEST_STEP][PASSED] - Statement - assignValue = TestDataSplited[getSplitedData]: null

2018-11-24 11:56:11 - [TEST_STEP][PASSED] - Statement - println(assignValue:$assignValue): null

2018-11-24 11:56:11 - [TEST_STEP][PASSED] - Statement - If (getSplitedData < validationDataSplited.size()): null

2018-11-24 11:56:11 - [TEST_STEP][PASSED] - Statement - validateValue = validationDataSplited[getSplitedData]: null

2018-11-24 11:56:11 - [TEST_STEP][PASSED] - Statement - println(validateValue:$validateValue): null

2018-11-24 11:56:11 - [TEST_STEP][PASSED] - Statement - switch (UserActions): null

2018-11-24 11:56:11 - [TEST_STEP][PASSED] - Statement - case "Click":: null

2018-11-24 11:56:11 - [TEST_STEP][PASSED] - Statement - switchclick(driver, fieldType, locatorType, locatorValue, assignValue, result, testDatas, getSplitedData, attributeValue, validateValue): null

2018-11-24 11:56:11 - [TEST_STEP][PASSED] - Statement - switch (fieldType): null

2018-11-24 11:56:11 - [TEST_STEP][PASSED] - Statement - case "Button":: null

2018-11-24 11:56:11 - [TEST_STEP][PASSED] - Statement - Try: function.CheckPoints.WriteToExcelPass is PASSED

2018-11-24 11:56:11 - [TEST_STEP][PASSED] - Statement - println("Button selected success"): null

2018-11-24 11:56:11 - [TEST_STEP][PASSED] - Statement - java.lang.Thread.sleep(3000): null

2018-11-24 11:56:14 - [TEST_STEP][PASSED] - Statement - buttonClick = CustomKeywords.function.CheckPoints.getLocator(driver, locatorType, locatorValue): function.CheckPoints.getLocator is PASSED

2018-11-24 11:56:14 - [MESSAGE][PASSED] - function.CheckPoints.getLocator is PASSED

2018-11-24 11:56:14 - [TEST_STEP][PASSED] - Statement - println(buttonClick:$buttonClick): null

2018-11-24 11:56:14 - [TEST_STEP][PASSED] - Statement - java.lang.Thread.sleep(2000): null

2018-11-24 11:56:16 - [TEST_STEP][PASSED] - Statement - If (CustomKeywords.function.CheckPoints.Click(driver, buttonClick, result).booleanValue() == true): function.CheckPoints.WriteToExcelPass is PASSED

2018-11-24 11:56:20 - [MESSAGE][PASSED] - function.CheckPoints.Click is PASSED

2018-11-24 11:56:20 - [TEST_STEP][PASSED] - Statement - println("Button pass"): null

2018-11-24 11:56:20 - [TEST_STEP][PASSED] - function.CheckPoints.WriteToExcelPass: function.CheckPoints.WriteToExcelPass is PASSED

2018-11-24 11:56:20 - [MESSAGE][PASSED] - function.CheckPoints.WriteToExcelPass is PASSED

2018-11-24 11:56:20 - [TEST_STEP][PASSED] - Statement - Break: function.CheckPoints.WriteToExcelPass is PASSED

2018-11-24 11:56:20 - [TEST_STEP][PASSED] - Statement - Break: null

2018-11-24 11:56:20 - [TEST_STEP][PASSED] - Statement - If (UserActions.equals("End") && getSplitedData == dataValues - 1): null

2018-11-24 11:56:20 - [TEST_STEP][PASSED] - Statement - println(index:$index): null

2018-11-24 11:56:20 - [TEST_STEP][PASSED] - Statement - println(Testcases.getRowNumbers() :$Testcases.getRowNumbers()): null

2018-11-24 11:56:20 - [TEST_STEP][PASSED] - Statement - validate = Testcases.getRowNumbers(): null

2018-11-24 11:56:20 - [TEST_STEP][PASSED] - Statement - println(testDatastestDatas:$testDatas): null

2018-11-24 11:56:20 - [TEST_STEP][PASSED] - Statement - If (testDatas == validate): null

2018-11-24 11:56:20 - [TEST_STEP][PASSED] - Statement - println(index:$index): null

2018-11-24 11:56:20 - [TEST_STEP][PASSED] - Statement - testDatas = index + 1: null

2018-11-24 11:56:20 - [TEST_STEP][PASSED] - Statement - println(testDatas:$testDatas): null

2018-11-24 11:56:20 - [TEST_STEP][PASSED] - Statement - UserActions = Testcases.getValue("UserAction", testDatas): null

2018-11-24 11:56:20 - [TEST_STEP][PASSED] - Statement - fieldType = Testcases.getValue("FieldType", testDatas): null

2018-11-24 11:56:20 - [TEST_STEP][PASSED] - Statement - println(fieldType:$fieldType): null

2018-11-24 11:56:20 - [TEST_STEP][PASSED] - Statement - locatorType = Testcases.getValue("LocatorType", testDatas): null

2018-11-24 11:56:20 - [TEST_STEP][PASSED] - Statement - println(LocatorType:$locatorType): null

2018-11-24 11:56:20 - [TEST_STEP][PASSED] - Statement - attributeValue = Testcases.getValue("AttributeValue", testDatas): null

2018-11-24 11:56:20 - [TEST_STEP][PASSED] - Statement - locatorValue = Testcases.getValue("LocatorValue", testDatas): null

2018-11-24 11:56:20 - [TEST_STEP][PASSED] - Statement - println(LocatorValue:$locatorValue): null

2018-11-24 11:56:20 - [TEST_STEP][PASSED] - Statement - TestData = Testcases.getValue("TestData", testDatas): null

2018-11-24 11:56:20 - [TEST_STEP][PASSED] - Statement - println(TestData:$TestData): null

2018-11-24 11:56:20 - [TEST_STEP][PASSED] - Statement - validationData = Testcases.getValue("validationInput", testDatas): null

2018-11-24 11:56:20 - [TEST_STEP][PASSED] - Statement - println(validationData:$validationData): null

2018-11-24 11:56:20 - [TEST_STEP][PASSED] - Statement - result = <not implemented yet for class: org.codehaus.groovy.ast.expr.EmptyExpression>: null

2018-11-24 11:56:20 - [TEST_STEP][PASSED] - Statement - println(getSplitedDatainside:$getSplitedData): null

2018-11-24 11:56:20 - [TEST_STEP][PASSED] - Statement - TestDataSplited = TestData.split(";"): null

2018-11-24 11:56:20 - [TEST_STEP][PASSED] - Statement - assignValue = <not implemented yet for class: org.codehaus.groovy.ast.expr.EmptyExpression>: null

2018-11-24 11:56:20 - [TEST_STEP][PASSED] - Statement - validationDataSplited = validationData.split(";"): null

2018-11-24 11:56:20 - [TEST_STEP][PASSED] - Statement - validateValue = <not implemented yet for class: org.codehaus.groovy.ast.expr.EmptyExpression>: null

2018-11-24 11:56:20 - [TEST_STEP][PASSED] - Statement - If (getSplitedData < TestDataSplited.size()): null

2018-11-24 11:56:20 - [TEST_STEP][PASSED] - Statement - assignValue = TestDataSplited[getSplitedData]: null

2018-11-24 11:56:20 - [TEST_STEP][PASSED] - Statement - println(assignValue:$assignValue): null

2018-11-24 11:56:20 - [TEST_STEP][PASSED] - Statement - If (getSplitedData < validationDataSplited.size()): null

2018-11-24 11:56:20 - [TEST_STEP][PASSED] - Statement - validateValue = validationDataSplited[getSplitedData]: null

2018-11-24 11:56:20 - [TEST_STEP][PASSED] - Statement - println(validateValue:$validateValue): null

2018-11-24 11:56:20 - [TEST_STEP][PASSED] - Statement - switch (UserActions): null

2018-11-24 11:56:20 - [TEST_STEP][PASSED] - Statement - case "Delay":: null

2018-11-24 11:56:20 - [TEST_STEP][PASSED] - Statement - If (!(empty)): null

2018-11-24 11:56:20 - [TEST_STEP][PASSED] - Statement - timeLine = java.lang.Integer.parseInt(TestData): null

2018-11-24 11:56:20 - [TEST_STEP][PASSED] - Statement - java.lang.Thread.sleep(timeLine): null

2018-11-24 11:56:22 - [TEST_STEP][PASSED] - Statement - Break: null

2018-11-24 11:56:22 - [TEST_STEP][PASSED] - Statement - If (UserActions.equals("End") && getSplitedData == dataValues - 1): null

2018-11-24 11:56:22 - [TEST_STEP][PASSED] - Statement - println(index:$index): null

2018-11-24 11:56:22 - [TEST_STEP][PASSED] - Statement - println(Testcases.getRowNumbers() :$Testcases.getRowNumbers()): null

2018-11-24 11:56:22 - [TEST_STEP][PASSED] - Statement - validate = Testcases.getRowNumbers(): null

2018-11-24 11:56:22 - [TEST_STEP][PASSED] - Statement - println(testDatastestDatas:$testDatas): null

2018-11-24 11:56:22 - [TEST_STEP][PASSED] - Statement - If (testDatas == validate): null

2018-11-24 11:56:22 - [TEST_STEP][PASSED] - Statement - println(index:$index): null

2018-11-24 11:56:22 - [TEST_STEP][PASSED] - Statement - testDatas = index + 1: null

2018-11-24 11:56:22 - [TEST_STEP][PASSED] - Statement - println(testDatas:$testDatas): null

2018-11-24 11:56:22 - [TEST_STEP][PASSED] - Statement - UserActions = Testcases.getValue("UserAction", testDatas): null

2018-11-24 11:56:22 - [TEST_STEP][PASSED] - Statement - fieldType = Testcases.getValue("FieldType", testDatas): null

2018-11-24 11:56:22 - [TEST_STEP][PASSED] - Statement - println(fieldType:$fieldType): null

2018-11-24 11:56:22 - [TEST_STEP][PASSED] - Statement - locatorType = Testcases.getValue("LocatorType", testDatas): null

2018-11-24 11:56:22 - [TEST_STEP][PASSED] - Statement - println(LocatorType:$locatorType): null

2018-11-24 11:56:22 - [TEST_STEP][PASSED] - Statement - attributeValue = Testcases.getValue("AttributeValue", testDatas): null

2018-11-24 11:56:22 - [TEST_STEP][PASSED] - Statement - locatorValue = Testcases.getValue("LocatorValue", testDatas): null

2018-11-24 11:56:22 - [TEST_STEP][PASSED] - Statement - println(LocatorValue:$locatorValue): null

2018-11-24 11:56:22 - [TEST_STEP][PASSED] - Statement - TestData = Testcases.getValue("TestData", testDatas): null

2018-11-24 11:56:22 - [TEST_STEP][PASSED] - Statement - println(TestData:$TestData): null

2018-11-24 11:56:22 - [TEST_STEP][PASSED] - Statement - validationData = Testcases.getValue("validationInput", testDatas): null

2018-11-24 11:56:22 - [TEST_STEP][PASSED] - Statement - println(validationData:$validationData): null

2018-11-24 11:56:22 - [TEST_STEP][PASSED] - Statement - result = <not implemented yet for class: org.codehaus.groovy.ast.expr.EmptyExpression>: null

2018-11-24 11:56:22 - [TEST_STEP][PASSED] - Statement - println(getSplitedDatainside:$getSplitedData): null

2018-11-24 11:56:22 - [TEST_STEP][PASSED] - Statement - TestDataSplited = TestData.split(";"): null

2018-11-24 11:56:22 - [TEST_STEP][PASSED] - Statement - assignValue = <not implemented yet for class: org.codehaus.groovy.ast.expr.EmptyExpression>: null

2018-11-24 11:56:22 - [TEST_STEP][PASSED] - Statement - validationDataSplited = validationData.split(";"): null

2018-11-24 11:56:22 - [TEST_STEP][PASSED] - Statement - validateValue = <not implemented yet for class: org.codehaus.groovy.ast.expr.EmptyExpression>: null

2018-11-24 11:56:22 - [TEST_STEP][PASSED] - Statement - If (getSplitedData < TestDataSplited.size()): null

2018-11-24 11:56:22 - [TEST_STEP][PASSED] - Statement - assignValue = TestDataSplited[getSplitedData]: null

2018-11-24 11:56:22 - [TEST_STEP][PASSED] - Statement - println(assignValue:$assignValue): null

2018-11-24 11:56:22 - [TEST_STEP][PASSED] - Statement - If (getSplitedData < validationDataSplited.size()): null

2018-11-24 11:56:22 - [TEST_STEP][PASSED] - Statement - validateValue = validationDataSplited[getSplitedData]: null

2018-11-24 11:56:22 - [TEST_STEP][PASSED] - Statement - println(validateValue:$validateValue): null

2018-11-24 11:56:22 - [TEST_STEP][PASSED] - Statement - switch (UserActions): null

2018-11-24 11:56:22 - [TEST_STEP][PASSED] - Statement - case "End":: null

2018-11-24 11:56:22 - [TEST_STEP][PASSED] - Statement - endPoint = "BreakNow": null

2018-11-24 11:56:22 - [TEST_STEP][PASSED] - Statement - println("Breaking switch"): null

2018-11-24 11:56:22 - [TEST_STEP][PASSED] - Statement - Break: null

2018-11-24 11:56:22 - [TEST_STEP][PASSED] - Statement - If (UserActions.equals("End") && getSplitedData == dataValues - 1): null

2018-11-24 11:56:22 - [TEST_STEP][PASSED] - Statement - Testcaseindex = Testcases.getRowNumbers() + 1: null

2018-11-24 11:56:22 - [TEST_STEP][PASSED] - Statement - println(index:$index): null

2018-11-24 11:56:22 - [TEST_STEP][PASSED] - Statement - println(Testcases.getRowNumbers() :$Testcases.getRowNumbers()): null

2018-11-24 11:56:22 - [TEST_STEP][PASSED] - Statement - validate = Testcases.getRowNumbers(): null

2018-11-24 11:56:22 - [TEST_STEP][PASSED] - Statement - println(testDatastestDatas:$testDatas): null

2018-11-24 11:56:22 - [TEST_STEP][PASSED] - Statement - If (testDatas == validate): null

2018-11-24 11:56:22 - [TEST_STEP][PASSED] - function.CheckPoints.WriteToExcelPass: function.CheckPoints.WriteToExcelPass is PASSED

2018-11-24 11:56:22 - [MESSAGE][PASSED] - function.CheckPoints.WriteToExcelPass is PASSED

2018-11-24 11:56:22 - [TEST_STEP][PASSED] - Statement - configIndex = ActualConfigindex[setData]: null

2018-11-24 11:56:22 - [TEST_STEP][PASSED] - Statement - tcIndex = ActualTCindex[setData]: null

2018-11-24 11:56:22 - [TEST_STEP][PASSED] - Statement - getConfigData = configIndex: null

2018-11-24 11:56:22 - [TEST_STEP][PASSED] - Statement - println(getConfigData:$getConfigData): null

2018-11-24 11:56:22 - [TEST_STEP][PASSED] - Statement - println(Configuration.getRowNumbers(),$Configuration.getRowNumbers()): null

2018-11-24 11:56:22 - [TEST_STEP][PASSED] - Statement - scenarioData = Configuration.getValue("Module_Name", getConfigData): null

2018-11-24 11:56:22 - [TEST_STEP][PASSED] - Statement - println(scenarioData:$scenarioData): null

2018-11-24 11:56:22 - [TEST_STEP][PASSED] - Statement - UserActionData = Configuration.getValue("UserAction", getConfigData): null

2018-11-24 11:56:22 - [TEST_STEP][PASSED] - Statement - println(UserActionData:$UserActionData): null

2018-11-24 11:56:22 - [TEST_STEP][PASSED] - Statement - executionStatus = Configuration.getValue("ExecutionStatus", getConfigData): null

2018-11-24 11:56:22 - [TEST_STEP][PASSED] - Statement - Testcaseindex = tcIndex: null

2018-11-24 11:56:22 - [TEST_STEP][PASSED] - Statement - println(getConfigData_inside:$getConfigData): null

2018-11-24 11:56:22 - [TEST_STEP][PASSED] - Statement - println(Testcases.getRowNumbers():$Testcases.getRowNumbers()): null

2018-11-24 11:56:22 - [TEST_STEP][PASSED] - Statement - Scenario = Testcases.getValue("Modules", Testcaseindex): null

2018-11-24 11:56:22 - [TEST_STEP][PASSED] - Statement - If (!(empty)): null

2018-11-24 11:56:22 - [TEST_STEP][PASSED] - Statement - getTestColumn.addAll(Scenario): null

2018-11-24 11:56:22 - [TEST_STEP][PASSED] - Statement - moduleName = getTestColumn.get(getTestColumn.size() - 1): null

2018-11-24 11:56:22 - [TEST_STEP][PASSED] - Statement - println(TestcaseindexNumber:$Testcaseindex): null

2018-11-24 11:56:22 - [TEST_STEP][PASSED] - Statement - println(columntest:$getTestColumn): null

2018-11-24 11:56:22 - [TEST_STEP][PASSED] - Statement - println(testtest:$moduleName): null

2018-11-24 11:56:22 - [TEST_STEP][PASSED] - Statement - UserAction = Testcases.getValue("UserAction", Testcaseindex): null

2018-11-24 11:56:22 - [TEST_STEP][PASSED] - Statement - println(Scenario:$Scenario): null

2018-11-24 11:56:22 - [TEST_STEP][PASSED] - Statement - println(UserAction:$UserAction): null

2018-11-24 11:56:22 - [TEST_STEP][PASSED] - Statement - Try: null

2018-11-24 11:56:22 - [TEST_STEP][PASSED] - Statement - If (scenarioData.equalsIgnoreCase(moduleName) && UserActionData.equalsIgnoreCase(UserAction) && executionStatus.equals("YES")): null

2018-11-24 11:56:22 - [TEST_STEP][PASSED] - Statement - If (moduleName.equalsIgnoreCase("Login") && UserAction.equals("SecondWindow")): null

2018-11-24 11:56:22 - [TEST_STEP][PASSED] - Statement - Else If (moduleName.equalsIgnoreCase("Login") && UserAction.equals("ThirdWindow")): null

2018-11-24 11:56:22 - [TEST_STEP][PASSED] - Statement - Else If (UserAction.equals("SecondWindow")): null

2018-11-24 11:56:22 - [TEST_STEP][PASSED] - Statement - Else If (UserAction.equals("ThirdWindow")): null

2018-11-24 11:56:22 - [TEST_STEP][PASSED] - Statement - Else: null

2018-11-24 11:56:22 - [TEST_STEP][PASSED] - Statement - DataLength = 0: null

2018-11-24 11:56:22 - [TEST_STEP][PASSED] - Statement - dataValues = CustomKeywords.function.CheckPoints.splitData(Testcaseindex, DataLength): function.CheckPoints.splitData is PASSED

2018-11-24 11:56:22 - [MESSAGE][PASSED] - function.CheckPoints.splitData is PASSED

2018-11-24 11:56:22 - [TEST_STEP][PASSED] - Statement - println(DATA:$dataValues): null

2018-11-24 11:56:22 - [TEST_STEP][PASSED] - Statement - For ([getSplitedData = 0, getSplitedData < dataValues, (getSplitedData++)]): null

2018-11-24 11:56:22 - [TEST_STEP][PASSED] - Statement - endPoint = "continue": null

2018-11-24 11:56:22 - [TEST_STEP][PASSED] - Statement - println(getSplitedData:$getSplitedData): null

2018-11-24 11:56:22 - [TEST_STEP][PASSED] - Statement - index = Testcaseindex: null

2018-11-24 11:56:22 - [TEST_STEP][PASSED] - Statement - For ([index, endPoint != "BreakNow", (index++)]): null

2018-11-24 11:56:22 - [TEST_STEP][PASSED] - Statement - println(index:$index): null

2018-11-24 11:56:22 - [TEST_STEP][PASSED] - Statement - testDatas = index + 1: null

2018-11-24 11:56:22 - [TEST_STEP][PASSED] - Statement - println(testDatas:$testDatas): null

2018-11-24 11:56:22 - [TEST_STEP][PASSED] - Statement - UserActions = Testcases.getValue("UserAction", testDatas): null

2018-11-24 11:56:22 - [TEST_STEP][PASSED] - Statement - fieldType = Testcases.getValue("FieldType", testDatas): null

2018-11-24 11:56:22 - [TEST_STEP][PASSED] - Statement - println(fieldType:$fieldType): null

2018-11-24 11:56:22 - [TEST_STEP][PASSED] - Statement - locatorType = Testcases.getValue("LocatorType", testDatas): null

2018-11-24 11:56:22 - [TEST_STEP][PASSED] - Statement - println(LocatorType:$locatorType): null

2018-11-24 11:56:22 - [TEST_STEP][PASSED] - Statement - attributeValue = Testcases.getValue("AttributeValue", testDatas): null

2018-11-24 11:56:22 - [TEST_STEP][PASSED] - Statement - locatorValue = Testcases.getValue("LocatorValue", testDatas): null

2018-11-24 11:56:22 - [TEST_STEP][PASSED] - Statement - println(LocatorValue:$locatorValue): null

2018-11-24 11:56:22 - [TEST_STEP][PASSED] - Statement - TestData = Testcases.getValue("TestData", testDatas): null

2018-11-24 11:56:22 - [TEST_STEP][PASSED] - Statement - println(TestData:$TestData): null

2018-11-24 11:56:22 - [TEST_STEP][PASSED] - Statement - validationData = Testcases.getValue("validationInput", testDatas): null

2018-11-24 11:56:22 - [TEST_STEP][PASSED] - Statement - println(validationData:$validationData): null

2018-11-24 11:56:22 - [TEST_STEP][PASSED] - Statement - result = <not implemented yet for class: org.codehaus.groovy.ast.expr.EmptyExpression>: null

2018-11-24 11:56:22 - [TEST_STEP][PASSED] - Statement - println(getSplitedDatainside:$getSplitedData): null

2018-11-24 11:56:22 - [TEST_STEP][PASSED] - Statement - TestDataSplited = TestData.split(";"): null

2018-11-24 11:56:22 - [TEST_STEP][PASSED] - Statement - assignValue = <not implemented yet for class: org.codehaus.groovy.ast.expr.EmptyExpression>: null

2018-11-24 11:56:22 - [TEST_STEP][PASSED] - Statement - validationDataSplited = validationData.split(";"): null

2018-11-24 11:56:22 - [TEST_STEP][PASSED] - Statement - validateValue = <not implemented yet for class: org.codehaus.groovy.ast.expr.EmptyExpression>: null

2018-11-24 11:56:22 - [TEST_STEP][PASSED] - Statement - If (getSplitedData < TestDataSplited.size()): null

2018-11-24 11:56:22 - [TEST_STEP][PASSED] - Statement - assignValue = TestDataSplited[getSplitedData]: null

2018-11-24 11:56:22 - [TEST_STEP][PASSED] - Statement - println(assignValue:$assignValue): null

2018-11-24 11:56:22 - [TEST_STEP][PASSED] - Statement - If (getSplitedData < validationDataSplited.size()): null

2018-11-24 11:56:22 - [TEST_STEP][PASSED] - Statement - validateValue = validationDataSplited[getSplitedData]: null

2018-11-24 11:56:22 - [TEST_STEP][PASSED] - Statement - println(validateValue:$validateValue): null

2018-11-24 11:56:22 - [TEST_STEP][PASSED] - Statement - switch (UserActions): null

2018-11-24 11:56:22 - [TEST_STEP][PASSED] - Statement - case "Delay":: null

2018-11-24 11:56:22 - [TEST_STEP][PASSED] - Statement - If (!(empty)): null

2018-11-24 11:56:22 - [TEST_STEP][PASSED] - Statement - Else: null

2018-11-24 11:56:22 - [TEST_STEP][PASSED] - Statement - java.lang.Thread.sleep(1000): null

2018-11-24 11:56:23 - [TEST_STEP][PASSED] - Statement - Break: null

2018-11-24 11:56:23 - [TEST_STEP][PASSED] - Statement - If (UserActions.equals("End") && getSplitedData == dataValues - 1): null

2018-11-24 11:56:23 - [TEST_STEP][PASSED] - Statement - println(index:$index): null

2018-11-24 11:56:23 - [TEST_STEP][PASSED] - Statement - println(Testcases.getRowNumbers() :$Testcases.getRowNumbers()): null

2018-11-24 11:56:23 - [TEST_STEP][PASSED] - Statement - validate = Testcases.getRowNumbers(): null

2018-11-24 11:56:23 - [TEST_STEP][PASSED] - Statement - println(testDatastestDatas:$testDatas): null

2018-11-24 11:56:23 - [TEST_STEP][PASSED] - Statement - If (testDatas == validate): null

2018-11-24 11:56:23 - [TEST_STEP][PASSED] - Statement - println(index:$index): null

2018-11-24 11:56:23 - [TEST_STEP][PASSED] - Statement - testDatas = index + 1: null

2018-11-24 11:56:23 - [TEST_STEP][PASSED] - Statement - println(testDatas:$testDatas): null

2018-11-24 11:56:23 - [TEST_STEP][PASSED] - Statement - UserActions = Testcases.getValue("UserAction", testDatas): null

2018-11-24 11:56:23 - [TEST_STEP][PASSED] - Statement - fieldType = Testcases.getValue("FieldType", testDatas): null

2018-11-24 11:56:23 - [TEST_STEP][PASSED] - Statement - println(fieldType:$fieldType): null

2018-11-24 11:56:23 - [TEST_STEP][PASSED] - Statement - locatorType = Testcases.getValue("LocatorType", testDatas): null

2018-11-24 11:56:23 - [TEST_STEP][PASSED] - Statement - println(LocatorType:$locatorType): null

2018-11-24 11:56:23 - [TEST_STEP][PASSED] - Statement - attributeValue = Testcases.getValue("AttributeValue", testDatas): null

2018-11-24 11:56:23 - [TEST_STEP][PASSED] - Statement - locatorValue = Testcases.getValue("LocatorValue", testDatas): null

2018-11-24 11:56:23 - [TEST_STEP][PASSED] - Statement - println(LocatorValue:$locatorValue): null

2018-11-24 11:56:23 - [TEST_STEP][PASSED] - Statement - TestData = Testcases.getValue("TestData", testDatas): null

2018-11-24 11:56:23 - [TEST_STEP][PASSED] - Statement - println(TestData:$TestData): null

2018-11-24 11:56:23 - [TEST_STEP][PASSED] - Statement - validationData = Testcases.getValue("validationInput", testDatas): null

2018-11-24 11:56:23 - [TEST_STEP][PASSED] - Statement - println(validationData:$validationData): null

2018-11-24 11:56:23 - [TEST_STEP][PASSED] - Statement - result = <not implemented yet for class: org.codehaus.groovy.ast.expr.EmptyExpression>: null

2018-11-24 11:56:23 - [TEST_STEP][PASSED] - Statement - println(getSplitedDatainside:$getSplitedData): null

2018-11-24 11:56:23 - [TEST_STEP][PASSED] - Statement - TestDataSplited = TestData.split(";"): null

2018-11-24 11:56:23 - [TEST_STEP][PASSED] - Statement - assignValue = <not implemented yet for class: org.codehaus.groovy.ast.expr.EmptyExpression>: null

2018-11-24 11:56:23 - [TEST_STEP][PASSED] - Statement - validationDataSplited = validationData.split(";"): null

2018-11-24 11:56:23 - [TEST_STEP][PASSED] - Statement - validateValue = <not implemented yet for class: org.codehaus.groovy.ast.expr.EmptyExpression>: null

2018-11-24 11:56:23 - [TEST_STEP][PASSED] - Statement - If (getSplitedData < TestDataSplited.size()): null

2018-11-24 11:56:23 - [TEST_STEP][PASSED] - Statement - assignValue = TestDataSplited[getSplitedData]: null

2018-11-24 11:56:23 - [TEST_STEP][PASSED] - Statement - println(assignValue:$assignValue): null

2018-11-24 11:56:23 - [TEST_STEP][PASSED] - Statement - If (getSplitedData < validationDataSplited.size()): null

2018-11-24 11:56:23 - [TEST_STEP][PASSED] - Statement - validateValue = validationDataSplited[getSplitedData]: null

2018-11-24 11:56:23 - [TEST_STEP][PASSED] - Statement - println(validateValue:$validateValue): null

2018-11-24 11:56:23 - [TEST_STEP][PASSED] - Statement - switch (UserActions): null

2018-11-24 11:56:23 - [TEST_STEP][PASSED] - Statement - case "Click":: null

2018-11-24 11:56:23 - [TEST_STEP][PASSED] - Statement - switchclick(driver, fieldType, locatorType, locatorValue, assignValue, result, testDatas, getSplitedData, attributeValue, validateValue): null

2018-11-24 11:56:23 - [TEST_STEP][PASSED] - Statement - switch (fieldType): null

2018-11-24 11:56:23 - [TEST_STEP][PASSED] - Statement - case "Button":: null

2018-11-24 11:56:23 - [TEST_STEP][PASSED] - Statement - Try: function.CheckPoints.WriteToExcelPass is PASSED

2018-11-24 11:56:23 - [TEST_STEP][PASSED] - Statement - println("Button selected success"): null

2018-11-24 11:56:23 - [TEST_STEP][PASSED] - Statement - java.lang.Thread.sleep(3000): null

2018-11-24 11:56:26 - [TEST_STEP][PASSED] - Statement - buttonClick = CustomKeywords.function.CheckPoints.getLocator(driver, locatorType, locatorValue): function.CheckPoints.getLocator is PASSED

2018-11-24 11:56:26 - [MESSAGE][PASSED] - function.CheckPoints.getLocator is PASSED

2018-11-24 11:56:26 - [TEST_STEP][PASSED] - Statement - println(buttonClick:$buttonClick): null

2018-11-24 11:56:26 - [TEST_STEP][PASSED] - Statement - java.lang.Thread.sleep(2000): null

2018-11-24 11:56:28 - [TEST_STEP][PASSED] - Statement - If (CustomKeywords.function.CheckPoints.Click(driver, buttonClick, result).booleanValue() == true): function.CheckPoints.WriteToExcelPass is PASSED

2018-11-24 11:56:32 - [MESSAGE][PASSED] - function.CheckPoints.Click is PASSED

2018-11-24 11:56:32 - [TEST_STEP][PASSED] - Statement - println("Button pass"): null

2018-11-24 11:56:32 - [TEST_STEP][PASSED] - function.CheckPoints.WriteToExcelPass: function.CheckPoints.WriteToExcelPass is PASSED

2018-11-24 11:56:32 - [MESSAGE][PASSED] - function.CheckPoints.WriteToExcelPass is PASSED

2018-11-24 11:56:32 - [TEST_STEP][PASSED] - Statement - Break: null

2018-11-24 11:56:32 - [TEST_STEP][PASSED] - Statement - Break: null

2018-11-24 11:56:32 - [TEST_STEP][PASSED] - Statement - If (UserActions.equals("End") && getSplitedData == dataValues - 1): null

2018-11-24 11:56:32 - [TEST_STEP][PASSED] - Statement - println(index:$index): null

2018-11-24 11:56:32 - [TEST_STEP][PASSED] - Statement - println(Testcases.getRowNumbers() :$Testcases.getRowNumbers()): null

2018-11-24 11:56:32 - [TEST_STEP][PASSED] - Statement - validate = Testcases.getRowNumbers(): null

2018-11-24 11:56:32 - [TEST_STEP][PASSED] - Statement - println(testDatastestDatas:$testDatas): null

2018-11-24 11:56:32 - [TEST_STEP][PASSED] - Statement - If (testDatas == validate): null

2018-11-24 11:56:32 - [TEST_STEP][PASSED] - Statement - println(index:$index): null

2018-11-24 11:56:32 - [TEST_STEP][PASSED] - Statement - testDatas = index + 1: null

2018-11-24 11:56:32 - [TEST_STEP][PASSED] - Statement - println(testDatas:$testDatas): null

2018-11-24 11:56:32 - [TEST_STEP][PASSED] - Statement - UserActions = Testcases.getValue("UserAction", testDatas): null

2018-11-24 11:56:32 - [TEST_STEP][PASSED] - Statement - fieldType = Testcases.getValue("FieldType", testDatas): null

2018-11-24 11:56:32 - [TEST_STEP][PASSED] - Statement - println(fieldType:$fieldType): null

2018-11-24 11:56:32 - [TEST_STEP][PASSED] - Statement - locatorType = Testcases.getValue("LocatorType", testDatas): null

2018-11-24 11:56:32 - [TEST_STEP][PASSED] - Statement - println(LocatorType:$locatorType): null

2018-11-24 11:56:32 - [TEST_STEP][PASSED] - Statement - attributeValue = Testcases.getValue("AttributeValue", testDatas): null

2018-11-24 11:56:32 - [TEST_STEP][PASSED] - Statement - locatorValue = Testcases.getValue("LocatorValue", testDatas): null

2018-11-24 11:56:32 - [TEST_STEP][PASSED] - Statement - println(LocatorValue:$locatorValue): null

2018-11-24 11:56:32 - [TEST_STEP][PASSED] - Statement - TestData = Testcases.getValue("TestData", testDatas): null

2018-11-24 11:56:32 - [TEST_STEP][PASSED] - Statement - println(TestData:$TestData): null

2018-11-24 11:56:32 - [TEST_STEP][PASSED] - Statement - validationData = Testcases.getValue("validationInput", testDatas): null

2018-11-24 11:56:32 - [TEST_STEP][PASSED] - Statement - println(validationData:$validationData): null

2018-11-24 11:56:32 - [TEST_STEP][PASSED] - Statement - result = <not implemented yet for class: org.codehaus.groovy.ast.expr.EmptyExpression>: null

2018-11-24 11:56:32 - [TEST_STEP][PASSED] - Statement - println(getSplitedDatainside:$getSplitedData): null

2018-11-24 11:56:32 - [TEST_STEP][PASSED] - Statement - TestDataSplited = TestData.split(";"): null

2018-11-24 11:56:32 - [TEST_STEP][PASSED] - Statement - assignValue = <not implemented yet for class: org.codehaus.groovy.ast.expr.EmptyExpression>: null

2018-11-24 11:56:32 - [TEST_STEP][PASSED] - Statement - validationDataSplited = validationData.split(";"): null

2018-11-24 11:56:32 - [TEST_STEP][PASSED] - Statement - validateValue = <not implemented yet for class: org.codehaus.groovy.ast.expr.EmptyExpression>: null

2018-11-24 11:56:32 - [TEST_STEP][PASSED] - Statement - If (getSplitedData < TestDataSplited.size()): null

2018-11-24 11:56:32 - [TEST_STEP][PASSED] - Statement - assignValue = TestDataSplited[getSplitedData]: null

2018-11-24 11:56:32 - [TEST_STEP][PASSED] - Statement - println(assignValue:$assignValue): null

2018-11-24 11:56:32 - [TEST_STEP][PASSED] - Statement - If (getSplitedData < validationDataSplited.size()): null

2018-11-24 11:56:32 - [TEST_STEP][PASSED] - Statement - validateValue = validationDataSplited[getSplitedData]: null

2018-11-24 11:56:32 - [TEST_STEP][PASSED] - Statement - println(validateValue:$validateValue): null

2018-11-24 11:56:32 - [TEST_STEP][PASSED] - Statement - switch (UserActions): null

2018-11-24 11:56:32 - [TEST_STEP][PASSED] - Statement - case "Delay":: null

2018-11-24 11:56:32 - [TEST_STEP][PASSED] - Statement - If (!(empty)): null

2018-11-24 11:56:32 - [TEST_STEP][PASSED] - Statement - Else: null

2018-11-24 11:56:32 - [TEST_STEP][PASSED] - Statement - java.lang.Thread.sleep(1000): null

2018-11-24 11:56:33 - [TEST_STEP][PASSED] - Statement - Break: null

2018-11-24 11:56:33 - [TEST_STEP][PASSED] - Statement - If (UserActions.equals("End") && getSplitedData == dataValues - 1): null

2018-11-24 11:56:33 - [TEST_STEP][PASSED] - Statement - println(index:$index): null

2018-11-24 11:56:33 - [TEST_STEP][PASSED] - Statement - println(Testcases.getRowNumbers() :$Testcases.getRowNumbers()): null

2018-11-24 11:56:33 - [TEST_STEP][PASSED] - Statement - validate = Testcases.getRowNumbers(): null

2018-11-24 11:56:33 - [TEST_STEP][PASSED] - Statement - println(testDatastestDatas:$testDatas): null

2018-11-24 11:56:33 - [TEST_STEP][PASSED] - Statement - If (testDatas == validate): null

2018-11-24 11:56:33 - [TEST_STEP][PASSED] - Statement - println(index:$index): null

2018-11-24 11:56:33 - [TEST_STEP][PASSED] - Statement - testDatas = index + 1: null

2018-11-24 11:56:33 - [TEST_STEP][PASSED] - Statement - println(testDatas:$testDatas): null

2018-11-24 11:56:33 - [TEST_STEP][PASSED] - Statement - UserActions = Testcases.getValue("UserAction", testDatas): null

2018-11-24 11:56:33 - [TEST_STEP][PASSED] - Statement - fieldType = Testcases.getValue("FieldType", testDatas): null

2018-11-24 11:56:33 - [TEST_STEP][PASSED] - Statement - println(fieldType:$fieldType): null

2018-11-24 11:56:33 - [TEST_STEP][PASSED] - Statement - locatorType = Testcases.getValue("LocatorType", testDatas): null

2018-11-24 11:56:33 - [TEST_STEP][PASSED] - Statement - println(LocatorType:$locatorType): null

2018-11-24 11:56:33 - [TEST_STEP][PASSED] - Statement - attributeValue = Testcases.getValue("AttributeValue", testDatas): null

2018-11-24 11:56:33 - [TEST_STEP][PASSED] - Statement - locatorValue = Testcases.getValue("LocatorValue", testDatas): null

2018-11-24 11:56:33 - [TEST_STEP][PASSED] - Statement - println(LocatorValue:$locatorValue): null

2018-11-24 11:56:33 - [TEST_STEP][PASSED] - Statement - TestData = Testcases.getValue("TestData", testDatas): null

2018-11-24 11:56:33 - [TEST_STEP][PASSED] - Statement - println(TestData:$TestData): null

2018-11-24 11:56:33 - [TEST_STEP][PASSED] - Statement - validationData = Testcases.getValue("validationInput", testDatas): null

2018-11-24 11:56:33 - [TEST_STEP][PASSED] - Statement - println(validationData:$validationData): null

2018-11-24 11:56:33 - [TEST_STEP][PASSED] - Statement - result = <not implemented yet for class: org.codehaus.groovy.ast.expr.EmptyExpression>: null

2018-11-24 11:56:33 - [TEST_STEP][PASSED] - Statement - println(getSplitedDatainside:$getSplitedData): null

2018-11-24 11:56:33 - [TEST_STEP][PASSED] - Statement - TestDataSplited = TestData.split(";"): null

2018-11-24 11:56:33 - [TEST_STEP][PASSED] - Statement - assignValue = <not implemented yet for class: org.codehaus.groovy.ast.expr.EmptyExpression>: null

2018-11-24 11:56:33 - [TEST_STEP][PASSED] - Statement - validationDataSplited = validationData.split(";"): null

2018-11-24 11:56:33 - [TEST_STEP][PASSED] - Statement - validateValue = <not implemented yet for class: org.codehaus.groovy.ast.expr.EmptyExpression>: null

2018-11-24 11:56:33 - [TEST_STEP][PASSED] - Statement - If (getSplitedData < TestDataSplited.size()): null

2018-11-24 11:56:33 - [TEST_STEP][PASSED] - Statement - assignValue = TestDataSplited[getSplitedData]: null

2018-11-24 11:56:33 - [TEST_STEP][PASSED] - Statement - println(assignValue:$assignValue): null

2018-11-24 11:56:33 - [TEST_STEP][PASSED] - Statement - If (getSplitedData < validationDataSplited.size()): null

2018-11-24 11:56:33 - [TEST_STEP][PASSED] - Statement - validateValue = validationDataSplited[getSplitedData]: null

2018-11-24 11:56:33 - [TEST_STEP][PASSED] - Statement - println(validateValue:$validateValue): null

2018-11-24 11:56:33 - [TEST_STEP][PASSED] - Statement - switch (UserActions): null

2018-11-24 11:56:33 - [TEST_STEP][PASSED] - Statement - case "Click":: null

2018-11-24 11:56:33 - [TEST_STEP][PASSED] - Statement - switchclick(driver, fieldType, locatorType, locatorValue, assignValue, result, testDatas, getSplitedData, attributeValue, validateValue): null

2018-11-24 11:56:33 - [TEST_STEP][PASSED] - Statement - switch (fieldType): null

2018-11-24 11:56:33 - [TEST_STEP][PASSED] - Statement - case "Button":: null

2018-11-24 11:56:33 - [TEST_STEP][PASSED] - Statement - Try: function.CheckPoints.WriteToExcelPass is PASSED

2018-11-24 11:56:33 - [TEST_STEP][PASSED] - Statement - println("Button selected success"): null

2018-11-24 11:56:33 - [TEST_STEP][PASSED] - Statement - java.lang.Thread.sleep(3000): null

2018-11-24 11:56:36 - [TEST_STEP][PASSED] - Statement - buttonClick = CustomKeywords.function.CheckPoints.getLocator(driver, locatorType, locatorValue): function.CheckPoints.getLocator is PASSED

2018-11-24 11:56:36 - [MESSAGE][PASSED] - function.CheckPoints.getLocator is PASSED

2018-11-24 11:56:36 - [TEST_STEP][PASSED] - Statement - println(buttonClick:$buttonClick): null

2018-11-24 11:56:36 - [TEST_STEP][PASSED] - Statement - java.lang.Thread.sleep(2000): null

2018-11-24 11:56:38 - [TEST_STEP][PASSED] - Statement - If (CustomKeywords.function.CheckPoints.Click(driver, buttonClick, result).booleanValue() == true): function.CheckPoints.WriteToExcelPass is PASSED

2018-11-24 11:56:42 - [MESSAGE][PASSED] - function.CheckPoints.Click is PASSED

2018-11-24 11:56:42 - [TEST_STEP][PASSED] - Statement - println("Button pass"): null

2018-11-24 11:56:42 - [TEST_STEP][PASSED] - function.CheckPoints.WriteToExcelPass: function.CheckPoints.WriteToExcelPass is PASSED

2018-11-24 11:56:42 - [MESSAGE][PASSED] - function.CheckPoints.WriteToExcelPass is PASSED

2018-11-24 11:56:42 - [TEST_STEP][PASSED] - Statement - Break: null

2018-11-24 11:56:42 - [TEST_STEP][PASSED] - Statement - Break: null

2018-11-24 11:56:42 - [TEST_STEP][PASSED] - Statement - If (UserActions.equals("End") && getSplitedData == dataValues - 1): null

2018-11-24 11:56:42 - [TEST_STEP][PASSED] - Statement - println(index:$index): null

2018-11-24 11:56:42 - [TEST_STEP][PASSED] - Statement - println(Testcases.getRowNumbers() :$Testcases.getRowNumbers()): null

2018-11-24 11:56:42 - [TEST_STEP][PASSED] - Statement - validate = Testcases.getRowNumbers(): null

2018-11-24 11:56:42 - [TEST_STEP][PASSED] - Statement - println(testDatastestDatas:$testDatas): null

2018-11-24 11:56:42 - [TEST_STEP][PASSED] - Statement - If (testDatas == validate): null

2018-11-24 11:56:42 - [TEST_STEP][PASSED] - Statement - println(index:$index): null

2018-11-24 11:56:42 - [TEST_STEP][PASSED] - Statement - testDatas = index + 1: null

2018-11-24 11:56:42 - [TEST_STEP][PASSED] - Statement - println(testDatas:$testDatas): null

2018-11-24 11:56:42 - [TEST_STEP][PASSED] - Statement - UserActions = Testcases.getValue("UserAction", testDatas): null

2018-11-24 11:56:42 - [TEST_STEP][PASSED] - Statement - fieldType = Testcases.getValue("FieldType", testDatas): null

2018-11-24 11:56:42 - [TEST_STEP][PASSED] - Statement - println(fieldType:$fieldType): null

2018-11-24 11:56:42 - [TEST_STEP][PASSED] - Statement - locatorType = Testcases.getValue("LocatorType", testDatas): null

2018-11-24 11:56:42 - [TEST_STEP][PASSED] - Statement - println(LocatorType:$locatorType): null

2018-11-24 11:56:42 - [TEST_STEP][PASSED] - Statement - attributeValue = Testcases.getValue("AttributeValue", testDatas): null

2018-11-24 11:56:42 - [TEST_STEP][PASSED] - Statement - locatorValue = Testcases.getValue("LocatorValue", testDatas): null

2018-11-24 11:56:42 - [TEST_STEP][PASSED] - Statement - println(LocatorValue:$locatorValue): null

2018-11-24 11:56:42 - [TEST_STEP][PASSED] - Statement - TestData = Testcases.getValue("TestData", testDatas): null

2018-11-24 11:56:42 - [TEST_STEP][PASSED] - Statement - println(TestData:$TestData): null

2018-11-24 11:56:42 - [TEST_STEP][PASSED] - Statement - validationData = Testcases.getValue("validationInput", testDatas): null

2018-11-24 11:56:42 - [TEST_STEP][PASSED] - Statement - println(validationData:$validationData): null

2018-11-24 11:56:42 - [TEST_STEP][PASSED] - Statement - result = <not implemented yet for class: org.codehaus.groovy.ast.expr.EmptyExpression>: null

2018-11-24 11:56:42 - [TEST_STEP][PASSED] - Statement - println(getSplitedDatainside:$getSplitedData): null

2018-11-24 11:56:42 - [TEST_STEP][PASSED] - Statement - TestDataSplited = TestData.split(";"): null

2018-11-24 11:56:42 - [TEST_STEP][PASSED] - Statement - assignValue = <not implemented yet for class: org.codehaus.groovy.ast.expr.EmptyExpression>: null

2018-11-24 11:56:42 - [TEST_STEP][PASSED] - Statement - validationDataSplited = validationData.split(";"): null

2018-11-24 11:56:42 - [TEST_STEP][PASSED] - Statement - validateValue = <not implemented yet for class: org.codehaus.groovy.ast.expr.EmptyExpression>: null

2018-11-24 11:56:42 - [TEST_STEP][PASSED] - Statement - If (getSplitedData < TestDataSplited.size()): null

2018-11-24 11:56:42 - [TEST_STEP][PASSED] - Statement - assignValue = TestDataSplited[getSplitedData]: null

2018-11-24 11:56:42 - [TEST_STEP][PASSED] - Statement - println(assignValue:$assignValue): null

2018-11-24 11:56:42 - [TEST_STEP][PASSED] - Statement - If (getSplitedData < validationDataSplited.size()): null

2018-11-24 11:56:42 - [TEST_STEP][PASSED] - Statement - validateValue = validationDataSplited[getSplitedData]: null

2018-11-24 11:56:42 - [TEST_STEP][PASSED] - Statement - println(validateValue:$validateValue): null

2018-11-24 11:56:42 - [TEST_STEP][PASSED] - Statement - switch (UserActions): null

2018-11-24 11:56:42 - [TEST_STEP][PASSED] - Statement - case "Delay":: null

2018-11-24 11:56:42 - [TEST_STEP][PASSED] - Statement - If (!(empty)): null

2018-11-24 11:56:42 - [TEST_STEP][PASSED] - Statement - timeLine = java.lang.Integer.parseInt(TestData): null

2018-11-24 11:56:42 - [TEST_STEP][PASSED] - Statement - java.lang.Thread.sleep(timeLine): null

2018-11-24 11:56:44 - [TEST_STEP][PASSED] - Statement - Break: null

2018-11-24 11:56:44 - [TEST_STEP][PASSED] - Statement - If (UserActions.equals("End") && getSplitedData == dataValues - 1): null

2018-11-24 11:56:44 - [TEST_STEP][PASSED] - Statement - println(index:$index): null

2018-11-24 11:56:44 - [TEST_STEP][PASSED] - Statement - println(Testcases.getRowNumbers() :$Testcases.getRowNumbers()): null

2018-11-24 11:56:44 - [TEST_STEP][PASSED] - Statement - validate = Testcases.getRowNumbers(): null

2018-11-24 11:56:44 - [TEST_STEP][PASSED] - Statement - println(testDatastestDatas:$testDatas): null

2018-11-24 11:56:44 - [TEST_STEP][PASSED] - Statement - If (testDatas == validate): null

2018-11-24 11:56:44 - [TEST_STEP][PASSED] - Statement - println(index:$index): null

2018-11-24 11:56:44 - [TEST_STEP][PASSED] - Statement - testDatas = index + 1: null

2018-11-24 11:56:44 - [TEST_STEP][PASSED] - Statement - println(testDatas:$testDatas): null

2018-11-24 11:56:44 - [TEST_STEP][PASSED] - Statement - UserActions = Testcases.getValue("UserAction", testDatas): null

2018-11-24 11:56:44 - [TEST_STEP][PASSED] - Statement - fieldType = Testcases.getValue("FieldType", testDatas): null

2018-11-24 11:56:44 - [TEST_STEP][PASSED] - Statement - println(fieldType:$fieldType): null

2018-11-24 11:56:44 - [TEST_STEP][PASSED] - Statement - locatorType = Testcases.getValue("LocatorType", testDatas): null

2018-11-24 11:56:44 - [TEST_STEP][PASSED] - Statement - println(LocatorType:$locatorType): null

2018-11-24 11:56:44 - [TEST_STEP][PASSED] - Statement - attributeValue = Testcases.getValue("AttributeValue", testDatas): null

2018-11-24 11:56:44 - [TEST_STEP][PASSED] - Statement - locatorValue = Testcases.getValue("LocatorValue", testDatas): null

2018-11-24 11:56:44 - [TEST_STEP][PASSED] - Statement - println(LocatorValue:$locatorValue): null

2018-11-24 11:56:44 - [TEST_STEP][PASSED] - Statement - TestData = Testcases.getValue("TestData", testDatas): null

2018-11-24 11:56:44 - [TEST_STEP][PASSED] - Statement - println(TestData:$TestData): null

2018-11-24 11:56:44 - [TEST_STEP][PASSED] - Statement - validationData = Testcases.getValue("validationInput", testDatas): null

2018-11-24 11:56:44 - [TEST_STEP][PASSED] - Statement - println(validationData:$validationData): null

2018-11-24 11:56:44 - [TEST_STEP][PASSED] - Statement - result = <not implemented yet for class: org.codehaus.groovy.ast.expr.EmptyExpression>: null

2018-11-24 11:56:44 - [TEST_STEP][PASSED] - Statement - println(getSplitedDatainside:$getSplitedData): null

2018-11-24 11:56:44 - [TEST_STEP][PASSED] - Statement - TestDataSplited = TestData.split(";"): null

2018-11-24 11:56:44 - [TEST_STEP][PASSED] - Statement - assignValue = <not implemented yet for class: org.codehaus.groovy.ast.expr.EmptyExpression>: null

2018-11-24 11:56:44 - [TEST_STEP][PASSED] - Statement - validationDataSplited = validationData.split(";"): null

2018-11-24 11:56:44 - [TEST_STEP][PASSED] - Statement - validateValue = <not implemented yet for class: org.codehaus.groovy.ast.expr.EmptyExpression>: null

2018-11-24 11:56:44 - [TEST_STEP][PASSED] - Statement - If (getSplitedData < TestDataSplited.size()): null

2018-11-24 11:56:44 - [TEST_STEP][PASSED] - Statement - assignValue = TestDataSplited[getSplitedData]: null

2018-11-24 11:56:44 - [TEST_STEP][PASSED] - Statement - println(assignValue:$assignValue): null

2018-11-24 11:56:44 - [TEST_STEP][PASSED] - Statement - If (getSplitedData < validationDataSplited.size()): null

2018-11-24 11:56:44 - [TEST_STEP][PASSED] - Statement - validateValue = validationDataSplited[getSplitedData]: null

2018-11-24 11:56:44 - [TEST_STEP][PASSED] - Statement - println(validateValue:$validateValue): null

2018-11-24 11:56:44 - [TEST_STEP][PASSED] - Statement - switch (UserActions): null

2018-11-24 11:56:44 - [TEST_STEP][PASSED] - Statement - case "Click":: null

2018-11-24 11:56:44 - [TEST_STEP][PASSED] - Statement - switchclick(driver, fieldType, locatorType, locatorValue, assignValue, result, testDatas, getSplitedData, attributeValue, validateValue): null

2018-11-24 11:56:44 - [TEST_STEP][PASSED] - Statement - switch (fieldType): null

2018-11-24 11:56:44 - [TEST_STEP][PASSED] - Statement - case "Button":: null

2018-11-24 11:56:44 - [TEST_STEP][PASSED] - Statement - Try: function.CheckPoints.WriteToExcelPass is PASSED

2018-11-24 11:56:44 - [TEST_STEP][PASSED] - Statement - println("Button selected success"): null

2018-11-24 11:56:44 - [TEST_STEP][PASSED] - Statement - java.lang.Thread.sleep(3000): null

2018-11-24 11:56:47 - [TEST_STEP][PASSED] - Statement - buttonClick = CustomKeywords.function.CheckPoints.getLocator(driver, locatorType, locatorValue): function.CheckPoints.getLocator is PASSED

2018-11-24 11:56:47 - [MESSAGE][PASSED] - function.CheckPoints.getLocator is PASSED

2018-11-24 11:56:47 - [TEST_STEP][PASSED] - Statement - println(buttonClick:$buttonClick): null

2018-11-24 11:56:47 - [TEST_STEP][PASSED] - Statement - java.lang.Thread.sleep(2000): null

2018-11-24 11:56:49 - [TEST_STEP][PASSED] - Statement - If (CustomKeywords.function.CheckPoints.Click(driver, buttonClick, result).booleanValue() == true): function.CheckPoints.WriteToExcelPass is PASSED

2018-11-24 11:56:52 - [MESSAGE][PASSED] - function.CheckPoints.Click is PASSED

2018-11-24 11:56:52 - [TEST_STEP][PASSED] - Statement - println("Button pass"): null

2018-11-24 11:56:52 - [TEST_STEP][PASSED] - function.CheckPoints.WriteToExcelPass: function.CheckPoints.WriteToExcelPass is PASSED

2018-11-24 11:56:52 - [MESSAGE][PASSED] - function.CheckPoints.WriteToExcelPass is PASSED

2018-11-24 11:56:52 - [TEST_STEP][PASSED] - Statement - Break: null

2018-11-24 11:56:52 - [TEST_STEP][PASSED] - Statement - Break: null

2018-11-24 11:56:52 - [TEST_STEP][PASSED] - Statement - If (UserActions.equals("End") && getSplitedData == dataValues - 1): null

2018-11-24 11:56:52 - [TEST_STEP][PASSED] - Statement - println(index:$index): null

2018-11-24 11:56:52 - [TEST_STEP][PASSED] - Statement - println(Testcases.getRowNumbers() :$Testcases.getRowNumbers()): null

2018-11-24 11:56:52 - [TEST_STEP][PASSED] - Statement - validate = Testcases.getRowNumbers(): null

2018-11-24 11:56:52 - [TEST_STEP][PASSED] - Statement - println(testDatastestDatas:$testDatas): null

2018-11-24 11:56:52 - [TEST_STEP][PASSED] - Statement - If (testDatas == validate): null

2018-11-24 11:56:52 - [TEST_STEP][PASSED] - Statement - println(index:$index): null

2018-11-24 11:56:52 - [TEST_STEP][PASSED] - Statement - testDatas = index + 1: null

2018-11-24 11:56:52 - [TEST_STEP][PASSED] - Statement - println(testDatas:$testDatas): null

2018-11-24 11:56:52 - [TEST_STEP][PASSED] - Statement - UserActions = Testcases.getValue("UserAction", testDatas): null

2018-11-24 11:56:52 - [TEST_STEP][PASSED] - Statement - fieldType = Testcases.getValue("FieldType", testDatas): null

2018-11-24 11:56:52 - [TEST_STEP][PASSED] - Statement - println(fieldType:$fieldType): null

2018-11-24 11:56:52 - [TEST_STEP][PASSED] - Statement - locatorType = Testcases.getValue("LocatorType", testDatas): null

2018-11-24 11:56:52 - [TEST_STEP][PASSED] - Statement - println(LocatorType:$locatorType): null

2018-11-24 11:56:52 - [TEST_STEP][PASSED] - Statement - attributeValue = Testcases.getValue("AttributeValue", testDatas): null

2018-11-24 11:56:52 - [TEST_STEP][PASSED] - Statement - locatorValue = Testcases.getValue("LocatorValue", testDatas): null

2018-11-24 11:56:52 - [TEST_STEP][PASSED] - Statement - println(LocatorValue:$locatorValue): null

2018-11-24 11:56:52 - [TEST_STEP][PASSED] - Statement - TestData = Testcases.getValue("TestData", testDatas): null

2018-11-24 11:56:52 - [TEST_STEP][PASSED] - Statement - println(TestData:$TestData): null

2018-11-24 11:56:52 - [TEST_STEP][PASSED] - Statement - validationData = Testcases.getValue("validationInput", testDatas): null

2018-11-24 11:56:52 - [TEST_STEP][PASSED] - Statement - println(validationData:$validationData): null

2018-11-24 11:56:52 - [TEST_STEP][PASSED] - Statement - result = <not implemented yet for class: org.codehaus.groovy.ast.expr.EmptyExpression>: null

2018-11-24 11:56:52 - [TEST_STEP][PASSED] - Statement - println(getSplitedDatainside:$getSplitedData): null

2018-11-24 11:56:52 - [TEST_STEP][PASSED] - Statement - TestDataSplited = TestData.split(";"): null

2018-11-24 11:56:52 - [TEST_STEP][PASSED] - Statement - assignValue = <not implemented yet for class: org.codehaus.groovy.ast.expr.EmptyExpression>: null

2018-11-24 11:56:52 - [TEST_STEP][PASSED] - Statement - validationDataSplited = validationData.split(";"): null

2018-11-24 11:56:52 - [TEST_STEP][PASSED] - Statement - validateValue = <not implemented yet for class: org.codehaus.groovy.ast.expr.EmptyExpression>: null

2018-11-24 11:56:52 - [TEST_STEP][PASSED] - Statement - If (getSplitedData < TestDataSplited.size()): null

2018-11-24 11:56:52 - [TEST_STEP][PASSED] - Statement - assignValue = TestDataSplited[getSplitedData]: null

2018-11-24 11:56:52 - [TEST_STEP][PASSED] - Statement - println(assignValue:$assignValue): null

2018-11-24 11:56:52 - [TEST_STEP][PASSED] - Statement - If (getSplitedData < validationDataSplited.size()): null

2018-11-24 11:56:52 - [TEST_STEP][PASSED] - Statement - validateValue = validationDataSplited[getSplitedData]: null

2018-11-24 11:56:52 - [TEST_STEP][PASSED] - Statement - println(validateValue:$validateValue): null

2018-11-24 11:56:52 - [TEST_STEP][PASSED] - Statement - switch (UserActions): null

2018-11-24 11:56:52 - [TEST_STEP][PASSED] - Statement - case "Delay":: null

2018-11-24 11:56:52 - [TEST_STEP][PASSED] - Statement - If (!(empty)): null

2018-11-24 11:56:52 - [TEST_STEP][PASSED] - Statement - timeLine = java.lang.Integer.parseInt(TestData): null

2018-11-24 11:56:52 - [TEST_STEP][PASSED] - Statement - java.lang.Thread.sleep(timeLine): null

2018-11-24 11:56:55 - [TEST_STEP][PASSED] - Statement - Break: null

2018-11-24 11:56:55 - [TEST_STEP][PASSED] - Statement - If (UserActions.equals("End") && getSplitedData == dataValues - 1): null

2018-11-24 11:56:55 - [TEST_STEP][PASSED] - Statement - println(index:$index): null

2018-11-24 11:56:55 - [TEST_STEP][PASSED] - Statement - println(Testcases.getRowNumbers() :$Testcases.getRowNumbers()): null

2018-11-24 11:56:55 - [TEST_STEP][PASSED] - Statement - validate = Testcases.getRowNumbers(): null

2018-11-24 11:56:55 - [TEST_STEP][PASSED] - Statement - println(testDatastestDatas:$testDatas): null

2018-11-24 11:56:55 - [TEST_STEP][PASSED] - Statement - If (testDatas == validate): null

2018-11-24 11:56:55 - [TEST_STEP][PASSED] - Statement - println(index:$index): null

2018-11-24 11:56:55 - [TEST_STEP][PASSED] - Statement - testDatas = index + 1: null

2018-11-24 11:56:55 - [TEST_STEP][PASSED] - Statement - println(testDatas:$testDatas): null

2018-11-24 11:56:55 - [TEST_STEP][PASSED] - Statement - UserActions = Testcases.getValue("UserAction", testDatas): null

2018-11-24 11:56:55 - [TEST_STEP][PASSED] - Statement - fieldType = Testcases.getValue("FieldType", testDatas): null

2018-11-24 11:56:55 - [TEST_STEP][PASSED] - Statement - println(fieldType:$fieldType): null

2018-11-24 11:56:55 - [TEST_STEP][PASSED] - Statement - locatorType = Testcases.getValue("LocatorType", testDatas): null

2018-11-24 11:56:55 - [TEST_STEP][PASSED] - Statement - println(LocatorType:$locatorType): null

2018-11-24 11:56:55 - [TEST_STEP][PASSED] - Statement - attributeValue = Testcases.getValue("AttributeValue", testDatas): null

2018-11-24 11:56:55 - [TEST_STEP][PASSED] - Statement - locatorValue = Testcases.getValue("LocatorValue", testDatas): null

2018-11-24 11:56:55 - [TEST_STEP][PASSED] - Statement - println(LocatorValue:$locatorValue): null

2018-11-24 11:56:55 - [TEST_STEP][PASSED] - Statement - TestData = Testcases.getValue("TestData", testDatas): null

2018-11-24 11:56:55 - [TEST_STEP][PASSED] - Statement - println(TestData:$TestData): null

2018-11-24 11:56:55 - [TEST_STEP][PASSED] - Statement - validationData = Testcases.getValue("validationInput", testDatas): null

2018-11-24 11:56:55 - [TEST_STEP][PASSED] - Statement - println(validationData:$validationData): null

2018-11-24 11:56:55 - [TEST_STEP][PASSED] - Statement - result = <not implemented yet for class: org.codehaus.groovy.ast.expr.EmptyExpression>: null

2018-11-24 11:56:55 - [TEST_STEP][PASSED] - Statement - println(getSplitedDatainside:$getSplitedData): null

2018-11-24 11:56:55 - [TEST_STEP][PASSED] - Statement - TestDataSplited = TestData.split(";"): null

2018-11-24 11:56:55 - [TEST_STEP][PASSED] - Statement - assignValue = <not implemented yet for class: org.codehaus.groovy.ast.expr.EmptyExpression>: null

2018-11-24 11:56:55 - [TEST_STEP][PASSED] - Statement - validationDataSplited = validationData.split(";"): null

2018-11-24 11:56:55 - [TEST_STEP][PASSED] - Statement - validateValue = <not implemented yet for class: org.codehaus.groovy.ast.expr.EmptyExpression>: null

2018-11-24 11:56:55 - [TEST_STEP][PASSED] - Statement - If (getSplitedData < TestDataSplited.size()): null

2018-11-24 11:56:55 - [TEST_STEP][PASSED] - Statement - assignValue = TestDataSplited[getSplitedData]: null

2018-11-24 11:56:55 - [TEST_STEP][PASSED] - Statement - println(assignValue:$assignValue): null

2018-11-24 11:56:55 - [TEST_STEP][PASSED] - Statement - If (getSplitedData < validationDataSplited.size()): null

2018-11-24 11:56:55 - [TEST_STEP][PASSED] - Statement - validateValue = validationDataSplited[getSplitedData]: null

2018-11-24 11:56:55 - [TEST_STEP][PASSED] - Statement - println(validateValue:$validateValue): null

2018-11-24 11:56:55 - [TEST_STEP][PASSED] - Statement - switch (UserActions): null

2018-11-24 11:56:55 - [TEST_STEP][PASSED] - Statement - case "Select":: null

2018-11-24 11:56:55 - [TEST_STEP][PASSED] - Statement - switchselect(driver, fieldType, locatorType, locatorValue, assignValue, result, testDatas, getSplitedData, attributeValue, validateValue): null

2018-11-24 11:56:55 - [TEST_STEP][PASSED] - Statement - switch (fieldType): null

2018-11-24 11:56:55 - [TEST_STEP][PASSED] - Statement - case "DropDown":: null

2018-11-24 11:56:55 - [TEST_STEP][PASSED] - Statement - Try: function.CheckPoints.WriteToExcelPass is PASSED

2018-11-24 11:56:55 - [TEST_STEP][PASSED] - Statement - Type = CustomKeywords.function.CheckPoints.getLocator(driver, locatorType, locatorValue): function.CheckPoints.getLocator is PASSED

2018-11-24 11:56:55 - [MESSAGE][PASSED] - function.CheckPoints.getLocator is PASSED

2018-11-24 11:56:55 - [TEST_STEP][PASSED] - Statement - inputType = assignValue: null

2018-11-24 11:56:55 - [TEST_STEP][PASSED] - Statement - If (CustomKeywords.function.CheckPoints.Dropdown(driver, Type, inputType, result).booleanValue() == true): function.CheckPoints.WriteToExcelPass is PASSED

2018-11-24 11:56:58 - [MESSAGE][PASSED] - function.CheckPoints.Dropdown is PASSED

2018-11-24 11:56:58 - [TEST_STEP][PASSED] - Statement - println("DropDown pass"): null

2018-11-24 11:56:58 - [TEST_STEP][PASSED] - function.CheckPoints.WriteToExcelPass: function.CheckPoints.WriteToExcelPass is PASSED

2018-11-24 11:56:58 - [MESSAGE][PASSED] - function.CheckPoints.WriteToExcelPass is PASSED

2018-11-24 11:56:58 - [TEST_STEP][PASSED] - Statement - Break: null

2018-11-24 11:56:58 - [TEST_STEP][PASSED] - Statement - Break: null

2018-11-24 11:56:58 - [TEST_STEP][PASSED] - Statement - If (UserActions.equals("End") && getSplitedData == dataValues - 1): null

2018-11-24 11:56:58 - [TEST_STEP][PASSED] - Statement - println(index:$index): null

2018-11-24 11:56:58 - [TEST_STEP][PASSED] - Statement - println(Testcases.getRowNumbers() :$Testcases.getRowNumbers()): null

2018-11-24 11:56:58 - [TEST_STEP][PASSED] - Statement - validate = Testcases.getRowNumbers(): null

2018-11-24 11:56:58 - [TEST_STEP][PASSED] - Statement - println(testDatastestDatas:$testDatas): null

2018-11-24 11:56:58 - [TEST_STEP][PASSED] - Statement - If (testDatas == validate): null

2018-11-24 11:56:58 - [TEST_STEP][PASSED] - Statement - println(index:$index): null

2018-11-24 11:56:58 - [TEST_STEP][PASSED] - Statement - testDatas = index + 1: null

2018-11-24 11:56:58 - [TEST_STEP][PASSED] - Statement - println(testDatas:$testDatas): null

2018-11-24 11:56:58 - [TEST_STEP][PASSED] - Statement - UserActions = Testcases.getValue("UserAction", testDatas): null

2018-11-24 11:56:58 - [TEST_STEP][PASSED] - Statement - fieldType = Testcases.getValue("FieldType", testDatas): null

2018-11-24 11:56:58 - [TEST_STEP][PASSED] - Statement - println(fieldType:$fieldType): null

2018-11-24 11:56:58 - [TEST_STEP][PASSED] - Statement - locatorType = Testcases.getValue("LocatorType", testDatas): null

2018-11-24 11:56:58 - [TEST_STEP][PASSED] - Statement - println(LocatorType:$locatorType): null

2018-11-24 11:56:58 - [TEST_STEP][PASSED] - Statement - attributeValue = Testcases.getValue("AttributeValue", testDatas): null

2018-11-24 11:56:58 - [TEST_STEP][PASSED] - Statement - locatorValue = Testcases.getValue("LocatorValue", testDatas): null

2018-11-24 11:56:58 - [TEST_STEP][PASSED] - Statement - println(LocatorValue:$locatorValue): null

2018-11-24 11:56:58 - [TEST_STEP][PASSED] - Statement - TestData = Testcases.getValue("TestData", testDatas): null

2018-11-24 11:56:58 - [TEST_STEP][PASSED] - Statement - println(TestData:$TestData): null

2018-11-24 11:56:58 - [TEST_STEP][PASSED] - Statement - validationData = Testcases.getValue("validationInput", testDatas): null

2018-11-24 11:56:58 - [TEST_STEP][PASSED] - Statement - println(validationData:$validationData): null

2018-11-24 11:56:58 - [TEST_STEP][PASSED] - Statement - result = <not implemented yet for class: org.codehaus.groovy.ast.expr.EmptyExpression>: null

2018-11-24 11:56:58 - [TEST_STEP][PASSED] - Statement - println(getSplitedDatainside:$getSplitedData): null

2018-11-24 11:56:58 - [TEST_STEP][PASSED] - Statement - TestDataSplited = TestData.split(";"): null

2018-11-24 11:56:58 - [TEST_STEP][PASSED] - Statement - assignValue = <not implemented yet for class: org.codehaus.groovy.ast.expr.EmptyExpression>: null

2018-11-24 11:56:58 - [TEST_STEP][PASSED] - Statement - validationDataSplited = validationData.split(";"): null

2018-11-24 11:56:58 - [TEST_STEP][PASSED] - Statement - validateValue = <not implemented yet for class: org.codehaus.groovy.ast.expr.EmptyExpression>: null

2018-11-24 11:56:58 - [TEST_STEP][PASSED] - Statement - If (getSplitedData < TestDataSplited.size()): null

2018-11-24 11:56:58 - [TEST_STEP][PASSED] - Statement - assignValue = TestDataSplited[getSplitedData]: null

2018-11-24 11:56:58 - [TEST_STEP][PASSED] - Statement - println(assignValue:$assignValue): null

2018-11-24 11:56:58 - [TEST_STEP][PASSED] - Statement - If (getSplitedData < validationDataSplited.size()): null

2018-11-24 11:56:58 - [TEST_STEP][PASSED] - Statement - validateValue = validationDataSplited[getSplitedData]: null

2018-11-24 11:56:58 - [TEST_STEP][PASSED] - Statement - println(validateValue:$validateValue): null

2018-11-24 11:56:58 - [TEST_STEP][PASSED] - Statement - switch (UserActions): null

2018-11-24 11:56:58 - [TEST_STEP][PASSED] - Statement - case "Text":: null

2018-11-24 11:56:58 - [TEST_STEP][PASSED] - Statement - switchtext(driver, fieldType, locatorType, locatorValue, assignValue, result, testDatas, getSplitedData, attributeValue, validateValue): null

2018-11-24 11:56:58 - [TEST_STEP][PASSED] - Statement - switch (fieldType): null

2018-11-24 11:56:58 - [TEST_STEP][PASSED] - Statement - case "TextBox":: null

2018-11-24 11:56:58 - [TEST_STEP][PASSED] - Statement - Try: function.CheckPoints.WriteToExcelPass is PASSED

2018-11-24 11:56:58 - [TEST_STEP][PASSED] - Statement - java.lang.Thread.sleep(1000): null

2018-11-24 11:56:59 - [TEST_STEP][PASSED] - Statement - titletxtBox = CustomKeywords.function.CheckPoints.getLocator(driver, locatorType, locatorValue): function.CheckPoints.getLocator is PASSED

2018-11-24 11:56:59 - [MESSAGE][PASSED] - function.CheckPoints.getLocator is PASSED

2018-11-24 11:56:59 - [TEST_STEP][PASSED] - Statement - If (CustomKeywords.function.CheckPoints.Textbox(driver, titletxtBox, assignValue, result).booleanValue() == true): function.CheckPoints.WriteToExcelPass is PASSED

2018-11-24 11:56:59 - [MESSAGE][PASSED] - function.CheckPoints.Textbox is PASSED

2018-11-24 11:56:59 - [TEST_STEP][PASSED] - Statement - println("TextBox pass"): null

2018-11-24 11:56:59 - [TEST_STEP][PASSED] - function.CheckPoints.WriteToExcelPass: function.CheckPoints.WriteToExcelPass is PASSED

2018-11-24 11:56:59 - [MESSAGE][PASSED] - function.CheckPoints.WriteToExcelPass is PASSED

2018-11-24 11:56:59 - [TEST_STEP][PASSED] - Statement - Break: null

2018-11-24 11:56:59 - [TEST_STEP][PASSED] - Statement - Break: null

2018-11-24 11:56:59 - [TEST_STEP][PASSED] - Statement - If (UserActions.equals("End") && getSplitedData == dataValues - 1): null

2018-11-24 11:56:59 - [TEST_STEP][PASSED] - Statement - println(index:$index): null

2018-11-24 11:56:59 - [TEST_STEP][PASSED] - Statement - println(Testcases.getRowNumbers() :$Testcases.getRowNumbers()): null

2018-11-24 11:56:59 - [TEST_STEP][PASSED] - Statement - validate = Testcases.getRowNumbers(): null

2018-11-24 11:56:59 - [TEST_STEP][PASSED] - Statement - println(testDatastestDatas:$testDatas): null

2018-11-24 11:56:59 - [TEST_STEP][PASSED] - Statement - If (testDatas == validate): null

2018-11-24 11:56:59 - [TEST_STEP][PASSED] - Statement - println(index:$index): null

2018-11-24 11:56:59 - [TEST_STEP][PASSED] - Statement - testDatas = index + 1: null

2018-11-24 11:56:59 - [TEST_STEP][PASSED] - Statement - println(testDatas:$testDatas): null

2018-11-24 11:56:59 - [TEST_STEP][PASSED] - Statement - UserActions = Testcases.getValue("UserAction", testDatas): null

2018-11-24 11:56:59 - [TEST_STEP][PASSED] - Statement - fieldType = Testcases.getValue("FieldType", testDatas): null

2018-11-24 11:56:59 - [TEST_STEP][PASSED] - Statement - println(fieldType:$fieldType): null

2018-11-24 11:56:59 - [TEST_STEP][PASSED] - Statement - locatorType = Testcases.getValue("LocatorType", testDatas): null

2018-11-24 11:56:59 - [TEST_STEP][PASSED] - Statement - println(LocatorType:$locatorType): null

2018-11-24 11:56:59 - [TEST_STEP][PASSED] - Statement - attributeValue = Testcases.getValue("AttributeValue", testDatas): null

2018-11-24 11:56:59 - [TEST_STEP][PASSED] - Statement - locatorValue = Testcases.getValue("LocatorValue", testDatas): null

2018-11-24 11:56:59 - [TEST_STEP][PASSED] - Statement - println(LocatorValue:$locatorValue): null

2018-11-24 11:56:59 - [TEST_STEP][PASSED] - Statement - TestData = Testcases.getValue("TestData", testDatas): null

2018-11-24 11:56:59 - [TEST_STEP][PASSED] - Statement - println(TestData:$TestData): null

2018-11-24 11:56:59 - [TEST_STEP][PASSED] - Statement - validationData = Testcases.getValue("validationInput", testDatas): null

2018-11-24 11:56:59 - [TEST_STEP][PASSED] - Statement - println(validationData:$validationData): null

2018-11-24 11:56:59 - [TEST_STEP][PASSED] - Statement - result = <not implemented yet for class: org.codehaus.groovy.ast.expr.EmptyExpression>: null

2018-11-24 11:56:59 - [TEST_STEP][PASSED] - Statement - println(getSplitedDatainside:$getSplitedData): null

2018-11-24 11:56:59 - [TEST_STEP][PASSED] - Statement - TestDataSplited = TestData.split(";"): null

2018-11-24 11:56:59 - [TEST_STEP][PASSED] - Statement - assignValue = <not implemented yet for class: org.codehaus.groovy.ast.expr.EmptyExpression>: null

2018-11-24 11:56:59 - [TEST_STEP][PASSED] - Statement - validationDataSplited = validationData.split(";"): null

2018-11-24 11:56:59 - [TEST_STEP][PASSED] - Statement - validateValue = <not implemented yet for class: org.codehaus.groovy.ast.expr.EmptyExpression>: null

2018-11-24 11:56:59 - [TEST_STEP][PASSED] - Statement - If (getSplitedData < TestDataSplited.size()): null

2018-11-24 11:56:59 - [TEST_STEP][PASSED] - Statement - assignValue = TestDataSplited[getSplitedData]: null

2018-11-24 11:56:59 - [TEST_STEP][PASSED] - Statement - println(assignValue:$assignValue): null

2018-11-24 11:56:59 - [TEST_STEP][PASSED] - Statement - If (getSplitedData < validationDataSplited.size()): null

2018-11-24 11:56:59 - [TEST_STEP][PASSED] - Statement - validateValue = validationDataSplited[getSplitedData]: null

2018-11-24 11:56:59 - [TEST_STEP][PASSED] - Statement - println(validateValue:$validateValue): null

2018-11-24 11:56:59 - [TEST_STEP][PASSED] - Statement - switch (UserActions): null

2018-11-24 11:56:59 - [TEST_STEP][PASSED] - Statement - case "Delay":: null

2018-11-24 11:56:59 - [TEST_STEP][PASSED] - Statement - If (!(empty)): null

2018-11-24 11:56:59 - [TEST_STEP][PASSED] - Statement - Else: null

2018-11-24 11:56:59 - [TEST_STEP][PASSED] - Statement - java.lang.Thread.sleep(1000): null

2018-11-24 11:57:00 - [TEST_STEP][PASSED] - Statement - Break: null

2018-11-24 11:57:00 - [TEST_STEP][PASSED] - Statement - If (UserActions.equals("End") && getSplitedData == dataValues - 1): null

2018-11-24 11:57:00 - [TEST_STEP][PASSED] - Statement - println(index:$index): null

2018-11-24 11:57:00 - [TEST_STEP][PASSED] - Statement - println(Testcases.getRowNumbers() :$Testcases.getRowNumbers()): null

2018-11-24 11:57:00 - [TEST_STEP][PASSED] - Statement - validate = Testcases.getRowNumbers(): null

2018-11-24 11:57:00 - [TEST_STEP][PASSED] - Statement - println(testDatastestDatas:$testDatas): null

2018-11-24 11:57:00 - [TEST_STEP][PASSED] - Statement - If (testDatas == validate): null

2018-11-24 11:57:00 - [TEST_STEP][PASSED] - Statement - println(index:$index): null

2018-11-24 11:57:00 - [TEST_STEP][PASSED] - Statement - testDatas = index + 1: null

2018-11-24 11:57:00 - [TEST_STEP][PASSED] - Statement - println(testDatas:$testDatas): null

2018-11-24 11:57:00 - [TEST_STEP][PASSED] - Statement - UserActions = Testcases.getValue("UserAction", testDatas): null

2018-11-24 11:57:00 - [TEST_STEP][PASSED] - Statement - fieldType = Testcases.getValue("FieldType", testDatas): null

2018-11-24 11:57:00 - [TEST_STEP][PASSED] - Statement - println(fieldType:$fieldType): null

2018-11-24 11:57:00 - [TEST_STEP][PASSED] - Statement - locatorType = Testcases.getValue("LocatorType", testDatas): null

2018-11-24 11:57:00 - [TEST_STEP][PASSED] - Statement - println(LocatorType:$locatorType): null

2018-11-24 11:57:00 - [TEST_STEP][PASSED] - Statement - attributeValue = Testcases.getValue("AttributeValue", testDatas): null

2018-11-24 11:57:00 - [TEST_STEP][PASSED] - Statement - locatorValue = Testcases.getValue("LocatorValue", testDatas): null

2018-11-24 11:57:00 - [TEST_STEP][PASSED] - Statement - println(LocatorValue:$locatorValue): null

2018-11-24 11:57:00 - [TEST_STEP][PASSED] - Statement - TestData = Testcases.getValue("TestData", testDatas): null

2018-11-24 11:57:00 - [TEST_STEP][PASSED] - Statement - println(TestData:$TestData): null

2018-11-24 11:57:00 - [TEST_STEP][PASSED] - Statement - validationData = Testcases.getValue("validationInput", testDatas): null

2018-11-24 11:57:00 - [TEST_STEP][PASSED] - Statement - println(validationData:$validationData): null

2018-11-24 11:57:00 - [TEST_STEP][PASSED] - Statement - result = <not implemented yet for class: org.codehaus.groovy.ast.expr.EmptyExpression>: null

2018-11-24 11:57:00 - [TEST_STEP][PASSED] - Statement - println(getSplitedDatainside:$getSplitedData): null

2018-11-24 11:57:00 - [TEST_STEP][PASSED] - Statement - TestDataSplited = TestData.split(";"): null

2018-11-24 11:57:00 - [TEST_STEP][PASSED] - Statement - assignValue = <not implemented yet for class: org.codehaus.groovy.ast.expr.EmptyExpression>: null

2018-11-24 11:57:00 - [TEST_STEP][PASSED] - Statement - validationDataSplited = validationData.split(";"): null

2018-11-24 11:57:00 - [TEST_STEP][PASSED] - Statement - validateValue = <not implemented yet for class: org.codehaus.groovy.ast.expr.EmptyExpression>: null

2018-11-24 11:57:00 - [TEST_STEP][PASSED] - Statement - If (getSplitedData < TestDataSplited.size()): null

2018-11-24 11:57:00 - [TEST_STEP][PASSED] - Statement - assignValue = TestDataSplited[getSplitedData]: null

2018-11-24 11:57:00 - [TEST_STEP][PASSED] - Statement - println(assignValue:$assignValue): null

2018-11-24 11:57:00 - [TEST_STEP][PASSED] - Statement - If (getSplitedData < validationDataSplited.size()): null

2018-11-24 11:57:00 - [TEST_STEP][PASSED] - Statement - validateValue = validationDataSplited[getSplitedData]: null

2018-11-24 11:57:00 - [TEST_STEP][PASSED] - Statement - println(validateValue:$validateValue): null

2018-11-24 11:57:00 - [TEST_STEP][PASSED] - Statement - switch (UserActions): null

2018-11-24 11:57:00 - [TEST_STEP][PASSED] - Statement - case "Click":: null

2018-11-24 11:57:00 - [TEST_STEP][PASSED] - Statement - switchclick(driver, fieldType, locatorType, locatorValue, assignValue, result, testDatas, getSplitedData, attributeValue, validateValue): null

2018-11-24 11:57:00 - [TEST_STEP][PASSED] - Statement - switch (fieldType): null

2018-11-24 11:57:00 - [TEST_STEP][PASSED] - Statement - case "Button":: null

2018-11-24 11:57:00 - [TEST_STEP][PASSED] - Statement - Try: function.CheckPoints.WriteToExcelPass is PASSED

2018-11-24 11:57:00 - [TEST_STEP][PASSED] - Statement - println("Button selected success"): null

2018-11-24 11:57:00 - [TEST_STEP][PASSED] - Statement - java.lang.Thread.sleep(3000): null

2018-11-24 11:57:03 - [TEST_STEP][PASSED] - Statement - buttonClick = CustomKeywords.function.CheckPoints.getLocator(driver, locatorType, locatorValue): function.CheckPoints.getLocator is PASSED

2018-11-24 11:57:03 - [MESSAGE][PASSED] - function.CheckPoints.getLocator is PASSED

2018-11-24 11:57:03 - [TEST_STEP][PASSED] - Statement - println(buttonClick:$buttonClick): null

2018-11-24 11:57:03 - [TEST_STEP][PASSED] - Statement - java.lang.Thread.sleep(2000): null

2018-11-24 11:57:05 - [TEST_STEP][PASSED] - Statement - If (CustomKeywords.function.CheckPoints.Click(driver, buttonClick, result).booleanValue() == true): function.CheckPoints.WriteToExcelPass is PASSED

2018-11-24 11:57:08 - [MESSAGE][PASSED] - function.CheckPoints.Click is PASSED

2018-11-24 11:57:08 - [TEST_STEP][PASSED] - Statement - println("Button pass"): null

2018-11-24 11:57:08 - [TEST_STEP][PASSED] - function.CheckPoints.WriteToExcelPass: function.CheckPoints.WriteToExcelPass is PASSED

2018-11-24 11:57:09 - [MESSAGE][PASSED] - function.CheckPoints.WriteToExcelPass is PASSED

2018-11-24 11:57:09 - [TEST_STEP][PASSED] - Statement - Break: null

2018-11-24 11:57:09 - [TEST_STEP][PASSED] - Statement - Break: null

2018-11-24 11:57:09 - [TEST_STEP][PASSED] - Statement - If (UserActions.equals("End") && getSplitedData == dataValues - 1): null

2018-11-24 11:57:09 - [TEST_STEP][PASSED] - Statement - println(index:$index): null

2018-11-24 11:57:09 - [TEST_STEP][PASSED] - Statement - println(Testcases.getRowNumbers() :$Testcases.getRowNumbers()): null

2018-11-24 11:57:09 - [TEST_STEP][PASSED] - Statement - validate = Testcases.getRowNumbers(): null

2018-11-24 11:57:09 - [TEST_STEP][PASSED] - Statement - println(testDatastestDatas:$testDatas): null

2018-11-24 11:57:09 - [TEST_STEP][PASSED] - Statement - If (testDatas == validate): null

2018-11-24 11:57:09 - [TEST_STEP][PASSED] - Statement - println(index:$index): null

2018-11-24 11:57:09 - [TEST_STEP][PASSED] - Statement - testDatas = index + 1: null

2018-11-24 11:57:09 - [TEST_STEP][PASSED] - Statement - println(testDatas:$testDatas): null

2018-11-24 11:57:09 - [TEST_STEP][PASSED] - Statement - UserActions = Testcases.getValue("UserAction", testDatas): null

2018-11-24 11:57:09 - [TEST_STEP][PASSED] - Statement - fieldType = Testcases.getValue("FieldType", testDatas): null

2018-11-24 11:57:09 - [TEST_STEP][PASSED] - Statement - println(fieldType:$fieldType): null

2018-11-24 11:57:09 - [TEST_STEP][PASSED] - Statement - locatorType = Testcases.getValue("LocatorType", testDatas): null

2018-11-24 11:57:09 - [TEST_STEP][PASSED] - Statement - println(LocatorType:$locatorType): null

2018-11-24 11:57:09 - [TEST_STEP][PASSED] - Statement - attributeValue = Testcases.getValue("AttributeValue", testDatas): null

2018-11-24 11:57:09 - [TEST_STEP][PASSED] - Statement - locatorValue = Testcases.getValue("LocatorValue", testDatas): null

2018-11-24 11:57:09 - [TEST_STEP][PASSED] - Statement - println(LocatorValue:$locatorValue): null

2018-11-24 11:57:09 - [TEST_STEP][PASSED] - Statement - TestData = Testcases.getValue("TestData", testDatas): null

2018-11-24 11:57:09 - [TEST_STEP][PASSED] - Statement - println(TestData:$TestData): null

2018-11-24 11:57:09 - [TEST_STEP][PASSED] - Statement - validationData = Testcases.getValue("validationInput", testDatas): null

2018-11-24 11:57:09 - [TEST_STEP][PASSED] - Statement - println(validationData:$validationData): null

2018-11-24 11:57:09 - [TEST_STEP][PASSED] - Statement - result = <not implemented yet for class: org.codehaus.groovy.ast.expr.EmptyExpression>: null

2018-11-24 11:57:09 - [TEST_STEP][PASSED] - Statement - println(getSplitedDatainside:$getSplitedData): null

2018-11-24 11:57:09 - [TEST_STEP][PASSED] - Statement - TestDataSplited = TestData.split(";"): null

2018-11-24 11:57:09 - [TEST_STEP][PASSED] - Statement - assignValue = <not implemented yet for class: org.codehaus.groovy.ast.expr.EmptyExpression>: null

2018-11-24 11:57:09 - [TEST_STEP][PASSED] - Statement - validationDataSplited = validationData.split(";"): null

2018-11-24 11:57:09 - [TEST_STEP][PASSED] - Statement - validateValue = <not implemented yet for class: org.codehaus.groovy.ast.expr.EmptyExpression>: null

2018-11-24 11:57:09 - [TEST_STEP][PASSED] - Statement - If (getSplitedData < TestDataSplited.size()): null

2018-11-24 11:57:09 - [TEST_STEP][PASSED] - Statement - assignValue = TestDataSplited[getSplitedData]: null

2018-11-24 11:57:09 - [TEST_STEP][PASSED] - Statement - println(assignValue:$assignValue): null

2018-11-24 11:57:09 - [TEST_STEP][PASSED] - Statement - If (getSplitedData < validationDataSplited.size()): null

2018-11-24 11:57:09 - [TEST_STEP][PASSED] - Statement - validateValue = validationDataSplited[getSplitedData]: null

2018-11-24 11:57:09 - [TEST_STEP][PASSED] - Statement - println(validateValue:$validateValue): null

2018-11-24 11:57:09 - [TEST_STEP][PASSED] - Statement - switch (UserActions): null

2018-11-24 11:57:09 - [TEST_STEP][PASSED] - Statement - case "Delay":: null

2018-11-24 11:57:09 - [TEST_STEP][PASSED] - Statement - If (!(empty)): null

2018-11-24 11:57:09 - [TEST_STEP][PASSED] - Statement - Else: null

2018-11-24 11:57:09 - [TEST_STEP][PASSED] - Statement - java.lang.Thread.sleep(1000): null

2018-11-24 11:57:10 - [TEST_STEP][PASSED] - Statement - Break: null

2018-11-24 11:57:10 - [TEST_STEP][PASSED] - Statement - If (UserActions.equals("End") && getSplitedData == dataValues - 1): null

2018-11-24 11:57:10 - [TEST_STEP][PASSED] - Statement - println(index:$index): null

2018-11-24 11:57:10 - [TEST_STEP][PASSED] - Statement - println(Testcases.getRowNumbers() :$Testcases.getRowNumbers()): null

2018-11-24 11:57:10 - [TEST_STEP][PASSED] - Statement - validate = Testcases.getRowNumbers(): null

2018-11-24 11:57:10 - [TEST_STEP][PASSED] - Statement - println(testDatastestDatas:$testDatas): null

2018-11-24 11:57:10 - [TEST_STEP][PASSED] - Statement - If (testDatas == validate): null

2018-11-24 11:57:10 - [TEST_STEP][PASSED] - Statement - println(index:$index): null

2018-11-24 11:57:10 - [TEST_STEP][PASSED] - Statement - testDatas = index + 1: null

2018-11-24 11:57:10 - [TEST_STEP][PASSED] - Statement - println(testDatas:$testDatas): null

2018-11-24 11:57:10 - [TEST_STEP][PASSED] - Statement - UserActions = Testcases.getValue("UserAction", testDatas): null

2018-11-24 11:57:10 - [TEST_STEP][PASSED] - Statement - fieldType = Testcases.getValue("FieldType", testDatas): null

2018-11-24 11:57:10 - [TEST_STEP][PASSED] - Statement - println(fieldType:$fieldType): null

2018-11-24 11:57:10 - [TEST_STEP][PASSED] - Statement - locatorType = Testcases.getValue("LocatorType", testDatas): null

2018-11-24 11:57:10 - [TEST_STEP][PASSED] - Statement - println(LocatorType:$locatorType): null

2018-11-24 11:57:10 - [TEST_STEP][PASSED] - Statement - attributeValue = Testcases.getValue("AttributeValue", testDatas): null

2018-11-24 11:57:10 - [TEST_STEP][PASSED] - Statement - locatorValue = Testcases.getValue("LocatorValue", testDatas): null

2018-11-24 11:57:10 - [TEST_STEP][PASSED] - Statement - println(LocatorValue:$locatorValue): null

2018-11-24 11:57:10 - [TEST_STEP][PASSED] - Statement - TestData = Testcases.getValue("TestData", testDatas): null

2018-11-24 11:57:10 - [TEST_STEP][PASSED] - Statement - println(TestData:$TestData): null

2018-11-24 11:57:10 - [TEST_STEP][PASSED] - Statement - validationData = Testcases.getValue("validationInput", testDatas): null

2018-11-24 11:57:10 - [TEST_STEP][PASSED] - Statement - println(validationData:$validationData): null

2018-11-24 11:57:10 - [TEST_STEP][PASSED] - Statement - result = <not implemented yet for class: org.codehaus.groovy.ast.expr.EmptyExpression>: null

2018-11-24 11:57:10 - [TEST_STEP][PASSED] - Statement - println(getSplitedDatainside:$getSplitedData): null

2018-11-24 11:57:10 - [TEST_STEP][PASSED] - Statement - TestDataSplited = TestData.split(";"): null

2018-11-24 11:57:10 - [TEST_STEP][PASSED] - Statement - assignValue = <not implemented yet for class: org.codehaus.groovy.ast.expr.EmptyExpression>: null

2018-11-24 11:57:10 - [TEST_STEP][PASSED] - Statement - validationDataSplited = validationData.split(";"): null

2018-11-24 11:57:10 - [TEST_STEP][PASSED] - Statement - validateValue = <not implemented yet for class: org.codehaus.groovy.ast.expr.EmptyExpression>: null

2018-11-24 11:57:10 - [TEST_STEP][PASSED] - Statement - If (getSplitedData < TestDataSplited.size()): null

2018-11-24 11:57:10 - [TEST_STEP][PASSED] - Statement - assignValue = TestDataSplited[getSplitedData]: null

2018-11-24 11:57:10 - [TEST_STEP][PASSED] - Statement - println(assignValue:$assignValue): null

2018-11-24 11:57:10 - [TEST_STEP][PASSED] - Statement - If (getSplitedData < validationDataSplited.size()): null

2018-11-24 11:57:10 - [TEST_STEP][PASSED] - Statement - validateValue = validationDataSplited[getSplitedData]: null

2018-11-24 11:57:10 - [TEST_STEP][PASSED] - Statement - println(validateValue:$validateValue): null

2018-11-24 11:57:10 - [TEST_STEP][PASSED] - Statement - switch (UserActions): null

2018-11-24 11:57:10 - [TEST_STEP][PASSED] - Statement - case "BrowserAlert":: null

2018-11-24 11:57:10 - [TEST_STEP][PASSED] - Statement - browserAlert(driver, fieldType, result, testDatas, getSplitedData, validateValue): null

2018-11-24 11:57:10 - [TEST_STEP][PASSED] - Statement - Try: null

2018-11-24 11:57:10 - [TEST_STEP][PASSED] - Statement - checkAlertToAccept = com.kms.katalon.core.webui.keyword.WebUiBuiltInKeywords.verifyAlertPresent(10): Alert is present after 10 second(s).

2018-11-24 11:57:10 - [MESSAGE][PASSED] - Alert is present after 10 second(s).

2018-11-24 11:57:10 - [TEST_STEP][PASSED] - Statement - If (checkAlertToAccept == true): null

2018-11-24 11:57:10 - [TEST_STEP][PASSED] - Statement - If (fieldType.equals("BrowserAcceptAlert")): null

2018-11-24 11:57:10 - [TEST_STEP][PASSED] - Statement - Else If (fieldType.equals("BrowserDismissAlert")): null

2018-11-24 11:57:10 - [TEST_STEP][PASSED] - dismissAlert: Alert dismissed

2018-11-24 11:57:10 - [MESSAGE][PASSED] - Alert dismissed

2018-11-24 11:57:10 - [TEST_STEP][PASSED] - function.CheckPoints.WriteToExcelPass: null

2018-11-24 11:57:10 - [MESSAGE][PASSED] - function.CheckPoints.WriteToExcelPass is PASSED

2018-11-24 11:57:10 - [TEST_STEP][PASSED] - Statement - Break: null

2018-11-24 11:57:10 - [TEST_STEP][PASSED] - Statement - If (UserActions.equals("End") && getSplitedData == dataValues - 1): null

2018-11-24 11:57:10 - [TEST_STEP][PASSED] - Statement - println(index:$index): null

2018-11-24 11:57:10 - [TEST_STEP][PASSED] - Statement - println(Testcases.getRowNumbers() :$Testcases.getRowNumbers()): null

2018-11-24 11:57:10 - [TEST_STEP][PASSED] - Statement - validate = Testcases.getRowNumbers(): null

2018-11-24 11:57:10 - [TEST_STEP][PASSED] - Statement - println(testDatastestDatas:$testDatas): null

2018-11-24 11:57:10 - [TEST_STEP][PASSED] - Statement - If (testDatas == validate): null

2018-11-24 11:57:10 - [TEST_STEP][PASSED] - Statement - println(index:$index): null

2018-11-24 11:57:10 - [TEST_STEP][PASSED] - Statement - testDatas = index + 1: null

2018-11-24 11:57:10 - [TEST_STEP][PASSED] - Statement - println(testDatas:$testDatas): null

2018-11-24 11:57:10 - [TEST_STEP][PASSED] - Statement - UserActions = Testcases.getValue("UserAction", testDatas): null

2018-11-24 11:57:10 - [TEST_STEP][PASSED] - Statement - fieldType = Testcases.getValue("FieldType", testDatas): null

2018-11-24 11:57:10 - [TEST_STEP][PASSED] - Statement - println(fieldType:$fieldType): null

2018-11-24 11:57:10 - [TEST_STEP][PASSED] - Statement - locatorType = Testcases.getValue("LocatorType", testDatas): null

2018-11-24 11:57:10 - [TEST_STEP][PASSED] - Statement - println(LocatorType:$locatorType): null

2018-11-24 11:57:10 - [TEST_STEP][PASSED] - Statement - attributeValue = Testcases.getValue("AttributeValue", testDatas): null

2018-11-24 11:57:10 - [TEST_STEP][PASSED] - Statement - locatorValue = Testcases.getValue("LocatorValue", testDatas): null

2018-11-24 11:57:10 - [TEST_STEP][PASSED] - Statement - println(LocatorValue:$locatorValue): null

2018-11-24 11:57:10 - [TEST_STEP][PASSED] - Statement - TestData = Testcases.getValue("TestData", testDatas): null

2018-11-24 11:57:10 - [TEST_STEP][PASSED] - Statement - println(TestData:$TestData): null

2018-11-24 11:57:10 - [TEST_STEP][PASSED] - Statement - validationData = Testcases.getValue("validationInput", testDatas): null

2018-11-24 11:57:10 - [TEST_STEP][PASSED] - Statement - println(validationData:$validationData): null

2018-11-24 11:57:10 - [TEST_STEP][PASSED] - Statement - result = <not implemented yet for class: org.codehaus.groovy.ast.expr.EmptyExpression>: null

2018-11-24 11:57:10 - [TEST_STEP][PASSED] - Statement - println(getSplitedDatainside:$getSplitedData): null

2018-11-24 11:57:10 - [TEST_STEP][PASSED] - Statement - TestDataSplited = TestData.split(";"): null

2018-11-24 11:57:10 - [TEST_STEP][PASSED] - Statement - assignValue = <not implemented yet for class: org.codehaus.groovy.ast.expr.EmptyExpression>: null

2018-11-24 11:57:10 - [TEST_STEP][PASSED] - Statement - validationDataSplited = validationData.split(";"): null

2018-11-24 11:57:10 - [TEST_STEP][PASSED] - Statement - validateValue = <not implemented yet for class: org.codehaus.groovy.ast.expr.EmptyExpression>: null

2018-11-24 11:57:10 - [TEST_STEP][PASSED] - Statement - If (getSplitedData < TestDataSplited.size()): null

2018-11-24 11:57:10 - [TEST_STEP][PASSED] - Statement - assignValue = TestDataSplited[getSplitedData]: null

2018-11-24 11:57:10 - [TEST_STEP][PASSED] - Statement - println(assignValue:$assignValue): null

2018-11-24 11:57:10 - [TEST_STEP][PASSED] - Statement - If (getSplitedData < validationDataSplited.size()): null

2018-11-24 11:57:10 - [TEST_STEP][PASSED] - Statement - validateValue = validationDataSplited[getSplitedData]: null

2018-11-24 11:57:10 - [TEST_STEP][PASSED] - Statement - println(validateValue:$validateValue): null

2018-11-24 11:57:10 - [TEST_STEP][PASSED] - Statement - switch (UserActions): null

2018-11-24 11:57:10 - [TEST_STEP][PASSED] - Statement - case "Delay":: null

2018-11-24 11:57:10 - [TEST_STEP][PASSED] - Statement - If (!(empty)): null

2018-11-24 11:57:10 - [TEST_STEP][PASSED] - Statement - Else: null

2018-11-24 11:57:10 - [TEST_STEP][PASSED] - Statement - java.lang.Thread.sleep(1000): null

2018-11-24 11:57:11 - [TEST_STEP][PASSED] - Statement - Break: null

2018-11-24 11:57:11 - [TEST_STEP][PASSED] - Statement - If (UserActions.equals("End") && getSplitedData == dataValues - 1): null

2018-11-24 11:57:11 - [TEST_STEP][PASSED] - Statement - println(index:$index): null

2018-11-24 11:57:11 - [TEST_STEP][PASSED] - Statement - println(Testcases.getRowNumbers() :$Testcases.getRowNumbers()): null

2018-11-24 11:57:11 - [TEST_STEP][PASSED] - Statement - validate = Testcases.getRowNumbers(): null

2018-11-24 11:57:11 - [TEST_STEP][PASSED] - Statement - println(testDatastestDatas:$testDatas): null

2018-11-24 11:57:11 - [TEST_STEP][PASSED] - Statement - If (testDatas == validate): null

2018-11-24 11:57:11 - [TEST_STEP][PASSED] - Statement - println(index:$index): null

2018-11-24 11:57:11 - [TEST_STEP][PASSED] - Statement - testDatas = index + 1: null

2018-11-24 11:57:11 - [TEST_STEP][PASSED] - Statement - println(testDatas:$testDatas): null

2018-11-24 11:57:11 - [TEST_STEP][PASSED] - Statement - UserActions = Testcases.getValue("UserAction", testDatas): null

2018-11-24 11:57:11 - [TEST_STEP][PASSED] - Statement - fieldType = Testcases.getValue("FieldType", testDatas): null

2018-11-24 11:57:11 - [TEST_STEP][PASSED] - Statement - println(fieldType:$fieldType): null

2018-11-24 11:57:11 - [TEST_STEP][PASSED] - Statement - locatorType = Testcases.getValue("LocatorType", testDatas): null

2018-11-24 11:57:11 - [TEST_STEP][PASSED] - Statement - println(LocatorType:$locatorType): null

2018-11-24 11:57:11 - [TEST_STEP][PASSED] - Statement - attributeValue = Testcases.getValue("AttributeValue", testDatas): null

2018-11-24 11:57:11 - [TEST_STEP][PASSED] - Statement - locatorValue = Testcases.getValue("LocatorValue", testDatas): null

2018-11-24 11:57:11 - [TEST_STEP][PASSED] - Statement - println(LocatorValue:$locatorValue): null

2018-11-24 11:57:11 - [TEST_STEP][PASSED] - Statement - TestData = Testcases.getValue("TestData", testDatas): null

2018-11-24 11:57:11 - [TEST_STEP][PASSED] - Statement - println(TestData:$TestData): null

2018-11-24 11:57:11 - [TEST_STEP][PASSED] - Statement - validationData = Testcases.getValue("validationInput", testDatas): null

2018-11-24 11:57:11 - [TEST_STEP][PASSED] - Statement - println(validationData:$validationData): null

2018-11-24 11:57:11 - [TEST_STEP][PASSED] - Statement - result = <not implemented yet for class: org.codehaus.groovy.ast.expr.EmptyExpression>: null

2018-11-24 11:57:11 - [TEST_STEP][PASSED] - Statement - println(getSplitedDatainside:$getSplitedData): null

2018-11-24 11:57:11 - [TEST_STEP][PASSED] - Statement - TestDataSplited = TestData.split(";"): null

2018-11-24 11:57:11 - [TEST_STEP][PASSED] - Statement - assignValue = <not implemented yet for class: org.codehaus.groovy.ast.expr.EmptyExpression>: null

2018-11-24 11:57:11 - [TEST_STEP][PASSED] - Statement - validationDataSplited = validationData.split(";"): null

2018-11-24 11:57:11 - [TEST_STEP][PASSED] - Statement - validateValue = <not implemented yet for class: org.codehaus.groovy.ast.expr.EmptyExpression>: null

2018-11-24 11:57:11 - [TEST_STEP][PASSED] - Statement - If (getSplitedData < TestDataSplited.size()): null

2018-11-24 11:57:11 - [TEST_STEP][PASSED] - Statement - assignValue = TestDataSplited[getSplitedData]: null

2018-11-24 11:57:11 - [TEST_STEP][PASSED] - Statement - println(assignValue:$assignValue): null

2018-11-24 11:57:11 - [TEST_STEP][PASSED] - Statement - If (getSplitedData < validationDataSplited.size()): null

2018-11-24 11:57:11 - [TEST_STEP][PASSED] - Statement - validateValue = validationDataSplited[getSplitedData]: null

2018-11-24 11:57:11 - [TEST_STEP][PASSED] - Statement - println(validateValue:$validateValue): null

2018-11-24 11:57:11 - [TEST_STEP][PASSED] - Statement - switch (UserActions): null

2018-11-24 11:57:11 - [TEST_STEP][PASSED] - Statement - case "BrowserAlert":: null

2018-11-24 11:57:11 - [TEST_STEP][PASSED] - Statement - browserAlert(driver, fieldType, result, testDatas, getSplitedData, validateValue): null

2018-11-24 11:57:11 - [TEST_STEP][PASSED] - Statement - Try: null

2018-11-24 11:57:11 - [TEST_STEP][PASSED] - Statement - checkAlertToAccept = com.kms.katalon.core.webui.keyword.WebUiBuiltInKeywords.verifyAlertPresent(10): Alert is present after 10 second(s).

2018-11-24 11:57:11 - [MESSAGE][PASSED] - Alert is present after 10 second(s).

2018-11-24 11:57:11 - [TEST_STEP][PASSED] - Statement - If (checkAlertToAccept == true): null

2018-11-24 11:57:11 - [TEST_STEP][PASSED] - Statement - If (fieldType.equals("BrowserAcceptAlert")): null

2018-11-24 11:57:11 - [TEST_STEP][PASSED] - acceptAlert: Alert accepted

2018-11-24 11:57:11 - [MESSAGE][PASSED] - Alert accepted

2018-11-24 11:57:11 - [TEST_STEP][PASSED] - function.CheckPoints.WriteToExcelPass: null

2018-11-24 11:57:11 - [MESSAGE][PASSED] - function.CheckPoints.WriteToExcelPass is PASSED

2018-11-24 11:57:11 - [TEST_STEP][PASSED] - Statement - Break: null

2018-11-24 11:57:11 - [TEST_STEP][PASSED] - Statement - If (UserActions.equals("End") && getSplitedData == dataValues - 1): null

2018-11-24 11:57:11 - [TEST_STEP][PASSED] - Statement - println(index:$index): null

2018-11-24 11:57:11 - [TEST_STEP][PASSED] - Statement - println(Testcases.getRowNumbers() :$Testcases.getRowNumbers()): null

2018-11-24 11:57:11 - [TEST_STEP][PASSED] - Statement - validate = Testcases.getRowNumbers(): null

2018-11-24 11:57:11 - [TEST_STEP][PASSED] - Statement - println(testDatastestDatas:$testDatas): null

2018-11-24 11:57:11 - [TEST_STEP][PASSED] - Statement - If (testDatas == validate): null

2018-11-24 11:57:11 - [TEST_STEP][PASSED] - Statement - println(index:$index): null

2018-11-24 11:57:11 - [TEST_STEP][PASSED] - Statement - testDatas = index + 1: null

2018-11-24 11:57:11 - [TEST_STEP][PASSED] - Statement - println(testDatas:$testDatas): null

2018-11-24 11:57:11 - [TEST_STEP][PASSED] - Statement - UserActions = Testcases.getValue("UserAction", testDatas): null

2018-11-24 11:57:11 - [TEST_STEP][PASSED] - Statement - fieldType = Testcases.getValue("FieldType", testDatas): null

2018-11-24 11:57:11 - [TEST_STEP][PASSED] - Statement - println(fieldType:$fieldType): null

2018-11-24 11:57:11 - [TEST_STEP][PASSED] - Statement - locatorType = Testcases.getValue("LocatorType", testDatas): null

2018-11-24 11:57:11 - [TEST_STEP][PASSED] - Statement - println(LocatorType:$locatorType): null

2018-11-24 11:57:11 - [TEST_STEP][PASSED] - Statement - attributeValue = Testcases.getValue("AttributeValue", testDatas): null

2018-11-24 11:57:11 - [TEST_STEP][PASSED] - Statement - locatorValue = Testcases.getValue("LocatorValue", testDatas): null

2018-11-24 11:57:11 - [TEST_STEP][PASSED] - Statement - println(LocatorValue:$locatorValue): null

2018-11-24 11:57:11 - [TEST_STEP][PASSED] - Statement - TestData = Testcases.getValue("TestData", testDatas): null

2018-11-24 11:57:11 - [TEST_STEP][PASSED] - Statement - println(TestData:$TestData): null

2018-11-24 11:57:11 - [TEST_STEP][PASSED] - Statement - validationData = Testcases.getValue("validationInput", testDatas): null

2018-11-24 11:57:11 - [TEST_STEP][PASSED] - Statement - println(validationData:$validationData): null

2018-11-24 11:57:11 - [TEST_STEP][PASSED] - Statement - result = <not implemented yet for class: org.codehaus.groovy.ast.expr.EmptyExpression>: null

2018-11-24 11:57:11 - [TEST_STEP][PASSED] - Statement - println(getSplitedDatainside:$getSplitedData): null

2018-11-24 11:57:11 - [TEST_STEP][PASSED] - Statement - TestDataSplited = TestData.split(";"): null

2018-11-24 11:57:11 - [TEST_STEP][PASSED] - Statement - assignValue = <not implemented yet for class: org.codehaus.groovy.ast.expr.EmptyExpression>: null

2018-11-24 11:57:11 - [TEST_STEP][PASSED] - Statement - validationDataSplited = validationData.split(";"): null

2018-11-24 11:57:11 - [TEST_STEP][PASSED] - Statement - validateValue = <not implemented yet for class: org.codehaus.groovy.ast.expr.EmptyExpression>: null

2018-11-24 11:57:11 - [TEST_STEP][PASSED] - Statement - If (getSplitedData < TestDataSplited.size()): null

2018-11-24 11:57:11 - [TEST_STEP][PASSED] - Statement - assignValue = TestDataSplited[getSplitedData]: null

2018-11-24 11:57:11 - [TEST_STEP][PASSED] - Statement - println(assignValue:$assignValue): null

2018-11-24 11:57:11 - [TEST_STEP][PASSED] - Statement - If (getSplitedData < validationDataSplited.size()): null

2018-11-24 11:57:11 - [TEST_STEP][PASSED] - Statement - validateValue = validationDataSplited[getSplitedData]: null

2018-11-24 11:57:11 - [TEST_STEP][PASSED] - Statement - println(validateValue:$validateValue): null

2018-11-24 11:57:11 - [TEST_STEP][PASSED] - Statement - switch (UserActions): null

2018-11-24 11:57:11 - [TEST_STEP][PASSED] - Statement - case "Delay":: null

2018-11-24 11:57:11 - [TEST_STEP][PASSED] - Statement - If (!(empty)): null

2018-11-24 11:57:11 - [TEST_STEP][PASSED] - Statement - Else: null

2018-11-24 11:57:11 - [TEST_STEP][PASSED] - Statement - java.lang.Thread.sleep(1000): null

2018-11-24 11:57:12 - [TEST_STEP][PASSED] - Statement - Break: null

2018-11-24 11:57:12 - [TEST_STEP][PASSED] - Statement - If (UserActions.equals("End") && getSplitedData == dataValues - 1): null

2018-11-24 11:57:12 - [TEST_STEP][PASSED] - Statement - println(index:$index): null

2018-11-24 11:57:12 - [TEST_STEP][PASSED] - Statement - println(Testcases.getRowNumbers() :$Testcases.getRowNumbers()): null

2018-11-24 11:57:12 - [TEST_STEP][PASSED] - Statement - validate = Testcases.getRowNumbers(): null

2018-11-24 11:57:12 - [TEST_STEP][PASSED] - Statement - println(testDatastestDatas:$testDatas): null

2018-11-24 11:57:12 - [TEST_STEP][PASSED] - Statement - If (testDatas == validate): null

2018-11-24 11:57:12 - [TEST_STEP][PASSED] - Statement - println(index:$index): null

2018-11-24 11:57:12 - [TEST_STEP][PASSED] - Statement - testDatas = index + 1: null

2018-11-24 11:57:12 - [TEST_STEP][PASSED] - Statement - println(testDatas:$testDatas): null

2018-11-24 11:57:12 - [TEST_STEP][PASSED] - Statement - UserActions = Testcases.getValue("UserAction", testDatas): null

2018-11-24 11:57:12 - [TEST_STEP][PASSED] - Statement - fieldType = Testcases.getValue("FieldType", testDatas): null

2018-11-24 11:57:12 - [TEST_STEP][PASSED] - Statement - println(fieldType:$fieldType): null

2018-11-24 11:57:12 - [TEST_STEP][PASSED] - Statement - locatorType = Testcases.getValue("LocatorType", testDatas): null

2018-11-24 11:57:12 - [TEST_STEP][PASSED] - Statement - println(LocatorType:$locatorType): null

2018-11-24 11:57:12 - [TEST_STEP][PASSED] - Statement - attributeValue = Testcases.getValue("AttributeValue", testDatas): null

2018-11-24 11:57:12 - [TEST_STEP][PASSED] - Statement - locatorValue = Testcases.getValue("LocatorValue", testDatas): null

2018-11-24 11:57:12 - [TEST_STEP][PASSED] - Statement - println(LocatorValue:$locatorValue): null

2018-11-24 11:57:12 - [TEST_STEP][PASSED] - Statement - TestData = Testcases.getValue("TestData", testDatas): null

2018-11-24 11:57:12 - [TEST_STEP][PASSED] - Statement - println(TestData:$TestData): null

2018-11-24 11:57:12 - [TEST_STEP][PASSED] - Statement - validationData = Testcases.getValue("validationInput", testDatas): null

2018-11-24 11:57:12 - [TEST_STEP][PASSED] - Statement - println(validationData:$validationData): null

2018-11-24 11:57:12 - [TEST_STEP][PASSED] - Statement - result = <not implemented yet for class: org.codehaus.groovy.ast.expr.EmptyExpression>: null

2018-11-24 11:57:12 - [TEST_STEP][PASSED] - Statement - println(getSplitedDatainside:$getSplitedData): null

2018-11-24 11:57:12 - [TEST_STEP][PASSED] - Statement - TestDataSplited = TestData.split(";"): null

2018-11-24 11:57:12 - [TEST_STEP][PASSED] - Statement - assignValue = <not implemented yet for class: org.codehaus.groovy.ast.expr.EmptyExpression>: null

2018-11-24 11:57:12 - [TEST_STEP][PASSED] - Statement - validationDataSplited = validationData.split(";"): null

2018-11-24 11:57:12 - [TEST_STEP][PASSED] - Statement - validateValue = <not implemented yet for class: org.codehaus.groovy.ast.expr.EmptyExpression>: null

2018-11-24 11:57:12 - [TEST_STEP][PASSED] - Statement - If (getSplitedData < TestDataSplited.size()): null

2018-11-24 11:57:12 - [TEST_STEP][PASSED] - Statement - assignValue = TestDataSplited[getSplitedData]: null

2018-11-24 11:57:12 - [TEST_STEP][PASSED] - Statement - println(assignValue:$assignValue): null

2018-11-24 11:57:12 - [TEST_STEP][PASSED] - Statement - If (getSplitedData < validationDataSplited.size()): null

2018-11-24 11:57:12 - [TEST_STEP][PASSED] - Statement - validateValue = validationDataSplited[getSplitedData]: null

2018-11-24 11:57:12 - [TEST_STEP][PASSED] - Statement - println(validateValue:$validateValue): null

2018-11-24 11:57:12 - [TEST_STEP][PASSED] - Statement - switch (UserActions): null

2018-11-24 11:57:12 - [TEST_STEP][PASSED] - Statement - case "Search":: null

2018-11-24 11:57:12 - [TEST_STEP][PASSED] - Statement - searchAction(driver, fieldType, locatorType, locatorValue, assignValue, result, testDatas, getSplitedData): null

2018-11-24 11:57:12 - [TEST_STEP][PASSED] - Statement - Try: null

2018-11-24 11:57:12 - [TEST_STEP][PASSED] - Statement - inputSearch = assignValue: null

2018-11-24 11:57:12 - [TEST_STEP][PASSED] - Statement - locatorSearch = CustomKeywords.function.CheckPoints.getLocator(driver, locatorType, locatorValue): function.CheckPoints.getLocator is PASSED

2018-11-24 11:57:12 - [MESSAGE][PASSED] - function.CheckPoints.getLocator is PASSED

2018-11-24 11:57:12 - [TEST_STEP][PASSED] - Statement - If (CustomKeywords.function.CheckPoints.Search(driver, locatorSearch, inputSearch, result).booleanValue() == true): null

2018-11-24 11:57:12 - [MESSAGE][PASSED] - function.CheckPoints.Search is PASSED

2018-11-24 11:57:12 - [TEST_STEP][PASSED] - Statement - println("Search pass"): null

2018-11-24 11:57:12 - [TEST_STEP][PASSED] - function.CheckPoints.WriteToExcelPass: null

2018-11-24 11:57:13 - [MESSAGE][PASSED] - function.CheckPoints.WriteToExcelPass is PASSED

2018-11-24 11:57:13 - [TEST_STEP][PASSED] - Statement - Break: null

2018-11-24 11:57:13 - [TEST_STEP][PASSED] - Statement - If (UserActions.equals("End") && getSplitedData == dataValues - 1): null

2018-11-24 11:57:13 - [TEST_STEP][PASSED] - Statement - println(index:$index): null

2018-11-24 11:57:13 - [TEST_STEP][PASSED] - Statement - println(Testcases.getRowNumbers() :$Testcases.getRowNumbers()): null

2018-11-24 11:57:13 - [TEST_STEP][PASSED] - Statement - validate = Testcases.getRowNumbers(): null

2018-11-24 11:57:13 - [TEST_STEP][PASSED] - Statement - println(testDatastestDatas:$testDatas): null

2018-11-24 11:57:13 - [TEST_STEP][PASSED] - Statement - If (testDatas == validate): null

2018-11-24 11:57:13 - [TEST_STEP][PASSED] - Statement - println(index:$index): null

2018-11-24 11:57:13 - [TEST_STEP][PASSED] - Statement - testDatas = index + 1: null

2018-11-24 11:57:13 - [TEST_STEP][PASSED] - Statement - println(testDatas:$testDatas): null

2018-11-24 11:57:13 - [TEST_STEP][PASSED] - Statement - UserActions = Testcases.getValue("UserAction", testDatas): null

2018-11-24 11:57:13 - [TEST_STEP][PASSED] - Statement - fieldType = Testcases.getValue("FieldType", testDatas): null

2018-11-24 11:57:13 - [TEST_STEP][PASSED] - Statement - println(fieldType:$fieldType): null

2018-11-24 11:57:13 - [TEST_STEP][PASSED] - Statement - locatorType = Testcases.getValue("LocatorType", testDatas): null

2018-11-24 11:57:13 - [TEST_STEP][PASSED] - Statement - println(LocatorType:$locatorType): null

2018-11-24 11:57:13 - [TEST_STEP][PASSED] - Statement - attributeValue = Testcases.getValue("AttributeValue", testDatas): null

2018-11-24 11:57:13 - [TEST_STEP][PASSED] - Statement - locatorValue = Testcases.getValue("LocatorValue", testDatas): null

2018-11-24 11:57:13 - [TEST_STEP][PASSED] - Statement - println(LocatorValue:$locatorValue): null

2018-11-24 11:57:13 - [TEST_STEP][PASSED] - Statement - TestData = Testcases.getValue("TestData", testDatas): null

2018-11-24 11:57:13 - [TEST_STEP][PASSED] - Statement - println(TestData:$TestData): null

2018-11-24 11:57:13 - [TEST_STEP][PASSED] - Statement - validationData = Testcases.getValue("validationInput", testDatas): null

2018-11-24 11:57:13 - [TEST_STEP][PASSED] - Statement - println(validationData:$validationData): null

2018-11-24 11:57:13 - [TEST_STEP][PASSED] - Statement - result = <not implemented yet for class: org.codehaus.groovy.ast.expr.EmptyExpression>: null

2018-11-24 11:57:13 - [TEST_STEP][PASSED] - Statement - println(getSplitedDatainside:$getSplitedData): null

2018-11-24 11:57:13 - [TEST_STEP][PASSED] - Statement - TestDataSplited = TestData.split(";"): null

2018-11-24 11:57:13 - [TEST_STEP][PASSED] - Statement - assignValue = <not implemented yet for class: org.codehaus.groovy.ast.expr.EmptyExpression>: null

2018-11-24 11:57:13 - [TEST_STEP][PASSED] - Statement - validationDataSplited = validationData.split(";"): null

2018-11-24 11:57:13 - [TEST_STEP][PASSED] - Statement - validateValue = <not implemented yet for class: org.codehaus.groovy.ast.expr.EmptyExpression>: null

2018-11-24 11:57:13 - [TEST_STEP][PASSED] - Statement - If (getSplitedData < TestDataSplited.size()): null

2018-11-24 11:57:13 - [TEST_STEP][PASSED] - Statement - assignValue = TestDataSplited[getSplitedData]: null

2018-11-24 11:57:13 - [TEST_STEP][PASSED] - Statement - println(assignValue:$assignValue): null

2018-11-24 11:57:13 - [TEST_STEP][PASSED] - Statement - If (getSplitedData < validationDataSplited.size()): null

2018-11-24 11:57:13 - [TEST_STEP][PASSED] - Statement - validateValue = validationDataSplited[getSplitedData]: null

2018-11-24 11:57:13 - [TEST_STEP][PASSED] - Statement - println(validateValue:$validateValue): null

2018-11-24 11:57:13 - [TEST_STEP][PASSED] - Statement - switch (UserActions): null

2018-11-24 11:57:13 - [TEST_STEP][PASSED] - Statement - case "Delay":: null

2018-11-24 11:57:13 - [TEST_STEP][PASSED] - Statement - If (!(empty)): null

2018-11-24 11:57:13 - [TEST_STEP][PASSED] - Statement - Else: null

2018-11-24 11:57:13 - [TEST_STEP][PASSED] - Statement - java.lang.Thread.sleep(1000): null

2018-11-24 11:57:14 - [TEST_STEP][PASSED] - Statement - Break: null

2018-11-24 11:57:14 - [TEST_STEP][PASSED] - Statement - If (UserActions.equals("End") && getSplitedData == dataValues - 1): null

2018-11-24 11:57:14 - [TEST_STEP][PASSED] - Statement - println(index:$index): null

2018-11-24 11:57:14 - [TEST_STEP][PASSED] - Statement - println(Testcases.getRowNumbers() :$Testcases.getRowNumbers()): null

2018-11-24 11:57:14 - [TEST_STEP][PASSED] - Statement - validate = Testcases.getRowNumbers(): null

2018-11-24 11:57:14 - [TEST_STEP][PASSED] - Statement - println(testDatastestDatas:$testDatas): null

2018-11-24 11:57:14 - [TEST_STEP][PASSED] - Statement - If (testDatas == validate): null

2018-11-24 11:57:14 - [TEST_STEP][PASSED] - Statement - println(index:$index): null

2018-11-24 11:57:14 - [TEST_STEP][PASSED] - Statement - testDatas = index + 1: null

2018-11-24 11:57:14 - [TEST_STEP][PASSED] - Statement - println(testDatas:$testDatas): null

2018-11-24 11:57:14 - [TEST_STEP][PASSED] - Statement - UserActions = Testcases.getValue("UserAction", testDatas): null

2018-11-24 11:57:14 - [TEST_STEP][PASSED] - Statement - fieldType = Testcases.getValue("FieldType", testDatas): null

2018-11-24 11:57:14 - [TEST_STEP][PASSED] - Statement - println(fieldType:$fieldType): null

2018-11-24 11:57:14 - [TEST_STEP][PASSED] - Statement - locatorType = Testcases.getValue("LocatorType", testDatas): null

2018-11-24 11:57:14 - [TEST_STEP][PASSED] - Statement - println(LocatorType:$locatorType): null

2018-11-24 11:57:14 - [TEST_STEP][PASSED] - Statement - attributeValue = Testcases.getValue("AttributeValue", testDatas): null

2018-11-24 11:57:14 - [TEST_STEP][PASSED] - Statement - locatorValue = Testcases.getValue("LocatorValue", testDatas): null

2018-11-24 11:57:14 - [TEST_STEP][PASSED] - Statement - println(LocatorValue:$locatorValue): null

2018-11-24 11:57:14 - [TEST_STEP][PASSED] - Statement - TestData = Testcases.getValue("TestData", testDatas): null

2018-11-24 11:57:14 - [TEST_STEP][PASSED] - Statement - println(TestData:$TestData): null

2018-11-24 11:57:14 - [TEST_STEP][PASSED] - Statement - validationData = Testcases.getValue("validationInput", testDatas): null

2018-11-24 11:57:14 - [TEST_STEP][PASSED] - Statement - println(validationData:$validationData): null

2018-11-24 11:57:14 - [TEST_STEP][PASSED] - Statement - result = <not implemented yet for class: org.codehaus.groovy.ast.expr.EmptyExpression>: null

2018-11-24 11:57:14 - [TEST_STEP][PASSED] - Statement - println(getSplitedDatainside:$getSplitedData): null

2018-11-24 11:57:14 - [TEST_STEP][PASSED] - Statement - TestDataSplited = TestData.split(";"): null

2018-11-24 11:57:14 - [TEST_STEP][PASSED] - Statement - assignValue = <not implemented yet for class: org.codehaus.groovy.ast.expr.EmptyExpression>: null

2018-11-24 11:57:14 - [TEST_STEP][PASSED] - Statement - validationDataSplited = validationData.split(";"): null

2018-11-24 11:57:14 - [TEST_STEP][PASSED] - Statement - validateValue = <not implemented yet for class: org.codehaus.groovy.ast.expr.EmptyExpression>: null

2018-11-24 11:57:14 - [TEST_STEP][PASSED] - Statement - If (getSplitedData < TestDataSplited.size()): null

2018-11-24 11:57:14 - [TEST_STEP][PASSED] - Statement - assignValue = TestDataSplited[getSplitedData]: null

2018-11-24 11:57:14 - [TEST_STEP][PASSED] - Statement - println(assignValue:$assignValue): null

2018-11-24 11:57:14 - [TEST_STEP][PASSED] - Statement - If (getSplitedData < validationDataSplited.size()): null

2018-11-24 11:57:14 - [TEST_STEP][PASSED] - Statement - validateValue = validationDataSplited[getSplitedData]: null

2018-11-24 11:57:14 - [TEST_STEP][PASSED] - Statement - println(validateValue:$validateValue): null

2018-11-24 11:57:14 - [TEST_STEP][PASSED] - Statement - switch (UserActions): null

2018-11-24 11:57:14 - [TEST_STEP][PASSED] - Statement - case "Text":: null

2018-11-24 11:57:14 - [TEST_STEP][PASSED] - Statement - switchtext(driver, fieldType, locatorType, locatorValue, assignValue, result, testDatas, getSplitedData, attributeValue, validateValue): null

2018-11-24 11:57:14 - [TEST_STEP][PASSED] - Statement - switch (fieldType): null

2018-11-24 11:57:14 - [TEST_STEP][PASSED] - Statement - case "GetText":: null

2018-11-24 11:57:14 - [TEST_STEP][PASSED] - Statement - Try: function.CheckPoints.WriteToExcelPass is PASSED

2018-11-24 11:57:14 - [TEST_STEP][PASSED] - Statement - locator = CustomKeywords.function.CheckPoints.getLocator(driver, locatorType, locatorValue): function.CheckPoints.getLocator is PASSED

2018-11-24 11:57:14 - [MESSAGE][PASSED] - function.CheckPoints.getLocator is PASSED

2018-11-24 11:57:14 - [TEST_STEP][PASSED] - Statement - gettingText = validateValue: null

2018-11-24 11:57:14 - [TEST_STEP][PASSED] - Statement - println(gettingText:$gettingText): null

2018-11-24 11:57:14 - [TEST_STEP][PASSED] - Statement - java.lang.Thread.sleep(2000): null

2018-11-24 11:57:16 - [TEST_STEP][PASSED] - Statement - If (CustomKeywords.function.CheckPoints.GetText(driver, locator, gettingText, result).booleanValue() == true): function.CheckPoints.WriteToExcelPass is PASSED

2018-11-24 11:57:16 - [MESSAGE][PASSED] - function.CheckPoints.GetText is PASSED

2018-11-24 11:57:16 - [TEST_STEP][PASSED] - Statement - println("GetText pass"): null

2018-11-24 11:57:16 - [TEST_STEP][PASSED] - function.CheckPoints.WriteToExcelPass: function.CheckPoints.WriteToExcelPass is PASSED

2018-11-24 11:57:16 - [MESSAGE][PASSED] - function.CheckPoints.WriteToExcelPass is PASSED

2018-11-24 11:57:16 - [TEST_STEP][PASSED] - Statement - Break: null

2018-11-24 11:57:16 - [TEST_STEP][PASSED] - Statement - Break: null

2018-11-24 11:57:16 - [TEST_STEP][PASSED] - Statement - If (UserActions.equals("End") && getSplitedData == dataValues - 1): null

2018-11-24 11:57:16 - [TEST_STEP][PASSED] - Statement - println(index:$index): null

2018-11-24 11:57:16 - [TEST_STEP][PASSED] - Statement - println(Testcases.getRowNumbers() :$Testcases.getRowNumbers()): null

2018-11-24 11:57:16 - [TEST_STEP][PASSED] - Statement - validate = Testcases.getRowNumbers(): null

2018-11-24 11:57:16 - [TEST_STEP][PASSED] - Statement - println(testDatastestDatas:$testDatas): null

2018-11-24 11:57:16 - [TEST_STEP][PASSED] - Statement - If (testDatas == validate): null

2018-11-24 11:57:16 - [TEST_STEP][PASSED] - Statement - println(index:$index): null

2018-11-24 11:57:16 - [TEST_STEP][PASSED] - Statement - testDatas = index + 1: null

2018-11-24 11:57:16 - [TEST_STEP][PASSED] - Statement - println(testDatas:$testDatas): null

2018-11-24 11:57:16 - [TEST_STEP][PASSED] - Statement - UserActions = Testcases.getValue("UserAction", testDatas): null

2018-11-24 11:57:16 - [TEST_STEP][PASSED] - Statement - fieldType = Testcases.getValue("FieldType", testDatas): null

2018-11-24 11:57:16 - [TEST_STEP][PASSED] - Statement - println(fieldType:$fieldType): null

2018-11-24 11:57:16 - [TEST_STEP][PASSED] - Statement - locatorType = Testcases.getValue("LocatorType", testDatas): null

2018-11-24 11:57:16 - [TEST_STEP][PASSED] - Statement - println(LocatorType:$locatorType): null

2018-11-24 11:57:16 - [TEST_STEP][PASSED] - Statement - attributeValue = Testcases.getValue("AttributeValue", testDatas): null

2018-11-24 11:57:16 - [TEST_STEP][PASSED] - Statement - locatorValue = Testcases.getValue("LocatorValue", testDatas): null

2018-11-24 11:57:16 - [TEST_STEP][PASSED] - Statement - println(LocatorValue:$locatorValue): null

2018-11-24 11:57:16 - [TEST_STEP][PASSED] - Statement - TestData = Testcases.getValue("TestData", testDatas): null

2018-11-24 11:57:16 - [TEST_STEP][PASSED] - Statement - println(TestData:$TestData): null

2018-11-24 11:57:16 - [TEST_STEP][PASSED] - Statement - validationData = Testcases.getValue("validationInput", testDatas): null

2018-11-24 11:57:16 - [TEST_STEP][PASSED] - Statement - println(validationData:$validationData): null

2018-11-24 11:57:16 - [TEST_STEP][PASSED] - Statement - result = <not implemented yet for class: org.codehaus.groovy.ast.expr.EmptyExpression>: null

2018-11-24 11:57:16 - [TEST_STEP][PASSED] - Statement - println(getSplitedDatainside:$getSplitedData): null

2018-11-24 11:57:16 - [TEST_STEP][PASSED] - Statement - TestDataSplited = TestData.split(";"): null

2018-11-24 11:57:16 - [TEST_STEP][PASSED] - Statement - assignValue = <not implemented yet for class: org.codehaus.groovy.ast.expr.EmptyExpression>: null

2018-11-24 11:57:16 - [TEST_STEP][PASSED] - Statement - validationDataSplited = validationData.split(";"): null

2018-11-24 11:57:16 - [TEST_STEP][PASSED] - Statement - validateValue = <not implemented yet for class: org.codehaus.groovy.ast.expr.EmptyExpression>: null

2018-11-24 11:57:16 - [TEST_STEP][PASSED] - Statement - If (getSplitedData < TestDataSplited.size()): null

2018-11-24 11:57:16 - [TEST_STEP][PASSED] - Statement - assignValue = TestDataSplited[getSplitedData]: null

2018-11-24 11:57:16 - [TEST_STEP][PASSED] - Statement - println(assignValue:$assignValue): null

2018-11-24 11:57:16 - [TEST_STEP][PASSED] - Statement - If (getSplitedData < validationDataSplited.size()): null

2018-11-24 11:57:16 - [TEST_STEP][PASSED] - Statement - validateValue = validationDataSplited[getSplitedData]: null

2018-11-24 11:57:16 - [TEST_STEP][PASSED] - Statement - println(validateValue:$validateValue): null

2018-11-24 11:57:16 - [TEST_STEP][PASSED] - Statement - switch (UserActions): null

2018-11-24 11:57:16 - [TEST_STEP][PASSED] - Statement - case "Delay":: null

2018-11-24 11:57:16 - [TEST_STEP][PASSED] - Statement - If (!(empty)): null

2018-11-24 11:57:16 - [TEST_STEP][PASSED] - Statement - Else: null

2018-11-24 11:57:16 - [TEST_STEP][PASSED] - Statement - java.lang.Thread.sleep(1000): null

2018-11-24 11:57:17 - [TEST_STEP][PASSED] - Statement - Break: null

2018-11-24 11:57:17 - [TEST_STEP][PASSED] - Statement - If (UserActions.equals("End") && getSplitedData == dataValues - 1): null

2018-11-24 11:57:17 - [TEST_STEP][PASSED] - Statement - println(index:$index): null

2018-11-24 11:57:17 - [TEST_STEP][PASSED] - Statement - println(Testcases.getRowNumbers() :$Testcases.getRowNumbers()): null

2018-11-24 11:57:17 - [TEST_STEP][PASSED] - Statement - validate = Testcases.getRowNumbers(): null

2018-11-24 11:57:17 - [TEST_STEP][PASSED] - Statement - println(testDatastestDatas:$testDatas): null

2018-11-24 11:57:17 - [TEST_STEP][PASSED] - Statement - If (testDatas == validate): null

2018-11-24 11:57:17 - [TEST_STEP][PASSED] - Statement - println(index:$index): null

2018-11-24 11:57:17 - [TEST_STEP][PASSED] - Statement - testDatas = index + 1: null

2018-11-24 11:57:17 - [TEST_STEP][PASSED] - Statement - println(testDatas:$testDatas): null

2018-11-24 11:57:17 - [TEST_STEP][PASSED] - Statement - UserActions = Testcases.getValue("UserAction", testDatas): null

2018-11-24 11:57:17 - [TEST_STEP][PASSED] - Statement - fieldType = Testcases.getValue("FieldType", testDatas): null

2018-11-24 11:57:17 - [TEST_STEP][PASSED] - Statement - println(fieldType:$fieldType): null

2018-11-24 11:57:17 - [TEST_STEP][PASSED] - Statement - locatorType = Testcases.getValue("LocatorType", testDatas): null

2018-11-24 11:57:17 - [TEST_STEP][PASSED] - Statement - println(LocatorType:$locatorType): null

2018-11-24 11:57:17 - [TEST_STEP][PASSED] - Statement - attributeValue = Testcases.getValue("AttributeValue", testDatas): null

2018-11-24 11:57:17 - [TEST_STEP][PASSED] - Statement - locatorValue = Testcases.getValue("LocatorValue", testDatas): null

2018-11-24 11:57:17 - [TEST_STEP][PASSED] - Statement - println(LocatorValue:$locatorValue): null

2018-11-24 11:57:17 - [TEST_STEP][PASSED] - Statement - TestData = Testcases.getValue("TestData", testDatas): null

2018-11-24 11:57:17 - [TEST_STEP][PASSED] - Statement - println(TestData:$TestData): null

2018-11-24 11:57:17 - [TEST_STEP][PASSED] - Statement - validationData = Testcases.getValue("validationInput", testDatas): null

2018-11-24 11:57:17 - [TEST_STEP][PASSED] - Statement - println(validationData:$validationData): null

2018-11-24 11:57:17 - [TEST_STEP][PASSED] - Statement - result = <not implemented yet for class: org.codehaus.groovy.ast.expr.EmptyExpression>: null

2018-11-24 11:57:17 - [TEST_STEP][PASSED] - Statement - println(getSplitedDatainside:$getSplitedData): null

2018-11-24 11:57:17 - [TEST_STEP][PASSED] - Statement - TestDataSplited = TestData.split(";"): null

2018-11-24 11:57:17 - [TEST_STEP][PASSED] - Statement - assignValue = <not implemented yet for class: org.codehaus.groovy.ast.expr.EmptyExpression>: null

2018-11-24 11:57:17 - [TEST_STEP][PASSED] - Statement - validationDataSplited = validationData.split(";"): null

2018-11-24 11:57:17 - [TEST_STEP][PASSED] - Statement - validateValue = <not implemented yet for class: org.codehaus.groovy.ast.expr.EmptyExpression>: null

2018-11-24 11:57:17 - [TEST_STEP][PASSED] - Statement - If (getSplitedData < TestDataSplited.size()): null

2018-11-24 11:57:17 - [TEST_STEP][PASSED] - Statement - assignValue = TestDataSplited[getSplitedData]: null

2018-11-24 11:57:17 - [TEST_STEP][PASSED] - Statement - println(assignValue:$assignValue): null

2018-11-24 11:57:17 - [TEST_STEP][PASSED] - Statement - If (getSplitedData < validationDataSplited.size()): null

2018-11-24 11:57:17 - [TEST_STEP][PASSED] - Statement - validateValue = validationDataSplited[getSplitedData]: null

2018-11-24 11:57:17 - [TEST_STEP][PASSED] - Statement - println(validateValue:$validateValue): null

2018-11-24 11:57:17 - [TEST_STEP][PASSED] - Statement - switch (UserActions): null

2018-11-24 11:57:17 - [TEST_STEP][PASSED] - Statement - case "End":: null

2018-11-24 11:57:17 - [TEST_STEP][PASSED] - Statement - endPoint = "BreakNow": null

2018-11-24 11:57:17 - [TEST_STEP][PASSED] - Statement - println("Breaking switch"): null

2018-11-24 11:57:17 - [TEST_STEP][PASSED] - Statement - Break: null

2018-11-24 11:57:17 - [TEST_STEP][PASSED] - Statement - If (UserActions.equals("End") && getSplitedData == dataValues - 1): null

2018-11-24 11:57:17 - [TEST_STEP][PASSED] - Statement - println(index:$index): null

2018-11-24 11:57:17 - [TEST_STEP][PASSED] - Statement - println(Testcases.getRowNumbers() :$Testcases.getRowNumbers()): null

2018-11-24 11:57:17 - [TEST_STEP][PASSED] - Statement - validate = Testcases.getRowNumbers(): null

2018-11-24 11:57:17 - [TEST_STEP][PASSED] - Statement - println(testDatastestDatas:$testDatas): null

2018-11-24 11:57:17 - [TEST_STEP][PASSED] - Statement - If (testDatas == validate): null

2018-11-24 11:57:17 - [TEST_STEP][PASSED] - Statement - endPoint = "continue": null

2018-11-24 11:57:17 - [TEST_STEP][PASSED] - Statement - println(getSplitedData:$getSplitedData): null

2018-11-24 11:57:17 - [TEST_STEP][PASSED] - Statement - index = Testcaseindex: null

2018-11-24 11:57:17 - [TEST_STEP][PASSED] - Statement - For ([index, endPoint != "BreakNow", (index++)]): null

2018-11-24 11:57:17 - [TEST_STEP][PASSED] - Statement - println(index:$index): null

2018-11-24 11:57:17 - [TEST_STEP][PASSED] - Statement - testDatas = index + 1: null

2018-11-24 11:57:17 - [TEST_STEP][PASSED] - Statement - println(testDatas:$testDatas): null

2018-11-24 11:57:17 - [TEST_STEP][PASSED] - Statement - UserActions = Testcases.getValue("UserAction", testDatas): null

2018-11-24 11:57:17 - [TEST_STEP][PASSED] - Statement - fieldType = Testcases.getValue("FieldType", testDatas): null

2018-11-24 11:57:17 - [TEST_STEP][PASSED] - Statement - println(fieldType:$fieldType): null

2018-11-24 11:57:17 - [TEST_STEP][PASSED] - Statement - locatorType = Testcases.getValue("LocatorType", testDatas): null

2018-11-24 11:57:17 - [TEST_STEP][PASSED] - Statement - println(LocatorType:$locatorType): null

2018-11-24 11:57:17 - [TEST_STEP][PASSED] - Statement - attributeValue = Testcases.getValue("AttributeValue", testDatas): null

2018-11-24 11:57:17 - [TEST_STEP][PASSED] - Statement - locatorValue = Testcases.getValue("LocatorValue", testDatas): null

2018-11-24 11:57:17 - [TEST_STEP][PASSED] - Statement - println(LocatorValue:$locatorValue): null

2018-11-24 11:57:17 - [TEST_STEP][PASSED] - Statement - TestData = Testcases.getValue("TestData", testDatas): null

2018-11-24 11:57:17 - [TEST_STEP][PASSED] - Statement - println(TestData:$TestData): null

2018-11-24 11:57:17 - [TEST_STEP][PASSED] - Statement - validationData = Testcases.getValue("validationInput", testDatas): null

2018-11-24 11:57:17 - [TEST_STEP][PASSED] - Statement - println(validationData:$validationData): null

2018-11-24 11:57:17 - [TEST_STEP][PASSED] - Statement - result = <not implemented yet for class: org.codehaus.groovy.ast.expr.EmptyExpression>: null

2018-11-24 11:57:17 - [TEST_STEP][PASSED] - Statement - println(getSplitedDatainside:$getSplitedData): null

2018-11-24 11:57:17 - [TEST_STEP][PASSED] - Statement - TestDataSplited = TestData.split(";"): null

2018-11-24 11:57:17 - [TEST_STEP][PASSED] - Statement - assignValue = <not implemented yet for class: org.codehaus.groovy.ast.expr.EmptyExpression>: null

2018-11-24 11:57:17 - [TEST_STEP][PASSED] - Statement - validationDataSplited = validationData.split(";"): null

2018-11-24 11:57:17 - [TEST_STEP][PASSED] - Statement - validateValue = <not implemented yet for class: org.codehaus.groovy.ast.expr.EmptyExpression>: null

2018-11-24 11:57:17 - [TEST_STEP][PASSED] - Statement - If (getSplitedData < TestDataSplited.size()): null

2018-11-24 11:57:17 - [TEST_STEP][PASSED] - Statement - If (getSplitedData < validationDataSplited.size()): null

2018-11-24 11:57:17 - [TEST_STEP][PASSED] - Statement - switch (UserActions): null

2018-11-24 11:57:17 - [TEST_STEP][PASSED] - Statement - case "Delay":: null

2018-11-24 11:57:17 - [TEST_STEP][PASSED] - Statement - If (!(empty)): null

2018-11-24 11:57:17 - [TEST_STEP][PASSED] - Statement - Else: null

2018-11-24 11:57:17 - [TEST_STEP][PASSED] - Statement - java.lang.Thread.sleep(1000): null

2018-11-24 11:57:18 - [TEST_STEP][PASSED] - Statement - Break: null

2018-11-24 11:57:18 - [TEST_STEP][PASSED] - Statement - If (UserActions.equals("End") && getSplitedData == dataValues - 1): null

2018-11-24 11:57:18 - [TEST_STEP][PASSED] - Statement - println(index:$index): null

2018-11-24 11:57:18 - [TEST_STEP][PASSED] - Statement - println(Testcases.getRowNumbers() :$Testcases.getRowNumbers()): null

2018-11-24 11:57:18 - [TEST_STEP][PASSED] - Statement - validate = Testcases.getRowNumbers(): null

2018-11-24 11:57:18 - [TEST_STEP][PASSED] - Statement - println(testDatastestDatas:$testDatas): null

2018-11-24 11:57:18 - [TEST_STEP][PASSED] - Statement - If (testDatas == validate): null

2018-11-24 11:57:18 - [TEST_STEP][PASSED] - Statement - println(index:$index): null

2018-11-24 11:57:18 - [TEST_STEP][PASSED] - Statement - testDatas = index + 1: null

2018-11-24 11:57:18 - [TEST_STEP][PASSED] - Statement - println(testDatas:$testDatas): null

2018-11-24 11:57:18 - [TEST_STEP][PASSED] - Statement - UserActions = Testcases.getValue("UserAction", testDatas): null

2018-11-24 11:57:18 - [TEST_STEP][PASSED] - Statement - fieldType = Testcases.getValue("FieldType", testDatas): null

2018-11-24 11:57:18 - [TEST_STEP][PASSED] - Statement - println(fieldType:$fieldType): null

2018-11-24 11:57:18 - [TEST_STEP][PASSED] - Statement - locatorType = Testcases.getValue("LocatorType", testDatas): null

2018-11-24 11:57:18 - [TEST_STEP][PASSED] - Statement - println(LocatorType:$locatorType): null

2018-11-24 11:57:18 - [TEST_STEP][PASSED] - Statement - attributeValue = Testcases.getValue("AttributeValue", testDatas): null

2018-11-24 11:57:18 - [TEST_STEP][PASSED] - Statement - locatorValue = Testcases.getValue("LocatorValue", testDatas): null

2018-11-24 11:57:18 - [TEST_STEP][PASSED] - Statement - println(LocatorValue:$locatorValue): null

2018-11-24 11:57:18 - [TEST_STEP][PASSED] - Statement - TestData = Testcases.getValue("TestData", testDatas): null

2018-11-24 11:57:18 - [TEST_STEP][PASSED] - Statement - println(TestData:$TestData): null

2018-11-24 11:57:18 - [TEST_STEP][PASSED] - Statement - validationData = Testcases.getValue("validationInput", testDatas): null

2018-11-24 11:57:18 - [TEST_STEP][PASSED] - Statement - println(validationData:$validationData): null

2018-11-24 11:57:18 - [TEST_STEP][PASSED] - Statement - result = <not implemented yet for class: org.codehaus.groovy.ast.expr.EmptyExpression>: null

2018-11-24 11:57:18 - [TEST_STEP][PASSED] - Statement - println(getSplitedDatainside:$getSplitedData): null

2018-11-24 11:57:18 - [TEST_STEP][PASSED] - Statement - TestDataSplited = TestData.split(";"): null

2018-11-24 11:57:18 - [TEST_STEP][PASSED] - Statement - assignValue = <not implemented yet for class: org.codehaus.groovy.ast.expr.EmptyExpression>: null

2018-11-24 11:57:18 - [TEST_STEP][PASSED] - Statement - validationDataSplited = validationData.split(";"): null

2018-11-24 11:57:18 - [TEST_STEP][PASSED] - Statement - validateValue = <not implemented yet for class: org.codehaus.groovy.ast.expr.EmptyExpression>: null

2018-11-24 11:57:18 - [TEST_STEP][PASSED] - Statement - If (getSplitedData < TestDataSplited.size()): null

2018-11-24 11:57:18 - [TEST_STEP][PASSED] - Statement - If (getSplitedData < validationDataSplited.size()): null

2018-11-24 11:57:18 - [TEST_STEP][PASSED] - Statement - switch (UserActions): null

2018-11-24 11:57:18 - [TEST_STEP][PASSED] - Statement - case "Click":: null

2018-11-24 11:57:18 - [TEST_STEP][PASSED] - Statement - switchclick(driver, fieldType, locatorType, locatorValue, assignValue, result, testDatas, getSplitedData, attributeValue, validateValue): null

2018-11-24 11:57:18 - [TEST_STEP][PASSED] - Statement - switch (fieldType): null

2018-11-24 11:57:18 - [TEST_STEP][PASSED] - Statement - case "Button":: null

2018-11-24 11:57:18 - [TEST_STEP][PASSED] - Statement - Try: function.CheckPoints.WriteToExcelPass is PASSED

2018-11-24 11:57:18 - [TEST_STEP][PASSED] - Statement - println("Button selected success"): null

2018-11-24 11:57:18 - [TEST_STEP][PASSED] - Statement - java.lang.Thread.sleep(3000): null

2018-11-24 11:57:21 - [TEST_STEP][PASSED] - Statement - buttonClick = CustomKeywords.function.CheckPoints.getLocator(driver, locatorType, locatorValue): function.CheckPoints.getLocator is PASSED

2018-11-24 11:57:21 - [MESSAGE][PASSED] - function.CheckPoints.getLocator is PASSED

2018-11-24 11:57:21 - [TEST_STEP][PASSED] - Statement - println(buttonClick:$buttonClick): null

2018-11-24 11:57:21 - [TEST_STEP][PASSED] - Statement - java.lang.Thread.sleep(2000): null

2018-11-24 11:57:23 - [TEST_STEP][PASSED] - Statement - If (CustomKeywords.function.CheckPoints.Click(driver, buttonClick, result).booleanValue() == true): function.CheckPoints.WriteToExcelPass is PASSED

2018-11-24 11:57:26 - [MESSAGE][PASSED] - function.CheckPoints.Click is PASSED

2018-11-24 11:57:26 - [TEST_STEP][PASSED] - Statement - println("Button pass"): null

2018-11-24 11:57:26 - [TEST_STEP][PASSED] - function.CheckPoints.WriteToExcelPass: function.CheckPoints.WriteToExcelPass is PASSED

2018-11-24 11:57:26 - [MESSAGE][PASSED] - function.CheckPoints.WriteToExcelPass is PASSED

2018-11-24 11:57:26 - [TEST_STEP][PASSED] - Statement - Break: null

2018-11-24 11:57:26 - [TEST_STEP][PASSED] - Statement - Break: null

2018-11-24 11:57:26 - [TEST_STEP][PASSED] - Statement - If (UserActions.equals("End") && getSplitedData == dataValues - 1): null

2018-11-24 11:57:26 - [TEST_STEP][PASSED] - Statement - println(index:$index): null

2018-11-24 11:57:26 - [TEST_STEP][PASSED] - Statement - println(Testcases.getRowNumbers() :$Testcases.getRowNumbers()): null

2018-11-24 11:57:26 - [TEST_STEP][PASSED] - Statement - validate = Testcases.getRowNumbers(): null

2018-11-24 11:57:26 - [TEST_STEP][PASSED] - Statement - println(testDatastestDatas:$testDatas): null

2018-11-24 11:57:26 - [TEST_STEP][PASSED] - Statement - If (testDatas == validate): null

2018-11-24 11:57:26 - [TEST_STEP][PASSED] - Statement - println(index:$index): null

2018-11-24 11:57:26 - [TEST_STEP][PASSED] - Statement - testDatas = index + 1: null

2018-11-24 11:57:26 - [TEST_STEP][PASSED] - Statement - println(testDatas:$testDatas): null

2018-11-24 11:57:26 - [TEST_STEP][PASSED] - Statement - UserActions = Testcases.getValue("UserAction", testDatas): null

2018-11-24 11:57:26 - [TEST_STEP][PASSED] - Statement - fieldType = Testcases.getValue("FieldType", testDatas): null

2018-11-24 11:57:26 - [TEST_STEP][PASSED] - Statement - println(fieldType:$fieldType): null

2018-11-24 11:57:26 - [TEST_STEP][PASSED] - Statement - locatorType = Testcases.getValue("LocatorType", testDatas): null

2018-11-24 11:57:26 - [TEST_STEP][PASSED] - Statement - println(LocatorType:$locatorType): null

2018-11-24 11:57:26 - [TEST_STEP][PASSED] - Statement - attributeValue = Testcases.getValue("AttributeValue", testDatas): null

2018-11-24 11:57:26 - [TEST_STEP][PASSED] - Statement - locatorValue = Testcases.getValue("LocatorValue", testDatas): null

2018-11-24 11:57:26 - [TEST_STEP][PASSED] - Statement - println(LocatorValue:$locatorValue): null

2018-11-24 11:57:26 - [TEST_STEP][PASSED] - Statement - TestData = Testcases.getValue("TestData", testDatas): null

2018-11-24 11:57:26 - [TEST_STEP][PASSED] - Statement - println(TestData:$TestData): null

2018-11-24 11:57:26 - [TEST_STEP][PASSED] - Statement - validationData = Testcases.getValue("validationInput", testDatas): null

2018-11-24 11:57:26 - [TEST_STEP][PASSED] - Statement - println(validationData:$validationData): null

2018-11-24 11:57:26 - [TEST_STEP][PASSED] - Statement - result = <not implemented yet for class: org.codehaus.groovy.ast.expr.EmptyExpression>: null

2018-11-24 11:57:26 - [TEST_STEP][PASSED] - Statement - println(getSplitedDatainside:$getSplitedData): null

2018-11-24 11:57:26 - [TEST_STEP][PASSED] - Statement - TestDataSplited = TestData.split(";"): null

2018-11-24 11:57:26 - [TEST_STEP][PASSED] - Statement - assignValue = <not implemented yet for class: org.codehaus.groovy.ast.expr.EmptyExpression>: null

2018-11-24 11:57:26 - [TEST_STEP][PASSED] - Statement - validationDataSplited = validationData.split(";"): null

2018-11-24 11:57:26 - [TEST_STEP][PASSED] - Statement - validateValue = <not implemented yet for class: org.codehaus.groovy.ast.expr.EmptyExpression>: null

2018-11-24 11:57:26 - [TEST_STEP][PASSED] - Statement - If (getSplitedData < TestDataSplited.size()): null

2018-11-24 11:57:26 - [TEST_STEP][PASSED] - Statement - If (getSplitedData < validationDataSplited.size()): null

2018-11-24 11:57:26 - [TEST_STEP][PASSED] - Statement - switch (UserActions): null

2018-11-24 11:57:26 - [TEST_STEP][PASSED] - Statement - case "Delay":: null

2018-11-24 11:57:26 - [TEST_STEP][PASSED] - Statement - If (!(empty)): null

2018-11-24 11:57:26 - [TEST_STEP][PASSED] - Statement - Else: null

2018-11-24 11:57:26 - [TEST_STEP][PASSED] - Statement - java.lang.Thread.sleep(1000): null

2018-11-24 11:57:27 - [TEST_STEP][PASSED] - Statement - Break: null

2018-11-24 11:57:27 - [TEST_STEP][PASSED] - Statement - If (UserActions.equals("End") && getSplitedData == dataValues - 1): null

2018-11-24 11:57:27 - [TEST_STEP][PASSED] - Statement - println(index:$index): null

2018-11-24 11:57:27 - [TEST_STEP][PASSED] - Statement - println(Testcases.getRowNumbers() :$Testcases.getRowNumbers()): null

2018-11-24 11:57:27 - [TEST_STEP][PASSED] - Statement - validate = Testcases.getRowNumbers(): null

2018-11-24 11:57:27 - [TEST_STEP][PASSED] - Statement - println(testDatastestDatas:$testDatas): null

2018-11-24 11:57:27 - [TEST_STEP][PASSED] - Statement - If (testDatas == validate): null

2018-11-24 11:57:27 - [TEST_STEP][PASSED] - Statement - println(index:$index): null

2018-11-24 11:57:27 - [TEST_STEP][PASSED] - Statement - testDatas = index + 1: null

2018-11-24 11:57:27 - [TEST_STEP][PASSED] - Statement - println(testDatas:$testDatas): null

2018-11-24 11:57:27 - [TEST_STEP][PASSED] - Statement - UserActions = Testcases.getValue("UserAction", testDatas): null

2018-11-24 11:57:27 - [TEST_STEP][PASSED] - Statement - fieldType = Testcases.getValue("FieldType", testDatas): null

2018-11-24 11:57:27 - [TEST_STEP][PASSED] - Statement - println(fieldType:$fieldType): null

2018-11-24 11:57:27 - [TEST_STEP][PASSED] - Statement - locatorType = Testcases.getValue("LocatorType", testDatas): null

2018-11-24 11:57:27 - [TEST_STEP][PASSED] - Statement - println(LocatorType:$locatorType): null

2018-11-24 11:57:27 - [TEST_STEP][PASSED] - Statement - attributeValue = Testcases.getValue("AttributeValue", testDatas): null

2018-11-24 11:57:27 - [TEST_STEP][PASSED] - Statement - locatorValue = Testcases.getValue("LocatorValue", testDatas): null

2018-11-24 11:57:27 - [TEST_STEP][PASSED] - Statement - println(LocatorValue:$locatorValue): null

2018-11-24 11:57:27 - [TEST_STEP][PASSED] - Statement - TestData = Testcases.getValue("TestData", testDatas): null

2018-11-24 11:57:27 - [TEST_STEP][PASSED] - Statement - println(TestData:$TestData): null

2018-11-24 11:57:27 - [TEST_STEP][PASSED] - Statement - validationData = Testcases.getValue("validationInput", testDatas): null

2018-11-24 11:57:27 - [TEST_STEP][PASSED] - Statement - println(validationData:$validationData): null

2018-11-24 11:57:27 - [TEST_STEP][PASSED] - Statement - result = <not implemented yet for class: org.codehaus.groovy.ast.expr.EmptyExpression>: null

2018-11-24 11:57:27 - [TEST_STEP][PASSED] - Statement - println(getSplitedDatainside:$getSplitedData): null

2018-11-24 11:57:27 - [TEST_STEP][PASSED] - Statement - TestDataSplited = TestData.split(";"): null

2018-11-24 11:57:27 - [TEST_STEP][PASSED] - Statement - assignValue = <not implemented yet for class: org.codehaus.groovy.ast.expr.EmptyExpression>: null

2018-11-24 11:57:27 - [TEST_STEP][PASSED] - Statement - validationDataSplited = validationData.split(";"): null

2018-11-24 11:57:27 - [TEST_STEP][PASSED] - Statement - validateValue = <not implemented yet for class: org.codehaus.groovy.ast.expr.EmptyExpression>: null

2018-11-24 11:57:27 - [TEST_STEP][PASSED] - Statement - If (getSplitedData < TestDataSplited.size()): null

2018-11-24 11:57:27 - [TEST_STEP][PASSED] - Statement - If (getSplitedData < validationDataSplited.size()): null

2018-11-24 11:57:27 - [TEST_STEP][PASSED] - Statement - switch (UserActions): null

2018-11-24 11:57:27 - [TEST_STEP][PASSED] - Statement - case "Click":: null

2018-11-24 11:57:27 - [TEST_STEP][PASSED] - Statement - switchclick(driver, fieldType, locatorType, locatorValue, assignValue, result, testDatas, getSplitedData, attributeValue, validateValue): null

2018-11-24 11:57:27 - [TEST_STEP][PASSED] - Statement - switch (fieldType): null

2018-11-24 11:57:27 - [TEST_STEP][PASSED] - Statement - case "Button":: null

2018-11-24 11:57:27 - [TEST_STEP][PASSED] - Statement - Try: function.CheckPoints.WriteToExcelPass is PASSED

2018-11-24 11:57:27 - [TEST_STEP][PASSED] - Statement - println("Button selected success"): null

2018-11-24 11:57:27 - [TEST_STEP][PASSED] - Statement - java.lang.Thread.sleep(3000): null

2018-11-24 11:57:30 - [TEST_STEP][PASSED] - Statement - buttonClick = CustomKeywords.function.CheckPoints.getLocator(driver, locatorType, locatorValue): function.CheckPoints.getLocator is PASSED

2018-11-24 11:57:30 - [MESSAGE][PASSED] - function.CheckPoints.getLocator is PASSED

2018-11-24 11:57:30 - [TEST_STEP][PASSED] - Statement - println(buttonClick:$buttonClick): null

2018-11-24 11:57:30 - [TEST_STEP][PASSED] - Statement - java.lang.Thread.sleep(2000): null

2018-11-24 11:57:32 - [TEST_STEP][PASSED] - Statement - If (CustomKeywords.function.CheckPoints.Click(driver, buttonClick, result).booleanValue() == true): function.CheckPoints.WriteToExcelPass is PASSED

2018-11-24 11:57:36 - [MESSAGE][PASSED] - function.CheckPoints.Click is PASSED

2018-11-24 11:57:36 - [TEST_STEP][PASSED] - Statement - println("Button pass"): null

2018-11-24 11:57:36 - [TEST_STEP][PASSED] - function.CheckPoints.WriteToExcelPass: function.CheckPoints.WriteToExcelPass is PASSED

2018-11-24 11:57:36 - [MESSAGE][PASSED] - function.CheckPoints.WriteToExcelPass is PASSED

2018-11-24 11:57:36 - [TEST_STEP][PASSED] - Statement - Break: null

2018-11-24 11:57:36 - [TEST_STEP][PASSED] - Statement - Break: null

2018-11-24 11:57:36 - [TEST_STEP][PASSED] - Statement - If (UserActions.equals("End") && getSplitedData == dataValues - 1): null

2018-11-24 11:57:36 - [TEST_STEP][PASSED] - Statement - println(index:$index): null

2018-11-24 11:57:36 - [TEST_STEP][PASSED] - Statement - println(Testcases.getRowNumbers() :$Testcases.getRowNumbers()): null

2018-11-24 11:57:36 - [TEST_STEP][PASSED] - Statement - validate = Testcases.getRowNumbers(): null

2018-11-24 11:57:36 - [TEST_STEP][PASSED] - Statement - println(testDatastestDatas:$testDatas): null

2018-11-24 11:57:36 - [TEST_STEP][PASSED] - Statement - If (testDatas == validate): null

2018-11-24 11:57:36 - [TEST_STEP][PASSED] - Statement - println(index:$index): null

2018-11-24 11:57:36 - [TEST_STEP][PASSED] - Statement - testDatas = index + 1: null

2018-11-24 11:57:36 - [TEST_STEP][PASSED] - Statement - println(testDatas:$testDatas): null

2018-11-24 11:57:36 - [TEST_STEP][PASSED] - Statement - UserActions = Testcases.getValue("UserAction", testDatas): null

2018-11-24 11:57:36 - [TEST_STEP][PASSED] - Statement - fieldType = Testcases.getValue("FieldType", testDatas): null

2018-11-24 11:57:36 - [TEST_STEP][PASSED] - Statement - println(fieldType:$fieldType): null

2018-11-24 11:57:36 - [TEST_STEP][PASSED] - Statement - locatorType = Testcases.getValue("LocatorType", testDatas): null

2018-11-24 11:57:36 - [TEST_STEP][PASSED] - Statement - println(LocatorType:$locatorType): null

2018-11-24 11:57:36 - [TEST_STEP][PASSED] - Statement - attributeValue = Testcases.getValue("AttributeValue", testDatas): null

2018-11-24 11:57:36 - [TEST_STEP][PASSED] - Statement - locatorValue = Testcases.getValue("LocatorValue", testDatas): null

2018-11-24 11:57:36 - [TEST_STEP][PASSED] - Statement - println(LocatorValue:$locatorValue): null

2018-11-24 11:57:36 - [TEST_STEP][PASSED] - Statement - TestData = Testcases.getValue("TestData", testDatas): null

2018-11-24 11:57:36 - [TEST_STEP][PASSED] - Statement - println(TestData:$TestData): null

2018-11-24 11:57:36 - [TEST_STEP][PASSED] - Statement - validationData = Testcases.getValue("validationInput", testDatas): null

2018-11-24 11:57:36 - [TEST_STEP][PASSED] - Statement - println(validationData:$validationData): null

2018-11-24 11:57:36 - [TEST_STEP][PASSED] - Statement - result = <not implemented yet for class: org.codehaus.groovy.ast.expr.EmptyExpression>: null

2018-11-24 11:57:36 - [TEST_STEP][PASSED] - Statement - println(getSplitedDatainside:$getSplitedData): null

2018-11-24 11:57:36 - [TEST_STEP][PASSED] - Statement - TestDataSplited = TestData.split(";"): null

2018-11-24 11:57:36 - [TEST_STEP][PASSED] - Statement - assignValue = <not implemented yet for class: org.codehaus.groovy.ast.expr.EmptyExpression>: null

2018-11-24 11:57:36 - [TEST_STEP][PASSED] - Statement - validationDataSplited = validationData.split(";"): null

2018-11-24 11:57:36 - [TEST_STEP][PASSED] - Statement - validateValue = <not implemented yet for class: org.codehaus.groovy.ast.expr.EmptyExpression>: null

2018-11-24 11:57:36 - [TEST_STEP][PASSED] - Statement - If (getSplitedData < TestDataSplited.size()): null

2018-11-24 11:57:36 - [TEST_STEP][PASSED] - Statement - If (getSplitedData < validationDataSplited.size()): null

2018-11-24 11:57:36 - [TEST_STEP][PASSED] - Statement - switch (UserActions): null

2018-11-24 11:57:36 - [TEST_STEP][PASSED] - Statement - case "Delay":: null

2018-11-24 11:57:36 - [TEST_STEP][PASSED] - Statement - If (!(empty)): null

2018-11-24 11:57:36 - [TEST_STEP][PASSED] - Statement - timeLine = java.lang.Integer.parseInt(TestData): null

2018-11-24 11:57:36 - [TEST_STEP][PASSED] - Statement - java.lang.Thread.sleep(timeLine): null

2018-11-24 11:57:38 - [TEST_STEP][PASSED] - Statement - Break: null

2018-11-24 11:57:38 - [TEST_STEP][PASSED] - Statement - If (UserActions.equals("End") && getSplitedData == dataValues - 1): null

2018-11-24 11:57:38 - [TEST_STEP][PASSED] - Statement - println(index:$index): null

2018-11-24 11:57:38 - [TEST_STEP][PASSED] - Statement - println(Testcases.getRowNumbers() :$Testcases.getRowNumbers()): null

2018-11-24 11:57:38 - [TEST_STEP][PASSED] - Statement - validate = Testcases.getRowNumbers(): null

2018-11-24 11:57:38 - [TEST_STEP][PASSED] - Statement - println(testDatastestDatas:$testDatas): null

2018-11-24 11:57:38 - [TEST_STEP][PASSED] - Statement - If (testDatas == validate): null

2018-11-24 11:57:38 - [TEST_STEP][PASSED] - Statement - println(index:$index): null

2018-11-24 11:57:38 - [TEST_STEP][PASSED] - Statement - testDatas = index + 1: null

2018-11-24 11:57:38 - [TEST_STEP][PASSED] - Statement - println(testDatas:$testDatas): null

2018-11-24 11:57:38 - [TEST_STEP][PASSED] - Statement - UserActions = Testcases.getValue("UserAction", testDatas): null

2018-11-24 11:57:38 - [TEST_STEP][PASSED] - Statement - fieldType = Testcases.getValue("FieldType", testDatas): null

2018-11-24 11:57:38 - [TEST_STEP][PASSED] - Statement - println(fieldType:$fieldType): null

2018-11-24 11:57:38 - [TEST_STEP][PASSED] - Statement - locatorType = Testcases.getValue("LocatorType", testDatas): null

2018-11-24 11:57:38 - [TEST_STEP][PASSED] - Statement - println(LocatorType:$locatorType): null

2018-11-24 11:57:38 - [TEST_STEP][PASSED] - Statement - attributeValue = Testcases.getValue("AttributeValue", testDatas): null

2018-11-24 11:57:38 - [TEST_STEP][PASSED] - Statement - locatorValue = Testcases.getValue("LocatorValue", testDatas): null

2018-11-24 11:57:38 - [TEST_STEP][PASSED] - Statement - println(LocatorValue:$locatorValue): null

2018-11-24 11:57:38 - [TEST_STEP][PASSED] - Statement - TestData = Testcases.getValue("TestData", testDatas): null

2018-11-24 11:57:38 - [TEST_STEP][PASSED] - Statement - println(TestData:$TestData): null

2018-11-24 11:57:38 - [TEST_STEP][PASSED] - Statement - validationData = Testcases.getValue("validationInput", testDatas): null

2018-11-24 11:57:38 - [TEST_STEP][PASSED] - Statement - println(validationData:$validationData): null

2018-11-24 11:57:38 - [TEST_STEP][PASSED] - Statement - result = <not implemented yet for class: org.codehaus.groovy.ast.expr.EmptyExpression>: null

2018-11-24 11:57:38 - [TEST_STEP][PASSED] - Statement - println(getSplitedDatainside:$getSplitedData): null

2018-11-24 11:57:38 - [TEST_STEP][PASSED] - Statement - TestDataSplited = TestData.split(";"): null

2018-11-24 11:57:38 - [TEST_STEP][PASSED] - Statement - assignValue = <not implemented yet for class: org.codehaus.groovy.ast.expr.EmptyExpression>: null

2018-11-24 11:57:38 - [TEST_STEP][PASSED] - Statement - validationDataSplited = validationData.split(";"): null

2018-11-24 11:57:38 - [TEST_STEP][PASSED] - Statement - validateValue = <not implemented yet for class: org.codehaus.groovy.ast.expr.EmptyExpression>: null

2018-11-24 11:57:38 - [TEST_STEP][PASSED] - Statement - If (getSplitedData < TestDataSplited.size()): null

2018-11-24 11:57:38 - [TEST_STEP][PASSED] - Statement - If (getSplitedData < validationDataSplited.size()): null

2018-11-24 11:57:38 - [TEST_STEP][PASSED] - Statement - switch (UserActions): null

2018-11-24 11:57:38 - [TEST_STEP][PASSED] - Statement - case "Click":: null

2018-11-24 11:57:38 - [TEST_STEP][PASSED] - Statement - switchclick(driver, fieldType, locatorType, locatorValue, assignValue, result, testDatas, getSplitedData, attributeValue, validateValue): null

2018-11-24 11:57:38 - [TEST_STEP][PASSED] - Statement - switch (fieldType): null

2018-11-24 11:57:38 - [TEST_STEP][PASSED] - Statement - case "Button":: null

2018-11-24 11:57:38 - [TEST_STEP][PASSED] - Statement - Try: function.CheckPoints.WriteToExcelPass is PASSED

2018-11-24 11:57:38 - [TEST_STEP][PASSED] - Statement - println("Button selected success"): null

2018-11-24 11:57:38 - [TEST_STEP][PASSED] - Statement - java.lang.Thread.sleep(3000): null

2018-11-24 11:57:41 - [TEST_STEP][PASSED] - Statement - buttonClick = CustomKeywords.function.CheckPoints.getLocator(driver, locatorType, locatorValue): function.CheckPoints.getLocator is PASSED

2018-11-24 11:57:41 - [MESSAGE][PASSED] - function.CheckPoints.getLocator is PASSED

2018-11-24 11:57:41 - [TEST_STEP][PASSED] - Statement - println(buttonClick:$buttonClick): null

2018-11-24 11:57:41 - [TEST_STEP][PASSED] - Statement - java.lang.Thread.sleep(2000): null

2018-11-24 11:57:43 - [TEST_STEP][PASSED] - Statement - If (CustomKeywords.function.CheckPoints.Click(driver, buttonClick, result).booleanValue() == true): function.CheckPoints.WriteToExcelPass is PASSED

2018-11-24 11:57:46 - [MESSAGE][PASSED] - function.CheckPoints.Click is PASSED

2018-11-24 11:57:46 - [TEST_STEP][PASSED] - Statement - println("Button pass"): null

2018-11-24 11:57:46 - [TEST_STEP][PASSED] - function.CheckPoints.WriteToExcelPass: function.CheckPoints.WriteToExcelPass is PASSED

2018-11-24 11:57:46 - [MESSAGE][PASSED] - function.CheckPoints.WriteToExcelPass is PASSED

2018-11-24 11:57:46 - [TEST_STEP][PASSED] - Statement - Break: null

2018-11-24 11:57:46 - [TEST_STEP][PASSED] - Statement - Break: null

2018-11-24 11:57:46 - [TEST_STEP][PASSED] - Statement - If (UserActions.equals("End") && getSplitedData == dataValues - 1): null

2018-11-24 11:57:46 - [TEST_STEP][PASSED] - Statement - println(index:$index): null

2018-11-24 11:57:46 - [TEST_STEP][PASSED] - Statement - println(Testcases.getRowNumbers() :$Testcases.getRowNumbers()): null

2018-11-24 11:57:46 - [TEST_STEP][PASSED] - Statement - validate = Testcases.getRowNumbers(): null

2018-11-24 11:57:46 - [TEST_STEP][PASSED] - Statement - println(testDatastestDatas:$testDatas): null

2018-11-24 11:57:46 - [TEST_STEP][PASSED] - Statement - If (testDatas == validate): null

2018-11-24 11:57:46 - [TEST_STEP][PASSED] - Statement - println(index:$index): null

2018-11-24 11:57:46 - [TEST_STEP][PASSED] - Statement - testDatas = index + 1: null

2018-11-24 11:57:46 - [TEST_STEP][PASSED] - Statement - println(testDatas:$testDatas): null

2018-11-24 11:57:46 - [TEST_STEP][PASSED] - Statement - UserActions = Testcases.getValue("UserAction", testDatas): null

2018-11-24 11:57:46 - [TEST_STEP][PASSED] - Statement - fieldType = Testcases.getValue("FieldType", testDatas): null

2018-11-24 11:57:46 - [TEST_STEP][PASSED] - Statement - println(fieldType:$fieldType): null

2018-11-24 11:57:46 - [TEST_STEP][PASSED] - Statement - locatorType = Testcases.getValue("LocatorType", testDatas): null

2018-11-24 11:57:46 - [TEST_STEP][PASSED] - Statement - println(LocatorType:$locatorType): null

2018-11-24 11:57:46 - [TEST_STEP][PASSED] - Statement - attributeValue = Testcases.getValue("AttributeValue", testDatas): null

2018-11-24 11:57:46 - [TEST_STEP][PASSED] - Statement - locatorValue = Testcases.getValue("LocatorValue", testDatas): null

2018-11-24 11:57:46 - [TEST_STEP][PASSED] - Statement - println(LocatorValue:$locatorValue): null

2018-11-24 11:57:46 - [TEST_STEP][PASSED] - Statement - TestData = Testcases.getValue("TestData", testDatas): null

2018-11-24 11:57:46 - [TEST_STEP][PASSED] - Statement - println(TestData:$TestData): null

2018-11-24 11:57:46 - [TEST_STEP][PASSED] - Statement - validationData = Testcases.getValue("validationInput", testDatas): null

2018-11-24 11:57:46 - [TEST_STEP][PASSED] - Statement - println(validationData:$validationData): null

2018-11-24 11:57:46 - [TEST_STEP][PASSED] - Statement - result = <not implemented yet for class: org.codehaus.groovy.ast.expr.EmptyExpression>: null

2018-11-24 11:57:46 - [TEST_STEP][PASSED] - Statement - println(getSplitedDatainside:$getSplitedData): null

2018-11-24 11:57:46 - [TEST_STEP][PASSED] - Statement - TestDataSplited = TestData.split(";"): null

2018-11-24 11:57:46 - [TEST_STEP][PASSED] - Statement - assignValue = <not implemented yet for class: org.codehaus.groovy.ast.expr.EmptyExpression>: null

2018-11-24 11:57:46 - [TEST_STEP][PASSED] - Statement - validationDataSplited = validationData.split(";"): null

2018-11-24 11:57:46 - [TEST_STEP][PASSED] - Statement - validateValue = <not implemented yet for class: org.codehaus.groovy.ast.expr.EmptyExpression>: null

2018-11-24 11:57:46 - [TEST_STEP][PASSED] - Statement - If (getSplitedData < TestDataSplited.size()): null

2018-11-24 11:57:46 - [TEST_STEP][PASSED] - Statement - If (getSplitedData < validationDataSplited.size()): null

2018-11-24 11:57:46 - [TEST_STEP][PASSED] - Statement - switch (UserActions): null

2018-11-24 11:57:46 - [TEST_STEP][PASSED] - Statement - case "Delay":: null

2018-11-24 11:57:46 - [TEST_STEP][PASSED] - Statement - If (!(empty)): null

2018-11-24 11:57:46 - [TEST_STEP][PASSED] - Statement - timeLine = java.lang.Integer.parseInt(TestData): null

2018-11-24 11:57:46 - [TEST_STEP][PASSED] - Statement - java.lang.Thread.sleep(timeLine): null

2018-11-24 11:57:49 - [TEST_STEP][PASSED] - Statement - Break: null

2018-11-24 11:57:49 - [TEST_STEP][PASSED] - Statement - If (UserActions.equals("End") && getSplitedData == dataValues - 1): null

2018-11-24 11:57:49 - [TEST_STEP][PASSED] - Statement - println(index:$index): null

2018-11-24 11:57:49 - [TEST_STEP][PASSED] - Statement - println(Testcases.getRowNumbers() :$Testcases.getRowNumbers()): null

2018-11-24 11:57:49 - [TEST_STEP][PASSED] - Statement - validate = Testcases.getRowNumbers(): null

2018-11-24 11:57:49 - [TEST_STEP][PASSED] - Statement - println(testDatastestDatas:$testDatas): null

2018-11-24 11:57:49 - [TEST_STEP][PASSED] - Statement - If (testDatas == validate): null

2018-11-24 11:57:49 - [TEST_STEP][PASSED] - Statement - println(index:$index): null

2018-11-24 11:57:49 - [TEST_STEP][PASSED] - Statement - testDatas = index + 1: null

2018-11-24 11:57:49 - [TEST_STEP][PASSED] - Statement - println(testDatas:$testDatas): null

2018-11-24 11:57:49 - [TEST_STEP][PASSED] - Statement - UserActions = Testcases.getValue("UserAction", testDatas): null

2018-11-24 11:57:49 - [TEST_STEP][PASSED] - Statement - fieldType = Testcases.getValue("FieldType", testDatas): null

2018-11-24 11:57:49 - [TEST_STEP][PASSED] - Statement - println(fieldType:$fieldType): null

2018-11-24 11:57:49 - [TEST_STEP][PASSED] - Statement - locatorType = Testcases.getValue("LocatorType", testDatas): null

2018-11-24 11:57:49 - [TEST_STEP][PASSED] - Statement - println(LocatorType:$locatorType): null

2018-11-24 11:57:49 - [TEST_STEP][PASSED] - Statement - attributeValue = Testcases.getValue("AttributeValue", testDatas): null

2018-11-24 11:57:49 - [TEST_STEP][PASSED] - Statement - locatorValue = Testcases.getValue("LocatorValue", testDatas): null

2018-11-24 11:57:49 - [TEST_STEP][PASSED] - Statement - println(LocatorValue:$locatorValue): null

2018-11-24 11:57:49 - [TEST_STEP][PASSED] - Statement - TestData = Testcases.getValue("TestData", testDatas): null

2018-11-24 11:57:49 - [TEST_STEP][PASSED] - Statement - println(TestData:$TestData): null

2018-11-24 11:57:49 - [TEST_STEP][PASSED] - Statement - validationData = Testcases.getValue("validationInput", testDatas): null

2018-11-24 11:57:49 - [TEST_STEP][PASSED] - Statement - println(validationData:$validationData): null

2018-11-24 11:57:49 - [TEST_STEP][PASSED] - Statement - result = <not implemented yet for class: org.codehaus.groovy.ast.expr.EmptyExpression>: null

2018-11-24 11:57:49 - [TEST_STEP][PASSED] - Statement - println(getSplitedDatainside:$getSplitedData): null

2018-11-24 11:57:49 - [TEST_STEP][PASSED] - Statement - TestDataSplited = TestData.split(";"): null

2018-11-24 11:57:49 - [TEST_STEP][PASSED] - Statement - assignValue = <not implemented yet for class: org.codehaus.groovy.ast.expr.EmptyExpression>: null

2018-11-24 11:57:49 - [TEST_STEP][PASSED] - Statement - validationDataSplited = validationData.split(";"): null

2018-11-24 11:57:49 - [TEST_STEP][PASSED] - Statement - validateValue = <not implemented yet for class: org.codehaus.groovy.ast.expr.EmptyExpression>: null

2018-11-24 11:57:49 - [TEST_STEP][PASSED] - Statement - If (getSplitedData < TestDataSplited.size()): null

2018-11-24 11:57:49 - [TEST_STEP][PASSED] - Statement - assignValue = TestDataSplited[getSplitedData]: null

2018-11-24 11:57:49 - [TEST_STEP][PASSED] - Statement - println(assignValue:$assignValue): null

2018-11-24 11:57:49 - [TEST_STEP][PASSED] - Statement - If (getSplitedData < validationDataSplited.size()): null

2018-11-24 11:57:49 - [TEST_STEP][PASSED] - Statement - switch (UserActions): null

2018-11-24 11:57:49 - [TEST_STEP][PASSED] - Statement - case "Select":: null

2018-11-24 11:57:49 - [TEST_STEP][PASSED] - Statement - switchselect(driver, fieldType, locatorType, locatorValue, assignValue, result, testDatas, getSplitedData, attributeValue, validateValue): null

2018-11-24 11:57:49 - [TEST_STEP][PASSED] - Statement - switch (fieldType): null

2018-11-24 11:57:49 - [TEST_STEP][PASSED] - Statement - case "DropDown":: null

2018-11-24 11:57:49 - [TEST_STEP][PASSED] - Statement - Try: function.CheckPoints.WriteToExcelPass is PASSED

2018-11-24 11:57:49 - [TEST_STEP][PASSED] - Statement - Type = CustomKeywords.function.CheckPoints.getLocator(driver, locatorType, locatorValue): function.CheckPoints.getLocator is PASSED

2018-11-24 11:57:49 - [MESSAGE][PASSED] - function.CheckPoints.getLocator is PASSED

2018-11-24 11:57:49 - [TEST_STEP][PASSED] - Statement - inputType = assignValue: null

2018-11-24 11:57:49 - [TEST_STEP][PASSED] - Statement - If (CustomKeywords.function.CheckPoints.Dropdown(driver, Type, inputType, result).booleanValue() == true): function.CheckPoints.WriteToExcelPass is PASSED

2018-11-24 11:57:52 - [MESSAGE][PASSED] - function.CheckPoints.Dropdown is PASSED

2018-11-24 11:57:52 - [TEST_STEP][PASSED] - Statement - println("DropDown pass"): null

2018-11-24 11:57:52 - [TEST_STEP][PASSED] - function.CheckPoints.WriteToExcelPass: function.CheckPoints.WriteToExcelPass is PASSED

2018-11-24 11:57:52 - [MESSAGE][PASSED] - function.CheckPoints.WriteToExcelPass is PASSED

2018-11-24 11:57:52 - [TEST_STEP][PASSED] - Statement - Break: null

2018-11-24 11:57:52 - [TEST_STEP][PASSED] - Statement - Break: null

2018-11-24 11:57:52 - [TEST_STEP][PASSED] - Statement - If (UserActions.equals("End") && getSplitedData == dataValues - 1): null

2018-11-24 11:57:52 - [TEST_STEP][PASSED] - Statement - println(index:$index): null

2018-11-24 11:57:52 - [TEST_STEP][PASSED] - Statement - println(Testcases.getRowNumbers() :$Testcases.getRowNumbers()): null

2018-11-24 11:57:52 - [TEST_STEP][PASSED] - Statement - validate = Testcases.getRowNumbers(): null

2018-11-24 11:57:52 - [TEST_STEP][PASSED] - Statement - println(testDatastestDatas:$testDatas): null

2018-11-24 11:57:52 - [TEST_STEP][PASSED] - Statement - If (testDatas == validate): null

2018-11-24 11:57:52 - [TEST_STEP][PASSED] - Statement - println(index:$index): null

2018-11-24 11:57:52 - [TEST_STEP][PASSED] - Statement - testDatas = index + 1: null

2018-11-24 11:57:52 - [TEST_STEP][PASSED] - Statement - println(testDatas:$testDatas): null

2018-11-24 11:57:52 - [TEST_STEP][PASSED] - Statement - UserActions = Testcases.getValue("UserAction", testDatas): null

2018-11-24 11:57:52 - [TEST_STEP][PASSED] - Statement - fieldType = Testcases.getValue("FieldType", testDatas): null

2018-11-24 11:57:52 - [TEST_STEP][PASSED] - Statement - println(fieldType:$fieldType): null

2018-11-24 11:57:52 - [TEST_STEP][PASSED] - Statement - locatorType = Testcases.getValue("LocatorType", testDatas): null

2018-11-24 11:57:52 - [TEST_STEP][PASSED] - Statement - println(LocatorType:$locatorType): null

2018-11-24 11:57:52 - [TEST_STEP][PASSED] - Statement - attributeValue = Testcases.getValue("AttributeValue", testDatas): null

2018-11-24 11:57:52 - [TEST_STEP][PASSED] - Statement - locatorValue = Testcases.getValue("LocatorValue", testDatas): null

2018-11-24 11:57:52 - [TEST_STEP][PASSED] - Statement - println(LocatorValue:$locatorValue): null

2018-11-24 11:57:52 - [TEST_STEP][PASSED] - Statement - TestData = Testcases.getValue("TestData", testDatas): null

2018-11-24 11:57:52 - [TEST_STEP][PASSED] - Statement - println(TestData:$TestData): null

2018-11-24 11:57:52 - [TEST_STEP][PASSED] - Statement - validationData = Testcases.getValue("validationInput", testDatas): null

2018-11-24 11:57:52 - [TEST_STEP][PASSED] - Statement - println(validationData:$validationData): null

2018-11-24 11:57:52 - [TEST_STEP][PASSED] - Statement - result = <not implemented yet for class: org.codehaus.groovy.ast.expr.EmptyExpression>: null

2018-11-24 11:57:52 - [TEST_STEP][PASSED] - Statement - println(getSplitedDatainside:$getSplitedData): null

2018-11-24 11:57:52 - [TEST_STEP][PASSED] - Statement - TestDataSplited = TestData.split(";"): null

2018-11-24 11:57:52 - [TEST_STEP][PASSED] - Statement - assignValue = <not implemented yet for class: org.codehaus.groovy.ast.expr.EmptyExpression>: null

2018-11-24 11:57:52 - [TEST_STEP][PASSED] - Statement - validationDataSplited = validationData.split(";"): null

2018-11-24 11:57:52 - [TEST_STEP][PASSED] - Statement - validateValue = <not implemented yet for class: org.codehaus.groovy.ast.expr.EmptyExpression>: null

2018-11-24 11:57:52 - [TEST_STEP][PASSED] - Statement - If (getSplitedData < TestDataSplited.size()): null

2018-11-24 11:57:52 - [TEST_STEP][PASSED] - Statement - assignValue = TestDataSplited[getSplitedData]: null

2018-11-24 11:57:52 - [TEST_STEP][PASSED] - Statement - println(assignValue:$assignValue): null

2018-11-24 11:57:52 - [TEST_STEP][PASSED] - Statement - If (getSplitedData < validationDataSplited.size()): null

2018-11-24 11:57:52 - [TEST_STEP][PASSED] - Statement - switch (UserActions): null

2018-11-24 11:57:52 - [TEST_STEP][PASSED] - Statement - case "Text":: null

2018-11-24 11:57:52 - [TEST_STEP][PASSED] - Statement - switchtext(driver, fieldType, locatorType, locatorValue, assignValue, result, testDatas, getSplitedData, attributeValue, validateValue): null

2018-11-24 11:57:52 - [TEST_STEP][PASSED] - Statement - switch (fieldType): null

2018-11-24 11:57:52 - [TEST_STEP][PASSED] - Statement - case "TextBox":: null

2018-11-24 11:57:52 - [TEST_STEP][PASSED] - Statement - Try: function.CheckPoints.WriteToExcelPass is PASSED

2018-11-24 11:57:52 - [TEST_STEP][PASSED] - Statement - java.lang.Thread.sleep(1000): null

2018-11-24 11:57:53 - [TEST_STEP][PASSED] - Statement - titletxtBox = CustomKeywords.function.CheckPoints.getLocator(driver, locatorType, locatorValue): function.CheckPoints.getLocator is PASSED

2018-11-24 11:57:53 - [MESSAGE][PASSED] - function.CheckPoints.getLocator is PASSED

2018-11-24 11:57:53 - [TEST_STEP][PASSED] - Statement - If (CustomKeywords.function.CheckPoints.Textbox(driver, titletxtBox, assignValue, result).booleanValue() == true): function.CheckPoints.WriteToExcelPass is PASSED

2018-11-24 11:57:53 - [MESSAGE][PASSED] - function.CheckPoints.Textbox is PASSED

2018-11-24 11:57:53 - [TEST_STEP][PASSED] - Statement - println("TextBox pass"): null

2018-11-24 11:57:53 - [TEST_STEP][PASSED] - function.CheckPoints.WriteToExcelPass: function.CheckPoints.WriteToExcelPass is PASSED

2018-11-24 11:57:53 - [MESSAGE][PASSED] - function.CheckPoints.WriteToExcelPass is PASSED

2018-11-24 11:57:53 - [TEST_STEP][PASSED] - Statement - Break: null

2018-11-24 11:57:53 - [TEST_STEP][PASSED] - Statement - Break: null

2018-11-24 11:57:53 - [TEST_STEP][PASSED] - Statement - If (UserActions.equals("End") && getSplitedData == dataValues - 1): null

2018-11-24 11:57:53 - [TEST_STEP][PASSED] - Statement - println(index:$index): null

2018-11-24 11:57:53 - [TEST_STEP][PASSED] - Statement - println(Testcases.getRowNumbers() :$Testcases.getRowNumbers()): null

2018-11-24 11:57:53 - [TEST_STEP][PASSED] - Statement - validate = Testcases.getRowNumbers(): null

2018-11-24 11:57:53 - [TEST_STEP][PASSED] - Statement - println(testDatastestDatas:$testDatas): null

2018-11-24 11:57:53 - [TEST_STEP][PASSED] - Statement - If (testDatas == validate): null

2018-11-24 11:57:53 - [TEST_STEP][PASSED] - Statement - println(index:$index): null

2018-11-24 11:57:53 - [TEST_STEP][PASSED] - Statement - testDatas = index + 1: null

2018-11-24 11:57:53 - [TEST_STEP][PASSED] - Statement - println(testDatas:$testDatas): null

2018-11-24 11:57:53 - [TEST_STEP][PASSED] - Statement - UserActions = Testcases.getValue("UserAction", testDatas): null

2018-11-24 11:57:53 - [TEST_STEP][PASSED] - Statement - fieldType = Testcases.getValue("FieldType", testDatas): null

2018-11-24 11:57:53 - [TEST_STEP][PASSED] - Statement - println(fieldType:$fieldType): null

2018-11-24 11:57:53 - [TEST_STEP][PASSED] - Statement - locatorType = Testcases.getValue("LocatorType", testDatas): null

2018-11-24 11:57:53 - [TEST_STEP][PASSED] - Statement - println(LocatorType:$locatorType): null

2018-11-24 11:57:53 - [TEST_STEP][PASSED] - Statement - attributeValue = Testcases.getValue("AttributeValue", testDatas): null

2018-11-24 11:57:53 - [TEST_STEP][PASSED] - Statement - locatorValue = Testcases.getValue("LocatorValue", testDatas): null

2018-11-24 11:57:53 - [TEST_STEP][PASSED] - Statement - println(LocatorValue:$locatorValue): null

2018-11-24 11:57:53 - [TEST_STEP][PASSED] - Statement - TestData = Testcases.getValue("TestData", testDatas): null

2018-11-24 11:57:53 - [TEST_STEP][PASSED] - Statement - println(TestData:$TestData): null

2018-11-24 11:57:53 - [TEST_STEP][PASSED] - Statement - validationData = Testcases.getValue("validationInput", testDatas): null

2018-11-24 11:57:53 - [TEST_STEP][PASSED] - Statement - println(validationData:$validationData): null

2018-11-24 11:57:53 - [TEST_STEP][PASSED] - Statement - result = <not implemented yet for class: org.codehaus.groovy.ast.expr.EmptyExpression>: null

2018-11-24 11:57:53 - [TEST_STEP][PASSED] - Statement - println(getSplitedDatainside:$getSplitedData): null

2018-11-24 11:57:53 - [TEST_STEP][PASSED] - Statement - TestDataSplited = TestData.split(";"): null

2018-11-24 11:57:53 - [TEST_STEP][PASSED] - Statement - assignValue = <not implemented yet for class: org.codehaus.groovy.ast.expr.EmptyExpression>: null

2018-11-24 11:57:53 - [TEST_STEP][PASSED] - Statement - validationDataSplited = validationData.split(";"): null

2018-11-24 11:57:53 - [TEST_STEP][PASSED] - Statement - validateValue = <not implemented yet for class: org.codehaus.groovy.ast.expr.EmptyExpression>: null

2018-11-24 11:57:53 - [TEST_STEP][PASSED] - Statement - If (getSplitedData < TestDataSplited.size()): null

2018-11-24 11:57:53 - [TEST_STEP][PASSED] - Statement - If (getSplitedData < validationDataSplited.size()): null

2018-11-24 11:57:53 - [TEST_STEP][PASSED] - Statement - switch (UserActions): null

2018-11-24 11:57:53 - [TEST_STEP][PASSED] - Statement - case "Delay":: null

2018-11-24 11:57:53 - [TEST_STEP][PASSED] - Statement - If (!(empty)): null

2018-11-24 11:57:53 - [TEST_STEP][PASSED] - Statement - Else: null

2018-11-24 11:57:53 - [TEST_STEP][PASSED] - Statement - java.lang.Thread.sleep(1000): null

2018-11-24 11:57:54 - [TEST_STEP][PASSED] - Statement - Break: null

2018-11-24 11:57:54 - [TEST_STEP][PASSED] - Statement - If (UserActions.equals("End") && getSplitedData == dataValues - 1): null

2018-11-24 11:57:54 - [TEST_STEP][PASSED] - Statement - println(index:$index): null

2018-11-24 11:57:54 - [TEST_STEP][PASSED] - Statement - println(Testcases.getRowNumbers() :$Testcases.getRowNumbers()): null

2018-11-24 11:57:54 - [TEST_STEP][PASSED] - Statement - validate = Testcases.getRowNumbers(): null

2018-11-24 11:57:54 - [TEST_STEP][PASSED] - Statement - println(testDatastestDatas:$testDatas): null

2018-11-24 11:57:54 - [TEST_STEP][PASSED] - Statement - If (testDatas == validate): null

2018-11-24 11:57:54 - [TEST_STEP][PASSED] - Statement - println(index:$index): null

2018-11-24 11:57:54 - [TEST_STEP][PASSED] - Statement - testDatas = index + 1: null

2018-11-24 11:57:54 - [TEST_STEP][PASSED] - Statement - println(testDatas:$testDatas): null

2018-11-24 11:57:54 - [TEST_STEP][PASSED] - Statement - UserActions = Testcases.getValue("UserAction", testDatas): null

2018-11-24 11:57:54 - [TEST_STEP][PASSED] - Statement - fieldType = Testcases.getValue("FieldType", testDatas): null

2018-11-24 11:57:54 - [TEST_STEP][PASSED] - Statement - println(fieldType:$fieldType): null

2018-11-24 11:57:54 - [TEST_STEP][PASSED] - Statement - locatorType = Testcases.getValue("LocatorType", testDatas): null

2018-11-24 11:57:54 - [TEST_STEP][PASSED] - Statement - println(LocatorType:$locatorType): null

2018-11-24 11:57:54 - [TEST_STEP][PASSED] - Statement - attributeValue = Testcases.getValue("AttributeValue", testDatas): null

2018-11-24 11:57:54 - [TEST_STEP][PASSED] - Statement - locatorValue = Testcases.getValue("LocatorValue", testDatas): null

2018-11-24 11:57:54 - [TEST_STEP][PASSED] - Statement - println(LocatorValue:$locatorValue): null

2018-11-24 11:57:54 - [TEST_STEP][PASSED] - Statement - TestData = Testcases.getValue("TestData", testDatas): null

2018-11-24 11:57:54 - [TEST_STEP][PASSED] - Statement - println(TestData:$TestData): null

2018-11-24 11:57:54 - [TEST_STEP][PASSED] - Statement - validationData = Testcases.getValue("validationInput", testDatas): null

2018-11-24 11:57:54 - [TEST_STEP][PASSED] - Statement - println(validationData:$validationData): null

2018-11-24 11:57:54 - [TEST_STEP][PASSED] - Statement - result = <not implemented yet for class: org.codehaus.groovy.ast.expr.EmptyExpression>: null

2018-11-24 11:57:54 - [TEST_STEP][PASSED] - Statement - println(getSplitedDatainside:$getSplitedData): null

2018-11-24 11:57:54 - [TEST_STEP][PASSED] - Statement - TestDataSplited = TestData.split(";"): null

2018-11-24 11:57:54 - [TEST_STEP][PASSED] - Statement - assignValue = <not implemented yet for class: org.codehaus.groovy.ast.expr.EmptyExpression>: null

2018-11-24 11:57:54 - [TEST_STEP][PASSED] - Statement - validationDataSplited = validationData.split(";"): null

2018-11-24 11:57:54 - [TEST_STEP][PASSED] - Statement - validateValue = <not implemented yet for class: org.codehaus.groovy.ast.expr.EmptyExpression>: null

2018-11-24 11:57:54 - [TEST_STEP][PASSED] - Statement - If (getSplitedData < TestDataSplited.size()): null

2018-11-24 11:57:54 - [TEST_STEP][PASSED] - Statement - If (getSplitedData < validationDataSplited.size()): null

2018-11-24 11:57:54 - [TEST_STEP][PASSED] - Statement - switch (UserActions): null

2018-11-24 11:57:54 - [TEST_STEP][PASSED] - Statement - case "Click":: null

2018-11-24 11:57:54 - [TEST_STEP][PASSED] - Statement - switchclick(driver, fieldType, locatorType, locatorValue, assignValue, result, testDatas, getSplitedData, attributeValue, validateValue): null

2018-11-24 11:57:54 - [TEST_STEP][PASSED] - Statement - switch (fieldType): null

2018-11-24 11:57:54 - [TEST_STEP][PASSED] - Statement - case "Button":: null

2018-11-24 11:57:54 - [TEST_STEP][PASSED] - Statement - Try: function.CheckPoints.WriteToExcelPass is PASSED

2018-11-24 11:57:54 - [TEST_STEP][PASSED] - Statement - println("Button selected success"): null

2018-11-24 11:57:54 - [TEST_STEP][PASSED] - Statement - java.lang.Thread.sleep(3000): null

2018-11-24 11:57:57 - [TEST_STEP][PASSED] - Statement - buttonClick = CustomKeywords.function.CheckPoints.getLocator(driver, locatorType, locatorValue): function.CheckPoints.getLocator is PASSED

2018-11-24 11:57:57 - [MESSAGE][PASSED] - function.CheckPoints.getLocator is PASSED

2018-11-24 11:57:57 - [TEST_STEP][PASSED] - Statement - println(buttonClick:$buttonClick): null

2018-11-24 11:57:57 - [TEST_STEP][PASSED] - Statement - java.lang.Thread.sleep(2000): null

2018-11-24 11:57:59 - [TEST_STEP][PASSED] - Statement - If (CustomKeywords.function.CheckPoints.Click(driver, buttonClick, result).booleanValue() == true): function.CheckPoints.WriteToExcelPass is PASSED

2018-11-24 11:58:03 - [MESSAGE][PASSED] - function.CheckPoints.Click is PASSED

2018-11-24 11:58:03 - [TEST_STEP][PASSED] - Statement - println("Button pass"): null

2018-11-24 11:58:03 - [TEST_STEP][PASSED] - function.CheckPoints.WriteToExcelPass: function.CheckPoints.WriteToExcelPass is PASSED

2018-11-24 11:58:03 - [MESSAGE][PASSED] - function.CheckPoints.WriteToExcelPass is PASSED

2018-11-24 11:58:03 - [TEST_STEP][PASSED] - Statement - Break: null

2018-11-24 11:58:03 - [TEST_STEP][PASSED] - Statement - Break: null

2018-11-24 11:58:03 - [TEST_STEP][PASSED] - Statement - If (UserActions.equals("End") && getSplitedData == dataValues - 1): null

2018-11-24 11:58:03 - [TEST_STEP][PASSED] - Statement - println(index:$index): null

2018-11-24 11:58:03 - [TEST_STEP][PASSED] - Statement - println(Testcases.getRowNumbers() :$Testcases.getRowNumbers()): null

2018-11-24 11:58:03 - [TEST_STEP][PASSED] - Statement - validate = Testcases.getRowNumbers(): null

2018-11-24 11:58:03 - [TEST_STEP][PASSED] - Statement - println(testDatastestDatas:$testDatas): null

2018-11-24 11:58:03 - [TEST_STEP][PASSED] - Statement - If (testDatas == validate): null

2018-11-24 11:58:03 - [TEST_STEP][PASSED] - Statement - println(index:$index): null

2018-11-24 11:58:03 - [TEST_STEP][PASSED] - Statement - testDatas = index + 1: null

2018-11-24 11:58:03 - [TEST_STEP][PASSED] - Statement - println(testDatas:$testDatas): null

2018-11-24 11:58:03 - [TEST_STEP][PASSED] - Statement - UserActions = Testcases.getValue("UserAction", testDatas): null

2018-11-24 11:58:03 - [TEST_STEP][PASSED] - Statement - fieldType = Testcases.getValue("FieldType", testDatas): null

2018-11-24 11:58:03 - [TEST_STEP][PASSED] - Statement - println(fieldType:$fieldType): null

2018-11-24 11:58:03 - [TEST_STEP][PASSED] - Statement - locatorType = Testcases.getValue("LocatorType", testDatas): null

2018-11-24 11:58:03 - [TEST_STEP][PASSED] - Statement - println(LocatorType:$locatorType): null

2018-11-24 11:58:03 - [TEST_STEP][PASSED] - Statement - attributeValue = Testcases.getValue("AttributeValue", testDatas): null

2018-11-24 11:58:03 - [TEST_STEP][PASSED] - Statement - locatorValue = Testcases.getValue("LocatorValue", testDatas): null

2018-11-24 11:58:03 - [TEST_STEP][PASSED] - Statement - println(LocatorValue:$locatorValue): null

2018-11-24 11:58:03 - [TEST_STEP][PASSED] - Statement - TestData = Testcases.getValue("TestData", testDatas): null

2018-11-24 11:58:03 - [TEST_STEP][PASSED] - Statement - println(TestData:$TestData): null

2018-11-24 11:58:03 - [TEST_STEP][PASSED] - Statement - validationData = Testcases.getValue("validationInput", testDatas): null

2018-11-24 11:58:03 - [TEST_STEP][PASSED] - Statement - println(validationData:$validationData): null

2018-11-24 11:58:03 - [TEST_STEP][PASSED] - Statement - result = <not implemented yet for class: org.codehaus.groovy.ast.expr.EmptyExpression>: null

2018-11-24 11:58:03 - [TEST_STEP][PASSED] - Statement - println(getSplitedDatainside:$getSplitedData): null

2018-11-24 11:58:03 - [TEST_STEP][PASSED] - Statement - TestDataSplited = TestData.split(";"): null

2018-11-24 11:58:03 - [TEST_STEP][PASSED] - Statement - assignValue = <not implemented yet for class: org.codehaus.groovy.ast.expr.EmptyExpression>: null

2018-11-24 11:58:03 - [TEST_STEP][PASSED] - Statement - validationDataSplited = validationData.split(";"): null

2018-11-24 11:58:03 - [TEST_STEP][PASSED] - Statement - validateValue = <not implemented yet for class: org.codehaus.groovy.ast.expr.EmptyExpression>: null

2018-11-24 11:58:03 - [TEST_STEP][PASSED] - Statement - If (getSplitedData < TestDataSplited.size()): null

2018-11-24 11:58:03 - [TEST_STEP][PASSED] - Statement - If (getSplitedData < validationDataSplited.size()): null

2018-11-24 11:58:03 - [TEST_STEP][PASSED] - Statement - switch (UserActions): null

2018-11-24 11:58:03 - [TEST_STEP][PASSED] - Statement - case "Delay":: null

2018-11-24 11:58:03 - [TEST_STEP][PASSED] - Statement - If (!(empty)): null

2018-11-24 11:58:03 - [TEST_STEP][PASSED] - Statement - Else: null

2018-11-24 11:58:03 - [TEST_STEP][PASSED] - Statement - java.lang.Thread.sleep(1000): null

2018-11-24 11:58:04 - [TEST_STEP][PASSED] - Statement - Break: null

2018-11-24 11:58:04 - [TEST_STEP][PASSED] - Statement - If (UserActions.equals("End") && getSplitedData == dataValues - 1): null

2018-11-24 11:58:04 - [TEST_STEP][PASSED] - Statement - println(index:$index): null

2018-11-24 11:58:04 - [TEST_STEP][PASSED] - Statement - println(Testcases.getRowNumbers() :$Testcases.getRowNumbers()): null

2018-11-24 11:58:04 - [TEST_STEP][PASSED] - Statement - validate = Testcases.getRowNumbers(): null

2018-11-24 11:58:04 - [TEST_STEP][PASSED] - Statement - println(testDatastestDatas:$testDatas): null

2018-11-24 11:58:04 - [TEST_STEP][PASSED] - Statement - If (testDatas == validate): null

2018-11-24 11:58:04 - [TEST_STEP][PASSED] - Statement - println(index:$index): null

2018-11-24 11:58:04 - [TEST_STEP][PASSED] - Statement - testDatas = index + 1: null

2018-11-24 11:58:04 - [TEST_STEP][PASSED] - Statement - println(testDatas:$testDatas): null

2018-11-24 11:58:04 - [TEST_STEP][PASSED] - Statement - UserActions = Testcases.getValue("UserAction", testDatas): null

2018-11-24 11:58:04 - [TEST_STEP][PASSED] - Statement - fieldType = Testcases.getValue("FieldType", testDatas): null

2018-11-24 11:58:04 - [TEST_STEP][PASSED] - Statement - println(fieldType:$fieldType): null

2018-11-24 11:58:04 - [TEST_STEP][PASSED] - Statement - locatorType = Testcases.getValue("LocatorType", testDatas): null

2018-11-24 11:58:04 - [TEST_STEP][PASSED] - Statement - println(LocatorType:$locatorType): null

2018-11-24 11:58:04 - [TEST_STEP][PASSED] - Statement - attributeValue = Testcases.getValue("AttributeValue", testDatas): null

2018-11-24 11:58:04 - [TEST_STEP][PASSED] - Statement - locatorValue = Testcases.getValue("LocatorValue", testDatas): null

2018-11-24 11:58:04 - [TEST_STEP][PASSED] - Statement - println(LocatorValue:$locatorValue): null

2018-11-24 11:58:04 - [TEST_STEP][PASSED] - Statement - TestData = Testcases.getValue("TestData", testDatas): null

2018-11-24 11:58:04 - [TEST_STEP][PASSED] - Statement - println(TestData:$TestData): null

2018-11-24 11:58:04 - [TEST_STEP][PASSED] - Statement - validationData = Testcases.getValue("validationInput", testDatas): null

2018-11-24 11:58:04 - [TEST_STEP][PASSED] - Statement - println(validationData:$validationData): null

2018-11-24 11:58:04 - [TEST_STEP][PASSED] - Statement - result = <not implemented yet for class: org.codehaus.groovy.ast.expr.EmptyExpression>: null

2018-11-24 11:58:04 - [TEST_STEP][PASSED] - Statement - println(getSplitedDatainside:$getSplitedData): null

2018-11-24 11:58:04 - [TEST_STEP][PASSED] - Statement - TestDataSplited = TestData.split(";"): null

2018-11-24 11:58:04 - [TEST_STEP][PASSED] - Statement - assignValue = <not implemented yet for class: org.codehaus.groovy.ast.expr.EmptyExpression>: null

2018-11-24 11:58:04 - [TEST_STEP][PASSED] - Statement - validationDataSplited = validationData.split(";"): null

2018-11-24 11:58:04 - [TEST_STEP][PASSED] - Statement - validateValue = <not implemented yet for class: org.codehaus.groovy.ast.expr.EmptyExpression>: null

2018-11-24 11:58:04 - [TEST_STEP][PASSED] - Statement - If (getSplitedData < TestDataSplited.size()): null

2018-11-24 11:58:04 - [TEST_STEP][PASSED] - Statement - If (getSplitedData < validationDataSplited.size()): null

2018-11-24 11:58:04 - [TEST_STEP][PASSED] - Statement - switch (UserActions): null

2018-11-24 11:58:04 - [TEST_STEP][PASSED] - Statement - case "BrowserAlert":: null

2018-11-24 11:58:04 - [TEST_STEP][PASSED] - Statement - browserAlert(driver, fieldType, result, testDatas, getSplitedData, validateValue): null

2018-11-24 11:58:04 - [TEST_STEP][PASSED] - Statement - Try: null

2018-11-24 11:58:04 - [TEST_STEP][PASSED] - Statement - checkAlertToAccept = com.kms.katalon.core.webui.keyword.WebUiBuiltInKeywords.verifyAlertPresent(10): Alert is present after 10 second(s).

2018-11-24 11:58:04 - [MESSAGE][PASSED] - Alert is present after 10 second(s).

2018-11-24 11:58:04 - [TEST_STEP][PASSED] - Statement - If (checkAlertToAccept == true): null

2018-11-24 11:58:04 - [TEST_STEP][PASSED] - Statement - If (fieldType.equals("BrowserAcceptAlert")): null

2018-11-24 11:58:04 - [TEST_STEP][PASSED] - Statement - Else If (fieldType.equals("BrowserDismissAlert")): null

2018-11-24 11:58:04 - [TEST_STEP][PASSED] - dismissAlert: Alert dismissed

2018-11-24 11:58:04 - [MESSAGE][PASSED] - Alert dismissed

2018-11-24 11:58:04 - [TEST_STEP][PASSED] - function.CheckPoints.WriteToExcelPass: null

2018-11-24 11:58:04 - [MESSAGE][PASSED] - function.CheckPoints.WriteToExcelPass is PASSED

2018-11-24 11:58:04 - [TEST_STEP][PASSED] - Statement - Break: null

2018-11-24 11:58:04 - [TEST_STEP][PASSED] - Statement - If (UserActions.equals("End") && getSplitedData == dataValues - 1): null

2018-11-24 11:58:04 - [TEST_STEP][PASSED] - Statement - println(index:$index): null

2018-11-24 11:58:04 - [TEST_STEP][PASSED] - Statement - println(Testcases.getRowNumbers() :$Testcases.getRowNumbers()): null

2018-11-24 11:58:04 - [TEST_STEP][PASSED] - Statement - validate = Testcases.getRowNumbers(): null

2018-11-24 11:58:04 - [TEST_STEP][PASSED] - Statement - println(testDatastestDatas:$testDatas): null

2018-11-24 11:58:04 - [TEST_STEP][PASSED] - Statement - If (testDatas == validate): null

2018-11-24 11:58:04 - [TEST_STEP][PASSED] - Statement - println(index:$index): null

2018-11-24 11:58:04 - [TEST_STEP][PASSED] - Statement - testDatas = index + 1: null

2018-11-24 11:58:04 - [TEST_STEP][PASSED] - Statement - println(testDatas:$testDatas): null

2018-11-24 11:58:04 - [TEST_STEP][PASSED] - Statement - UserActions = Testcases.getValue("UserAction", testDatas): null

2018-11-24 11:58:04 - [TEST_STEP][PASSED] - Statement - fieldType = Testcases.getValue("FieldType", testDatas): null

2018-11-24 11:58:04 - [TEST_STEP][PASSED] - Statement - println(fieldType:$fieldType): null

2018-11-24 11:58:04 - [TEST_STEP][PASSED] - Statement - locatorType = Testcases.getValue("LocatorType", testDatas): null

2018-11-24 11:58:04 - [TEST_STEP][PASSED] - Statement - println(LocatorType:$locatorType): null

2018-11-24 11:58:04 - [TEST_STEP][PASSED] - Statement - attributeValue = Testcases.getValue("AttributeValue", testDatas): null

2018-11-24 11:58:04 - [TEST_STEP][PASSED] - Statement - locatorValue = Testcases.getValue("LocatorValue", testDatas): null

2018-11-24 11:58:04 - [TEST_STEP][PASSED] - Statement - println(LocatorValue:$locatorValue): null

2018-11-24 11:58:04 - [TEST_STEP][PASSED] - Statement - TestData = Testcases.getValue("TestData", testDatas): null

2018-11-24 11:58:04 - [TEST_STEP][PASSED] - Statement - println(TestData:$TestData): null

2018-11-24 11:58:04 - [TEST_STEP][PASSED] - Statement - validationData = Testcases.getValue("validationInput", testDatas): null

2018-11-24 11:58:04 - [TEST_STEP][PASSED] - Statement - println(validationData:$validationData): null

2018-11-24 11:58:04 - [TEST_STEP][PASSED] - Statement - result = <not implemented yet for class: org.codehaus.groovy.ast.expr.EmptyExpression>: null

2018-11-24 11:58:04 - [TEST_STEP][PASSED] - Statement - println(getSplitedDatainside:$getSplitedData): null

2018-11-24 11:58:04 - [TEST_STEP][PASSED] - Statement - TestDataSplited = TestData.split(";"): null

2018-11-24 11:58:04 - [TEST_STEP][PASSED] - Statement - assignValue = <not implemented yet for class: org.codehaus.groovy.ast.expr.EmptyExpression>: null

2018-11-24 11:58:04 - [TEST_STEP][PASSED] - Statement - validationDataSplited = validationData.split(";"): null

2018-11-24 11:58:04 - [TEST_STEP][PASSED] - Statement - validateValue = <not implemented yet for class: org.codehaus.groovy.ast.expr.EmptyExpression>: null

2018-11-24 11:58:04 - [TEST_STEP][PASSED] - Statement - If (getSplitedData < TestDataSplited.size()): null

2018-11-24 11:58:04 - [TEST_STEP][PASSED] - Statement - If (getSplitedData < validationDataSplited.size()): null

2018-11-24 11:58:04 - [TEST_STEP][PASSED] - Statement - switch (UserActions): null

2018-11-24 11:58:04 - [TEST_STEP][PASSED] - Statement - case "Delay":: null

2018-11-24 11:58:04 - [TEST_STEP][PASSED] - Statement - If (!(empty)): null

2018-11-24 11:58:04 - [TEST_STEP][PASSED] - Statement - Else: null

2018-11-24 11:58:04 - [TEST_STEP][PASSED] - Statement - java.lang.Thread.sleep(1000): null

2018-11-24 11:58:05 - [TEST_STEP][PASSED] - Statement - Break: null

2018-11-24 11:58:05 - [TEST_STEP][PASSED] - Statement - If (UserActions.equals("End") && getSplitedData == dataValues - 1): null

2018-11-24 11:58:05 - [TEST_STEP][PASSED] - Statement - println(index:$index): null

2018-11-24 11:58:05 - [TEST_STEP][PASSED] - Statement - println(Testcases.getRowNumbers() :$Testcases.getRowNumbers()): null

2018-11-24 11:58:05 - [TEST_STEP][PASSED] - Statement - validate = Testcases.getRowNumbers(): null

2018-11-24 11:58:05 - [TEST_STEP][PASSED] - Statement - println(testDatastestDatas:$testDatas): null

2018-11-24 11:58:05 - [TEST_STEP][PASSED] - Statement - If (testDatas == validate): null

2018-11-24 11:58:05 - [TEST_STEP][PASSED] - Statement - println(index:$index): null

2018-11-24 11:58:05 - [TEST_STEP][PASSED] - Statement - testDatas = index + 1: null

2018-11-24 11:58:05 - [TEST_STEP][PASSED] - Statement - println(testDatas:$testDatas): null

2018-11-24 11:58:05 - [TEST_STEP][PASSED] - Statement - UserActions = Testcases.getValue("UserAction", testDatas): null

2018-11-24 11:58:05 - [TEST_STEP][PASSED] - Statement - fieldType = Testcases.getValue("FieldType", testDatas): null

2018-11-24 11:58:05 - [TEST_STEP][PASSED] - Statement - println(fieldType:$fieldType): null

2018-11-24 11:58:05 - [TEST_STEP][PASSED] - Statement - locatorType = Testcases.getValue("LocatorType", testDatas): null

2018-11-24 11:58:05 - [TEST_STEP][PASSED] - Statement - println(LocatorType:$locatorType): null

2018-11-24 11:58:05 - [TEST_STEP][PASSED] - Statement - attributeValue = Testcases.getValue("AttributeValue", testDatas): null

2018-11-24 11:58:05 - [TEST_STEP][PASSED] - Statement - locatorValue = Testcases.getValue("LocatorValue", testDatas): null

2018-11-24 11:58:05 - [TEST_STEP][PASSED] - Statement - println(LocatorValue:$locatorValue): null

2018-11-24 11:58:05 - [TEST_STEP][PASSED] - Statement - TestData = Testcases.getValue("TestData", testDatas): null

2018-11-24 11:58:05 - [TEST_STEP][PASSED] - Statement - println(TestData:$TestData): null

2018-11-24 11:58:05 - [TEST_STEP][PASSED] - Statement - validationData = Testcases.getValue("validationInput", testDatas): null

2018-11-24 11:58:05 - [TEST_STEP][PASSED] - Statement - println(validationData:$validationData): null

2018-11-24 11:58:05 - [TEST_STEP][PASSED] - Statement - result = <not implemented yet for class: org.codehaus.groovy.ast.expr.EmptyExpression>: null

2018-11-24 11:58:05 - [TEST_STEP][PASSED] - Statement - println(getSplitedDatainside:$getSplitedData): null

2018-11-24 11:58:05 - [TEST_STEP][PASSED] - Statement - TestDataSplited = TestData.split(";"): null

2018-11-24 11:58:05 - [TEST_STEP][PASSED] - Statement - assignValue = <not implemented yet for class: org.codehaus.groovy.ast.expr.EmptyExpression>: null

2018-11-24 11:58:05 - [TEST_STEP][PASSED] - Statement - validationDataSplited = validationData.split(";"): null

2018-11-24 11:58:05 - [TEST_STEP][PASSED] - Statement - validateValue = <not implemented yet for class: org.codehaus.groovy.ast.expr.EmptyExpression>: null

2018-11-24 11:58:05 - [TEST_STEP][PASSED] - Statement - If (getSplitedData < TestDataSplited.size()): null

2018-11-24 11:58:05 - [TEST_STEP][PASSED] - Statement - If (getSplitedData < validationDataSplited.size()): null

2018-11-24 11:58:05 - [TEST_STEP][PASSED] - Statement - switch (UserActions): null

2018-11-24 11:58:05 - [TEST_STEP][PASSED] - Statement - case "BrowserAlert":: null

2018-11-24 11:58:05 - [TEST_STEP][PASSED] - Statement - browserAlert(driver, fieldType, result, testDatas, getSplitedData, validateValue): null

2018-11-24 11:58:05 - [TEST_STEP][PASSED] - Statement - Try: null

2018-11-24 11:58:05 - [TEST_STEP][PASSED] - Statement - checkAlertToAccept = com.kms.katalon.core.webui.keyword.WebUiBuiltInKeywords.verifyAlertPresent(10): Alert is present after 10 second(s).

2018-11-24 11:58:05 - [MESSAGE][PASSED] - Alert is present after 10 second(s).

2018-11-24 11:58:05 - [TEST_STEP][PASSED] - Statement - If (checkAlertToAccept == true): null

2018-11-24 11:58:05 - [TEST_STEP][PASSED] - Statement - If (fieldType.equals("BrowserAcceptAlert")): null

2018-11-24 11:58:05 - [TEST_STEP][PASSED] - acceptAlert: Alert accepted

2018-11-24 11:58:05 - [MESSAGE][PASSED] - Alert accepted

2018-11-24 11:58:05 - [TEST_STEP][PASSED] - function.CheckPoints.WriteToExcelPass: null

2018-11-24 11:58:05 - [MESSAGE][PASSED] - function.CheckPoints.WriteToExcelPass is PASSED

2018-11-24 11:58:05 - [TEST_STEP][PASSED] - Statement - Break: null

2018-11-24 11:58:05 - [TEST_STEP][PASSED] - Statement - If (UserActions.equals("End") && getSplitedData == dataValues - 1): null

2018-11-24 11:58:05 - [TEST_STEP][PASSED] - Statement - println(index:$index): null

2018-11-24 11:58:05 - [TEST_STEP][PASSED] - Statement - println(Testcases.getRowNumbers() :$Testcases.getRowNumbers()): null

2018-11-24 11:58:05 - [TEST_STEP][PASSED] - Statement - validate = Testcases.getRowNumbers(): null

2018-11-24 11:58:05 - [TEST_STEP][PASSED] - Statement - println(testDatastestDatas:$testDatas): null

2018-11-24 11:58:05 - [TEST_STEP][PASSED] - Statement - If (testDatas == validate): null

2018-11-24 11:58:05 - [TEST_STEP][PASSED] - Statement - println(index:$index): null

2018-11-24 11:58:05 - [TEST_STEP][PASSED] - Statement - testDatas = index + 1: null

2018-11-24 11:58:05 - [TEST_STEP][PASSED] - Statement - println(testDatas:$testDatas): null

2018-11-24 11:58:05 - [TEST_STEP][PASSED] - Statement - UserActions = Testcases.getValue("UserAction", testDatas): null

2018-11-24 11:58:05 - [TEST_STEP][PASSED] - Statement - fieldType = Testcases.getValue("FieldType", testDatas): null

2018-11-24 11:58:05 - [TEST_STEP][PASSED] - Statement - println(fieldType:$fieldType): null

2018-11-24 11:58:05 - [TEST_STEP][PASSED] - Statement - locatorType = Testcases.getValue("LocatorType", testDatas): null

2018-11-24 11:58:05 - [TEST_STEP][PASSED] - Statement - println(LocatorType:$locatorType): null

2018-11-24 11:58:05 - [TEST_STEP][PASSED] - Statement - attributeValue = Testcases.getValue("AttributeValue", testDatas): null

2018-11-24 11:58:05 - [TEST_STEP][PASSED] - Statement - locatorValue = Testcases.getValue("LocatorValue", testDatas): null

2018-11-24 11:58:05 - [TEST_STEP][PASSED] - Statement - println(LocatorValue:$locatorValue): null

2018-11-24 11:58:05 - [TEST_STEP][PASSED] - Statement - TestData = Testcases.getValue("TestData", testDatas): null

2018-11-24 11:58:05 - [TEST_STEP][PASSED] - Statement - println(TestData:$TestData): null

2018-11-24 11:58:05 - [TEST_STEP][PASSED] - Statement - validationData = Testcases.getValue("validationInput", testDatas): null

2018-11-24 11:58:05 - [TEST_STEP][PASSED] - Statement - println(validationData:$validationData): null

2018-11-24 11:58:05 - [TEST_STEP][PASSED] - Statement - result = <not implemented yet for class: org.codehaus.groovy.ast.expr.EmptyExpression>: null

2018-11-24 11:58:05 - [TEST_STEP][PASSED] - Statement - println(getSplitedDatainside:$getSplitedData): null

2018-11-24 11:58:05 - [TEST_STEP][PASSED] - Statement - TestDataSplited = TestData.split(";"): null

2018-11-24 11:58:05 - [TEST_STEP][PASSED] - Statement - assignValue = <not implemented yet for class: org.codehaus.groovy.ast.expr.EmptyExpression>: null

2018-11-24 11:58:05 - [TEST_STEP][PASSED] - Statement - validationDataSplited = validationData.split(";"): null

2018-11-24 11:58:05 - [TEST_STEP][PASSED] - Statement - validateValue = <not implemented yet for class: org.codehaus.groovy.ast.expr.EmptyExpression>: null

2018-11-24 11:58:05 - [TEST_STEP][PASSED] - Statement - If (getSplitedData < TestDataSplited.size()): null

2018-11-24 11:58:05 - [TEST_STEP][PASSED] - Statement - If (getSplitedData < validationDataSplited.size()): null

2018-11-24 11:58:05 - [TEST_STEP][PASSED] - Statement - switch (UserActions): null

2018-11-24 11:58:05 - [TEST_STEP][PASSED] - Statement - case "Delay":: null

2018-11-24 11:58:05 - [TEST_STEP][PASSED] - Statement - If (!(empty)): null

2018-11-24 11:58:05 - [TEST_STEP][PASSED] - Statement - Else: null

2018-11-24 11:58:05 - [TEST_STEP][PASSED] - Statement - java.lang.Thread.sleep(1000): null

2018-11-24 11:58:06 - [TEST_STEP][PASSED] - Statement - Break: null

2018-11-24 11:58:06 - [TEST_STEP][PASSED] - Statement - If (UserActions.equals("End") && getSplitedData == dataValues - 1): null

2018-11-24 11:58:06 - [TEST_STEP][PASSED] - Statement - println(index:$index): null

2018-11-24 11:58:06 - [TEST_STEP][PASSED] - Statement - println(Testcases.getRowNumbers() :$Testcases.getRowNumbers()): null

2018-11-24 11:58:06 - [TEST_STEP][PASSED] - Statement - validate = Testcases.getRowNumbers(): null

2018-11-24 11:58:06 - [TEST_STEP][PASSED] - Statement - println(testDatastestDatas:$testDatas): null

2018-11-24 11:58:06 - [TEST_STEP][PASSED] - Statement - If (testDatas == validate): null

2018-11-24 11:58:06 - [TEST_STEP][PASSED] - Statement - println(index:$index): null

2018-11-24 11:58:06 - [TEST_STEP][PASSED] - Statement - testDatas = index + 1: null

2018-11-24 11:58:06 - [TEST_STEP][PASSED] - Statement - println(testDatas:$testDatas): null

2018-11-24 11:58:06 - [TEST_STEP][PASSED] - Statement - UserActions = Testcases.getValue("UserAction", testDatas): null

2018-11-24 11:58:06 - [TEST_STEP][PASSED] - Statement - fieldType = Testcases.getValue("FieldType", testDatas): null

2018-11-24 11:58:06 - [TEST_STEP][PASSED] - Statement - println(fieldType:$fieldType): null

2018-11-24 11:58:06 - [TEST_STEP][PASSED] - Statement - locatorType = Testcases.getValue("LocatorType", testDatas): null

2018-11-24 11:58:06 - [TEST_STEP][PASSED] - Statement - println(LocatorType:$locatorType): null

2018-11-24 11:58:06 - [TEST_STEP][PASSED] - Statement - attributeValue = Testcases.getValue("AttributeValue", testDatas): null

2018-11-24 11:58:06 - [TEST_STEP][PASSED] - Statement - locatorValue = Testcases.getValue("LocatorValue", testDatas): null

2018-11-24 11:58:06 - [TEST_STEP][PASSED] - Statement - println(LocatorValue:$locatorValue): null

2018-11-24 11:58:06 - [TEST_STEP][PASSED] - Statement - TestData = Testcases.getValue("TestData", testDatas): null

2018-11-24 11:58:06 - [TEST_STEP][PASSED] - Statement - println(TestData:$TestData): null

2018-11-24 11:58:06 - [TEST_STEP][PASSED] - Statement - validationData = Testcases.getValue("validationInput", testDatas): null

2018-11-24 11:58:06 - [TEST_STEP][PASSED] - Statement - println(validationData:$validationData): null

2018-11-24 11:58:06 - [TEST_STEP][PASSED] - Statement - result = <not implemented yet for class: org.codehaus.groovy.ast.expr.EmptyExpression>: null

2018-11-24 11:58:06 - [TEST_STEP][PASSED] - Statement - println(getSplitedDatainside:$getSplitedData): null

2018-11-24 11:58:06 - [TEST_STEP][PASSED] - Statement - TestDataSplited = TestData.split(";"): null

2018-11-24 11:58:06 - [TEST_STEP][PASSED] - Statement - assignValue = <not implemented yet for class: org.codehaus.groovy.ast.expr.EmptyExpression>: null

2018-11-24 11:58:06 - [TEST_STEP][PASSED] - Statement - validationDataSplited = validationData.split(";"): null

2018-11-24 11:58:06 - [TEST_STEP][PASSED] - Statement - validateValue = <not implemented yet for class: org.codehaus.groovy.ast.expr.EmptyExpression>: null

2018-11-24 11:58:06 - [TEST_STEP][PASSED] - Statement - If (getSplitedData < TestDataSplited.size()): null

2018-11-24 11:58:06 - [TEST_STEP][PASSED] - Statement - assignValue = TestDataSplited[getSplitedData]: null

2018-11-24 11:58:06 - [TEST_STEP][PASSED] - Statement - println(assignValue:$assignValue): null

2018-11-24 11:58:06 - [TEST_STEP][PASSED] - Statement - If (getSplitedData < validationDataSplited.size()): null

2018-11-24 11:58:06 - [TEST_STEP][PASSED] - Statement - switch (UserActions): null

2018-11-24 11:58:06 - [TEST_STEP][PASSED] - Statement - case "Search":: null

2018-11-24 11:58:06 - [TEST_STEP][PASSED] - Statement - searchAction(driver, fieldType, locatorType, locatorValue, assignValue, result, testDatas, getSplitedData): null

2018-11-24 11:58:06 - [TEST_STEP][PASSED] - Statement - Try: null

2018-11-24 11:58:06 - [TEST_STEP][PASSED] - Statement - inputSearch = assignValue: null

2018-11-24 11:58:06 - [TEST_STEP][PASSED] - Statement - locatorSearch = CustomKeywords.function.CheckPoints.getLocator(driver, locatorType, locatorValue): function.CheckPoints.getLocator is PASSED

2018-11-24 11:58:06 - [MESSAGE][PASSED] - function.CheckPoints.getLocator is PASSED

2018-11-24 11:58:06 - [TEST_STEP][PASSED] - Statement - If (CustomKeywords.function.CheckPoints.Search(driver, locatorSearch, inputSearch, result).booleanValue() == true): null

2018-11-24 11:58:06 - [MESSAGE][PASSED] - function.CheckPoints.Search is PASSED

2018-11-24 11:58:06 - [TEST_STEP][PASSED] - Statement - println("Search pass"): null

2018-11-24 11:58:06 - [TEST_STEP][PASSED] - function.CheckPoints.WriteToExcelPass: null

2018-11-24 11:58:07 - [MESSAGE][PASSED] - function.CheckPoints.WriteToExcelPass is PASSED

2018-11-24 11:58:07 - [TEST_STEP][PASSED] - Statement - Break: null

2018-11-24 11:58:07 - [TEST_STEP][PASSED] - Statement - If (UserActions.equals("End") && getSplitedData == dataValues - 1): null

2018-11-24 11:58:07 - [TEST_STEP][PASSED] - Statement - println(index:$index): null

2018-11-24 11:58:07 - [TEST_STEP][PASSED] - Statement - println(Testcases.getRowNumbers() :$Testcases.getRowNumbers()): null

2018-11-24 11:58:07 - [TEST_STEP][PASSED] - Statement - validate = Testcases.getRowNumbers(): null

2018-11-24 11:58:07 - [TEST_STEP][PASSED] - Statement - println(testDatastestDatas:$testDatas): null

2018-11-24 11:58:07 - [TEST_STEP][PASSED] - Statement - If (testDatas == validate): null

2018-11-24 11:58:07 - [TEST_STEP][PASSED] - Statement - println(index:$index): null

2018-11-24 11:58:07 - [TEST_STEP][PASSED] - Statement - testDatas = index + 1: null

2018-11-24 11:58:07 - [TEST_STEP][PASSED] - Statement - println(testDatas:$testDatas): null

2018-11-24 11:58:07 - [TEST_STEP][PASSED] - Statement - UserActions = Testcases.getValue("UserAction", testDatas): null

2018-11-24 11:58:07 - [TEST_STEP][PASSED] - Statement - fieldType = Testcases.getValue("FieldType", testDatas): null

2018-11-24 11:58:07 - [TEST_STEP][PASSED] - Statement - println(fieldType:$fieldType): null

2018-11-24 11:58:07 - [TEST_STEP][PASSED] - Statement - locatorType = Testcases.getValue("LocatorType", testDatas): null

2018-11-24 11:58:07 - [TEST_STEP][PASSED] - Statement - println(LocatorType:$locatorType): null

2018-11-24 11:58:07 - [TEST_STEP][PASSED] - Statement - attributeValue = Testcases.getValue("AttributeValue", testDatas): null

2018-11-24 11:58:07 - [TEST_STEP][PASSED] - Statement - locatorValue = Testcases.getValue("LocatorValue", testDatas): null

2018-11-24 11:58:07 - [TEST_STEP][PASSED] - Statement - println(LocatorValue:$locatorValue): null

2018-11-24 11:58:07 - [TEST_STEP][PASSED] - Statement - TestData = Testcases.getValue("TestData", testDatas): null

2018-11-24 11:58:07 - [TEST_STEP][PASSED] - Statement - println(TestData:$TestData): null

2018-11-24 11:58:07 - [TEST_STEP][PASSED] - Statement - validationData = Testcases.getValue("validationInput", testDatas): null

2018-11-24 11:58:07 - [TEST_STEP][PASSED] - Statement - println(validationData:$validationData): null

2018-11-24 11:58:07 - [TEST_STEP][PASSED] - Statement - result = <not implemented yet for class: org.codehaus.groovy.ast.expr.EmptyExpression>: null

2018-11-24 11:58:07 - [TEST_STEP][PASSED] - Statement - println(getSplitedDatainside:$getSplitedData): null

2018-11-24 11:58:07 - [TEST_STEP][PASSED] - Statement - TestDataSplited = TestData.split(";"): null

2018-11-24 11:58:07 - [TEST_STEP][PASSED] - Statement - assignValue = <not implemented yet for class: org.codehaus.groovy.ast.expr.EmptyExpression>: null

2018-11-24 11:58:07 - [TEST_STEP][PASSED] - Statement - validationDataSplited = validationData.split(";"): null

2018-11-24 11:58:07 - [TEST_STEP][PASSED] - Statement - validateValue = <not implemented yet for class: org.codehaus.groovy.ast.expr.EmptyExpression>: null

2018-11-24 11:58:07 - [TEST_STEP][PASSED] - Statement - If (getSplitedData < TestDataSplited.size()): null

2018-11-24 11:58:07 - [TEST_STEP][PASSED] - Statement - If (getSplitedData < validationDataSplited.size()): null

2018-11-24 11:58:07 - [TEST_STEP][PASSED] - Statement - switch (UserActions): null

2018-11-24 11:58:07 - [TEST_STEP][PASSED] - Statement - case "Delay":: null

2018-11-24 11:58:07 - [TEST_STEP][PASSED] - Statement - If (!(empty)): null

2018-11-24 11:58:07 - [TEST_STEP][PASSED] - Statement - Else: null

2018-11-24 11:58:07 - [TEST_STEP][PASSED] - Statement - java.lang.Thread.sleep(1000): null

2018-11-24 11:58:08 - [TEST_STEP][PASSED] - Statement - Break: null

2018-11-24 11:58:08 - [TEST_STEP][PASSED] - Statement - If (UserActions.equals("End") && getSplitedData == dataValues - 1): null

2018-11-24 11:58:08 - [TEST_STEP][PASSED] - Statement - println(index:$index): null

2018-11-24 11:58:08 - [TEST_STEP][PASSED] - Statement - println(Testcases.getRowNumbers() :$Testcases.getRowNumbers()): null

2018-11-24 11:58:08 - [TEST_STEP][PASSED] - Statement - validate = Testcases.getRowNumbers(): null

2018-11-24 11:58:08 - [TEST_STEP][PASSED] - Statement - println(testDatastestDatas:$testDatas): null

2018-11-24 11:58:08 - [TEST_STEP][PASSED] - Statement - If (testDatas == validate): null

2018-11-24 11:58:08 - [TEST_STEP][PASSED] - Statement - println(index:$index): null

2018-11-24 11:58:08 - [TEST_STEP][PASSED] - Statement - testDatas = index + 1: null

2018-11-24 11:58:08 - [TEST_STEP][PASSED] - Statement - println(testDatas:$testDatas): null

2018-11-24 11:58:08 - [TEST_STEP][PASSED] - Statement - UserActions = Testcases.getValue("UserAction", testDatas): null

2018-11-24 11:58:08 - [TEST_STEP][PASSED] - Statement - fieldType = Testcases.getValue("FieldType", testDatas): null

2018-11-24 11:58:08 - [TEST_STEP][PASSED] - Statement - println(fieldType:$fieldType): null

2018-11-24 11:58:08 - [TEST_STEP][PASSED] - Statement - locatorType = Testcases.getValue("LocatorType", testDatas): null

2018-11-24 11:58:08 - [TEST_STEP][PASSED] - Statement - println(LocatorType:$locatorType): null

2018-11-24 11:58:08 - [TEST_STEP][PASSED] - Statement - attributeValue = Testcases.getValue("AttributeValue", testDatas): null

2018-11-24 11:58:08 - [TEST_STEP][PASSED] - Statement - locatorValue = Testcases.getValue("LocatorValue", testDatas): null

2018-11-24 11:58:08 - [TEST_STEP][PASSED] - Statement - println(LocatorValue:$locatorValue): null

2018-11-24 11:58:08 - [TEST_STEP][PASSED] - Statement - TestData = Testcases.getValue("TestData", testDatas): null

2018-11-24 11:58:08 - [TEST_STEP][PASSED] - Statement - println(TestData:$TestData): null

2018-11-24 11:58:08 - [TEST_STEP][PASSED] - Statement - validationData = Testcases.getValue("validationInput", testDatas): null

2018-11-24 11:58:08 - [TEST_STEP][PASSED] - Statement - println(validationData:$validationData): null

2018-11-24 11:58:08 - [TEST_STEP][PASSED] - Statement - result = <not implemented yet for class: org.codehaus.groovy.ast.expr.EmptyExpression>: null

2018-11-24 11:58:08 - [TEST_STEP][PASSED] - Statement - println(getSplitedDatainside:$getSplitedData): null

2018-11-24 11:58:08 - [TEST_STEP][PASSED] - Statement - TestDataSplited = TestData.split(";"): null

2018-11-24 11:58:08 - [TEST_STEP][PASSED] - Statement - assignValue = <not implemented yet for class: org.codehaus.groovy.ast.expr.EmptyExpression>: null

2018-11-24 11:58:08 - [TEST_STEP][PASSED] - Statement - validationDataSplited = validationData.split(";"): null

2018-11-24 11:58:08 - [TEST_STEP][PASSED] - Statement - validateValue = <not implemented yet for class: org.codehaus.groovy.ast.expr.EmptyExpression>: null

2018-11-24 11:58:08 - [TEST_STEP][PASSED] - Statement - If (getSplitedData < TestDataSplited.size()): null

2018-11-24 11:58:08 - [TEST_STEP][PASSED] - Statement - If (getSplitedData < validationDataSplited.size()): null

2018-11-24 11:58:08 - [TEST_STEP][PASSED] - Statement - validateValue = validationDataSplited[getSplitedData]: null

2018-11-24 11:58:08 - [TEST_STEP][PASSED] - Statement - println(validateValue:$validateValue): null

2018-11-24 11:58:08 - [TEST_STEP][PASSED] - Statement - switch (UserActions): null

2018-11-24 11:58:08 - [TEST_STEP][PASSED] - Statement - case "Text":: null

2018-11-24 11:58:08 - [TEST_STEP][PASSED] - Statement - switchtext(driver, fieldType, locatorType, locatorValue, assignValue, result, testDatas, getSplitedData, attributeValue, validateValue): null

2018-11-24 11:58:08 - [TEST_STEP][PASSED] - Statement - switch (fieldType): function.CheckPoints.WriteToExcelPass is PASSED

2018-11-24 11:58:08 - [TEST_STEP][PASSED] - Statement - case "GetText":: function.CheckPoints.WriteToExcelPass is PASSED

2018-11-24 11:58:08 - [TEST_STEP][PASSED] - Statement - Try: function.CheckPoints.WriteToExcelPass is PASSED

2018-11-24 11:58:08 - [TEST_STEP][PASSED] - Statement - locator = CustomKeywords.function.CheckPoints.getLocator(driver, locatorType, locatorValue): function.CheckPoints.getLocator is PASSED

2018-11-24 11:58:08 - [MESSAGE][PASSED] - function.CheckPoints.getLocator is PASSED

2018-11-24 11:58:08 - [TEST_STEP][PASSED] - Statement - gettingText = validateValue: null

2018-11-24 11:58:08 - [TEST_STEP][PASSED] - Statement - println(gettingText:$gettingText): null

2018-11-24 11:58:08 - [TEST_STEP][PASSED] - Statement - java.lang.Thread.sleep(2000): null

2018-11-24 11:58:10 - [TEST_STEP][PASSED] - Statement - If (CustomKeywords.function.CheckPoints.GetText(driver, locator, gettingText, result).booleanValue() == true): function.CheckPoints.WriteToExcelPass is PASSED

2018-11-24 11:58:10 - [MESSAGE][PASSED] - function.CheckPoints.GetText is PASSED

2018-11-24 11:58:10 - [TEST_STEP][PASSED] - Statement - println("GetText pass"): null

2018-11-24 11:58:10 - [TEST_STEP][PASSED] - function.CheckPoints.WriteToExcelPass: function.CheckPoints.WriteToExcelPass is PASSED

2018-11-24 11:58:10 - [MESSAGE][PASSED] - function.CheckPoints.WriteToExcelPass is PASSED

2018-11-24 11:58:10 - [TEST_STEP][PASSED] - Statement - Break: function.CheckPoints.WriteToExcelPass is PASSED

2018-11-24 11:58:10 - [TEST_STEP][PASSED] - Statement - Break: null

2018-11-24 11:58:10 - [TEST_STEP][PASSED] - Statement - If (UserActions.equals("End") && getSplitedData == dataValues - 1): null

2018-11-24 11:58:10 - [TEST_STEP][PASSED] - Statement - println(index:$index): null

2018-11-24 11:58:10 - [TEST_STEP][PASSED] - Statement - println(Testcases.getRowNumbers() :$Testcases.getRowNumbers()): null

2018-11-24 11:58:10 - [TEST_STEP][PASSED] - Statement - validate = Testcases.getRowNumbers(): null

2018-11-24 11:58:10 - [TEST_STEP][PASSED] - Statement - println(testDatastestDatas:$testDatas): null

2018-11-24 11:58:10 - [TEST_STEP][PASSED] - Statement - If (testDatas == validate): null

2018-11-24 11:58:10 - [TEST_STEP][PASSED] - Statement - println(index:$index): null

2018-11-24 11:58:10 - [TEST_STEP][PASSED] - Statement - testDatas = index + 1: null

2018-11-24 11:58:10 - [TEST_STEP][PASSED] - Statement - println(testDatas:$testDatas): null

2018-11-24 11:58:10 - [TEST_STEP][PASSED] - Statement - UserActions = Testcases.getValue("UserAction", testDatas): null

2018-11-24 11:58:10 - [TEST_STEP][PASSED] - Statement - fieldType = Testcases.getValue("FieldType", testDatas): null

2018-11-24 11:58:10 - [TEST_STEP][PASSED] - Statement - println(fieldType:$fieldType): null

2018-11-24 11:58:10 - [TEST_STEP][PASSED] - Statement - locatorType = Testcases.getValue("LocatorType", testDatas): null

2018-11-24 11:58:10 - [TEST_STEP][PASSED] - Statement - println(LocatorType:$locatorType): null

2018-11-24 11:58:10 - [TEST_STEP][PASSED] - Statement - attributeValue = Testcases.getValue("AttributeValue", testDatas): null

2018-11-24 11:58:10 - [TEST_STEP][PASSED] - Statement - locatorValue = Testcases.getValue("LocatorValue", testDatas): null

2018-11-24 11:58:10 - [TEST_STEP][PASSED] - Statement - println(LocatorValue:$locatorValue): null

2018-11-24 11:58:10 - [TEST_STEP][PASSED] - Statement - TestData = Testcases.getValue("TestData", testDatas): null

2018-11-24 11:58:10 - [TEST_STEP][PASSED] - Statement - println(TestData:$TestData): null

2018-11-24 11:58:10 - [TEST_STEP][PASSED] - Statement - validationData = Testcases.getValue("validationInput", testDatas): null

2018-11-24 11:58:10 - [TEST_STEP][PASSED] - Statement - println(validationData:$validationData): null

2018-11-24 11:58:10 - [TEST_STEP][PASSED] - Statement - result = <not implemented yet for class: org.codehaus.groovy.ast.expr.EmptyExpression>: null

2018-11-24 11:58:10 - [TEST_STEP][PASSED] - Statement - println(getSplitedDatainside:$getSplitedData): null

2018-11-24 11:58:10 - [TEST_STEP][PASSED] - Statement - TestDataSplited = TestData.split(";"): null

2018-11-24 11:58:10 - [TEST_STEP][PASSED] - Statement - assignValue = <not implemented yet for class: org.codehaus.groovy.ast.expr.EmptyExpression>: null

2018-11-24 11:58:10 - [TEST_STEP][PASSED] - Statement - validationDataSplited = validationData.split(";"): null

2018-11-24 11:58:10 - [TEST_STEP][PASSED] - Statement - validateValue = <not implemented yet for class: org.codehaus.groovy.ast.expr.EmptyExpression>: null

2018-11-24 11:58:10 - [TEST_STEP][PASSED] - Statement - If (getSplitedData < TestDataSplited.size()): null

2018-11-24 11:58:10 - [TEST_STEP][PASSED] - Statement - If (getSplitedData < validationDataSplited.size()): null

2018-11-24 11:58:10 - [TEST_STEP][PASSED] - Statement - switch (UserActions): null

2018-11-24 11:58:10 - [TEST_STEP][PASSED] - Statement - case "Delay":: null

2018-11-24 11:58:10 - [TEST_STEP][PASSED] - Statement - If (!(empty)): null

2018-11-24 11:58:10 - [TEST_STEP][PASSED] - Statement - Else: null

2018-11-24 11:58:10 - [TEST_STEP][PASSED] - Statement - java.lang.Thread.sleep(1000): null

2018-11-24 11:58:11 - [TEST_STEP][PASSED] - Statement - Break: null

2018-11-24 11:58:11 - [TEST_STEP][PASSED] - Statement - If (UserActions.equals("End") && getSplitedData == dataValues - 1): null

2018-11-24 11:58:11 - [TEST_STEP][PASSED] - Statement - println(index:$index): null

2018-11-24 11:58:11 - [TEST_STEP][PASSED] - Statement - println(Testcases.getRowNumbers() :$Testcases.getRowNumbers()): null

2018-11-24 11:58:11 - [TEST_STEP][PASSED] - Statement - validate = Testcases.getRowNumbers(): null

2018-11-24 11:58:11 - [TEST_STEP][PASSED] - Statement - println(testDatastestDatas:$testDatas): null

2018-11-24 11:58:11 - [TEST_STEP][PASSED] - Statement - If (testDatas == validate): null

2018-11-24 11:58:11 - [TEST_STEP][PASSED] - Statement - println(index:$index): null

2018-11-24 11:58:11 - [TEST_STEP][PASSED] - Statement - testDatas = index + 1: null

2018-11-24 11:58:11 - [TEST_STEP][PASSED] - Statement - println(testDatas:$testDatas): null

2018-11-24 11:58:11 - [TEST_STEP][PASSED] - Statement - UserActions = Testcases.getValue("UserAction", testDatas): null

2018-11-24 11:58:11 - [TEST_STEP][PASSED] - Statement - fieldType = Testcases.getValue("FieldType", testDatas): null

2018-11-24 11:58:11 - [TEST_STEP][PASSED] - Statement - println(fieldType:$fieldType): null

2018-11-24 11:58:11 - [TEST_STEP][PASSED] - Statement - locatorType = Testcases.getValue("LocatorType", testDatas): null

2018-11-24 11:58:11 - [TEST_STEP][PASSED] - Statement - println(LocatorType:$locatorType): null

2018-11-24 11:58:11 - [TEST_STEP][PASSED] - Statement - attributeValue = Testcases.getValue("AttributeValue", testDatas): null

2018-11-24 11:58:11 - [TEST_STEP][PASSED] - Statement - locatorValue = Testcases.getValue("LocatorValue", testDatas): null

2018-11-24 11:58:11 - [TEST_STEP][PASSED] - Statement - println(LocatorValue:$locatorValue): null

2018-11-24 11:58:11 - [TEST_STEP][PASSED] - Statement - TestData = Testcases.getValue("TestData", testDatas): null

2018-11-24 11:58:11 - [TEST_STEP][PASSED] - Statement - println(TestData:$TestData): null

2018-11-24 11:58:11 - [TEST_STEP][PASSED] - Statement - validationData = Testcases.getValue("validationInput", testDatas): null

2018-11-24 11:58:11 - [TEST_STEP][PASSED] - Statement - println(validationData:$validationData): null

2018-11-24 11:58:11 - [TEST_STEP][PASSED] - Statement - result = <not implemented yet for class: org.codehaus.groovy.ast.expr.EmptyExpression>: null

2018-11-24 11:58:11 - [TEST_STEP][PASSED] - Statement - println(getSplitedDatainside:$getSplitedData): null

2018-11-24 11:58:11 - [TEST_STEP][PASSED] - Statement - TestDataSplited = TestData.split(";"): null

2018-11-24 11:58:11 - [TEST_STEP][PASSED] - Statement - assignValue = <not implemented yet for class: org.codehaus.groovy.ast.expr.EmptyExpression>: null

2018-11-24 11:58:11 - [TEST_STEP][PASSED] - Statement - validationDataSplited = validationData.split(";"): null

2018-11-24 11:58:11 - [TEST_STEP][PASSED] - Statement - validateValue = <not implemented yet for class: org.codehaus.groovy.ast.expr.EmptyExpression>: null

2018-11-24 11:58:11 - [TEST_STEP][PASSED] - Statement - If (getSplitedData < TestDataSplited.size()): null

2018-11-24 11:58:11 - [TEST_STEP][PASSED] - Statement - If (getSplitedData < validationDataSplited.size()): null

2018-11-24 11:58:11 - [TEST_STEP][PASSED] - Statement - switch (UserActions): null

2018-11-24 11:58:11 - [TEST_STEP][PASSED] - Statement - case "End":: null

2018-11-24 11:58:11 - [TEST_STEP][PASSED] - Statement - endPoint = "BreakNow": null

2018-11-24 11:58:11 - [TEST_STEP][PASSED] - Statement - println("Breaking switch"): null

2018-11-24 11:58:11 - [TEST_STEP][PASSED] - Statement - Break: null

2018-11-24 11:58:11 - [TEST_STEP][PASSED] - Statement - If (UserActions.equals("End") && getSplitedData == dataValues - 1): null

2018-11-24 11:58:11 - [TEST_STEP][PASSED] - Statement - Testcaseindex = Testcases.getRowNumbers() + 1: null

2018-11-24 11:58:11 - [TEST_STEP][PASSED] - Statement - println(index:$index): null

2018-11-24 11:58:11 - [TEST_STEP][PASSED] - Statement - println(Testcases.getRowNumbers() :$Testcases.getRowNumbers()): null

2018-11-24 11:58:11 - [TEST_STEP][PASSED] - Statement - validate = Testcases.getRowNumbers(): null

2018-11-24 11:58:11 - [TEST_STEP][PASSED] - Statement - println(testDatastestDatas:$testDatas): null

2018-11-24 11:58:11 - [TEST_STEP][PASSED] - Statement - If (testDatas == validate): null

2018-11-24 11:58:11 - [TEST_STEP][PASSED] - function.CheckPoints.WriteToExcelPass: function.CheckPoints.WriteToExcelPass is PASSED

2018-11-24 11:58:11 - [MESSAGE][PASSED] - function.CheckPoints.WriteToExcelPass is PASSED]]></system-out>
         <system-err><![CDATA[]]></system-err>
      </testcase>
      <system-out><![CDATA[2018-11-24 11:55:43 - [TEST_SUITE][PASSED] - FrameworkSuite: Test Cases/Framework/Framing]]></system-out>
      <system-err><![CDATA[]]></system-err>
   </testsuite>
</testsuites>
